Starting chunk 5 at Mon Jun  8 11:17:29 CEST 2026

======================================================================
1. Build X_1(37) over F_2
======================================================================
Basic genus and constant-field checks skipped.

======================================================================
2. Load X_0(37)^+ map data
======================================================================
Loading "X1_37_X0plus_map_data.m"
#S37 coefficients = 18; #T37 coefficients = 18
Map reconstruction verification skipped.

======================================================================
3. Recover quotient fibers from [S37:T37:1]
======================================================================
F2 cached scan: using the three target points needed for the verified <1,4> 
pair.
#degree-36 candidate fibers retained = 6

======================================================================
4. Verify an order-5 quotient delta
======================================================================
fiber 4 minus fiber 1: order check skipped because the runner already verified 
it
Using candidate fiber pair <1,4> as a verified order-5 generator over F_2.

======================================================================
5. Proposition 4.9-style translate test for W^0_9
======================================================================
Basic model checks skipped by VERIFY_MODEL_BASIC:=false.
quotient map degree = 36
Testing 4 nonzero quotient element(s).
Type-chunking: CHUNK_INDEX=5, NCHUNKS=16
Place counts by degree 1..9: [ 18, 0, 0, 0, 0, 21, 18, 0, 39 ]
Unique degree types: 36; assigned type indices: [ 6, 22 ]
Place/type precomputation time: 0.930 seconds.
Degree type 6/36: [ <3, 1>, <2, 1>, <1, 1>, <1, 1>, <1, 1>, <1, 1> ]; groups [ 
<3, 1, 1>, <2, 1, 1>, <1, 1, 4> ]; divisors 556920; elapsed 0.000
Fast W0 setup: cover degree 54; dims [ 51, 87, 123, 159 ]; row maxima [ 90, 126,
162, 198 ]; RR times [ 15.700, 60.170, 44.270, 120.190 ]
Chunk 5 checked 1000 divisors; last killed by 1*(fiber 4 minus fiber 1); 
survivors 0; elapsed 446.200
Chunk 5 checked 2000 divisors; last killed by 1*(fiber 4 minus fiber 1); 
survivors 0; elapsed 446.300
Chunk 5 checked 3000 divisors; last killed by 1*(fiber 4 minus fiber 1); 
survivors 0; elapsed 477.780
Chunk 5 checked 4000 divisors; last killed by 1*(fiber 4 minus fiber 1); 
survivors 0; elapsed 477.880
Chunk 5 checked 5000 divisors; last killed by 1*(fiber 4 minus fiber 1); 
survivors 0; elapsed 477.980
Chunk 5 checked 6000 divisors; last killed by 1*(fiber 4 minus fiber 1); 
survivors 0; elapsed 478.080
Chunk 5 checked 7000 divisors; last killed by 1*(fiber 4 minus fiber 1); 
survivors 0; elapsed 478.180
Chunk 5 checked 8000 divisors; last killed by 1*(fiber 4 minus fiber 1); 
survivors 0; elapsed 478.280
Chunk 5 checked 9000 divisors; last killed by 1*(fiber 4 minus fiber 1); 
survivors 0; elapsed 478.370
Chunk 5 checked 10000 divisors; last killed by 1*(fiber 4 minus fiber 1); 
survivors 0; elapsed 478.480
Chunk 5 checked 11000 divisors; last killed by 1*(fiber 4 minus fiber 1); 
survivors 0; elapsed 478.580
Chunk 5 checked 12000 divisors; last killed by 1*(fiber 4 minus fiber 1); 
survivors 0; elapsed 478.680
Chunk 5 checked 13000 divisors; last killed by 1*(fiber 4 minus fiber 1); 
survivors 0; elapsed 478.780
Chunk 5 checked 14000 divisors; last killed by 1*(fiber 4 minus fiber 1); 
survivors 0; elapsed 478.880
Chunk 5 checked 15000 divisors; last killed by 1*(fiber 4 minus fiber 1); 
survivors 0; elapsed 478.970
Chunk 5 checked 16000 divisors; last killed by 1*(fiber 4 minus fiber 1); 
survivors 0; elapsed 479.070
Chunk 5 checked 17000 divisors; last killed by 1*(fiber 4 minus fiber 1); 
survivors 0; elapsed 479.180
Chunk 5 checked 18000 divisors; last killed by 1*(fiber 4 minus fiber 1); 
survivors 0; elapsed 479.290
Chunk 5 checked 19000 divisors; last killed by 1*(fiber 4 minus fiber 1); 
survivors 0; elapsed 479.380
Chunk 5 checked 20000 divisors; last killed by 1*(fiber 4 minus fiber 1); 
survivors 0; elapsed 479.470
Chunk 5 checked 21000 divisors; last killed by 1*(fiber 4 minus fiber 1); 
survivors 0; elapsed 479.560
Chunk 5 checked 22000 divisors; last killed by 1*(fiber 4 minus fiber 1); 
survivors 0; elapsed 479.650
Chunk 5 checked 23000 divisors; last killed by 1*(fiber 4 minus fiber 1); 
survivors 0; elapsed 479.740
Chunk 5 checked 24000 divisors; last killed by 1*(fiber 4 minus fiber 1); 
survivors 0; elapsed 479.840
Chunk 5 checked 25000 divisors; last killed by 1*(fiber 4 minus fiber 1); 
survivors 0; elapsed 479.950
Chunk 5 checked 26000 divisors; last killed by 1*(fiber 4 minus fiber 1); 
survivors 0; elapsed 480.040
Chunk 5 checked 27000 divisors; last killed by 1*(fiber 4 minus fiber 1); 
survivors 0; elapsed 480.130
Chunk 5 checked 28000 divisors; last killed by 1*(fiber 4 minus fiber 1); 
survivors 0; elapsed 480.220
Chunk 5 checked 29000 divisors; last killed by 1*(fiber 4 minus fiber 1); 
survivors 0; elapsed 480.310
Chunk 5 checked 30000 divisors; last killed by 1*(fiber 4 minus fiber 1); 
survivors 0; elapsed 480.400
Chunk 5 checked 31000 divisors; last killed by 1*(fiber 4 minus fiber 1); 
survivors 0; elapsed 480.490
Chunk 5 checked 32000 divisors; last killed by 1*(fiber 4 minus fiber 1); 
survivors 0; elapsed 480.590
Chunk 5 checked 33000 divisors; last killed by 1*(fiber 4 minus fiber 1); 
survivors 0; elapsed 480.690
Chunk 5 checked 34000 divisors; last killed by 1*(fiber 4 minus fiber 1); 
survivors 0; elapsed 513.260
Chunk 5 checked 35000 divisors; last killed by 1*(fiber 4 minus fiber 1); 
survivors 0; elapsed 513.360
Chunk 5 checked 36000 divisors; last killed by 1*(fiber 4 minus fiber 1); 
survivors 0; elapsed 513.460
Chunk 5 checked 37000 divisors; last killed by 1*(fiber 4 minus fiber 1); 
survivors 0; elapsed 513.560
Chunk 5 checked 38000 divisors; last killed by 1*(fiber 4 minus fiber 1); 
survivors 0; elapsed 513.660
Chunk 5 checked 39000 divisors; last killed by 1*(fiber 4 minus fiber 1); 
survivors 0; elapsed 513.760
Chunk 5 checked 40000 divisors; last killed by 1*(fiber 4 minus fiber 1); 
survivors 0; elapsed 513.860
Chunk 5 checked 41000 divisors; last killed by 1*(fiber 4 minus fiber 1); 
survivors 0; elapsed 513.960
Chunk 5 checked 42000 divisors; last killed by 1*(fiber 4 minus fiber 1); 
survivors 0; elapsed 514.070
Chunk 5 checked 43000 divisors; last killed by 1*(fiber 4 minus fiber 1); 
survivors 0; elapsed 514.170
Chunk 5 checked 44000 divisors; last killed by 1*(fiber 4 minus fiber 1); 
survivors 0; elapsed 514.270
Chunk 5 checked 45000 divisors; last killed by 1*(fiber 4 minus fiber 1); 
survivors 0; elapsed 514.360
Chunk 5 checked 46000 divisors; last killed by 1*(fiber 4 minus fiber 1); 
survivors 0; elapsed 514.460
Chunk 5 checked 47000 divisors; last killed by 1*(fiber 4 minus fiber 1); 
survivors 0; elapsed 514.560
Chunk 5 checked 48000 divisors; last killed by 1*(fiber 4 minus fiber 1); 
survivors 0; elapsed 514.670
Chunk 5 checked 49000 divisors; last killed by 1*(fiber 4 minus fiber 1); 
survivors 0; elapsed 514.780
Chunk 5 checked 50000 divisors; last killed by 1*(fiber 4 minus fiber 1); 
survivors 0; elapsed 514.870
Chunk 5 checked 51000 divisors; last killed by 1*(fiber 4 minus fiber 1); 
survivors 0; elapsed 514.960
Chunk 5 checked 52000 divisors; last killed by 1*(fiber 4 minus fiber 1); 
survivors 0; elapsed 515.050
Chunk 5 checked 53000 divisors; last killed by 1*(fiber 4 minus fiber 1); 
survivors 0; elapsed 515.140
Chunk 5 checked 54000 divisors; last killed by 1*(fiber 4 minus fiber 1); 
survivors 0; elapsed 515.230
Chunk 5 checked 55000 divisors; last killed by 1*(fiber 4 minus fiber 1); 
survivors 0; elapsed 515.330
Chunk 5 checked 56000 divisors; last killed by 1*(fiber 4 minus fiber 1); 
survivors 0; elapsed 515.440
Chunk 5 checked 57000 divisors; last killed by 1*(fiber 4 minus fiber 1); 
survivors 0; elapsed 515.530
Chunk 5 checked 58000 divisors; last killed by 1*(fiber 4 minus fiber 1); 
survivors 0; elapsed 515.630
Chunk 5 checked 59000 divisors; last killed by 1*(fiber 4 minus fiber 1); 
survivors 0; elapsed 515.710
Chunk 5 checked 60000 divisors; last killed by 1*(fiber 4 minus fiber 1); 
survivors 0; elapsed 515.800
Chunk 5 checked 61000 divisors; last killed by 1*(fiber 4 minus fiber 1); 
survivors 0; elapsed 515.890
Chunk 5 checked 62000 divisors; last killed by 1*(fiber 4 minus fiber 1); 
survivors 0; elapsed 515.990
Chunk 5 checked 63000 divisors; last killed by 1*(fiber 4 minus fiber 1); 
survivors 0; elapsed 516.090
Chunk 5 checked 64000 divisors; last killed by 1*(fiber 4 minus fiber 1); 
survivors 0; elapsed 516.190
Chunk 5 checked 65000 divisors; last killed by 1*(fiber 4 minus fiber 1); 
survivors 0; elapsed 516.290
Chunk 5 checked 66000 divisors; last killed by 1*(fiber 4 minus fiber 1); 
survivors 0; elapsed 516.390
Chunk 5 checked 67000 divisors; last killed by 1*(fiber 4 minus fiber 1); 
survivors 0; elapsed 516.490
Chunk 5 checked 68000 divisors; last killed by 1*(fiber 4 minus fiber 1); 
survivors 0; elapsed 516.590
Chunk 5 checked 69000 divisors; last killed by 1*(fiber 4 minus fiber 1); 
survivors 0; elapsed 516.690
Chunk 5 checked 70000 divisors; last killed by 1*(fiber 4 minus fiber 1); 
survivors 0; elapsed 516.790
Chunk 5 checked 71000 divisors; last killed by 1*(fiber 4 minus fiber 1); 
survivors 0; elapsed 516.890
Chunk 5 checked 72000 divisors; last killed by 1*(fiber 4 minus fiber 1); 
survivors 0; elapsed 516.990
Chunk 5 checked 73000 divisors; last killed by 1*(fiber 4 minus fiber 1); 
survivors 0; elapsed 517.100
Chunk 5 checked 74000 divisors; last killed by 1*(fiber 4 minus fiber 1); 
survivors 0; elapsed 517.200
Chunk 5 checked 75000 divisors; last killed by 1*(fiber 4 minus fiber 1); 
survivors 0; elapsed 517.300
Chunk 5 checked 76000 divisors; last killed by 1*(fiber 4 minus fiber 1); 
survivors 0; elapsed 517.400
Chunk 5 checked 77000 divisors; last killed by 1*(fiber 4 minus fiber 1); 
survivors 0; elapsed 517.490
Chunk 5 checked 78000 divisors; last killed by 1*(fiber 4 minus fiber 1); 
survivors 0; elapsed 517.590
Chunk 5 checked 79000 divisors; last killed by 1*(fiber 4 minus fiber 1); 
survivors 0; elapsed 517.700
Chunk 5 checked 80000 divisors; last killed by 1*(fiber 4 minus fiber 1); 
survivors 0; elapsed 517.810
Chunk 5 checked 81000 divisors; last killed by 1*(fiber 4 minus fiber 1); 
survivors 0; elapsed 517.900
Chunk 5 checked 82000 divisors; last killed by 1*(fiber 4 minus fiber 1); 
survivors 0; elapsed 517.990
Chunk 5 checked 83000 divisors; last killed by 1*(fiber 4 minus fiber 1); 
survivors 0; elapsed 518.080
Chunk 5 checked 84000 divisors; last killed by 1*(fiber 4 minus fiber 1); 
survivors 0; elapsed 518.170
Chunk 5 checked 85000 divisors; last killed by 1*(fiber 4 minus fiber 1); 
survivors 0; elapsed 518.260
Chunk 5 checked 86000 divisors; last killed by 1*(fiber 4 minus fiber 1); 
survivors 0; elapsed 518.360
Chunk 5 checked 87000 divisors; last killed by 1*(fiber 4 minus fiber 1); 
survivors 0; elapsed 518.470
Chunk 5 checked 88000 divisors; last killed by 1*(fiber 4 minus fiber 1); 
survivors 0; elapsed 518.570
Chunk 5 checked 89000 divisors; last killed by 1*(fiber 4 minus fiber 1); 
survivors 0; elapsed 518.660
Chunk 5 checked 90000 divisors; last killed by 1*(fiber 4 minus fiber 1); 
survivors 0; elapsed 518.750
Chunk 5 checked 91000 divisors; last killed by 1*(fiber 4 minus fiber 1); 
survivors 0; elapsed 518.830
Chunk 5 checked 92000 divisors; last killed by 1*(fiber 4 minus fiber 1); 
survivors 0; elapsed 518.920
Chunk 5 checked 93000 divisors; last killed by 1*(fiber 4 minus fiber 1); 
survivors 0; elapsed 519.020
Chunk 5 checked 94000 divisors; last killed by 1*(fiber 4 minus fiber 1); 
survivors 0; elapsed 519.120
Chunk 5 checked 95000 divisors; last killed by 1*(fiber 4 minus fiber 1); 
survivors 0; elapsed 519.220
Chunk 5 checked 96000 divisors; last killed by 1*(fiber 4 minus fiber 1); 
survivors 0; elapsed 519.320
Chunk 5 checked 97000 divisors; last killed by 1*(fiber 4 minus fiber 1); 
survivors 0; elapsed 519.420
Chunk 5 checked 98000 divisors; last killed by 1*(fiber 4 minus fiber 1); 
survivors 0; elapsed 519.520
Chunk 5 checked 99000 divisors; last killed by 1*(fiber 4 minus fiber 1); 
survivors 0; elapsed 519.620
Chunk 5 checked 100000 divisors; last killed by 1*(fiber 4 minus fiber 1); 
survivors 0; elapsed 519.720
Chunk 5 checked 101000 divisors; last killed by 1*(fiber 4 minus fiber 1); 
survivors 0; elapsed 519.820
Chunk 5 checked 102000 divisors; last killed by 1*(fiber 4 minus fiber 1); 
survivors 0; elapsed 519.920
Chunk 5 checked 103000 divisors; last killed by 1*(fiber 4 minus fiber 1); 
survivors 0; elapsed 520.020
Chunk 5 checked 104000 divisors; last killed by 1*(fiber 4 minus fiber 1); 
survivors 0; elapsed 520.130
Chunk 5 checked 105000 divisors; last killed by 1*(fiber 4 minus fiber 1); 
survivors 0; elapsed 520.230
Chunk 5 checked 106000 divisors; last killed by 1*(fiber 4 minus fiber 1); 
survivors 0; elapsed 520.330
Chunk 5 checked 107000 divisors; last killed by 1*(fiber 4 minus fiber 1); 
survivors 0; elapsed 520.430
Chunk 5 checked 108000 divisors; last killed by 1*(fiber 4 minus fiber 1); 
survivors 0; elapsed 520.530
Chunk 5 checked 109000 divisors; last killed by 1*(fiber 4 minus fiber 1); 
survivors 0; elapsed 520.620
Chunk 5 checked 110000 divisors; last killed by 1*(fiber 4 minus fiber 1); 
survivors 0; elapsed 520.730
Chunk 5 checked 111000 divisors; last killed by 1*(fiber 4 minus fiber 1); 
survivors 0; elapsed 520.840
Chunk 5 checked 112000 divisors; last killed by 1*(fiber 4 minus fiber 1); 
survivors 0; elapsed 520.930
Chunk 5 checked 113000 divisors; last killed by 1*(fiber 4 minus fiber 1); 
survivors 0; elapsed 521.020
Chunk 5 checked 114000 divisors; last killed by 1*(fiber 4 minus fiber 1); 
survivors 0; elapsed 521.110
Chunk 5 checked 115000 divisors; last killed by 1*(fiber 4 minus fiber 1); 
survivors 0; elapsed 521.200
Chunk 5 checked 116000 divisors; last killed by 1*(fiber 4 minus fiber 1); 
survivors 0; elapsed 521.290
Chunk 5 checked 117000 divisors; last killed by 1*(fiber 4 minus fiber 1); 
survivors 0; elapsed 521.390
Chunk 5 checked 118000 divisors; last killed by 1*(fiber 4 minus fiber 1); 
survivors 0; elapsed 521.500
Chunk 5 checked 119000 divisors; last killed by 1*(fiber 4 minus fiber 1); 
survivors 0; elapsed 521.600
Chunk 5 checked 120000 divisors; last killed by 1*(fiber 4 minus fiber 1); 
survivors 0; elapsed 521.690
Chunk 5 checked 121000 divisors; last killed by 1*(fiber 4 minus fiber 1); 
survivors 0; elapsed 521.780
Chunk 5 checked 122000 divisors; last killed by 1*(fiber 4 minus fiber 1); 
survivors 0; elapsed 521.860
Chunk 5 checked 123000 divisors; last killed by 1*(fiber 4 minus fiber 1); 
survivors 0; elapsed 521.950
Chunk 5 checked 124000 divisors; last killed by 1*(fiber 4 minus fiber 1); 
survivors 0; elapsed 522.050
Chunk 5 checked 125000 divisors; last killed by 1*(fiber 4 minus fiber 1); 
survivors 0; elapsed 522.150
Chunk 5 checked 126000 divisors; last killed by 1*(fiber 4 minus fiber 1); 
survivors 0; elapsed 522.250
Chunk 5 checked 127000 divisors; last killed by 1*(fiber 4 minus fiber 1); 
survivors 0; elapsed 522.350
Chunk 5 checked 128000 divisors; last killed by 1*(fiber 4 minus fiber 1); 
survivors 0; elapsed 522.450
Chunk 5 checked 129000 divisors; last killed by 1*(fiber 4 minus fiber 1); 
survivors 0; elapsed 522.550
Chunk 5 checked 130000 divisors; last killed by 1*(fiber 4 minus fiber 1); 
survivors 0; elapsed 522.650
Chunk 5 checked 131000 divisors; last killed by 1*(fiber 4 minus fiber 1); 
survivors 0; elapsed 522.750
Chunk 5 checked 132000 divisors; last killed by 1*(fiber 4 minus fiber 1); 
survivors 0; elapsed 522.850
Chunk 5 checked 133000 divisors; last killed by 1*(fiber 4 minus fiber 1); 
survivors 0; elapsed 522.950
Chunk 5 checked 134000 divisors; last killed by 1*(fiber 4 minus fiber 1); 
survivors 0; elapsed 523.050
Chunk 5 checked 135000 divisors; last killed by 1*(fiber 4 minus fiber 1); 
survivors 0; elapsed 523.150
Chunk 5 checked 136000 divisors; last killed by 1*(fiber 4 minus fiber 1); 
survivors 0; elapsed 523.250
Chunk 5 checked 137000 divisors; last killed by 1*(fiber 4 minus fiber 1); 
survivors 0; elapsed 523.350
Chunk 5 checked 138000 divisors; last killed by 1*(fiber 4 minus fiber 1); 
survivors 0; elapsed 523.450
Chunk 5 checked 139000 divisors; last killed by 1*(fiber 4 minus fiber 1); 
survivors 0; elapsed 523.550
Chunk 5 checked 140000 divisors; last killed by 1*(fiber 4 minus fiber 1); 
survivors 0; elapsed 523.650
Chunk 5 checked 141000 divisors; last killed by 1*(fiber 4 minus fiber 1); 
survivors 0; elapsed 523.760
Chunk 5 checked 142000 divisors; last killed by 1*(fiber 4 minus fiber 1); 
survivors 0; elapsed 523.860
Chunk 5 checked 143000 divisors; last killed by 1*(fiber 4 minus fiber 1); 
survivors 0; elapsed 523.950
Chunk 5 checked 144000 divisors; last killed by 1*(fiber 4 minus fiber 1); 
survivors 0; elapsed 524.040
Chunk 5 checked 145000 divisors; last killed by 1*(fiber 4 minus fiber 1); 
survivors 0; elapsed 524.140
Chunk 5 checked 146000 divisors; last killed by 1*(fiber 4 minus fiber 1); 
survivors 0; elapsed 524.230
Chunk 5 checked 147000 divisors; last killed by 1*(fiber 4 minus fiber 1); 
survivors 0; elapsed 524.320
Chunk 5 checked 148000 divisors; last killed by 1*(fiber 4 minus fiber 1); 
survivors 0; elapsed 524.430
Chunk 5 checked 149000 divisors; last killed by 1*(fiber 4 minus fiber 1); 
survivors 0; elapsed 524.540
Chunk 5 checked 150000 divisors; last killed by 1*(fiber 4 minus fiber 1); 
survivors 0; elapsed 524.640
Chunk 5 checked 151000 divisors; last killed by 1*(fiber 4 minus fiber 1); 
survivors 0; elapsed 524.730
Chunk 5 checked 152000 divisors; last killed by 1*(fiber 4 minus fiber 1); 
survivors 0; elapsed 524.820
Chunk 5 checked 153000 divisors; last killed by 1*(fiber 4 minus fiber 1); 
survivors 0; elapsed 524.910
Chunk 5 checked 154000 divisors; last killed by 1*(fiber 4 minus fiber 1); 
survivors 0; elapsed 525.000
Chunk 5 checked 155000 divisors; last killed by 1*(fiber 4 minus fiber 1); 
survivors 0; elapsed 525.100
Chunk 5 checked 156000 divisors; last killed by 1*(fiber 4 minus fiber 1); 
survivors 0; elapsed 525.210
Chunk 5 checked 157000 divisors; last killed by 1*(fiber 4 minus fiber 1); 
survivors 0; elapsed 525.310
Chunk 5 checked 158000 divisors; last killed by 1*(fiber 4 minus fiber 1); 
survivors 0; elapsed 525.410
Chunk 5 checked 159000 divisors; last killed by 1*(fiber 4 minus fiber 1); 
survivors 0; elapsed 525.510
Chunk 5 checked 160000 divisors; last killed by 1*(fiber 4 minus fiber 1); 
survivors 0; elapsed 525.610
Chunk 5 checked 161000 divisors; last killed by 1*(fiber 4 minus fiber 1); 
survivors 0; elapsed 525.710
Chunk 5 checked 162000 divisors; last killed by 1*(fiber 4 minus fiber 1); 
survivors 0; elapsed 525.810
Chunk 5 checked 163000 divisors; last killed by 1*(fiber 4 minus fiber 1); 
survivors 0; elapsed 525.910
Chunk 5 checked 164000 divisors; last killed by 1*(fiber 4 minus fiber 1); 
survivors 0; elapsed 526.010
Chunk 5 checked 165000 divisors; last killed by 1*(fiber 4 minus fiber 1); 
survivors 0; elapsed 526.120
Chunk 5 checked 166000 divisors; last killed by 1*(fiber 4 minus fiber 1); 
survivors 0; elapsed 526.220
Chunk 5 checked 167000 divisors; last killed by 1*(fiber 4 minus fiber 1); 
survivors 0; elapsed 526.320
Chunk 5 checked 168000 divisors; last killed by 1*(fiber 4 minus fiber 1); 
survivors 0; elapsed 526.410
Chunk 5 checked 169000 divisors; last killed by 1*(fiber 4 minus fiber 1); 
survivors 0; elapsed 526.510
Chunk 5 checked 170000 divisors; last killed by 1*(fiber 4 minus fiber 1); 
survivors 0; elapsed 526.610
Chunk 5 checked 171000 divisors; last killed by 1*(fiber 4 minus fiber 1); 
survivors 0; elapsed 526.710
Chunk 5 checked 172000 divisors; last killed by 1*(fiber 4 minus fiber 1); 
survivors 0; elapsed 526.820
Chunk 5 checked 173000 divisors; last killed by 1*(fiber 4 minus fiber 1); 
survivors 0; elapsed 526.930
Chunk 5 checked 174000 divisors; last killed by 1*(fiber 4 minus fiber 1); 
survivors 0; elapsed 527.010
Chunk 5 checked 175000 divisors; last killed by 1*(fiber 4 minus fiber 1); 
survivors 0; elapsed 527.100
Chunk 5 checked 176000 divisors; last killed by 1*(fiber 4 minus fiber 1); 
survivors 0; elapsed 527.190
Chunk 5 checked 177000 divisors; last killed by 1*(fiber 4 minus fiber 1); 
survivors 0; elapsed 527.280
Chunk 5 checked 178000 divisors; last killed by 1*(fiber 4 minus fiber 1); 
survivors 0; elapsed 527.370
Chunk 5 checked 179000 divisors; last killed by 1*(fiber 4 minus fiber 1); 
survivors 0; elapsed 527.480
Chunk 5 checked 180000 divisors; last killed by 1*(fiber 4 minus fiber 1); 
survivors 0; elapsed 527.580
Chunk 5 checked 181000 divisors; last killed by 1*(fiber 4 minus fiber 1); 
survivors 0; elapsed 527.670
Chunk 5 checked 182000 divisors; last killed by 1*(fiber 4 minus fiber 1); 
survivors 0; elapsed 527.760
Chunk 5 checked 183000 divisors; last killed by 1*(fiber 4 minus fiber 1); 
survivors 0; elapsed 527.850
Chunk 5 checked 184000 divisors; last killed by 1*(fiber 4 minus fiber 1); 
survivors 0; elapsed 527.940
Chunk 5 checked 185000 divisors; last killed by 1*(fiber 4 minus fiber 1); 
survivors 0; elapsed 528.030
Chunk 5 checked 186000 divisors; last killed by 1*(fiber 4 minus fiber 1); 
survivors 0; elapsed 528.130
Chunk 5 checked 187000 divisors; last killed by 1*(fiber 4 minus fiber 1); 
survivors 0; elapsed 528.230
Chunk 5 checked 188000 divisors; last killed by 1*(fiber 4 minus fiber 1); 
survivors 0; elapsed 528.330
Chunk 5 checked 189000 divisors; last killed by 1*(fiber 4 minus fiber 1); 
survivors 0; elapsed 528.440
Chunk 5 checked 190000 divisors; last killed by 1*(fiber 4 minus fiber 1); 
survivors 0; elapsed 528.540
Chunk 5 checked 191000 divisors; last killed by 1*(fiber 4 minus fiber 1); 
survivors 0; elapsed 528.640
Chunk 5 checked 192000 divisors; last killed by 1*(fiber 4 minus fiber 1); 
survivors 0; elapsed 528.750
Chunk 5 checked 193000 divisors; last killed by 1*(fiber 4 minus fiber 1); 
survivors 0; elapsed 528.850
Chunk 5 checked 194000 divisors; last killed by 1*(fiber 4 minus fiber 1); 
survivors 0; elapsed 528.950
Chunk 5 checked 195000 divisors; last killed by 1*(fiber 4 minus fiber 1); 
survivors 0; elapsed 529.050
Chunk 5 checked 196000 divisors; last killed by 1*(fiber 4 minus fiber 1); 
survivors 0; elapsed 529.150
Chunk 5 checked 197000 divisors; last killed by 1*(fiber 4 minus fiber 1); 
survivors 0; elapsed 529.250
Chunk 5 checked 198000 divisors; last killed by 1*(fiber 4 minus fiber 1); 
survivors 0; elapsed 529.360
Chunk 5 checked 199000 divisors; last killed by 1*(fiber 4 minus fiber 1); 
survivors 0; elapsed 529.460
Chunk 5 checked 200000 divisors; last killed by 1*(fiber 4 minus fiber 1); 
survivors 0; elapsed 529.560
Chunk 5 checked 201000 divisors; last killed by 1*(fiber 4 minus fiber 1); 
survivors 0; elapsed 529.660
Chunk 5 checked 202000 divisors; last killed by 1*(fiber 4 minus fiber 1); 
survivors 0; elapsed 529.760
Chunk 5 checked 203000 divisors; last killed by 1*(fiber 4 minus fiber 1); 
survivors 0; elapsed 529.880
Chunk 5 checked 204000 divisors; last killed by 1*(fiber 4 minus fiber 1); 
survivors 0; elapsed 530.000
Chunk 5 checked 205000 divisors; last killed by 1*(fiber 4 minus fiber 1); 
survivors 0; elapsed 530.080
Chunk 5 checked 206000 divisors; last killed by 1*(fiber 4 minus fiber 1); 
survivors 0; elapsed 530.180
Chunk 5 checked 207000 divisors; last killed by 1*(fiber 4 minus fiber 1); 
survivors 0; elapsed 530.270
Chunk 5 checked 208000 divisors; last killed by 1*(fiber 4 minus fiber 1); 
survivors 0; elapsed 530.360
Chunk 5 checked 209000 divisors; last killed by 1*(fiber 4 minus fiber 1); 
survivors 0; elapsed 530.450
Chunk 5 checked 210000 divisors; last killed by 1*(fiber 4 minus fiber 1); 
survivors 0; elapsed 530.570
Chunk 5 checked 211000 divisors; last killed by 1*(fiber 4 minus fiber 1); 
survivors 0; elapsed 530.680
Chunk 5 checked 212000 divisors; last killed by 1*(fiber 4 minus fiber 1); 
survivors 0; elapsed 530.780
Chunk 5 checked 213000 divisors; last killed by 1*(fiber 4 minus fiber 1); 
survivors 0; elapsed 530.870
Chunk 5 checked 214000 divisors; last killed by 1*(fiber 4 minus fiber 1); 
survivors 0; elapsed 530.960
Chunk 5 checked 215000 divisors; last killed by 1*(fiber 4 minus fiber 1); 
survivors 0; elapsed 531.050
Chunk 5 checked 216000 divisors; last killed by 1*(fiber 4 minus fiber 1); 
survivors 0; elapsed 531.150
Chunk 5 checked 217000 divisors; last killed by 1*(fiber 4 minus fiber 1); 
survivors 0; elapsed 531.240
Chunk 5 checked 218000 divisors; last killed by 1*(fiber 4 minus fiber 1); 
survivors 0; elapsed 531.340
Chunk 5 checked 219000 divisors; last killed by 1*(fiber 4 minus fiber 1); 
survivors 0; elapsed 531.440
Chunk 5 checked 220000 divisors; last killed by 1*(fiber 4 minus fiber 1); 
survivors 0; elapsed 531.540
Chunk 5 checked 221000 divisors; last killed by 1*(fiber 4 minus fiber 1); 
survivors 0; elapsed 531.640
Chunk 5 checked 222000 divisors; last killed by 1*(fiber 4 minus fiber 1); 
survivors 0; elapsed 531.740
Chunk 5 checked 223000 divisors; last killed by 1*(fiber 4 minus fiber 1); 
survivors 0; elapsed 531.840
Chunk 5 checked 224000 divisors; last killed by 1*(fiber 4 minus fiber 1); 
survivors 0; elapsed 531.940
Chunk 5 checked 225000 divisors; last killed by 1*(fiber 4 minus fiber 1); 
survivors 0; elapsed 532.040
Chunk 5 checked 226000 divisors; last killed by 1*(fiber 4 minus fiber 1); 
survivors 0; elapsed 532.140
Chunk 5 checked 227000 divisors; last killed by 1*(fiber 4 minus fiber 1); 
survivors 0; elapsed 532.240
Chunk 5 checked 228000 divisors; last killed by 1*(fiber 4 minus fiber 1); 
survivors 0; elapsed 532.340
Chunk 5 checked 229000 divisors; last killed by 1*(fiber 4 minus fiber 1); 
survivors 0; elapsed 532.440
Chunk 5 checked 230000 divisors; last killed by 1*(fiber 4 minus fiber 1); 
survivors 0; elapsed 532.540
Chunk 5 checked 231000 divisors; last killed by 1*(fiber 4 minus fiber 1); 
survivors 0; elapsed 532.630
Chunk 5 checked 232000 divisors; last killed by 1*(fiber 4 minus fiber 1); 
survivors 0; elapsed 532.730
Chunk 5 checked 233000 divisors; last killed by 1*(fiber 4 minus fiber 1); 
survivors 0; elapsed 532.830
Chunk 5 checked 234000 divisors; last killed by 1*(fiber 4 minus fiber 1); 
survivors 0; elapsed 532.940
Chunk 5 checked 235000 divisors; last killed by 1*(fiber 4 minus fiber 1); 
survivors 0; elapsed 533.040
Chunk 5 checked 236000 divisors; last killed by 1*(fiber 4 minus fiber 1); 
survivors 0; elapsed 533.130
Chunk 5 checked 237000 divisors; last killed by 1*(fiber 4 minus fiber 1); 
survivors 0; elapsed 533.210
Chunk 5 checked 238000 divisors; last killed by 1*(fiber 4 minus fiber 1); 
survivors 0; elapsed 533.300
Chunk 5 checked 239000 divisors; last killed by 1*(fiber 4 minus fiber 1); 
survivors 0; elapsed 533.390
Chunk 5 checked 240000 divisors; last killed by 1*(fiber 4 minus fiber 1); 
survivors 0; elapsed 533.480
Chunk 5 checked 241000 divisors; last killed by 1*(fiber 4 minus fiber 1); 
survivors 0; elapsed 533.590
Chunk 5 checked 242000 divisors; last killed by 1*(fiber 4 minus fiber 1); 
survivors 0; elapsed 533.690
Chunk 5 checked 243000 divisors; last killed by 1*(fiber 4 minus fiber 1); 
survivors 0; elapsed 533.780
Chunk 5 checked 244000 divisors; last killed by 1*(fiber 4 minus fiber 1); 
survivors 0; elapsed 533.870
Chunk 5 checked 245000 divisors; last killed by 1*(fiber 4 minus fiber 1); 
survivors 0; elapsed 533.960
Chunk 5 checked 246000 divisors; last killed by 1*(fiber 4 minus fiber 1); 
survivors 0; elapsed 534.040
Chunk 5 checked 247000 divisors; last killed by 1*(fiber 4 minus fiber 1); 
survivors 0; elapsed 534.130
Chunk 5 checked 248000 divisors; last killed by 1*(fiber 4 minus fiber 1); 
survivors 0; elapsed 534.230
Chunk 5 checked 249000 divisors; last killed by 1*(fiber 4 minus fiber 1); 
survivors 0; elapsed 534.330
Chunk 5 checked 250000 divisors; last killed by 1*(fiber 4 minus fiber 1); 
survivors 0; elapsed 534.430
Chunk 5 checked 251000 divisors; last killed by 1*(fiber 4 minus fiber 1); 
survivors 0; elapsed 534.530
Chunk 5 checked 252000 divisors; last killed by 1*(fiber 4 minus fiber 1); 
survivors 0; elapsed 534.630
Chunk 5 checked 253000 divisors; last killed by 1*(fiber 4 minus fiber 1); 
survivors 0; elapsed 534.720
Chunk 5 checked 254000 divisors; last killed by 1*(fiber 4 minus fiber 1); 
survivors 0; elapsed 534.820
Chunk 5 checked 255000 divisors; last killed by 1*(fiber 4 minus fiber 1); 
survivors 0; elapsed 534.920
Chunk 5 checked 256000 divisors; last killed by 1*(fiber 4 minus fiber 1); 
survivors 0; elapsed 535.020
Chunk 5 checked 257000 divisors; last killed by 1*(fiber 4 minus fiber 1); 
survivors 0; elapsed 535.120
Chunk 5 checked 258000 divisors; last killed by 1*(fiber 4 minus fiber 1); 
survivors 0; elapsed 535.220
Chunk 5 checked 259000 divisors; last killed by 1*(fiber 4 minus fiber 1); 
survivors 0; elapsed 535.320
Chunk 5 checked 260000 divisors; last killed by 1*(fiber 4 minus fiber 1); 
survivors 0; elapsed 535.420
Chunk 5 checked 261000 divisors; last killed by 1*(fiber 4 minus fiber 1); 
survivors 0; elapsed 535.520
Chunk 5 checked 262000 divisors; last killed by 1*(fiber 4 minus fiber 1); 
survivors 0; elapsed 535.620
Chunk 5 checked 263000 divisors; last killed by 1*(fiber 4 minus fiber 1); 
survivors 0; elapsed 535.720
Chunk 5 checked 264000 divisors; last killed by 1*(fiber 4 minus fiber 1); 
survivors 0; elapsed 535.820
Chunk 5 checked 265000 divisors; last killed by 1*(fiber 4 minus fiber 1); 
survivors 0; elapsed 535.920
Chunk 5 checked 266000 divisors; last killed by 1*(fiber 4 minus fiber 1); 
survivors 0; elapsed 536.020
Chunk 5 checked 267000 divisors; last killed by 1*(fiber 4 minus fiber 1); 
survivors 0; elapsed 536.110
Chunk 5 checked 268000 divisors; last killed by 1*(fiber 4 minus fiber 1); 
survivors 0; elapsed 536.190
Chunk 5 checked 269000 divisors; last killed by 1*(fiber 4 minus fiber 1); 
survivors 0; elapsed 536.290
Chunk 5 checked 270000 divisors; last killed by 1*(fiber 4 minus fiber 1); 
survivors 0; elapsed 536.380
Chunk 5 checked 271000 divisors; last killed by 1*(fiber 4 minus fiber 1); 
survivors 0; elapsed 536.460
Chunk 5 checked 272000 divisors; last killed by 1*(fiber 4 minus fiber 1); 
survivors 0; elapsed 536.570
Chunk 5 checked 273000 divisors; last killed by 1*(fiber 4 minus fiber 1); 
survivors 0; elapsed 536.670
Chunk 5 checked 274000 divisors; last killed by 1*(fiber 4 minus fiber 1); 
survivors 0; elapsed 536.750
Chunk 5 checked 275000 divisors; last killed by 1*(fiber 4 minus fiber 1); 
survivors 0; elapsed 536.840
Chunk 5 checked 276000 divisors; last killed by 1*(fiber 4 minus fiber 1); 
survivors 0; elapsed 536.930
Chunk 5 checked 277000 divisors; last killed by 1*(fiber 4 minus fiber 1); 
survivors 0; elapsed 537.010
Chunk 5 checked 278000 divisors; last killed by 1*(fiber 4 minus fiber 1); 
survivors 0; elapsed 537.100
Chunk 5 checked 279000 divisors; last killed by 1*(fiber 4 minus fiber 1); 
survivors 0; elapsed 537.200
Chunk 5 checked 280000 divisors; last killed by 1*(fiber 4 minus fiber 1); 
survivors 0; elapsed 537.300
Chunk 5 checked 281000 divisors; last killed by 1*(fiber 4 minus fiber 1); 
survivors 0; elapsed 537.400
Chunk 5 checked 282000 divisors; last killed by 1*(fiber 4 minus fiber 1); 
survivors 0; elapsed 537.490
Chunk 5 checked 283000 divisors; last killed by 1*(fiber 4 minus fiber 1); 
survivors 0; elapsed 537.590
Chunk 5 checked 284000 divisors; last killed by 1*(fiber 4 minus fiber 1); 
survivors 0; elapsed 537.690
Chunk 5 checked 285000 divisors; last killed by 1*(fiber 4 minus fiber 1); 
survivors 0; elapsed 537.790
Chunk 5 checked 286000 divisors; last killed by 1*(fiber 4 minus fiber 1); 
survivors 0; elapsed 537.890
Chunk 5 checked 287000 divisors; last killed by 1*(fiber 4 minus fiber 1); 
survivors 0; elapsed 537.990
Chunk 5 checked 288000 divisors; last killed by 1*(fiber 4 minus fiber 1); 
survivors 0; elapsed 538.080
Chunk 5 checked 289000 divisors; last killed by 1*(fiber 4 minus fiber 1); 
survivors 0; elapsed 538.180
Chunk 5 checked 290000 divisors; last killed by 1*(fiber 4 minus fiber 1); 
survivors 0; elapsed 538.280
Chunk 5 checked 291000 divisors; last killed by 1*(fiber 4 minus fiber 1); 
survivors 0; elapsed 538.380
Chunk 5 checked 292000 divisors; last killed by 1*(fiber 4 minus fiber 1); 
survivors 0; elapsed 538.480
Chunk 5 checked 293000 divisors; last killed by 1*(fiber 4 minus fiber 1); 
survivors 0; elapsed 538.580
Chunk 5 checked 294000 divisors; last killed by 1*(fiber 4 minus fiber 1); 
survivors 0; elapsed 538.680
Chunk 5 checked 295000 divisors; last killed by 1*(fiber 4 minus fiber 1); 
survivors 0; elapsed 538.780
Chunk 5 checked 296000 divisors; last killed by 1*(fiber 4 minus fiber 1); 
survivors 0; elapsed 538.890
Chunk 5 checked 297000 divisors; last killed by 1*(fiber 4 minus fiber 1); 
survivors 0; elapsed 538.980
Chunk 5 checked 298000 divisors; last killed by 1*(fiber 4 minus fiber 1); 
survivors 0; elapsed 539.070
Chunk 5 checked 299000 divisors; last killed by 1*(fiber 4 minus fiber 1); 
survivors 0; elapsed 539.160
Chunk 5 checked 300000 divisors; last killed by 1*(fiber 4 minus fiber 1); 
survivors 0; elapsed 539.240
Chunk 5 checked 301000 divisors; last killed by 1*(fiber 4 minus fiber 1); 
survivors 0; elapsed 539.330
Chunk 5 checked 302000 divisors; last killed by 1*(fiber 4 minus fiber 1); 
survivors 0; elapsed 539.420
Chunk 5 checked 303000 divisors; last killed by 1*(fiber 4 minus fiber 1); 
survivors 0; elapsed 539.520
Chunk 5 checked 304000 divisors; last killed by 1*(fiber 4 minus fiber 1); 
survivors 0; elapsed 539.620
Chunk 5 checked 305000 divisors; last killed by 1*(fiber 4 minus fiber 1); 
survivors 0; elapsed 539.710
Chunk 5 checked 306000 divisors; last killed by 1*(fiber 4 minus fiber 1); 
survivors 0; elapsed 539.800
Chunk 5 checked 307000 divisors; last killed by 1*(fiber 4 minus fiber 1); 
survivors 0; elapsed 539.880
Chunk 5 checked 308000 divisors; last killed by 1*(fiber 4 minus fiber 1); 
survivors 0; elapsed 539.970
Chunk 5 checked 309000 divisors; last killed by 1*(fiber 4 minus fiber 1); 
survivors 0; elapsed 540.060
Chunk 5 checked 310000 divisors; last killed by 1*(fiber 4 minus fiber 1); 
survivors 0; elapsed 540.160
Chunk 5 checked 311000 divisors; last killed by 1*(fiber 4 minus fiber 1); 
survivors 0; elapsed 540.270
Chunk 5 checked 312000 divisors; last killed by 1*(fiber 4 minus fiber 1); 
survivors 0; elapsed 540.390
Chunk 5 checked 313000 divisors; last killed by 1*(fiber 4 minus fiber 1); 
survivors 0; elapsed 540.500
Chunk 5 checked 314000 divisors; last killed by 1*(fiber 4 minus fiber 1); 
survivors 0; elapsed 540.610
Chunk 5 checked 315000 divisors; last killed by 1*(fiber 4 minus fiber 1); 
survivors 0; elapsed 540.720
Chunk 5 checked 316000 divisors; last killed by 1*(fiber 4 minus fiber 1); 
survivors 0; elapsed 540.830
Chunk 5 checked 317000 divisors; last killed by 1*(fiber 4 minus fiber 1); 
survivors 0; elapsed 540.950
Chunk 5 checked 318000 divisors; last killed by 1*(fiber 4 minus fiber 1); 
survivors 0; elapsed 541.060
Chunk 5 checked 319000 divisors; last killed by 1*(fiber 4 minus fiber 1); 
survivors 0; elapsed 541.170
Chunk 5 checked 320000 divisors; last killed by 1*(fiber 4 minus fiber 1); 
survivors 0; elapsed 541.280
Chunk 5 checked 321000 divisors; last killed by 1*(fiber 4 minus fiber 1); 
survivors 0; elapsed 541.400
Chunk 5 checked 322000 divisors; last killed by 1*(fiber 4 minus fiber 1); 
survivors 0; elapsed 541.520
Chunk 5 checked 323000 divisors; last killed by 1*(fiber 4 minus fiber 1); 
survivors 0; elapsed 541.630
Chunk 5 checked 324000 divisors; last killed by 1*(fiber 4 minus fiber 1); 
survivors 0; elapsed 541.730
Chunk 5 checked 325000 divisors; last killed by 1*(fiber 4 minus fiber 1); 
survivors 0; elapsed 541.840
Chunk 5 checked 326000 divisors; last killed by 1*(fiber 4 minus fiber 1); 
survivors 0; elapsed 541.940
Chunk 5 checked 327000 divisors; last killed by 1*(fiber 4 minus fiber 1); 
survivors 0; elapsed 542.050
Chunk 5 checked 328000 divisors; last killed by 1*(fiber 4 minus fiber 1); 
survivors 0; elapsed 542.150
Chunk 5 checked 329000 divisors; last killed by 1*(fiber 4 minus fiber 1); 
survivors 0; elapsed 542.250
Chunk 5 checked 330000 divisors; last killed by 1*(fiber 4 minus fiber 1); 
survivors 0; elapsed 542.350
Chunk 5 checked 331000 divisors; last killed by 1*(fiber 4 minus fiber 1); 
survivors 0; elapsed 542.440
Chunk 5 checked 332000 divisors; last killed by 1*(fiber 4 minus fiber 1); 
survivors 0; elapsed 542.540
Chunk 5 checked 333000 divisors; last killed by 1*(fiber 4 minus fiber 1); 
survivors 0; elapsed 542.640
Chunk 5 checked 334000 divisors; last killed by 1*(fiber 4 minus fiber 1); 
survivors 0; elapsed 542.790
Chunk 5 checked 335000 divisors; last killed by 1*(fiber 4 minus fiber 1); 
survivors 0; elapsed 542.920
Chunk 5 checked 336000 divisors; last killed by 1*(fiber 4 minus fiber 1); 
survivors 0; elapsed 543.020
Chunk 5 checked 337000 divisors; last killed by 1*(fiber 4 minus fiber 1); 
survivors 0; elapsed 543.130
Chunk 5 checked 338000 divisors; last killed by 1*(fiber 4 minus fiber 1); 
survivors 0; elapsed 543.230
Chunk 5 checked 339000 divisors; last killed by 1*(fiber 4 minus fiber 1); 
survivors 0; elapsed 543.320
Chunk 5 checked 340000 divisors; last killed by 1*(fiber 4 minus fiber 1); 
survivors 0; elapsed 543.420
Chunk 5 checked 341000 divisors; last killed by 1*(fiber 4 minus fiber 1); 
survivors 0; elapsed 543.510
Chunk 5 checked 342000 divisors; last killed by 1*(fiber 4 minus fiber 1); 
survivors 0; elapsed 543.600
Chunk 5 checked 343000 divisors; last killed by 1*(fiber 4 minus fiber 1); 
survivors 0; elapsed 543.690
Chunk 5 checked 344000 divisors; last killed by 1*(fiber 4 minus fiber 1); 
survivors 0; elapsed 543.770
Chunk 5 checked 345000 divisors; last killed by 1*(fiber 4 minus fiber 1); 
survivors 0; elapsed 543.860
Chunk 5 checked 346000 divisors; last killed by 1*(fiber 4 minus fiber 1); 
survivors 0; elapsed 543.950
Chunk 5 checked 347000 divisors; last killed by 1*(fiber 4 minus fiber 1); 
survivors 0; elapsed 544.030
Chunk 5 checked 348000 divisors; last killed by 1*(fiber 4 minus fiber 1); 
survivors 0; elapsed 544.120
Chunk 5 checked 349000 divisors; last killed by 1*(fiber 4 minus fiber 1); 
survivors 0; elapsed 544.210
Chunk 5 checked 350000 divisors; last killed by 1*(fiber 4 minus fiber 1); 
survivors 0; elapsed 544.290
Chunk 5 checked 351000 divisors; last killed by 1*(fiber 4 minus fiber 1); 
survivors 0; elapsed 544.380
Chunk 5 checked 352000 divisors; last killed by 1*(fiber 4 minus fiber 1); 
survivors 0; elapsed 544.470
Chunk 5 checked 353000 divisors; last killed by 1*(fiber 4 minus fiber 1); 
survivors 0; elapsed 544.560
Chunk 5 checked 354000 divisors; last killed by 1*(fiber 4 minus fiber 1); 
survivors 0; elapsed 544.640
Chunk 5 checked 355000 divisors; last killed by 1*(fiber 4 minus fiber 1); 
survivors 0; elapsed 544.730
Chunk 5 checked 356000 divisors; last killed by 1*(fiber 4 minus fiber 1); 
survivors 0; elapsed 544.820
Chunk 5 checked 357000 divisors; last killed by 1*(fiber 4 minus fiber 1); 
survivors 0; elapsed 544.900
Chunk 5 checked 358000 divisors; last killed by 1*(fiber 4 minus fiber 1); 
survivors 0; elapsed 544.990
Chunk 5 checked 359000 divisors; last killed by 1*(fiber 4 minus fiber 1); 
survivors 0; elapsed 545.080
Chunk 5 checked 360000 divisors; last killed by 1*(fiber 4 minus fiber 1); 
survivors 0; elapsed 545.180
Chunk 5 checked 361000 divisors; last killed by 1*(fiber 4 minus fiber 1); 
survivors 0; elapsed 545.270
Chunk 5 checked 362000 divisors; last killed by 1*(fiber 4 minus fiber 1); 
survivors 0; elapsed 545.350
Chunk 5 checked 363000 divisors; last killed by 1*(fiber 4 minus fiber 1); 
survivors 0; elapsed 545.430
Chunk 5 checked 364000 divisors; last killed by 1*(fiber 4 minus fiber 1); 
survivors 0; elapsed 545.520
Chunk 5 checked 365000 divisors; last killed by 1*(fiber 4 minus fiber 1); 
survivors 0; elapsed 545.610
Chunk 5 checked 366000 divisors; last killed by 1*(fiber 4 minus fiber 1); 
survivors 0; elapsed 545.700
Chunk 5 checked 367000 divisors; last killed by 1*(fiber 4 minus fiber 1); 
survivors 0; elapsed 545.790
Chunk 5 checked 368000 divisors; last killed by 1*(fiber 4 minus fiber 1); 
survivors 0; elapsed 545.870
Chunk 5 checked 369000 divisors; last killed by 1*(fiber 4 minus fiber 1); 
survivors 0; elapsed 545.950
Chunk 5 checked 370000 divisors; last killed by 1*(fiber 4 minus fiber 1); 
survivors 0; elapsed 546.030
Chunk 5 checked 371000 divisors; last killed by 1*(fiber 4 minus fiber 1); 
survivors 0; elapsed 546.110
Chunk 5 checked 372000 divisors; last killed by 1*(fiber 4 minus fiber 1); 
survivors 0; elapsed 546.200
Chunk 5 checked 373000 divisors; last killed by 1*(fiber 4 minus fiber 1); 
survivors 0; elapsed 546.290
Chunk 5 checked 374000 divisors; last killed by 1*(fiber 4 minus fiber 1); 
survivors 0; elapsed 546.390
Chunk 5 checked 375000 divisors; last killed by 1*(fiber 4 minus fiber 1); 
survivors 0; elapsed 546.480
Chunk 5 checked 376000 divisors; last killed by 1*(fiber 4 minus fiber 1); 
survivors 0; elapsed 546.570
Chunk 5 checked 377000 divisors; last killed by 1*(fiber 4 minus fiber 1); 
survivors 0; elapsed 546.660
Chunk 5 checked 378000 divisors; last killed by 1*(fiber 4 minus fiber 1); 
survivors 0; elapsed 546.750
Chunk 5 checked 379000 divisors; last killed by 1*(fiber 4 minus fiber 1); 
survivors 0; elapsed 546.840
Chunk 5 checked 380000 divisors; last killed by 1*(fiber 4 minus fiber 1); 
survivors 0; elapsed 546.930
Chunk 5 checked 381000 divisors; last killed by 1*(fiber 4 minus fiber 1); 
survivors 0; elapsed 547.030
Chunk 5 checked 382000 divisors; last killed by 1*(fiber 4 minus fiber 1); 
survivors 0; elapsed 547.120
Chunk 5 checked 383000 divisors; last killed by 1*(fiber 4 minus fiber 1); 
survivors 0; elapsed 547.210
Chunk 5 checked 384000 divisors; last killed by 1*(fiber 4 minus fiber 1); 
survivors 0; elapsed 547.300
Chunk 5 checked 385000 divisors; last killed by 1*(fiber 4 minus fiber 1); 
survivors 0; elapsed 547.390
Chunk 5 checked 386000 divisors; last killed by 1*(fiber 4 minus fiber 1); 
survivors 0; elapsed 547.480
Chunk 5 checked 387000 divisors; last killed by 1*(fiber 4 minus fiber 1); 
survivors 0; elapsed 547.580
Chunk 5 checked 388000 divisors; last killed by 1*(fiber 4 minus fiber 1); 
survivors 0; elapsed 547.670
Chunk 5 checked 389000 divisors; last killed by 1*(fiber 4 minus fiber 1); 
survivors 0; elapsed 547.750
Chunk 5 checked 390000 divisors; last killed by 1*(fiber 4 minus fiber 1); 
survivors 0; elapsed 547.850
Chunk 5 checked 391000 divisors; last killed by 1*(fiber 4 minus fiber 1); 
survivors 0; elapsed 547.950
Chunk 5 checked 392000 divisors; last killed by 1*(fiber 4 minus fiber 1); 
survivors 0; elapsed 548.040
Chunk 5 checked 393000 divisors; last killed by 1*(fiber 4 minus fiber 1); 
survivors 0; elapsed 548.130
Chunk 5 checked 394000 divisors; last killed by 1*(fiber 4 minus fiber 1); 
survivors 0; elapsed 548.210
Chunk 5 checked 395000 divisors; last killed by 1*(fiber 4 minus fiber 1); 
survivors 0; elapsed 548.290
Chunk 5 checked 396000 divisors; last killed by 1*(fiber 4 minus fiber 1); 
survivors 0; elapsed 548.390
Chunk 5 checked 397000 divisors; last killed by 1*(fiber 4 minus fiber 1); 
survivors 0; elapsed 548.480
Chunk 5 checked 398000 divisors; last killed by 1*(fiber 4 minus fiber 1); 
survivors 0; elapsed 548.560
Chunk 5 checked 399000 divisors; last killed by 1*(fiber 4 minus fiber 1); 
survivors 0; elapsed 548.640
Chunk 5 checked 400000 divisors; last killed by 1*(fiber 4 minus fiber 1); 
survivors 0; elapsed 548.720
Chunk 5 checked 401000 divisors; last killed by 1*(fiber 4 minus fiber 1); 
survivors 0; elapsed 548.820
Chunk 5 checked 402000 divisors; last killed by 1*(fiber 4 minus fiber 1); 
survivors 0; elapsed 548.910
Chunk 5 checked 403000 divisors; last killed by 1*(fiber 4 minus fiber 1); 
survivors 0; elapsed 549.000
Chunk 5 checked 404000 divisors; last killed by 1*(fiber 4 minus fiber 1); 
survivors 0; elapsed 549.090
Chunk 5 checked 405000 divisors; last killed by 1*(fiber 4 minus fiber 1); 
survivors 0; elapsed 549.180
Chunk 5 checked 406000 divisors; last killed by 1*(fiber 4 minus fiber 1); 
survivors 0; elapsed 549.270
Chunk 5 checked 407000 divisors; last killed by 1*(fiber 4 minus fiber 1); 
survivors 0; elapsed 549.360
Chunk 5 checked 408000 divisors; last killed by 1*(fiber 4 minus fiber 1); 
survivors 0; elapsed 549.450
Chunk 5 checked 409000 divisors; last killed by 1*(fiber 4 minus fiber 1); 
survivors 0; elapsed 549.540
Chunk 5 checked 410000 divisors; last killed by 1*(fiber 4 minus fiber 1); 
survivors 0; elapsed 549.630
Chunk 5 checked 411000 divisors; last killed by 1*(fiber 4 minus fiber 1); 
survivors 0; elapsed 549.720
Chunk 5 checked 412000 divisors; last killed by 1*(fiber 4 minus fiber 1); 
survivors 0; elapsed 549.810
Chunk 5 checked 413000 divisors; last killed by 1*(fiber 4 minus fiber 1); 
survivors 0; elapsed 549.900
Chunk 5 checked 414000 divisors; last killed by 1*(fiber 4 minus fiber 1); 
survivors 0; elapsed 549.990
Chunk 5 checked 415000 divisors; last killed by 1*(fiber 4 minus fiber 1); 
survivors 0; elapsed 550.090
Chunk 5 checked 416000 divisors; last killed by 1*(fiber 4 minus fiber 1); 
survivors 0; elapsed 550.180
Chunk 5 checked 417000 divisors; last killed by 1*(fiber 4 minus fiber 1); 
survivors 0; elapsed 550.270
Chunk 5 checked 418000 divisors; last killed by 1*(fiber 4 minus fiber 1); 
survivors 0; elapsed 550.350
Chunk 5 checked 419000 divisors; last killed by 1*(fiber 4 minus fiber 1); 
survivors 0; elapsed 550.440
Chunk 5 checked 420000 divisors; last killed by 1*(fiber 4 minus fiber 1); 
survivors 0; elapsed 550.530
Chunk 5 checked 421000 divisors; last killed by 1*(fiber 4 minus fiber 1); 
survivors 0; elapsed 550.620
Chunk 5 checked 422000 divisors; last killed by 1*(fiber 4 minus fiber 1); 
survivors 0; elapsed 550.720
Chunk 5 checked 423000 divisors; last killed by 1*(fiber 4 minus fiber 1); 
survivors 0; elapsed 550.800
Chunk 5 checked 424000 divisors; last killed by 1*(fiber 4 minus fiber 1); 
survivors 0; elapsed 550.880
Chunk 5 checked 425000 divisors; last killed by 1*(fiber 4 minus fiber 1); 
survivors 0; elapsed 550.960
Chunk 5 checked 426000 divisors; last killed by 1*(fiber 4 minus fiber 1); 
survivors 0; elapsed 551.050
Chunk 5 checked 427000 divisors; last killed by 1*(fiber 4 minus fiber 1); 
survivors 0; elapsed 551.140
Chunk 5 checked 428000 divisors; last killed by 1*(fiber 4 minus fiber 1); 
survivors 0; elapsed 551.240
Chunk 5 checked 429000 divisors; last killed by 1*(fiber 4 minus fiber 1); 
survivors 0; elapsed 551.330
Chunk 5 checked 430000 divisors; last killed by 1*(fiber 4 minus fiber 1); 
survivors 0; elapsed 551.420
Chunk 5 checked 431000 divisors; last killed by 1*(fiber 4 minus fiber 1); 
survivors 0; elapsed 551.510
Chunk 5 checked 432000 divisors; last killed by 1*(fiber 4 minus fiber 1); 
survivors 0; elapsed 551.600
Chunk 5 checked 433000 divisors; last killed by 1*(fiber 4 minus fiber 1); 
survivors 0; elapsed 551.680
Chunk 5 checked 434000 divisors; last killed by 1*(fiber 4 minus fiber 1); 
survivors 0; elapsed 551.790
Chunk 5 checked 435000 divisors; last killed by 1*(fiber 4 minus fiber 1); 
survivors 0; elapsed 551.890
Chunk 5 checked 436000 divisors; last killed by 1*(fiber 4 minus fiber 1); 
survivors 0; elapsed 552.010
Chunk 5 checked 437000 divisors; last killed by 1*(fiber 4 minus fiber 1); 
survivors 0; elapsed 552.110
Chunk 5 checked 438000 divisors; last killed by 1*(fiber 4 minus fiber 1); 
survivors 0; elapsed 552.220
Chunk 5 checked 439000 divisors; last killed by 1*(fiber 4 minus fiber 1); 
survivors 0; elapsed 552.330
Chunk 5 checked 440000 divisors; last killed by 1*(fiber 4 minus fiber 1); 
survivors 0; elapsed 552.440
Chunk 5 checked 441000 divisors; last killed by 1*(fiber 4 minus fiber 1); 
survivors 0; elapsed 552.550
Chunk 5 checked 442000 divisors; last killed by 1*(fiber 4 minus fiber 1); 
survivors 0; elapsed 552.650
Chunk 5 checked 443000 divisors; last killed by 1*(fiber 4 minus fiber 1); 
survivors 0; elapsed 552.760
Chunk 5 checked 444000 divisors; last killed by 1*(fiber 4 minus fiber 1); 
survivors 0; elapsed 552.860
Chunk 5 checked 445000 divisors; last killed by 1*(fiber 4 minus fiber 1); 
survivors 0; elapsed 552.980
Chunk 5 checked 446000 divisors; last killed by 1*(fiber 4 minus fiber 1); 
survivors 0; elapsed 553.100
Chunk 5 checked 447000 divisors; last killed by 1*(fiber 4 minus fiber 1); 
survivors 0; elapsed 553.200
Chunk 5 checked 448000 divisors; last killed by 1*(fiber 4 minus fiber 1); 
survivors 0; elapsed 553.300
Chunk 5 checked 449000 divisors; last killed by 1*(fiber 4 minus fiber 1); 
survivors 0; elapsed 553.410
Chunk 5 checked 450000 divisors; last killed by 1*(fiber 4 minus fiber 1); 
survivors 0; elapsed 553.510
Chunk 5 checked 451000 divisors; last killed by 1*(fiber 4 minus fiber 1); 
survivors 0; elapsed 553.610
Chunk 5 checked 452000 divisors; last killed by 1*(fiber 4 minus fiber 1); 
survivors 0; elapsed 553.750
Chunk 5 checked 453000 divisors; last killed by 1*(fiber 4 minus fiber 1); 
survivors 0; elapsed 553.880
Chunk 5 checked 454000 divisors; last killed by 1*(fiber 4 minus fiber 1); 
survivors 0; elapsed 553.980
Chunk 5 checked 455000 divisors; last killed by 1*(fiber 4 minus fiber 1); 
survivors 0; elapsed 554.080
Chunk 5 checked 456000 divisors; last killed by 1*(fiber 4 minus fiber 1); 
survivors 0; elapsed 554.180
Chunk 5 checked 457000 divisors; last killed by 1*(fiber 4 minus fiber 1); 
survivors 0; elapsed 554.270
Chunk 5 checked 458000 divisors; last killed by 1*(fiber 4 minus fiber 1); 
survivors 0; elapsed 554.370
Chunk 5 checked 459000 divisors; last killed by 1*(fiber 4 minus fiber 1); 
survivors 0; elapsed 554.460
Chunk 5 checked 460000 divisors; last killed by 1*(fiber 4 minus fiber 1); 
survivors 0; elapsed 554.560
Chunk 5 checked 461000 divisors; last killed by 1*(fiber 4 minus fiber 1); 
survivors 0; elapsed 554.650
Chunk 5 checked 462000 divisors; last killed by 1*(fiber 4 minus fiber 1); 
survivors 0; elapsed 554.740
Chunk 5 checked 463000 divisors; last killed by 1*(fiber 4 minus fiber 1); 
survivors 0; elapsed 554.840
Chunk 5 checked 464000 divisors; last killed by 1*(fiber 4 minus fiber 1); 
survivors 0; elapsed 554.930
Chunk 5 checked 465000 divisors; last killed by 1*(fiber 4 minus fiber 1); 
survivors 0; elapsed 555.020
Chunk 5 checked 466000 divisors; last killed by 1*(fiber 4 minus fiber 1); 
survivors 0; elapsed 555.110
Chunk 5 checked 467000 divisors; last killed by 1*(fiber 4 minus fiber 1); 
survivors 0; elapsed 555.200
Chunk 5 checked 468000 divisors; last killed by 1*(fiber 4 minus fiber 1); 
survivors 0; elapsed 555.290
Chunk 5 checked 469000 divisors; last killed by 1*(fiber 4 minus fiber 1); 
survivors 0; elapsed 555.380
Chunk 5 checked 470000 divisors; last killed by 1*(fiber 4 minus fiber 1); 
survivors 0; elapsed 555.470
Chunk 5 checked 471000 divisors; last killed by 1*(fiber 4 minus fiber 1); 
survivors 0; elapsed 555.560
Chunk 5 checked 472000 divisors; last killed by 1*(fiber 4 minus fiber 1); 
survivors 0; elapsed 555.650
Chunk 5 checked 473000 divisors; last killed by 1*(fiber 4 minus fiber 1); 
survivors 0; elapsed 555.740
Chunk 5 checked 474000 divisors; last killed by 1*(fiber 4 minus fiber 1); 
survivors 0; elapsed 555.830
Chunk 5 checked 475000 divisors; last killed by 1*(fiber 4 minus fiber 1); 
survivors 0; elapsed 555.920
Chunk 5 checked 476000 divisors; last killed by 1*(fiber 4 minus fiber 1); 
survivors 0; elapsed 556.010
Chunk 5 checked 477000 divisors; last killed by 1*(fiber 4 minus fiber 1); 
survivors 0; elapsed 556.100
Chunk 5 checked 478000 divisors; last killed by 1*(fiber 4 minus fiber 1); 
survivors 0; elapsed 556.190
Chunk 5 checked 479000 divisors; last killed by 1*(fiber 4 minus fiber 1); 
survivors 0; elapsed 556.280
Chunk 5 checked 480000 divisors; last killed by 1*(fiber 4 minus fiber 1); 
survivors 0; elapsed 556.370
Chunk 5 checked 481000 divisors; last killed by 1*(fiber 4 minus fiber 1); 
survivors 0; elapsed 556.460
Chunk 5 checked 482000 divisors; last killed by 1*(fiber 4 minus fiber 1); 
survivors 0; elapsed 556.540
Chunk 5 checked 483000 divisors; last killed by 1*(fiber 4 minus fiber 1); 
survivors 0; elapsed 556.640
Chunk 5 checked 484000 divisors; last killed by 1*(fiber 4 minus fiber 1); 
survivors 0; elapsed 556.750
Chunk 5 checked 485000 divisors; last killed by 1*(fiber 4 minus fiber 1); 
survivors 0; elapsed 556.830
Chunk 5 checked 486000 divisors; last killed by 1*(fiber 4 minus fiber 1); 
survivors 0; elapsed 556.910
Chunk 5 checked 487000 divisors; last killed by 1*(fiber 4 minus fiber 1); 
survivors 0; elapsed 556.990
Chunk 5 checked 488000 divisors; last killed by 1*(fiber 4 minus fiber 1); 
survivors 0; elapsed 557.070
Chunk 5 checked 489000 divisors; last killed by 1*(fiber 4 minus fiber 1); 
survivors 0; elapsed 557.170
Chunk 5 checked 490000 divisors; last killed by 1*(fiber 4 minus fiber 1); 
survivors 0; elapsed 557.260
Chunk 5 checked 491000 divisors; last killed by 1*(fiber 4 minus fiber 1); 
survivors 0; elapsed 557.360
Chunk 5 checked 492000 divisors; last killed by 1*(fiber 4 minus fiber 1); 
survivors 0; elapsed 557.450
Chunk 5 checked 493000 divisors; last killed by 1*(fiber 4 minus fiber 1); 
survivors 0; elapsed 557.540
Chunk 5 checked 494000 divisors; last killed by 1*(fiber 4 minus fiber 1); 
survivors 0; elapsed 557.620
Chunk 5 checked 495000 divisors; last killed by 1*(fiber 4 minus fiber 1); 
survivors 0; elapsed 557.710
Chunk 5 checked 496000 divisors; last killed by 1*(fiber 4 minus fiber 1); 
survivors 0; elapsed 557.800
Chunk 5 checked 497000 divisors; last killed by 1*(fiber 4 minus fiber 1); 
survivors 0; elapsed 557.880
Chunk 5 checked 498000 divisors; last killed by 1*(fiber 4 minus fiber 1); 
survivors 0; elapsed 557.970
Chunk 5 checked 499000 divisors; last killed by 1*(fiber 4 minus fiber 1); 
survivors 0; elapsed 558.060
Chunk 5 checked 500000 divisors; last killed by 1*(fiber 4 minus fiber 1); 
survivors 0; elapsed 558.150
Chunk 5 checked 501000 divisors; last killed by 1*(fiber 4 minus fiber 1); 
survivors 0; elapsed 558.230
Chunk 5 checked 502000 divisors; last killed by 1*(fiber 4 minus fiber 1); 
survivors 0; elapsed 558.320
Chunk 5 checked 503000 divisors; last killed by 1*(fiber 4 minus fiber 1); 
survivors 0; elapsed 558.410
Chunk 5 checked 504000 divisors; last killed by 1*(fiber 4 minus fiber 1); 
survivors 0; elapsed 558.500
Chunk 5 checked 505000 divisors; last killed by 1*(fiber 4 minus fiber 1); 
survivors 0; elapsed 558.580
Chunk 5 checked 506000 divisors; last killed by 1*(fiber 4 minus fiber 1); 
survivors 0; elapsed 558.670
Chunk 5 checked 507000 divisors; last killed by 1*(fiber 4 minus fiber 1); 
survivors 0; elapsed 558.760
Chunk 5 checked 508000 divisors; last killed by 1*(fiber 4 minus fiber 1); 
survivors 0; elapsed 558.850
Chunk 5 checked 509000 divisors; last killed by 1*(fiber 4 minus fiber 1); 
survivors 0; elapsed 558.940
Chunk 5 checked 510000 divisors; last killed by 1*(fiber 4 minus fiber 1); 
survivors 0; elapsed 559.020
Chunk 5 checked 511000 divisors; last killed by 1*(fiber 4 minus fiber 1); 
survivors 0; elapsed 559.110
Chunk 5 checked 512000 divisors; last killed by 1*(fiber 4 minus fiber 1); 
survivors 0; elapsed 559.190
Chunk 5 checked 513000 divisors; last killed by 1*(fiber 4 minus fiber 1); 
survivors 0; elapsed 559.280
Chunk 5 checked 514000 divisors; last killed by 1*(fiber 4 minus fiber 1); 
survivors 0; elapsed 559.370
Chunk 5 checked 515000 divisors; last killed by 1*(fiber 4 minus fiber 1); 
survivors 0; elapsed 559.470
Chunk 5 checked 516000 divisors; last killed by 1*(fiber 4 minus fiber 1); 
survivors 0; elapsed 559.550
Chunk 5 checked 517000 divisors; last killed by 1*(fiber 4 minus fiber 1); 
survivors 0; elapsed 559.630
Chunk 5 checked 518000 divisors; last killed by 1*(fiber 4 minus fiber 1); 
survivors 0; elapsed 559.710
Chunk 5 checked 519000 divisors; last killed by 1*(fiber 4 minus fiber 1); 
survivors 0; elapsed 559.790
Chunk 5 checked 520000 divisors; last killed by 1*(fiber 4 minus fiber 1); 
survivors 0; elapsed 559.880
Chunk 5 checked 521000 divisors; last killed by 1*(fiber 4 minus fiber 1); 
survivors 0; elapsed 559.970
Chunk 5 checked 522000 divisors; last killed by 1*(fiber 4 minus fiber 1); 
survivors 0; elapsed 560.070
Chunk 5 checked 523000 divisors; last killed by 1*(fiber 4 minus fiber 1); 
survivors 0; elapsed 560.160
Chunk 5 checked 524000 divisors; last killed by 1*(fiber 4 minus fiber 1); 
survivors 0; elapsed 560.250
Chunk 5 checked 525000 divisors; last killed by 1*(fiber 4 minus fiber 1); 
survivors 0; elapsed 560.330
Chunk 5 checked 526000 divisors; last killed by 1*(fiber 4 minus fiber 1); 
survivors 0; elapsed 560.410
Chunk 5 checked 527000 divisors; last killed by 1*(fiber 4 minus fiber 1); 
survivors 0; elapsed 560.500
Chunk 5 checked 528000 divisors; last killed by 1*(fiber 4 minus fiber 1); 
survivors 0; elapsed 560.590
Chunk 5 checked 529000 divisors; last killed by 1*(fiber 4 minus fiber 1); 
survivors 0; elapsed 560.680
Chunk 5 checked 530000 divisors; last killed by 1*(fiber 4 minus fiber 1); 
survivors 0; elapsed 560.770
Chunk 5 checked 531000 divisors; last killed by 1*(fiber 4 minus fiber 1); 
survivors 0; elapsed 560.850
Chunk 5 checked 532000 divisors; last killed by 1*(fiber 4 minus fiber 1); 
survivors 0; elapsed 560.940
Chunk 5 checked 533000 divisors; last killed by 1*(fiber 4 minus fiber 1); 
survivors 0; elapsed 561.030
Chunk 5 checked 534000 divisors; last killed by 1*(fiber 4 minus fiber 1); 
survivors 0; elapsed 561.120
Chunk 5 checked 535000 divisors; last killed by 1*(fiber 4 minus fiber 1); 
survivors 0; elapsed 561.210
Chunk 5 checked 536000 divisors; last killed by 1*(fiber 4 minus fiber 1); 
survivors 0; elapsed 561.300
Chunk 5 checked 537000 divisors; last killed by 1*(fiber 4 minus fiber 1); 
survivors 0; elapsed 561.390
Chunk 5 checked 538000 divisors; last killed by 1*(fiber 4 minus fiber 1); 
survivors 0; elapsed 561.480
Chunk 5 checked 539000 divisors; last killed by 1*(fiber 4 minus fiber 1); 
survivors 0; elapsed 561.580
Chunk 5 checked 540000 divisors; last killed by 1*(fiber 4 minus fiber 1); 
survivors 0; elapsed 561.660
Chunk 5 checked 541000 divisors; last killed by 1*(fiber 4 minus fiber 1); 
survivors 0; elapsed 561.750
Chunk 5 checked 542000 divisors; last killed by 1*(fiber 4 minus fiber 1); 
survivors 0; elapsed 561.840
Chunk 5 checked 543000 divisors; last killed by 1*(fiber 4 minus fiber 1); 
survivors 0; elapsed 561.930
Chunk 5 checked 544000 divisors; last killed by 1*(fiber 4 minus fiber 1); 
survivors 0; elapsed 562.020
Chunk 5 checked 545000 divisors; last killed by 1*(fiber 4 minus fiber 1); 
survivors 0; elapsed 562.110
Chunk 5 checked 546000 divisors; last killed by 1*(fiber 4 minus fiber 1); 
survivors 0; elapsed 562.210
Chunk 5 checked 547000 divisors; last killed by 1*(fiber 4 minus fiber 1); 
survivors 0; elapsed 562.290
Chunk 5 checked 548000 divisors; last killed by 1*(fiber 4 minus fiber 1); 
survivors 0; elapsed 562.380
Chunk 5 checked 549000 divisors; last killed by 1*(fiber 4 minus fiber 1); 
survivors 0; elapsed 562.480
Chunk 5 checked 550000 divisors; last killed by 1*(fiber 4 minus fiber 1); 
survivors 0; elapsed 562.570
Chunk 5 checked 551000 divisors; last killed by 1*(fiber 4 minus fiber 1); 
survivors 0; elapsed 562.650
Chunk 5 checked 552000 divisors; last killed by 1*(fiber 4 minus fiber 1); 
survivors 0; elapsed 562.740
Chunk 5 checked 553000 divisors; last killed by 1*(fiber 4 minus fiber 1); 
survivors 0; elapsed 562.840
Chunk 5 checked 554000 divisors; last killed by 1*(fiber 4 minus fiber 1); 
survivors 0; elapsed 562.920
Chunk 5 checked 555000 divisors; last killed by 1*(fiber 4 minus fiber 1); 
survivors 0; elapsed 563.010
Chunk 5 checked 556000 divisors; last killed by 1*(fiber 4 minus fiber 1); 
survivors 0; elapsed 563.090
Degree type 22/36: [ <6, 1>, <2, 1>, <1, 1> ]; groups [ <6, 1, 1>, <2, 1, 1>, 
<1, 1, 1> ]; divisors 4896; elapsed 563.160
Fast W0 setup: cover degree 108; dims [ 105, 141, 177, 213 ]; row maxima [ 144, 
180, 216, 252 ]; RR times [ 91.010, 26.150, 119.270, 85.850 ]
Chunk 5 checked 557000 divisors; last killed by 1*(fiber 4 minus fiber 1); 
survivors 0; elapsed 2995.360
Chunk 5 checked 558000 divisors; last killed by 1*(fiber 4 minus fiber 1); 
survivors 0; elapsed 4561.810
Chunk 5 checked 559000 divisors; last killed by 1*(fiber 4 minus fiber 1); 
survivors 0; elapsed 4561.950
Chunk 5 checked 560000 divisors; last killed by 1*(fiber 4 minus fiber 1); 
survivors 0; elapsed 4562.090
Chunk 5 checked 561000 divisors; last killed by 1*(fiber 4 minus fiber 1); 
survivors 0; elapsed 4562.230
Divisors tested in chunk 5: 561816
Surviving translates in this chunk: 0
SUCCESS: this chunk contains no translate survivor.
CHUNK_RESULT: SUCCESS

======================================================================
Summary
======================================================================
RUN_TRANSLATE_TEST        = true
VERIFY_MAP_BY_RECONSTRUCTION = false
VERIFY_DELTA_ORDER        = false
VERIFY_MODEL_BASIC        = false
NCHUNKS                   = 16
CHUNK_INDEX               = 5
CACHED_GENERATOR_PAIR     = <1,4>
#quotient_fibers          = 6
quotient degrees          = [ 36, 36, 36, 36, 36, 36 ]
cyclic_delta_ok           = true
translate_test_ok         = true
#survivors                = 0
Finished X1_37_prop49_F2_short_complete.m.
Finished chunk 5 at Mon Jun  8 12:36:00 CEST 2026 with status 0
