Starting chunk 14 at Mon Jun  8 11:17:29 CEST 2026

======================================================================
1. Build X_1(37) over F_2
======================================================================
Basic genus and constant-field checks skipped.

======================================================================
2. Load X_0(37)^+ map data
======================================================================
Loading "X1_37_X0plus_map_data.m"
#S37 coefficients = 18; #T37 coefficients = 18
Map reconstruction verification skipped.

======================================================================
3. Recover quotient fibers from [S37:T37:1]
======================================================================
F2 cached scan: using the three target points needed for the verified <1,4> 
pair.
#degree-36 candidate fibers retained = 6

======================================================================
4. Verify an order-5 quotient delta
======================================================================
fiber 4 minus fiber 1: order check skipped because the runner already verified 
it
Using candidate fiber pair <1,4> as a verified order-5 generator over F_2.

======================================================================
5. Proposition 4.9-style translate test for W^0_9
======================================================================
Basic model checks skipped by VERIFY_MODEL_BASIC:=false.
quotient map degree = 36
Testing 4 nonzero quotient element(s).
Type-chunking: CHUNK_INDEX=14, NCHUNKS=16
Place counts by degree 1..9: [ 18, 0, 0, 0, 0, 21, 18, 0, 39 ]
Unique degree types: 36; assigned type indices: [ 15, 31 ]
Place/type precomputation time: 1.350 seconds.
Degree type 15/36: [ <5, 1>, <2, 1>, <1, 1>, <1, 1> ]; groups [ <5, 1, 1>, <2, 
1, 1>, <1, 1, 2> ]; divisors 36720; elapsed 0.000
Fast W0 setup: cover degree 90; dims [ 87, 123, 159, 195 ]; row maxima [ 126, 
162, 198, 234 ]; RR times [ 67.890, 163.690, 39.650, 150.140 ]
Chunk 14 checked 1000 divisors; last killed by 1*(fiber 4 minus fiber 1); 
survivors 0; elapsed 1484.450
Chunk 14 checked 2000 divisors; last killed by 1*(fiber 4 minus fiber 1); 
survivors 0; elapsed 1484.550
Chunk 14 checked 3000 divisors; last killed by 1*(fiber 4 minus fiber 1); 
survivors 0; elapsed 1484.650
Chunk 14 checked 4000 divisors; last killed by 1*(fiber 4 minus fiber 1); 
survivors 0; elapsed 1484.760
Chunk 14 checked 5000 divisors; last killed by 1*(fiber 4 minus fiber 1); 
survivors 0; elapsed 1637.960
Chunk 14 checked 6000 divisors; last killed by 1*(fiber 4 minus fiber 1); 
survivors 0; elapsed 1638.060
Chunk 14 checked 7000 divisors; last killed by 1*(fiber 4 minus fiber 1); 
survivors 0; elapsed 1638.160
Chunk 14 checked 8000 divisors; last killed by 1*(fiber 4 minus fiber 1); 
survivors 0; elapsed 1638.270
Chunk 14 checked 9000 divisors; last killed by 1*(fiber 4 minus fiber 1); 
survivors 0; elapsed 1638.370
Chunk 14 checked 10000 divisors; last killed by 1*(fiber 4 minus fiber 1); 
survivors 0; elapsed 1638.470
Chunk 14 checked 11000 divisors; last killed by 1*(fiber 4 minus fiber 1); 
survivors 0; elapsed 1638.570
Chunk 14 checked 12000 divisors; last killed by 1*(fiber 4 minus fiber 1); 
survivors 0; elapsed 1638.670
Chunk 14 checked 13000 divisors; last killed by 1*(fiber 4 minus fiber 1); 
survivors 0; elapsed 1638.780
Chunk 14 checked 14000 divisors; last killed by 1*(fiber 4 minus fiber 1); 
survivors 0; elapsed 1638.880
Chunk 14 checked 15000 divisors; last killed by 1*(fiber 4 minus fiber 1); 
survivors 0; elapsed 1638.980
Chunk 14 checked 16000 divisors; last killed by 1*(fiber 4 minus fiber 1); 
survivors 0; elapsed 1639.080
Chunk 14 checked 17000 divisors; last killed by 1*(fiber 4 minus fiber 1); 
survivors 0; elapsed 1639.180
Chunk 14 checked 18000 divisors; last killed by 1*(fiber 4 minus fiber 1); 
survivors 0; elapsed 1639.280
Chunk 14 checked 19000 divisors; last killed by 1*(fiber 4 minus fiber 1); 
survivors 0; elapsed 1639.380
Chunk 14 checked 20000 divisors; last killed by 1*(fiber 4 minus fiber 1); 
survivors 0; elapsed 1639.490
Chunk 14 checked 21000 divisors; last killed by 1*(fiber 4 minus fiber 1); 
survivors 0; elapsed 1639.590
Chunk 14 checked 22000 divisors; last killed by 1*(fiber 4 minus fiber 1); 
survivors 0; elapsed 1639.700
Chunk 14 checked 23000 divisors; last killed by 1*(fiber 4 minus fiber 1); 
survivors 0; elapsed 1639.800
Chunk 14 checked 24000 divisors; last killed by 1*(fiber 4 minus fiber 1); 
survivors 0; elapsed 1639.900
Chunk 14 checked 25000 divisors; last killed by 1*(fiber 4 minus fiber 1); 
survivors 0; elapsed 1640.000
Chunk 14 checked 26000 divisors; last killed by 1*(fiber 4 minus fiber 1); 
survivors 0; elapsed 1640.110
Chunk 14 checked 27000 divisors; last killed by 1*(fiber 4 minus fiber 1); 
survivors 0; elapsed 1640.210
Chunk 14 checked 28000 divisors; last killed by 1*(fiber 4 minus fiber 1); 
survivors 0; elapsed 1640.310
Chunk 14 checked 29000 divisors; last killed by 1*(fiber 4 minus fiber 1); 
survivors 0; elapsed 1640.420
Chunk 14 checked 30000 divisors; last killed by 1*(fiber 4 minus fiber 1); 
survivors 0; elapsed 1640.520
Chunk 14 checked 31000 divisors; last killed by 1*(fiber 4 minus fiber 1); 
survivors 0; elapsed 1640.620
Chunk 14 checked 32000 divisors; last killed by 1*(fiber 4 minus fiber 1); 
survivors 0; elapsed 1640.720
Chunk 14 checked 33000 divisors; last killed by 1*(fiber 4 minus fiber 1); 
survivors 0; elapsed 1640.820
Chunk 14 checked 34000 divisors; last killed by 1*(fiber 4 minus fiber 1); 
survivors 0; elapsed 1640.920
Chunk 14 checked 35000 divisors; last killed by 1*(fiber 4 minus fiber 1); 
survivors 0; elapsed 1641.020
Chunk 14 checked 36000 divisors; last killed by 1*(fiber 4 minus fiber 1); 
survivors 0; elapsed 1641.130
Degree type 31/36: [ <4, 1>, <3, 1>, <2, 1> ]; groups [ <4, 1, 1>, <3, 1, 1>, 
<2, 1, 1> ]; divisors 4896; elapsed 1641.200
Fast W0 setup: cover degree 72; dims [ 69, 105, 141, 177 ]; row maxima [ 108, 
144, 180, 216 ]; RR times [ 66.080, 44.410, 116.080, 25.950 ]
Chunk 14 checked 37000 divisors; last killed by 1*(fiber 4 minus fiber 1); 
survivors 0; elapsed 1996.030
Chunk 14 checked 38000 divisors; last killed by 1*(fiber 4 minus fiber 1); 
survivors 0; elapsed 1996.120
Chunk 14 checked 39000 divisors; last killed by 1*(fiber 4 minus fiber 1); 
survivors 0; elapsed 2258.690
Chunk 14 checked 40000 divisors; last killed by 1*(fiber 4 minus fiber 1); 
survivors 0; elapsed 2258.770
Chunk 14 checked 41000 divisors; last killed by 1*(fiber 4 minus fiber 1); 
survivors 0; elapsed 2258.840
Divisors tested in chunk 14: 41616
Surviving translates in this chunk: 0
SUCCESS: this chunk contains no translate survivor.
CHUNK_RESULT: SUCCESS

======================================================================
Summary
======================================================================
RUN_TRANSLATE_TEST        = true
VERIFY_MAP_BY_RECONSTRUCTION = false
VERIFY_DELTA_ORDER        = false
VERIFY_MODEL_BASIC        = false
NCHUNKS                   = 16
CHUNK_INDEX               = 14
CACHED_GENERATOR_PAIR     = <1,4>
#quotient_fibers          = 6
quotient degrees          = [ 36, 36, 36, 36, 36, 36 ]
cyclic_delta_ok           = true
translate_test_ok         = true
#survivors                = 0
Finished X1_37_prop49_F2_short_complete.m.
Finished chunk 14 at Mon Jun  8 11:58:40 CEST 2026 with status 0
