Starting chunk 13 at Mon Jun  8 11:17:29 CEST 2026

======================================================================
1. Build X_1(37) over F_2
======================================================================
Basic genus and constant-field checks skipped.

======================================================================
2. Load X_0(37)^+ map data
======================================================================
Loading "X1_37_X0plus_map_data.m"
#S37 coefficients = 18; #T37 coefficients = 18
Map reconstruction verification skipped.

======================================================================
3. Recover quotient fibers from [S37:T37:1]
======================================================================
F2 cached scan: using the three target points needed for the verified <1,4> 
pair.
#degree-36 candidate fibers retained = 6

======================================================================
4. Verify an order-5 quotient delta
======================================================================
fiber 4 minus fiber 1: order check skipped because the runner already verified 
it
Using candidate fiber pair <1,4> as a verified order-5 generator over F_2.

======================================================================
5. Proposition 4.9-style translate test for W^0_9
======================================================================
Basic model checks skipped by VERIFY_MODEL_BASIC:=false.
quotient map degree = 36
Testing 4 nonzero quotient element(s).
Type-chunking: CHUNK_INDEX=13, NCHUNKS=16
Place counts by degree 1..9: [ 18, 0, 0, 0, 0, 21, 18, 0, 39 ]
Unique degree types: 36; assigned type indices: [ 14, 30 ]
Place/type precomputation time: 1.360 seconds.
Degree type 14/36: [ <3, 1>, <2, 1>, <2, 1>, <1, 1>, <1, 1> ]; groups [ <3, 1, 
1>, <2, 1, 2>, <1, 1, 2> ]; divisors 257040; elapsed 0.000
Fast W0 setup: cover degree 54; dims [ 51, 87, 123, 159 ]; row maxima [ 90, 126,
162, 198 ]; RR times [ 23.210, 90.840, 68.370, 173.720 ]
Chunk 13 checked 1000 divisors; last killed by 1*(fiber 4 minus fiber 1); 
survivors 0; elapsed 593.230
Chunk 13 checked 2000 divisors; last killed by 1*(fiber 4 minus fiber 1); 
survivors 0; elapsed 593.390
Chunk 13 checked 3000 divisors; last killed by 1*(fiber 4 minus fiber 1); 
survivors 0; elapsed 593.560
Chunk 13 checked 4000 divisors; last killed by 1*(fiber 4 minus fiber 1); 
survivors 0; elapsed 643.140
Chunk 13 checked 5000 divisors; last killed by 1*(fiber 4 minus fiber 1); 
survivors 0; elapsed 643.300
Chunk 13 checked 6000 divisors; last killed by 1*(fiber 4 minus fiber 1); 
survivors 0; elapsed 643.460
Chunk 13 checked 7000 divisors; last killed by 1*(fiber 4 minus fiber 1); 
survivors 0; elapsed 643.620
Chunk 13 checked 8000 divisors; last killed by 1*(fiber 4 minus fiber 1); 
survivors 0; elapsed 643.780
Chunk 13 checked 9000 divisors; last killed by 1*(fiber 4 minus fiber 1); 
survivors 0; elapsed 643.940
Chunk 13 checked 10000 divisors; last killed by 1*(fiber 4 minus fiber 1); 
survivors 0; elapsed 644.100
Chunk 13 checked 11000 divisors; last killed by 1*(fiber 4 minus fiber 1); 
survivors 0; elapsed 644.250
Chunk 13 checked 12000 divisors; last killed by 1*(fiber 4 minus fiber 1); 
survivors 0; elapsed 644.420
Chunk 13 checked 13000 divisors; last killed by 1*(fiber 4 minus fiber 1); 
survivors 0; elapsed 644.550
Chunk 13 checked 14000 divisors; last killed by 1*(fiber 4 minus fiber 1); 
survivors 0; elapsed 644.690
Chunk 13 checked 15000 divisors; last killed by 1*(fiber 4 minus fiber 1); 
survivors 0; elapsed 644.860
Chunk 13 checked 16000 divisors; last killed by 1*(fiber 4 minus fiber 1); 
survivors 0; elapsed 645.020
Chunk 13 checked 17000 divisors; last killed by 1*(fiber 4 minus fiber 1); 
survivors 0; elapsed 645.190
Chunk 13 checked 18000 divisors; last killed by 1*(fiber 4 minus fiber 1); 
survivors 0; elapsed 645.350
Chunk 13 checked 19000 divisors; last killed by 1*(fiber 4 minus fiber 1); 
survivors 0; elapsed 645.510
Chunk 13 checked 20000 divisors; last killed by 1*(fiber 4 minus fiber 1); 
survivors 0; elapsed 645.680
Chunk 13 checked 21000 divisors; last killed by 1*(fiber 4 minus fiber 1); 
survivors 0; elapsed 645.840
Chunk 13 checked 22000 divisors; last killed by 1*(fiber 4 minus fiber 1); 
survivors 0; elapsed 646.010
Chunk 13 checked 23000 divisors; last killed by 1*(fiber 4 minus fiber 1); 
survivors 0; elapsed 646.170
Chunk 13 checked 24000 divisors; last killed by 1*(fiber 4 minus fiber 1); 
survivors 0; elapsed 646.320
Chunk 13 checked 25000 divisors; last killed by 1*(fiber 4 minus fiber 1); 
survivors 0; elapsed 646.480
Chunk 13 checked 26000 divisors; last killed by 1*(fiber 4 minus fiber 1); 
survivors 0; elapsed 646.640
Chunk 13 checked 27000 divisors; last killed by 1*(fiber 4 minus fiber 1); 
survivors 0; elapsed 646.780
Chunk 13 checked 28000 divisors; last killed by 1*(fiber 4 minus fiber 1); 
survivors 0; elapsed 646.920
Chunk 13 checked 29000 divisors; last killed by 1*(fiber 4 minus fiber 1); 
survivors 0; elapsed 647.080
Chunk 13 checked 30000 divisors; last killed by 1*(fiber 4 minus fiber 1); 
survivors 0; elapsed 647.250
Chunk 13 checked 31000 divisors; last killed by 1*(fiber 4 minus fiber 1); 
survivors 0; elapsed 647.420
Chunk 13 checked 32000 divisors; last killed by 1*(fiber 4 minus fiber 1); 
survivors 0; elapsed 647.580
Chunk 13 checked 33000 divisors; last killed by 1*(fiber 4 minus fiber 1); 
survivors 0; elapsed 688.970
Chunk 13 checked 34000 divisors; last killed by 1*(fiber 4 minus fiber 1); 
survivors 0; elapsed 689.130
Chunk 13 checked 35000 divisors; last killed by 1*(fiber 4 minus fiber 1); 
survivors 0; elapsed 689.290
Chunk 13 checked 36000 divisors; last killed by 1*(fiber 4 minus fiber 1); 
survivors 0; elapsed 689.450
Chunk 13 checked 37000 divisors; last killed by 1*(fiber 4 minus fiber 1); 
survivors 0; elapsed 689.620
Chunk 13 checked 38000 divisors; last killed by 1*(fiber 4 minus fiber 1); 
survivors 0; elapsed 689.770
Chunk 13 checked 39000 divisors; last killed by 1*(fiber 4 minus fiber 1); 
survivors 0; elapsed 689.930
Chunk 13 checked 40000 divisors; last killed by 1*(fiber 4 minus fiber 1); 
survivors 0; elapsed 690.080
Chunk 13 checked 41000 divisors; last killed by 1*(fiber 4 minus fiber 1); 
survivors 0; elapsed 690.240
Chunk 13 checked 42000 divisors; last killed by 1*(fiber 4 minus fiber 1); 
survivors 0; elapsed 690.380
Chunk 13 checked 43000 divisors; last killed by 1*(fiber 4 minus fiber 1); 
survivors 0; elapsed 690.520
Chunk 13 checked 44000 divisors; last killed by 1*(fiber 4 minus fiber 1); 
survivors 0; elapsed 690.690
Chunk 13 checked 45000 divisors; last killed by 1*(fiber 4 minus fiber 1); 
survivors 0; elapsed 690.850
Chunk 13 checked 46000 divisors; last killed by 1*(fiber 4 minus fiber 1); 
survivors 0; elapsed 691.010
Chunk 13 checked 47000 divisors; last killed by 1*(fiber 4 minus fiber 1); 
survivors 0; elapsed 691.180
Chunk 13 checked 48000 divisors; last killed by 1*(fiber 4 minus fiber 1); 
survivors 0; elapsed 691.340
Chunk 13 checked 49000 divisors; last killed by 1*(fiber 4 minus fiber 1); 
survivors 0; elapsed 691.500
Chunk 13 checked 50000 divisors; last killed by 1*(fiber 4 minus fiber 1); 
survivors 0; elapsed 691.660
Chunk 13 checked 51000 divisors; last killed by 1*(fiber 4 minus fiber 1); 
survivors 0; elapsed 691.820
Chunk 13 checked 52000 divisors; last killed by 1*(fiber 4 minus fiber 1); 
survivors 0; elapsed 691.980
Chunk 13 checked 53000 divisors; last killed by 1*(fiber 4 minus fiber 1); 
survivors 0; elapsed 692.140
Chunk 13 checked 54000 divisors; last killed by 1*(fiber 4 minus fiber 1); 
survivors 0; elapsed 692.290
Chunk 13 checked 55000 divisors; last killed by 1*(fiber 4 minus fiber 1); 
survivors 0; elapsed 692.450
Chunk 13 checked 56000 divisors; last killed by 1*(fiber 4 minus fiber 1); 
survivors 0; elapsed 692.580
Chunk 13 checked 57000 divisors; last killed by 1*(fiber 4 minus fiber 1); 
survivors 0; elapsed 692.730
Chunk 13 checked 58000 divisors; last killed by 1*(fiber 4 minus fiber 1); 
survivors 0; elapsed 692.900
Chunk 13 checked 59000 divisors; last killed by 1*(fiber 4 minus fiber 1); 
survivors 0; elapsed 693.050
Chunk 13 checked 60000 divisors; last killed by 1*(fiber 4 minus fiber 1); 
survivors 0; elapsed 693.220
Chunk 13 checked 61000 divisors; last killed by 1*(fiber 4 minus fiber 1); 
survivors 0; elapsed 693.390
Chunk 13 checked 62000 divisors; last killed by 1*(fiber 4 minus fiber 1); 
survivors 0; elapsed 693.540
Chunk 13 checked 63000 divisors; last killed by 1*(fiber 4 minus fiber 1); 
survivors 0; elapsed 693.710
Chunk 13 checked 64000 divisors; last killed by 1*(fiber 4 minus fiber 1); 
survivors 0; elapsed 693.870
Chunk 13 checked 65000 divisors; last killed by 1*(fiber 4 minus fiber 1); 
survivors 0; elapsed 694.040
Chunk 13 checked 66000 divisors; last killed by 1*(fiber 4 minus fiber 1); 
survivors 0; elapsed 694.200
Chunk 13 checked 67000 divisors; last killed by 1*(fiber 4 minus fiber 1); 
survivors 0; elapsed 694.350
Chunk 13 checked 68000 divisors; last killed by 1*(fiber 4 minus fiber 1); 
survivors 0; elapsed 694.500
Chunk 13 checked 69000 divisors; last killed by 1*(fiber 4 minus fiber 1); 
survivors 0; elapsed 694.670
Chunk 13 checked 70000 divisors; last killed by 1*(fiber 4 minus fiber 1); 
survivors 0; elapsed 694.800
Chunk 13 checked 71000 divisors; last killed by 1*(fiber 4 minus fiber 1); 
survivors 0; elapsed 694.950
Chunk 13 checked 72000 divisors; last killed by 1*(fiber 4 minus fiber 1); 
survivors 0; elapsed 695.110
Chunk 13 checked 73000 divisors; last killed by 1*(fiber 4 minus fiber 1); 
survivors 0; elapsed 695.270
Chunk 13 checked 74000 divisors; last killed by 1*(fiber 4 minus fiber 1); 
survivors 0; elapsed 695.450
Chunk 13 checked 75000 divisors; last killed by 1*(fiber 4 minus fiber 1); 
survivors 0; elapsed 695.610
Chunk 13 checked 76000 divisors; last killed by 1*(fiber 4 minus fiber 1); 
survivors 0; elapsed 695.770
Chunk 13 checked 77000 divisors; last killed by 1*(fiber 4 minus fiber 1); 
survivors 0; elapsed 695.940
Chunk 13 checked 78000 divisors; last killed by 1*(fiber 4 minus fiber 1); 
survivors 0; elapsed 696.110
Chunk 13 checked 79000 divisors; last killed by 1*(fiber 4 minus fiber 1); 
survivors 0; elapsed 696.270
Chunk 13 checked 80000 divisors; last killed by 1*(fiber 4 minus fiber 1); 
survivors 0; elapsed 696.430
Chunk 13 checked 81000 divisors; last killed by 1*(fiber 4 minus fiber 1); 
survivors 0; elapsed 696.590
Chunk 13 checked 82000 divisors; last killed by 1*(fiber 4 minus fiber 1); 
survivors 0; elapsed 696.750
Chunk 13 checked 83000 divisors; last killed by 1*(fiber 4 minus fiber 1); 
survivors 0; elapsed 696.900
Chunk 13 checked 84000 divisors; last killed by 1*(fiber 4 minus fiber 1); 
survivors 0; elapsed 697.060
Chunk 13 checked 85000 divisors; last killed by 1*(fiber 4 minus fiber 1); 
survivors 0; elapsed 697.200
Chunk 13 checked 86000 divisors; last killed by 1*(fiber 4 minus fiber 1); 
survivors 0; elapsed 697.360
Chunk 13 checked 87000 divisors; last killed by 1*(fiber 4 minus fiber 1); 
survivors 0; elapsed 697.530
Chunk 13 checked 88000 divisors; last killed by 1*(fiber 4 minus fiber 1); 
survivors 0; elapsed 697.700
Chunk 13 checked 89000 divisors; last killed by 1*(fiber 4 minus fiber 1); 
survivors 0; elapsed 697.860
Chunk 13 checked 90000 divisors; last killed by 1*(fiber 4 minus fiber 1); 
survivors 0; elapsed 698.030
Chunk 13 checked 91000 divisors; last killed by 1*(fiber 4 minus fiber 1); 
survivors 0; elapsed 698.210
Chunk 13 checked 92000 divisors; last killed by 1*(fiber 4 minus fiber 1); 
survivors 0; elapsed 698.370
Chunk 13 checked 93000 divisors; last killed by 1*(fiber 4 minus fiber 1); 
survivors 0; elapsed 698.530
Chunk 13 checked 94000 divisors; last killed by 1*(fiber 4 minus fiber 1); 
survivors 0; elapsed 698.700
Chunk 13 checked 95000 divisors; last killed by 1*(fiber 4 minus fiber 1); 
survivors 0; elapsed 698.860
Chunk 13 checked 96000 divisors; last killed by 1*(fiber 4 minus fiber 1); 
survivors 0; elapsed 699.020
Chunk 13 checked 97000 divisors; last killed by 1*(fiber 4 minus fiber 1); 
survivors 0; elapsed 699.180
Chunk 13 checked 98000 divisors; last killed by 1*(fiber 4 minus fiber 1); 
survivors 0; elapsed 699.360
Chunk 13 checked 99000 divisors; last killed by 1*(fiber 4 minus fiber 1); 
survivors 0; elapsed 699.500
Chunk 13 checked 100000 divisors; last killed by 1*(fiber 4 minus fiber 1); 
survivors 0; elapsed 699.650
Chunk 13 checked 101000 divisors; last killed by 1*(fiber 4 minus fiber 1); 
survivors 0; elapsed 699.820
Chunk 13 checked 102000 divisors; last killed by 1*(fiber 4 minus fiber 1); 
survivors 0; elapsed 699.990
Chunk 13 checked 103000 divisors; last killed by 1*(fiber 4 minus fiber 1); 
survivors 0; elapsed 700.150
Chunk 13 checked 104000 divisors; last killed by 1*(fiber 4 minus fiber 1); 
survivors 0; elapsed 700.320
Chunk 13 checked 105000 divisors; last killed by 1*(fiber 4 minus fiber 1); 
survivors 0; elapsed 700.480
Chunk 13 checked 106000 divisors; last killed by 1*(fiber 4 minus fiber 1); 
survivors 0; elapsed 700.640
Chunk 13 checked 107000 divisors; last killed by 1*(fiber 4 minus fiber 1); 
survivors 0; elapsed 700.810
Chunk 13 checked 108000 divisors; last killed by 1*(fiber 4 minus fiber 1); 
survivors 0; elapsed 700.970
Chunk 13 checked 109000 divisors; last killed by 1*(fiber 4 minus fiber 1); 
survivors 0; elapsed 701.130
Chunk 13 checked 110000 divisors; last killed by 1*(fiber 4 minus fiber 1); 
survivors 0; elapsed 701.290
Chunk 13 checked 111000 divisors; last killed by 1*(fiber 4 minus fiber 1); 
survivors 0; elapsed 701.440
Chunk 13 checked 112000 divisors; last killed by 1*(fiber 4 minus fiber 1); 
survivors 0; elapsed 701.600
Chunk 13 checked 113000 divisors; last killed by 1*(fiber 4 minus fiber 1); 
survivors 0; elapsed 701.740
Chunk 13 checked 114000 divisors; last killed by 1*(fiber 4 minus fiber 1); 
survivors 0; elapsed 701.880
Chunk 13 checked 115000 divisors; last killed by 1*(fiber 4 minus fiber 1); 
survivors 0; elapsed 702.050
Chunk 13 checked 116000 divisors; last killed by 1*(fiber 4 minus fiber 1); 
survivors 0; elapsed 702.210
Chunk 13 checked 117000 divisors; last killed by 1*(fiber 4 minus fiber 1); 
survivors 0; elapsed 702.380
Chunk 13 checked 118000 divisors; last killed by 1*(fiber 4 minus fiber 1); 
survivors 0; elapsed 702.540
Chunk 13 checked 119000 divisors; last killed by 1*(fiber 4 minus fiber 1); 
survivors 0; elapsed 702.700
Chunk 13 checked 120000 divisors; last killed by 1*(fiber 4 minus fiber 1); 
survivors 0; elapsed 702.870
Chunk 13 checked 121000 divisors; last killed by 1*(fiber 4 minus fiber 1); 
survivors 0; elapsed 703.030
Chunk 13 checked 122000 divisors; last killed by 1*(fiber 4 minus fiber 1); 
survivors 0; elapsed 703.200
Chunk 13 checked 123000 divisors; last killed by 1*(fiber 4 minus fiber 1); 
survivors 0; elapsed 703.360
Chunk 13 checked 124000 divisors; last killed by 1*(fiber 4 minus fiber 1); 
survivors 0; elapsed 703.520
Chunk 13 checked 125000 divisors; last killed by 1*(fiber 4 minus fiber 1); 
survivors 0; elapsed 748.990
Chunk 13 checked 126000 divisors; last killed by 1*(fiber 4 minus fiber 1); 
survivors 0; elapsed 749.150
Chunk 13 checked 127000 divisors; last killed by 1*(fiber 4 minus fiber 1); 
survivors 0; elapsed 749.290
Chunk 13 checked 128000 divisors; last killed by 1*(fiber 4 minus fiber 1); 
survivors 0; elapsed 749.430
Chunk 13 checked 129000 divisors; last killed by 1*(fiber 4 minus fiber 1); 
survivors 0; elapsed 749.580
Chunk 13 checked 130000 divisors; last killed by 1*(fiber 4 minus fiber 1); 
survivors 0; elapsed 749.750
Chunk 13 checked 131000 divisors; last killed by 1*(fiber 4 minus fiber 1); 
survivors 0; elapsed 749.920
Chunk 13 checked 132000 divisors; last killed by 1*(fiber 4 minus fiber 1); 
survivors 0; elapsed 750.080
Chunk 13 checked 133000 divisors; last killed by 1*(fiber 4 minus fiber 1); 
survivors 0; elapsed 750.250
Chunk 13 checked 134000 divisors; last killed by 1*(fiber 4 minus fiber 1); 
survivors 0; elapsed 750.410
Chunk 13 checked 135000 divisors; last killed by 1*(fiber 4 minus fiber 1); 
survivors 0; elapsed 750.570
Chunk 13 checked 136000 divisors; last killed by 1*(fiber 4 minus fiber 1); 
survivors 0; elapsed 750.730
Chunk 13 checked 137000 divisors; last killed by 1*(fiber 4 minus fiber 1); 
survivors 0; elapsed 750.890
Chunk 13 checked 138000 divisors; last killed by 1*(fiber 4 minus fiber 1); 
survivors 0; elapsed 751.050
Chunk 13 checked 139000 divisors; last killed by 1*(fiber 4 minus fiber 1); 
survivors 0; elapsed 751.210
Chunk 13 checked 140000 divisors; last killed by 1*(fiber 4 minus fiber 1); 
survivors 0; elapsed 751.370
Chunk 13 checked 141000 divisors; last killed by 1*(fiber 4 minus fiber 1); 
survivors 0; elapsed 751.520
Chunk 13 checked 142000 divisors; last killed by 1*(fiber 4 minus fiber 1); 
survivors 0; elapsed 751.650
Chunk 13 checked 143000 divisors; last killed by 1*(fiber 4 minus fiber 1); 
survivors 0; elapsed 751.800
Chunk 13 checked 144000 divisors; last killed by 1*(fiber 4 minus fiber 1); 
survivors 0; elapsed 751.980
Chunk 13 checked 145000 divisors; last killed by 1*(fiber 4 minus fiber 1); 
survivors 0; elapsed 752.180
Chunk 13 checked 146000 divisors; last killed by 1*(fiber 4 minus fiber 1); 
survivors 0; elapsed 752.360
Chunk 13 checked 147000 divisors; last killed by 1*(fiber 4 minus fiber 1); 
survivors 0; elapsed 752.540
Chunk 13 checked 148000 divisors; last killed by 1*(fiber 4 minus fiber 1); 
survivors 0; elapsed 752.730
Chunk 13 checked 149000 divisors; last killed by 1*(fiber 4 minus fiber 1); 
survivors 0; elapsed 752.910
Chunk 13 checked 150000 divisors; last killed by 1*(fiber 4 minus fiber 1); 
survivors 0; elapsed 753.090
Chunk 13 checked 151000 divisors; last killed by 1*(fiber 4 minus fiber 1); 
survivors 0; elapsed 753.270
Chunk 13 checked 152000 divisors; last killed by 1*(fiber 4 minus fiber 1); 
survivors 0; elapsed 753.460
Chunk 13 checked 153000 divisors; last killed by 1*(fiber 4 minus fiber 1); 
survivors 0; elapsed 753.650
Chunk 13 checked 154000 divisors; last killed by 1*(fiber 4 minus fiber 1); 
survivors 0; elapsed 753.810
Chunk 13 checked 155000 divisors; last killed by 1*(fiber 4 minus fiber 1); 
survivors 0; elapsed 753.970
Chunk 13 checked 156000 divisors; last killed by 1*(fiber 4 minus fiber 1); 
survivors 0; elapsed 754.130
Chunk 13 checked 157000 divisors; last killed by 1*(fiber 4 minus fiber 1); 
survivors 0; elapsed 754.320
Chunk 13 checked 158000 divisors; last killed by 1*(fiber 4 minus fiber 1); 
survivors 0; elapsed 754.460
Chunk 13 checked 159000 divisors; last killed by 1*(fiber 4 minus fiber 1); 
survivors 0; elapsed 754.600
Chunk 13 checked 160000 divisors; last killed by 1*(fiber 4 minus fiber 1); 
survivors 0; elapsed 754.740
Chunk 13 checked 161000 divisors; last killed by 1*(fiber 4 minus fiber 1); 
survivors 0; elapsed 754.880
Chunk 13 checked 162000 divisors; last killed by 1*(fiber 4 minus fiber 1); 
survivors 0; elapsed 755.020
Chunk 13 checked 163000 divisors; last killed by 1*(fiber 4 minus fiber 1); 
survivors 0; elapsed 755.160
Chunk 13 checked 164000 divisors; last killed by 1*(fiber 4 minus fiber 1); 
survivors 0; elapsed 755.300
Chunk 13 checked 165000 divisors; last killed by 1*(fiber 4 minus fiber 1); 
survivors 0; elapsed 755.440
Chunk 13 checked 166000 divisors; last killed by 1*(fiber 4 minus fiber 1); 
survivors 0; elapsed 755.580
Chunk 13 checked 167000 divisors; last killed by 1*(fiber 4 minus fiber 1); 
survivors 0; elapsed 755.720
Chunk 13 checked 168000 divisors; last killed by 1*(fiber 4 minus fiber 1); 
survivors 0; elapsed 755.850
Chunk 13 checked 169000 divisors; last killed by 1*(fiber 4 minus fiber 1); 
survivors 0; elapsed 755.990
Chunk 13 checked 170000 divisors; last killed by 1*(fiber 4 minus fiber 1); 
survivors 0; elapsed 756.130
Chunk 13 checked 171000 divisors; last killed by 1*(fiber 4 minus fiber 1); 
survivors 0; elapsed 756.260
Chunk 13 checked 172000 divisors; last killed by 1*(fiber 4 minus fiber 1); 
survivors 0; elapsed 756.410
Chunk 13 checked 173000 divisors; last killed by 1*(fiber 4 minus fiber 1); 
survivors 0; elapsed 756.560
Chunk 13 checked 174000 divisors; last killed by 1*(fiber 4 minus fiber 1); 
survivors 0; elapsed 756.710
Chunk 13 checked 175000 divisors; last killed by 1*(fiber 4 minus fiber 1); 
survivors 0; elapsed 756.860
Chunk 13 checked 176000 divisors; last killed by 1*(fiber 4 minus fiber 1); 
survivors 0; elapsed 757.000
Chunk 13 checked 177000 divisors; last killed by 1*(fiber 4 minus fiber 1); 
survivors 0; elapsed 757.150
Chunk 13 checked 178000 divisors; last killed by 1*(fiber 4 minus fiber 1); 
survivors 0; elapsed 757.300
Chunk 13 checked 179000 divisors; last killed by 1*(fiber 4 minus fiber 1); 
survivors 0; elapsed 757.450
Chunk 13 checked 180000 divisors; last killed by 1*(fiber 4 minus fiber 1); 
survivors 0; elapsed 757.590
Chunk 13 checked 181000 divisors; last killed by 1*(fiber 4 minus fiber 1); 
survivors 0; elapsed 757.750
Chunk 13 checked 182000 divisors; last killed by 1*(fiber 4 minus fiber 1); 
survivors 0; elapsed 757.890
Chunk 13 checked 183000 divisors; last killed by 1*(fiber 4 minus fiber 1); 
survivors 0; elapsed 758.030
Chunk 13 checked 184000 divisors; last killed by 1*(fiber 4 minus fiber 1); 
survivors 0; elapsed 758.180
Chunk 13 checked 185000 divisors; last killed by 1*(fiber 4 minus fiber 1); 
survivors 0; elapsed 758.320
Chunk 13 checked 186000 divisors; last killed by 1*(fiber 4 minus fiber 1); 
survivors 0; elapsed 758.460
Chunk 13 checked 187000 divisors; last killed by 1*(fiber 4 minus fiber 1); 
survivors 0; elapsed 758.600
Chunk 13 checked 188000 divisors; last killed by 1*(fiber 4 minus fiber 1); 
survivors 0; elapsed 758.750
Chunk 13 checked 189000 divisors; last killed by 1*(fiber 4 minus fiber 1); 
survivors 0; elapsed 758.900
Chunk 13 checked 190000 divisors; last killed by 1*(fiber 4 minus fiber 1); 
survivors 0; elapsed 759.040
Chunk 13 checked 191000 divisors; last killed by 1*(fiber 4 minus fiber 1); 
survivors 0; elapsed 759.190
Chunk 13 checked 192000 divisors; last killed by 1*(fiber 4 minus fiber 1); 
survivors 0; elapsed 759.330
Chunk 13 checked 193000 divisors; last killed by 1*(fiber 4 minus fiber 1); 
survivors 0; elapsed 759.480
Chunk 13 checked 194000 divisors; last killed by 1*(fiber 4 minus fiber 1); 
survivors 0; elapsed 759.620
Chunk 13 checked 195000 divisors; last killed by 1*(fiber 4 minus fiber 1); 
survivors 0; elapsed 759.770
Chunk 13 checked 196000 divisors; last killed by 1*(fiber 4 minus fiber 1); 
survivors 0; elapsed 759.910
Chunk 13 checked 197000 divisors; last killed by 1*(fiber 4 minus fiber 1); 
survivors 0; elapsed 760.050
Chunk 13 checked 198000 divisors; last killed by 1*(fiber 4 minus fiber 1); 
survivors 0; elapsed 760.200
Chunk 13 checked 199000 divisors; last killed by 1*(fiber 4 minus fiber 1); 
survivors 0; elapsed 760.340
Chunk 13 checked 200000 divisors; last killed by 1*(fiber 4 minus fiber 1); 
survivors 0; elapsed 760.490
Chunk 13 checked 201000 divisors; last killed by 1*(fiber 4 minus fiber 1); 
survivors 0; elapsed 760.680
Chunk 13 checked 202000 divisors; last killed by 1*(fiber 4 minus fiber 1); 
survivors 0; elapsed 760.850
Chunk 13 checked 203000 divisors; last killed by 1*(fiber 4 minus fiber 1); 
survivors 0; elapsed 761.030
Chunk 13 checked 204000 divisors; last killed by 1*(fiber 4 minus fiber 1); 
survivors 0; elapsed 761.220
Chunk 13 checked 205000 divisors; last killed by 1*(fiber 4 minus fiber 1); 
survivors 0; elapsed 761.390
Chunk 13 checked 206000 divisors; last killed by 1*(fiber 4 minus fiber 1); 
survivors 0; elapsed 761.570
Chunk 13 checked 207000 divisors; last killed by 1*(fiber 4 minus fiber 1); 
survivors 0; elapsed 761.750
Chunk 13 checked 208000 divisors; last killed by 1*(fiber 4 minus fiber 1); 
survivors 0; elapsed 761.930
Chunk 13 checked 209000 divisors; last killed by 1*(fiber 4 minus fiber 1); 
survivors 0; elapsed 762.120
Chunk 13 checked 210000 divisors; last killed by 1*(fiber 4 minus fiber 1); 
survivors 0; elapsed 762.290
Chunk 13 checked 211000 divisors; last killed by 1*(fiber 4 minus fiber 1); 
survivors 0; elapsed 762.460
Chunk 13 checked 212000 divisors; last killed by 1*(fiber 4 minus fiber 1); 
survivors 0; elapsed 762.610
Chunk 13 checked 213000 divisors; last killed by 1*(fiber 4 minus fiber 1); 
survivors 0; elapsed 762.810
Chunk 13 checked 214000 divisors; last killed by 1*(fiber 4 minus fiber 1); 
survivors 0; elapsed 762.950
Chunk 13 checked 215000 divisors; last killed by 1*(fiber 4 minus fiber 1); 
survivors 0; elapsed 763.090
Chunk 13 checked 216000 divisors; last killed by 1*(fiber 4 minus fiber 1); 
survivors 0; elapsed 763.230
Chunk 13 checked 217000 divisors; last killed by 1*(fiber 4 minus fiber 1); 
survivors 0; elapsed 763.380
Chunk 13 checked 218000 divisors; last killed by 1*(fiber 4 minus fiber 1); 
survivors 0; elapsed 763.520
Chunk 13 checked 219000 divisors; last killed by 1*(fiber 4 minus fiber 1); 
survivors 0; elapsed 763.670
Chunk 13 checked 220000 divisors; last killed by 1*(fiber 4 minus fiber 1); 
survivors 0; elapsed 763.810
Chunk 13 checked 221000 divisors; last killed by 1*(fiber 4 minus fiber 1); 
survivors 0; elapsed 763.960
Chunk 13 checked 222000 divisors; last killed by 1*(fiber 4 minus fiber 1); 
survivors 0; elapsed 764.100
Chunk 13 checked 223000 divisors; last killed by 1*(fiber 4 minus fiber 1); 
survivors 0; elapsed 764.250
Chunk 13 checked 224000 divisors; last killed by 1*(fiber 4 minus fiber 1); 
survivors 0; elapsed 764.390
Chunk 13 checked 225000 divisors; last killed by 1*(fiber 4 minus fiber 1); 
survivors 0; elapsed 764.540
Chunk 13 checked 226000 divisors; last killed by 1*(fiber 4 minus fiber 1); 
survivors 0; elapsed 764.670
Chunk 13 checked 227000 divisors; last killed by 1*(fiber 4 minus fiber 1); 
survivors 0; elapsed 764.830
Chunk 13 checked 228000 divisors; last killed by 1*(fiber 4 minus fiber 1); 
survivors 0; elapsed 764.970
Chunk 13 checked 229000 divisors; last killed by 1*(fiber 4 minus fiber 1); 
survivors 0; elapsed 765.110
Chunk 13 checked 230000 divisors; last killed by 1*(fiber 4 minus fiber 1); 
survivors 0; elapsed 765.250
Chunk 13 checked 231000 divisors; last killed by 1*(fiber 4 minus fiber 1); 
survivors 0; elapsed 765.400
Chunk 13 checked 232000 divisors; last killed by 1*(fiber 4 minus fiber 1); 
survivors 0; elapsed 765.540
Chunk 13 checked 233000 divisors; last killed by 1*(fiber 4 minus fiber 1); 
survivors 0; elapsed 765.680
Chunk 13 checked 234000 divisors; last killed by 1*(fiber 4 minus fiber 1); 
survivors 0; elapsed 765.820
Chunk 13 checked 235000 divisors; last killed by 1*(fiber 4 minus fiber 1); 
survivors 0; elapsed 765.960
Chunk 13 checked 236000 divisors; last killed by 1*(fiber 4 minus fiber 1); 
survivors 0; elapsed 766.100
Chunk 13 checked 237000 divisors; last killed by 1*(fiber 4 minus fiber 1); 
survivors 0; elapsed 766.240
Chunk 13 checked 238000 divisors; last killed by 1*(fiber 4 minus fiber 1); 
survivors 0; elapsed 766.390
Chunk 13 checked 239000 divisors; last killed by 1*(fiber 4 minus fiber 1); 
survivors 0; elapsed 766.530
Chunk 13 checked 240000 divisors; last killed by 1*(fiber 4 minus fiber 1); 
survivors 0; elapsed 766.660
Chunk 13 checked 241000 divisors; last killed by 1*(fiber 4 minus fiber 1); 
survivors 0; elapsed 766.810
Chunk 13 checked 242000 divisors; last killed by 1*(fiber 4 minus fiber 1); 
survivors 0; elapsed 766.940
Chunk 13 checked 243000 divisors; last killed by 1*(fiber 4 minus fiber 1); 
survivors 0; elapsed 767.080
Chunk 13 checked 244000 divisors; last killed by 1*(fiber 4 minus fiber 1); 
survivors 0; elapsed 767.240
Chunk 13 checked 245000 divisors; last killed by 1*(fiber 4 minus fiber 1); 
survivors 0; elapsed 767.380
Chunk 13 checked 246000 divisors; last killed by 1*(fiber 4 minus fiber 1); 
survivors 0; elapsed 767.520
Chunk 13 checked 247000 divisors; last killed by 1*(fiber 4 minus fiber 1); 
survivors 0; elapsed 767.670
Chunk 13 checked 248000 divisors; last killed by 1*(fiber 4 minus fiber 1); 
survivors 0; elapsed 767.820
Chunk 13 checked 249000 divisors; last killed by 1*(fiber 4 minus fiber 1); 
survivors 0; elapsed 767.960
Chunk 13 checked 250000 divisors; last killed by 1*(fiber 4 minus fiber 1); 
survivors 0; elapsed 768.110
Chunk 13 checked 251000 divisors; last killed by 1*(fiber 4 minus fiber 1); 
survivors 0; elapsed 768.250
Chunk 13 checked 252000 divisors; last killed by 1*(fiber 4 minus fiber 1); 
survivors 0; elapsed 768.400
Chunk 13 checked 253000 divisors; last killed by 1*(fiber 4 minus fiber 1); 
survivors 0; elapsed 768.550
Chunk 13 checked 254000 divisors; last killed by 1*(fiber 4 minus fiber 1); 
survivors 0; elapsed 768.690
Chunk 13 checked 255000 divisors; last killed by 1*(fiber 4 minus fiber 1); 
survivors 0; elapsed 768.830
Chunk 13 checked 256000 divisors; last killed by 1*(fiber 4 minus fiber 1); 
survivors 0; elapsed 768.970
Chunk 13 checked 257000 divisors; last killed by 1*(fiber 4 minus fiber 1); 
survivors 0; elapsed 769.110
Degree type 30/36: [ <5, 1>, <2, 1>, <2, 1> ]; groups [ <5, 1, 1>, <2, 1, 2> ]; 
divisors 2448; elapsed 769.120
Fast W0 setup: cover degree 90; dims [ 87, 123, 159, 195 ]; row maxima [ 126, 
162, 198, 234 ]; RR times [ 67.410, 163.760, 39.030, 146.450 ]
Chunk 13 checked 258000 divisors; last killed by 1*(fiber 4 minus fiber 1); 
survivors 0; elapsed 2308.810
Chunk 13 checked 259000 divisors; last killed by 1*(fiber 4 minus fiber 1); 
survivors 0; elapsed 2308.910
Divisors tested in chunk 13: 259488
Surviving translates in this chunk: 0
SUCCESS: this chunk contains no translate survivor.
CHUNK_RESULT: SUCCESS

======================================================================
Summary
======================================================================
RUN_TRANSLATE_TEST        = true
VERIFY_MAP_BY_RECONSTRUCTION = false
VERIFY_DELTA_ORDER        = false
VERIFY_MODEL_BASIC        = false
NCHUNKS                   = 16
CHUNK_INDEX               = 13
CACHED_GENERATOR_PAIR     = <1,4>
#quotient_fibers          = 6
quotient degrees          = [ 36, 36, 36, 36, 36, 36 ]
cyclic_delta_ok           = true
translate_test_ok         = true
#survivors                = 0
Finished X1_37_prop49_F2_short_complete.m.
Finished chunk 13 at Mon Jun  8 11:59:29 CEST 2026 with status 0
