Starting chunk 9 at Mon Jun  8 11:17:29 CEST 2026

======================================================================
1. Build X_1(37) over F_2
======================================================================
Basic genus and constant-field checks skipped.

======================================================================
2. Load X_0(37)^+ map data
======================================================================
Loading "X1_37_X0plus_map_data.m"
#S37 coefficients = 18; #T37 coefficients = 18
Map reconstruction verification skipped.

======================================================================
3. Recover quotient fibers from [S37:T37:1]
======================================================================
F2 cached scan: using the three target points needed for the verified <1,4> 
pair.
#degree-36 candidate fibers retained = 6

======================================================================
4. Verify an order-5 quotient delta
======================================================================
fiber 4 minus fiber 1: order check skipped because the runner already verified 
it
Using candidate fiber pair <1,4> as a verified order-5 generator over F_2.

======================================================================
5. Proposition 4.9-style translate test for W^0_9
======================================================================
Basic model checks skipped by VERIFY_MODEL_BASIC:=false.
quotient map degree = 36
Testing 4 nonzero quotient element(s).
Type-chunking: CHUNK_INDEX=9, NCHUNKS=16
Place counts by degree 1..9: [ 18, 0, 0, 0, 0, 21, 18, 0, 39 ]
Unique degree types: 36; assigned type indices: [ 10, 26 ]
Place/type precomputation time: 1.240 seconds.
Degree type 10/36: [ <4, 1>, <2, 1>, <1, 1>, <1, 1>, <1, 1> ]; groups [ <4, 1, 
1>, <2, 1, 1>, <1, 1, 3> ]; divisors 171360; elapsed 0.000
Fast W0 setup: cover degree 72; dims [ 69, 105, 141, 177 ]; row maxima [ 108, 
144, 180, 216 ]; RR times [ 87.070, 59.210, 152.340, 34.190 ]
Chunk 9 checked 1000 divisors; last killed by 1*(fiber 4 minus fiber 1); 
survivors 0; elapsed 766.290
Chunk 9 checked 2000 divisors; last killed by 1*(fiber 4 minus fiber 1); 
survivors 0; elapsed 864.060
Chunk 9 checked 3000 divisors; last killed by 1*(fiber 4 minus fiber 1); 
survivors 0; elapsed 864.140
Chunk 9 checked 4000 divisors; last killed by 1*(fiber 4 minus fiber 1); 
survivors 0; elapsed 864.220
Chunk 9 checked 5000 divisors; last killed by 1*(fiber 4 minus fiber 1); 
survivors 0; elapsed 864.290
Chunk 9 checked 6000 divisors; last killed by 1*(fiber 4 minus fiber 1); 
survivors 0; elapsed 864.370
Chunk 9 checked 7000 divisors; last killed by 1*(fiber 4 minus fiber 1); 
survivors 0; elapsed 864.440
Chunk 9 checked 8000 divisors; last killed by 1*(fiber 4 minus fiber 1); 
survivors 0; elapsed 864.520
Chunk 9 checked 9000 divisors; last killed by 1*(fiber 4 minus fiber 1); 
survivors 0; elapsed 864.600
Chunk 9 checked 10000 divisors; last killed by 1*(fiber 4 minus fiber 1); 
survivors 0; elapsed 864.670
Chunk 9 checked 11000 divisors; last killed by 1*(fiber 4 minus fiber 1); 
survivors 0; elapsed 864.750
Chunk 9 checked 12000 divisors; last killed by 1*(fiber 4 minus fiber 1); 
survivors 0; elapsed 864.830
Chunk 9 checked 13000 divisors; last killed by 1*(fiber 4 minus fiber 1); 
survivors 0; elapsed 864.910
Chunk 9 checked 14000 divisors; last killed by 1*(fiber 4 minus fiber 1); 
survivors 0; elapsed 864.990
Chunk 9 checked 15000 divisors; last killed by 1*(fiber 4 minus fiber 1); 
survivors 0; elapsed 865.060
Chunk 9 checked 16000 divisors; last killed by 1*(fiber 4 minus fiber 1); 
survivors 0; elapsed 865.140
Chunk 9 checked 17000 divisors; last killed by 1*(fiber 4 minus fiber 1); 
survivors 0; elapsed 865.210
Chunk 9 checked 18000 divisors; last killed by 1*(fiber 4 minus fiber 1); 
survivors 0; elapsed 865.290
Chunk 9 checked 19000 divisors; last killed by 1*(fiber 4 minus fiber 1); 
survivors 0; elapsed 865.360
Chunk 9 checked 20000 divisors; last killed by 1*(fiber 4 minus fiber 1); 
survivors 0; elapsed 865.440
Chunk 9 checked 21000 divisors; last killed by 1*(fiber 4 minus fiber 1); 
survivors 0; elapsed 947.870
Chunk 9 checked 22000 divisors; last killed by 1*(fiber 4 minus fiber 1); 
survivors 0; elapsed 947.950
Chunk 9 checked 23000 divisors; last killed by 1*(fiber 4 minus fiber 1); 
survivors 0; elapsed 948.030
Chunk 9 checked 24000 divisors; last killed by 1*(fiber 4 minus fiber 1); 
survivors 0; elapsed 948.100
Chunk 9 checked 25000 divisors; last killed by 1*(fiber 4 minus fiber 1); 
survivors 0; elapsed 948.180
Chunk 9 checked 26000 divisors; last killed by 1*(fiber 4 minus fiber 1); 
survivors 0; elapsed 948.250
Chunk 9 checked 27000 divisors; last killed by 1*(fiber 4 minus fiber 1); 
survivors 0; elapsed 948.330
Chunk 9 checked 28000 divisors; last killed by 1*(fiber 4 minus fiber 1); 
survivors 0; elapsed 948.400
Chunk 9 checked 29000 divisors; last killed by 1*(fiber 4 minus fiber 1); 
survivors 0; elapsed 948.480
Chunk 9 checked 30000 divisors; last killed by 1*(fiber 4 minus fiber 1); 
survivors 0; elapsed 948.560
Chunk 9 checked 31000 divisors; last killed by 1*(fiber 4 minus fiber 1); 
survivors 0; elapsed 948.640
Chunk 9 checked 32000 divisors; last killed by 1*(fiber 4 minus fiber 1); 
survivors 0; elapsed 948.710
Chunk 9 checked 33000 divisors; last killed by 1*(fiber 4 minus fiber 1); 
survivors 0; elapsed 948.790
Chunk 9 checked 34000 divisors; last killed by 1*(fiber 4 minus fiber 1); 
survivors 0; elapsed 948.870
Chunk 9 checked 35000 divisors; last killed by 1*(fiber 4 minus fiber 1); 
survivors 0; elapsed 948.940
Chunk 9 checked 36000 divisors; last killed by 1*(fiber 4 minus fiber 1); 
survivors 0; elapsed 949.020
Chunk 9 checked 37000 divisors; last killed by 1*(fiber 4 minus fiber 1); 
survivors 0; elapsed 949.090
Chunk 9 checked 38000 divisors; last killed by 1*(fiber 4 minus fiber 1); 
survivors 0; elapsed 949.170
Chunk 9 checked 39000 divisors; last killed by 1*(fiber 4 minus fiber 1); 
survivors 0; elapsed 949.240
Chunk 9 checked 40000 divisors; last killed by 1*(fiber 4 minus fiber 1); 
survivors 0; elapsed 949.320
Chunk 9 checked 41000 divisors; last killed by 1*(fiber 4 minus fiber 1); 
survivors 0; elapsed 949.400
Chunk 9 checked 42000 divisors; last killed by 1*(fiber 4 minus fiber 1); 
survivors 0; elapsed 949.480
Chunk 9 checked 43000 divisors; last killed by 1*(fiber 4 minus fiber 1); 
survivors 0; elapsed 949.550
Chunk 9 checked 44000 divisors; last killed by 1*(fiber 4 minus fiber 1); 
survivors 0; elapsed 949.630
Chunk 9 checked 45000 divisors; last killed by 1*(fiber 4 minus fiber 1); 
survivors 0; elapsed 949.700
Chunk 9 checked 46000 divisors; last killed by 1*(fiber 4 minus fiber 1); 
survivors 0; elapsed 949.780
Chunk 9 checked 47000 divisors; last killed by 1*(fiber 4 minus fiber 1); 
survivors 0; elapsed 949.850
Chunk 9 checked 48000 divisors; last killed by 1*(fiber 4 minus fiber 1); 
survivors 0; elapsed 949.930
Chunk 9 checked 49000 divisors; last killed by 1*(fiber 4 minus fiber 1); 
survivors 0; elapsed 950.010
Chunk 9 checked 50000 divisors; last killed by 1*(fiber 4 minus fiber 1); 
survivors 0; elapsed 950.080
Chunk 9 checked 51000 divisors; last killed by 1*(fiber 4 minus fiber 1); 
survivors 0; elapsed 950.160
Chunk 9 checked 52000 divisors; last killed by 1*(fiber 4 minus fiber 1); 
survivors 0; elapsed 950.240
Chunk 9 checked 53000 divisors; last killed by 1*(fiber 4 minus fiber 1); 
survivors 0; elapsed 950.310
Chunk 9 checked 54000 divisors; last killed by 1*(fiber 4 minus fiber 1); 
survivors 0; elapsed 950.390
Chunk 9 checked 55000 divisors; last killed by 1*(fiber 4 minus fiber 1); 
survivors 0; elapsed 950.460
Chunk 9 checked 56000 divisors; last killed by 1*(fiber 4 minus fiber 1); 
survivors 0; elapsed 950.540
Chunk 9 checked 57000 divisors; last killed by 1*(fiber 4 minus fiber 1); 
survivors 0; elapsed 950.610
Chunk 9 checked 58000 divisors; last killed by 1*(fiber 4 minus fiber 1); 
survivors 0; elapsed 950.690
Chunk 9 checked 59000 divisors; last killed by 1*(fiber 4 minus fiber 1); 
survivors 0; elapsed 950.770
Chunk 9 checked 60000 divisors; last killed by 1*(fiber 4 minus fiber 1); 
survivors 0; elapsed 950.850
Chunk 9 checked 61000 divisors; last killed by 1*(fiber 4 minus fiber 1); 
survivors 0; elapsed 950.930
Chunk 9 checked 62000 divisors; last killed by 1*(fiber 4 minus fiber 1); 
survivors 0; elapsed 951.010
Chunk 9 checked 63000 divisors; last killed by 1*(fiber 4 minus fiber 1); 
survivors 0; elapsed 951.090
Chunk 9 checked 64000 divisors; last killed by 1*(fiber 4 minus fiber 1); 
survivors 0; elapsed 951.170
Chunk 9 checked 65000 divisors; last killed by 1*(fiber 4 minus fiber 1); 
survivors 0; elapsed 951.250
Chunk 9 checked 66000 divisors; last killed by 1*(fiber 4 minus fiber 1); 
survivors 0; elapsed 951.330
Chunk 9 checked 67000 divisors; last killed by 1*(fiber 4 minus fiber 1); 
survivors 0; elapsed 951.410
Chunk 9 checked 68000 divisors; last killed by 1*(fiber 4 minus fiber 1); 
survivors 0; elapsed 951.480
Chunk 9 checked 69000 divisors; last killed by 1*(fiber 4 minus fiber 1); 
survivors 0; elapsed 951.560
Chunk 9 checked 70000 divisors; last killed by 1*(fiber 4 minus fiber 1); 
survivors 0; elapsed 951.640
Chunk 9 checked 71000 divisors; last killed by 1*(fiber 4 minus fiber 1); 
survivors 0; elapsed 951.720
Chunk 9 checked 72000 divisors; last killed by 1*(fiber 4 minus fiber 1); 
survivors 0; elapsed 951.790
Chunk 9 checked 73000 divisors; last killed by 1*(fiber 4 minus fiber 1); 
survivors 0; elapsed 951.870
Chunk 9 checked 74000 divisors; last killed by 1*(fiber 4 minus fiber 1); 
survivors 0; elapsed 951.940
Chunk 9 checked 75000 divisors; last killed by 1*(fiber 4 minus fiber 1); 
survivors 0; elapsed 952.020
Chunk 9 checked 76000 divisors; last killed by 1*(fiber 4 minus fiber 1); 
survivors 0; elapsed 952.090
Chunk 9 checked 77000 divisors; last killed by 1*(fiber 4 minus fiber 1); 
survivors 0; elapsed 952.170
Chunk 9 checked 78000 divisors; last killed by 1*(fiber 4 minus fiber 1); 
survivors 0; elapsed 952.250
Chunk 9 checked 79000 divisors; last killed by 1*(fiber 4 minus fiber 1); 
survivors 0; elapsed 952.330
Chunk 9 checked 80000 divisors; last killed by 1*(fiber 4 minus fiber 1); 
survivors 0; elapsed 952.410
Chunk 9 checked 81000 divisors; last killed by 1*(fiber 4 minus fiber 1); 
survivors 0; elapsed 952.480
Chunk 9 checked 82000 divisors; last killed by 1*(fiber 4 minus fiber 1); 
survivors 0; elapsed 1040.890
Chunk 9 checked 83000 divisors; last killed by 1*(fiber 4 minus fiber 1); 
survivors 0; elapsed 1040.970
Chunk 9 checked 84000 divisors; last killed by 1*(fiber 4 minus fiber 1); 
survivors 0; elapsed 1041.050
Chunk 9 checked 85000 divisors; last killed by 1*(fiber 4 minus fiber 1); 
survivors 0; elapsed 1041.120
Chunk 9 checked 86000 divisors; last killed by 1*(fiber 4 minus fiber 1); 
survivors 0; elapsed 1041.200
Chunk 9 checked 87000 divisors; last killed by 1*(fiber 4 minus fiber 1); 
survivors 0; elapsed 1041.270
Chunk 9 checked 88000 divisors; last killed by 1*(fiber 4 minus fiber 1); 
survivors 0; elapsed 1041.350
Chunk 9 checked 89000 divisors; last killed by 1*(fiber 4 minus fiber 1); 
survivors 0; elapsed 1041.420
Chunk 9 checked 90000 divisors; last killed by 1*(fiber 4 minus fiber 1); 
survivors 0; elapsed 1041.500
Chunk 9 checked 91000 divisors; last killed by 1*(fiber 4 minus fiber 1); 
survivors 0; elapsed 1041.570
Chunk 9 checked 92000 divisors; last killed by 1*(fiber 4 minus fiber 1); 
survivors 0; elapsed 1041.650
Chunk 9 checked 93000 divisors; last killed by 1*(fiber 4 minus fiber 1); 
survivors 0; elapsed 1041.720
Chunk 9 checked 94000 divisors; last killed by 1*(fiber 4 minus fiber 1); 
survivors 0; elapsed 1041.800
Chunk 9 checked 95000 divisors; last killed by 1*(fiber 4 minus fiber 1); 
survivors 0; elapsed 1041.870
Chunk 9 checked 96000 divisors; last killed by 1*(fiber 4 minus fiber 1); 
survivors 0; elapsed 1041.950
Chunk 9 checked 97000 divisors; last killed by 1*(fiber 4 minus fiber 1); 
survivors 0; elapsed 1042.030
Chunk 9 checked 98000 divisors; last killed by 1*(fiber 4 minus fiber 1); 
survivors 0; elapsed 1042.100
Chunk 9 checked 99000 divisors; last killed by 1*(fiber 4 minus fiber 1); 
survivors 0; elapsed 1042.180
Chunk 9 checked 100000 divisors; last killed by 1*(fiber 4 minus fiber 1); 
survivors 0; elapsed 1042.270
Chunk 9 checked 101000 divisors; last killed by 1*(fiber 4 minus fiber 1); 
survivors 0; elapsed 1042.340
Chunk 9 checked 102000 divisors; last killed by 1*(fiber 4 minus fiber 1); 
survivors 0; elapsed 1042.420
Chunk 9 checked 103000 divisors; last killed by 1*(fiber 4 minus fiber 1); 
survivors 0; elapsed 1042.500
Chunk 9 checked 104000 divisors; last killed by 1*(fiber 4 minus fiber 1); 
survivors 0; elapsed 1042.580
Chunk 9 checked 105000 divisors; last killed by 1*(fiber 4 minus fiber 1); 
survivors 0; elapsed 1042.650
Chunk 9 checked 106000 divisors; last killed by 1*(fiber 4 minus fiber 1); 
survivors 0; elapsed 1042.730
Chunk 9 checked 107000 divisors; last killed by 1*(fiber 4 minus fiber 1); 
survivors 0; elapsed 1042.800
Chunk 9 checked 108000 divisors; last killed by 1*(fiber 4 minus fiber 1); 
survivors 0; elapsed 1042.880
Chunk 9 checked 109000 divisors; last killed by 1*(fiber 4 minus fiber 1); 
survivors 0; elapsed 1042.950
Chunk 9 checked 110000 divisors; last killed by 1*(fiber 4 minus fiber 1); 
survivors 0; elapsed 1043.030
Chunk 9 checked 111000 divisors; last killed by 1*(fiber 4 minus fiber 1); 
survivors 0; elapsed 1043.100
Chunk 9 checked 112000 divisors; last killed by 1*(fiber 4 minus fiber 1); 
survivors 0; elapsed 1043.180
Chunk 9 checked 113000 divisors; last killed by 1*(fiber 4 minus fiber 1); 
survivors 0; elapsed 1043.250
Chunk 9 checked 114000 divisors; last killed by 1*(fiber 4 minus fiber 1); 
survivors 0; elapsed 1043.330
Chunk 9 checked 115000 divisors; last killed by 1*(fiber 4 minus fiber 1); 
survivors 0; elapsed 1043.400
Chunk 9 checked 116000 divisors; last killed by 1*(fiber 4 minus fiber 1); 
survivors 0; elapsed 1043.480
Chunk 9 checked 117000 divisors; last killed by 1*(fiber 4 minus fiber 1); 
survivors 0; elapsed 1043.550
Chunk 9 checked 118000 divisors; last killed by 1*(fiber 4 minus fiber 1); 
survivors 0; elapsed 1043.630
Chunk 9 checked 119000 divisors; last killed by 1*(fiber 4 minus fiber 1); 
survivors 0; elapsed 1043.700
Chunk 9 checked 120000 divisors; last killed by 1*(fiber 4 minus fiber 1); 
survivors 0; elapsed 1043.780
Chunk 9 checked 121000 divisors; last killed by 1*(fiber 4 minus fiber 1); 
survivors 0; elapsed 1043.850
Chunk 9 checked 122000 divisors; last killed by 1*(fiber 4 minus fiber 1); 
survivors 0; elapsed 1043.930
Chunk 9 checked 123000 divisors; last killed by 1*(fiber 4 minus fiber 1); 
survivors 0; elapsed 1044.000
Chunk 9 checked 124000 divisors; last killed by 1*(fiber 4 minus fiber 1); 
survivors 0; elapsed 1044.070
Chunk 9 checked 125000 divisors; last killed by 1*(fiber 4 minus fiber 1); 
survivors 0; elapsed 1044.150
Chunk 9 checked 126000 divisors; last killed by 1*(fiber 4 minus fiber 1); 
survivors 0; elapsed 1044.220
Chunk 9 checked 127000 divisors; last killed by 1*(fiber 4 minus fiber 1); 
survivors 0; elapsed 1044.290
Chunk 9 checked 128000 divisors; last killed by 1*(fiber 4 minus fiber 1); 
survivors 0; elapsed 1044.370
Chunk 9 checked 129000 divisors; last killed by 1*(fiber 4 minus fiber 1); 
survivors 0; elapsed 1044.440
Chunk 9 checked 130000 divisors; last killed by 1*(fiber 4 minus fiber 1); 
survivors 0; elapsed 1044.510
Chunk 9 checked 131000 divisors; last killed by 1*(fiber 4 minus fiber 1); 
survivors 0; elapsed 1044.590
Chunk 9 checked 132000 divisors; last killed by 1*(fiber 4 minus fiber 1); 
survivors 0; elapsed 1044.660
Chunk 9 checked 133000 divisors; last killed by 1*(fiber 4 minus fiber 1); 
survivors 0; elapsed 1044.740
Chunk 9 checked 134000 divisors; last killed by 1*(fiber 4 minus fiber 1); 
survivors 0; elapsed 1044.820
Chunk 9 checked 135000 divisors; last killed by 1*(fiber 4 minus fiber 1); 
survivors 0; elapsed 1044.900
Chunk 9 checked 136000 divisors; last killed by 1*(fiber 4 minus fiber 1); 
survivors 0; elapsed 1044.970
Chunk 9 checked 137000 divisors; last killed by 1*(fiber 4 minus fiber 1); 
survivors 0; elapsed 1045.060
Chunk 9 checked 138000 divisors; last killed by 1*(fiber 4 minus fiber 1); 
survivors 0; elapsed 1045.140
Chunk 9 checked 139000 divisors; last killed by 1*(fiber 4 minus fiber 1); 
survivors 0; elapsed 1045.220
Chunk 9 checked 140000 divisors; last killed by 1*(fiber 4 minus fiber 1); 
survivors 0; elapsed 1045.300
Chunk 9 checked 141000 divisors; last killed by 1*(fiber 4 minus fiber 1); 
survivors 0; elapsed 1045.380
Chunk 9 checked 142000 divisors; last killed by 1*(fiber 4 minus fiber 1); 
survivors 0; elapsed 1045.460
Chunk 9 checked 143000 divisors; last killed by 1*(fiber 4 minus fiber 1); 
survivors 0; elapsed 1045.540
Chunk 9 checked 144000 divisors; last killed by 1*(fiber 4 minus fiber 1); 
survivors 0; elapsed 1045.610
Chunk 9 checked 145000 divisors; last killed by 1*(fiber 4 minus fiber 1); 
survivors 0; elapsed 1045.690
Chunk 9 checked 146000 divisors; last killed by 1*(fiber 4 minus fiber 1); 
survivors 0; elapsed 1045.760
Chunk 9 checked 147000 divisors; last killed by 1*(fiber 4 minus fiber 1); 
survivors 0; elapsed 1045.840
Chunk 9 checked 148000 divisors; last killed by 1*(fiber 4 minus fiber 1); 
survivors 0; elapsed 1045.910
Chunk 9 checked 149000 divisors; last killed by 1*(fiber 4 minus fiber 1); 
survivors 0; elapsed 1045.990
Chunk 9 checked 150000 divisors; last killed by 1*(fiber 4 minus fiber 1); 
survivors 0; elapsed 1046.060
Chunk 9 checked 151000 divisors; last killed by 1*(fiber 4 minus fiber 1); 
survivors 0; elapsed 1046.140
Chunk 9 checked 152000 divisors; last killed by 1*(fiber 4 minus fiber 1); 
survivors 0; elapsed 1046.210
Chunk 9 checked 153000 divisors; last killed by 1*(fiber 4 minus fiber 1); 
survivors 0; elapsed 1046.290
Chunk 9 checked 154000 divisors; last killed by 1*(fiber 4 minus fiber 1); 
survivors 0; elapsed 1046.360
Chunk 9 checked 155000 divisors; last killed by 1*(fiber 4 minus fiber 1); 
survivors 0; elapsed 1046.430
Chunk 9 checked 156000 divisors; last killed by 1*(fiber 4 minus fiber 1); 
survivors 0; elapsed 1046.510
Chunk 9 checked 157000 divisors; last killed by 1*(fiber 4 minus fiber 1); 
survivors 0; elapsed 1046.590
Chunk 9 checked 158000 divisors; last killed by 1*(fiber 4 minus fiber 1); 
survivors 0; elapsed 1046.660
Chunk 9 checked 159000 divisors; last killed by 1*(fiber 4 minus fiber 1); 
survivors 0; elapsed 1046.740
Chunk 9 checked 160000 divisors; last killed by 1*(fiber 4 minus fiber 1); 
survivors 0; elapsed 1046.820
Chunk 9 checked 161000 divisors; last killed by 1*(fiber 4 minus fiber 1); 
survivors 0; elapsed 1046.890
Chunk 9 checked 162000 divisors; last killed by 1*(fiber 4 minus fiber 1); 
survivors 0; elapsed 1046.970
Chunk 9 checked 163000 divisors; last killed by 1*(fiber 4 minus fiber 1); 
survivors 0; elapsed 1047.040
Chunk 9 checked 164000 divisors; last killed by 1*(fiber 4 minus fiber 1); 
survivors 0; elapsed 1047.110
Chunk 9 checked 165000 divisors; last killed by 1*(fiber 4 minus fiber 1); 
survivors 0; elapsed 1047.180
Chunk 9 checked 166000 divisors; last killed by 1*(fiber 4 minus fiber 1); 
survivors 0; elapsed 1047.260
Chunk 9 checked 167000 divisors; last killed by 1*(fiber 4 minus fiber 1); 
survivors 0; elapsed 1047.330
Chunk 9 checked 168000 divisors; last killed by 1*(fiber 4 minus fiber 1); 
survivors 0; elapsed 1047.400
Chunk 9 checked 169000 divisors; last killed by 1*(fiber 4 minus fiber 1); 
survivors 0; elapsed 1047.480
Chunk 9 checked 170000 divisors; last killed by 1*(fiber 4 minus fiber 1); 
survivors 0; elapsed 1047.550
Chunk 9 checked 171000 divisors; last killed by 1*(fiber 4 minus fiber 1); 
survivors 0; elapsed 1047.620
Degree type 26/36: [ <1, 6>, <3, 1> ]; groups [ <1, 6, 1>, <3, 1, 1> ]; divisors
378; elapsed 1047.650
Fast W0 setup: cover degree 180; dims [ 177, 213, 249, 285 ]; row maxima [ 216, 
252, 288, 324 ]; RR times [ 33.640, 91.570, 61.860, 125.660 ]
Divisors tested in chunk 9: 171738
Surviving translates in this chunk: 0
SUCCESS: this chunk contains no translate survivor.
CHUNK_RESULT: SUCCESS

======================================================================
Summary
======================================================================
RUN_TRANSLATE_TEST        = true
VERIFY_MAP_BY_RECONSTRUCTION = false
VERIFY_DELTA_ORDER        = false
VERIFY_MODEL_BASIC        = false
NCHUNKS                   = 16
CHUNK_INDEX               = 9
CACHED_GENERATOR_PAIR     = <1,4>
#quotient_fibers          = 6
quotient degrees          = [ 36, 36, 36, 36, 36, 36 ]
cyclic_delta_ok           = true
translate_test_ok         = true
#survivors                = 0
Finished X1_37_prop49_F2_short_complete.m.
Finished chunk 9 at Mon Jun  8 11:46:08 CEST 2026 with status 0
