Starting chunk 3 at Mon Jun  8 11:17:29 CEST 2026

======================================================================
1. Build X_1(37) over F_2
======================================================================
Basic genus and constant-field checks skipped.

======================================================================
2. Load X_0(37)^+ map data
======================================================================
Loading "X1_37_X0plus_map_data.m"
#S37 coefficients = 18; #T37 coefficients = 18
Map reconstruction verification skipped.

======================================================================
3. Recover quotient fibers from [S37:T37:1]
======================================================================
F2 cached scan: using the three target points needed for the verified <1,4> 
pair.
#degree-36 candidate fibers retained = 6

======================================================================
4. Verify an order-5 quotient delta
======================================================================
fiber 4 minus fiber 1: order check skipped because the runner already verified 
it
Using candidate fiber pair <1,4> as a verified order-5 generator over F_2.

======================================================================
5. Proposition 4.9-style translate test for W^0_9
======================================================================
Basic model checks skipped by VERIFY_MODEL_BASIC:=false.
quotient map degree = 36
Testing 4 nonzero quotient element(s).
Type-chunking: CHUNK_INDEX=3, NCHUNKS=16
Place counts by degree 1..9: [ 18, 0, 0, 0, 0, 21, 18, 0, 39 ]
Unique degree types: 36; assigned type indices: [ 4, 20, 36 ]
Place/type precomputation time: 1.330 seconds.
Degree type 4/36: [ <2, 1>, <2, 1>, <1, 1>, <1, 1>, <1, 1>, <1, 1>, <1, 1> ]; 
groups [ <2, 1, 2>, <1, 1, 5> ]; divisors 668304; elapsed 0.000
Fast W0 setup: cover degree 36; dims [ 33, 69, 105, 141 ]; row maxima [ 72, 108,
144, 180 ]; RR times [ 57.150, 22.020, 94.940, 68.800 ]
Chunk 3 checked 1000 divisors; last killed by 1*(fiber 4 minus fiber 1); 
survivors 0; elapsed 265.840
Chunk 3 checked 2000 divisors; last killed by 1*(fiber 4 minus fiber 1); 
survivors 0; elapsed 267.160
Chunk 3 checked 3000 divisors; last killed by 1*(fiber 4 minus fiber 1); 
survivors 0; elapsed 267.310
Chunk 3 checked 4000 divisors; last killed by 1*(fiber 4 minus fiber 1); 
survivors 0; elapsed 275.680
Chunk 3 checked 5000 divisors; last killed by 1*(fiber 4 minus fiber 1); 
survivors 0; elapsed 275.820
Chunk 3 checked 6000 divisors; last killed by 1*(fiber 4 minus fiber 1); 
survivors 0; elapsed 275.970
Chunk 3 checked 7000 divisors; last killed by 1*(fiber 4 minus fiber 1); 
survivors 0; elapsed 276.120
Chunk 3 checked 8000 divisors; last killed by 1*(fiber 4 minus fiber 1); 
survivors 0; elapsed 276.270
Chunk 3 checked 9000 divisors; last killed by 1*(fiber 4 minus fiber 1); 
survivors 0; elapsed 276.420
Chunk 3 checked 10000 divisors; last killed by 1*(fiber 4 minus fiber 1); 
survivors 0; elapsed 276.570
Chunk 3 checked 11000 divisors; last killed by 1*(fiber 4 minus fiber 1); 
survivors 0; elapsed 276.720
Chunk 3 checked 12000 divisors; last killed by 1*(fiber 4 minus fiber 1); 
survivors 0; elapsed 276.870
Chunk 3 checked 13000 divisors; last killed by 1*(fiber 4 minus fiber 1); 
survivors 0; elapsed 277.010
Chunk 3 checked 14000 divisors; last killed by 1*(fiber 4 minus fiber 1); 
survivors 0; elapsed 277.160
Chunk 3 checked 15000 divisors; last killed by 1*(fiber 4 minus fiber 1); 
survivors 0; elapsed 277.310
Chunk 3 checked 16000 divisors; last killed by 1*(fiber 4 minus fiber 1); 
survivors 0; elapsed 277.460
Chunk 3 checked 17000 divisors; last killed by 1*(fiber 4 minus fiber 1); 
survivors 0; elapsed 277.610
Chunk 3 checked 18000 divisors; last killed by 1*(fiber 4 minus fiber 1); 
survivors 0; elapsed 277.760
Chunk 3 checked 19000 divisors; last killed by 1*(fiber 4 minus fiber 1); 
survivors 0; elapsed 277.910
Chunk 3 checked 20000 divisors; last killed by 1*(fiber 4 minus fiber 1); 
survivors 0; elapsed 278.060
Chunk 3 checked 21000 divisors; last killed by 1*(fiber 4 minus fiber 1); 
survivors 0; elapsed 278.210
Chunk 3 checked 22000 divisors; last killed by 1*(fiber 4 minus fiber 1); 
survivors 0; elapsed 278.350
Chunk 3 checked 23000 divisors; last killed by 1*(fiber 4 minus fiber 1); 
survivors 0; elapsed 278.510
Chunk 3 checked 24000 divisors; last killed by 1*(fiber 4 minus fiber 1); 
survivors 0; elapsed 278.660
Chunk 3 checked 25000 divisors; last killed by 1*(fiber 4 minus fiber 1); 
survivors 0; elapsed 278.800
Chunk 3 checked 26000 divisors; last killed by 1*(fiber 4 minus fiber 1); 
survivors 0; elapsed 302.710
Chunk 3 checked 27000 divisors; last killed by 1*(fiber 4 minus fiber 1); 
survivors 0; elapsed 302.850
Chunk 3 checked 28000 divisors; last killed by 1*(fiber 4 minus fiber 1); 
survivors 0; elapsed 303.000
Chunk 3 checked 29000 divisors; last killed by 1*(fiber 4 minus fiber 1); 
survivors 0; elapsed 303.150
Chunk 3 checked 30000 divisors; last killed by 1*(fiber 4 minus fiber 1); 
survivors 0; elapsed 303.290
Chunk 3 checked 31000 divisors; last killed by 1*(fiber 4 minus fiber 1); 
survivors 0; elapsed 303.430
Chunk 3 checked 32000 divisors; last killed by 1*(fiber 4 minus fiber 1); 
survivors 0; elapsed 303.580
Chunk 3 checked 33000 divisors; last killed by 1*(fiber 4 minus fiber 1); 
survivors 0; elapsed 303.730
Chunk 3 checked 34000 divisors; last killed by 1*(fiber 4 minus fiber 1); 
survivors 0; elapsed 303.870
Chunk 3 checked 35000 divisors; last killed by 1*(fiber 4 minus fiber 1); 
survivors 0; elapsed 304.020
Chunk 3 checked 36000 divisors; last killed by 1*(fiber 4 minus fiber 1); 
survivors 0; elapsed 304.160
Chunk 3 checked 37000 divisors; last killed by 1*(fiber 4 minus fiber 1); 
survivors 0; elapsed 304.310
Chunk 3 checked 38000 divisors; last killed by 1*(fiber 4 minus fiber 1); 
survivors 0; elapsed 304.460
Chunk 3 checked 39000 divisors; last killed by 1*(fiber 4 minus fiber 1); 
survivors 0; elapsed 304.600
Chunk 3 checked 40000 divisors; last killed by 1*(fiber 4 minus fiber 1); 
survivors 0; elapsed 304.750
Chunk 3 checked 41000 divisors; last killed by 1*(fiber 4 minus fiber 1); 
survivors 0; elapsed 304.890
Chunk 3 checked 42000 divisors; last killed by 1*(fiber 4 minus fiber 1); 
survivors 0; elapsed 305.040
Chunk 3 checked 43000 divisors; last killed by 1*(fiber 4 minus fiber 1); 
survivors 0; elapsed 305.190
Chunk 3 checked 44000 divisors; last killed by 1*(fiber 4 minus fiber 1); 
survivors 0; elapsed 305.330
Chunk 3 checked 45000 divisors; last killed by 1*(fiber 4 minus fiber 1); 
survivors 0; elapsed 305.470
Chunk 3 checked 46000 divisors; last killed by 1*(fiber 4 minus fiber 1); 
survivors 0; elapsed 305.610
Chunk 3 checked 47000 divisors; last killed by 1*(fiber 4 minus fiber 1); 
survivors 0; elapsed 305.750
Chunk 3 checked 48000 divisors; last killed by 1*(fiber 4 minus fiber 1); 
survivors 0; elapsed 305.890
Chunk 3 checked 49000 divisors; last killed by 1*(fiber 4 minus fiber 1); 
survivors 0; elapsed 306.030
Chunk 3 checked 50000 divisors; last killed by 1*(fiber 4 minus fiber 1); 
survivors 0; elapsed 306.170
Chunk 3 checked 51000 divisors; last killed by 1*(fiber 4 minus fiber 1); 
survivors 0; elapsed 306.310
Chunk 3 checked 52000 divisors; last killed by 1*(fiber 4 minus fiber 1); 
survivors 0; elapsed 306.450
Chunk 3 checked 53000 divisors; last killed by 1*(fiber 4 minus fiber 1); 
survivors 0; elapsed 306.590
Chunk 3 checked 54000 divisors; last killed by 1*(fiber 4 minus fiber 1); 
survivors 0; elapsed 306.720
Chunk 3 checked 55000 divisors; last killed by 1*(fiber 4 minus fiber 1); 
survivors 0; elapsed 306.860
Chunk 3 checked 56000 divisors; last killed by 1*(fiber 4 minus fiber 1); 
survivors 0; elapsed 307.000
Chunk 3 checked 57000 divisors; last killed by 1*(fiber 4 minus fiber 1); 
survivors 0; elapsed 307.150
Chunk 3 checked 58000 divisors; last killed by 1*(fiber 4 minus fiber 1); 
survivors 0; elapsed 307.330
Chunk 3 checked 59000 divisors; last killed by 1*(fiber 4 minus fiber 1); 
survivors 0; elapsed 307.500
Chunk 3 checked 60000 divisors; last killed by 1*(fiber 4 minus fiber 1); 
survivors 0; elapsed 307.680
Chunk 3 checked 61000 divisors; last killed by 1*(fiber 4 minus fiber 1); 
survivors 0; elapsed 307.840
Chunk 3 checked 62000 divisors; last killed by 1*(fiber 4 minus fiber 1); 
survivors 0; elapsed 307.970
Chunk 3 checked 63000 divisors; last killed by 1*(fiber 4 minus fiber 1); 
survivors 0; elapsed 308.100
Chunk 3 checked 64000 divisors; last killed by 1*(fiber 4 minus fiber 1); 
survivors 0; elapsed 308.230
Chunk 3 checked 65000 divisors; last killed by 1*(fiber 4 minus fiber 1); 
survivors 0; elapsed 308.360
Chunk 3 checked 66000 divisors; last killed by 1*(fiber 4 minus fiber 1); 
survivors 0; elapsed 308.490
Chunk 3 checked 67000 divisors; last killed by 1*(fiber 4 minus fiber 1); 
survivors 0; elapsed 308.620
Chunk 3 checked 68000 divisors; last killed by 1*(fiber 4 minus fiber 1); 
survivors 0; elapsed 308.760
Chunk 3 checked 69000 divisors; last killed by 1*(fiber 4 minus fiber 1); 
survivors 0; elapsed 308.890
Chunk 3 checked 70000 divisors; last killed by 1*(fiber 4 minus fiber 1); 
survivors 0; elapsed 309.020
Chunk 3 checked 71000 divisors; last killed by 1*(fiber 4 minus fiber 1); 
survivors 0; elapsed 309.180
Chunk 3 checked 72000 divisors; last killed by 1*(fiber 4 minus fiber 1); 
survivors 0; elapsed 309.330
Chunk 3 checked 73000 divisors; last killed by 1*(fiber 4 minus fiber 1); 
survivors 0; elapsed 309.480
Chunk 3 checked 74000 divisors; last killed by 1*(fiber 4 minus fiber 1); 
survivors 0; elapsed 309.630
Chunk 3 checked 75000 divisors; last killed by 1*(fiber 4 minus fiber 1); 
survivors 0; elapsed 309.770
Chunk 3 checked 76000 divisors; last killed by 1*(fiber 4 minus fiber 1); 
survivors 0; elapsed 309.920
Chunk 3 checked 77000 divisors; last killed by 1*(fiber 4 minus fiber 1); 
survivors 0; elapsed 310.070
Chunk 3 checked 78000 divisors; last killed by 1*(fiber 4 minus fiber 1); 
survivors 0; elapsed 310.220
Chunk 3 checked 79000 divisors; last killed by 1*(fiber 4 minus fiber 1); 
survivors 0; elapsed 310.360
Chunk 3 checked 80000 divisors; last killed by 1*(fiber 4 minus fiber 1); 
survivors 0; elapsed 310.510
Chunk 3 checked 81000 divisors; last killed by 1*(fiber 4 minus fiber 1); 
survivors 0; elapsed 310.660
Chunk 3 checked 82000 divisors; last killed by 1*(fiber 4 minus fiber 1); 
survivors 0; elapsed 310.810
Chunk 3 checked 83000 divisors; last killed by 1*(fiber 4 minus fiber 1); 
survivors 0; elapsed 310.960
Chunk 3 checked 84000 divisors; last killed by 1*(fiber 4 minus fiber 1); 
survivors 0; elapsed 311.110
Chunk 3 checked 85000 divisors; last killed by 1*(fiber 4 minus fiber 1); 
survivors 0; elapsed 311.260
Chunk 3 checked 86000 divisors; last killed by 1*(fiber 4 minus fiber 1); 
survivors 0; elapsed 311.410
Chunk 3 checked 87000 divisors; last killed by 1*(fiber 4 minus fiber 1); 
survivors 0; elapsed 311.550
Chunk 3 checked 88000 divisors; last killed by 1*(fiber 4 minus fiber 1); 
survivors 0; elapsed 311.700
Chunk 3 checked 89000 divisors; last killed by 1*(fiber 4 minus fiber 1); 
survivors 0; elapsed 311.850
Chunk 3 checked 90000 divisors; last killed by 1*(fiber 4 minus fiber 1); 
survivors 0; elapsed 312.000
Chunk 3 checked 91000 divisors; last killed by 1*(fiber 4 minus fiber 1); 
survivors 0; elapsed 312.140
Chunk 3 checked 92000 divisors; last killed by 1*(fiber 4 minus fiber 1); 
survivors 0; elapsed 312.290
Chunk 3 checked 93000 divisors; last killed by 1*(fiber 4 minus fiber 1); 
survivors 0; elapsed 312.440
Chunk 3 checked 94000 divisors; last killed by 1*(fiber 4 minus fiber 1); 
survivors 0; elapsed 312.590
Chunk 3 checked 95000 divisors; last killed by 1*(fiber 4 minus fiber 1); 
survivors 0; elapsed 312.730
Chunk 3 checked 96000 divisors; last killed by 1*(fiber 4 minus fiber 1); 
survivors 0; elapsed 312.880
Chunk 3 checked 97000 divisors; last killed by 1*(fiber 4 minus fiber 1); 
survivors 0; elapsed 313.030
Chunk 3 checked 98000 divisors; last killed by 1*(fiber 4 minus fiber 1); 
survivors 0; elapsed 313.180
Chunk 3 checked 99000 divisors; last killed by 1*(fiber 4 minus fiber 1); 
survivors 0; elapsed 313.320
Chunk 3 checked 100000 divisors; last killed by 1*(fiber 4 minus fiber 1); 
survivors 0; elapsed 313.470
Chunk 3 checked 101000 divisors; last killed by 1*(fiber 4 minus fiber 1); 
survivors 0; elapsed 313.620
Chunk 3 checked 102000 divisors; last killed by 1*(fiber 4 minus fiber 1); 
survivors 0; elapsed 313.770
Chunk 3 checked 103000 divisors; last killed by 1*(fiber 4 minus fiber 1); 
survivors 0; elapsed 313.920
Chunk 3 checked 104000 divisors; last killed by 1*(fiber 4 minus fiber 1); 
survivors 0; elapsed 314.060
Chunk 3 checked 105000 divisors; last killed by 1*(fiber 4 minus fiber 1); 
survivors 0; elapsed 314.210
Chunk 3 checked 106000 divisors; last killed by 1*(fiber 4 minus fiber 1); 
survivors 0; elapsed 314.360
Chunk 3 checked 107000 divisors; last killed by 1*(fiber 4 minus fiber 1); 
survivors 0; elapsed 314.510
Chunk 3 checked 108000 divisors; last killed by 1*(fiber 4 minus fiber 1); 
survivors 0; elapsed 314.660
Chunk 3 checked 109000 divisors; last killed by 1*(fiber 4 minus fiber 1); 
survivors 0; elapsed 314.800
Chunk 3 checked 110000 divisors; last killed by 1*(fiber 4 minus fiber 1); 
survivors 0; elapsed 314.950
Chunk 3 checked 111000 divisors; last killed by 1*(fiber 4 minus fiber 1); 
survivors 0; elapsed 315.100
Chunk 3 checked 112000 divisors; last killed by 1*(fiber 4 minus fiber 1); 
survivors 0; elapsed 315.250
Chunk 3 checked 113000 divisors; last killed by 1*(fiber 4 minus fiber 1); 
survivors 0; elapsed 315.400
Chunk 3 checked 114000 divisors; last killed by 1*(fiber 4 minus fiber 1); 
survivors 0; elapsed 315.540
Chunk 3 checked 115000 divisors; last killed by 1*(fiber 4 minus fiber 1); 
survivors 0; elapsed 315.680
Chunk 3 checked 116000 divisors; last killed by 1*(fiber 4 minus fiber 1); 
survivors 0; elapsed 315.820
Chunk 3 checked 117000 divisors; last killed by 1*(fiber 4 minus fiber 1); 
survivors 0; elapsed 315.960
Chunk 3 checked 118000 divisors; last killed by 1*(fiber 4 minus fiber 1); 
survivors 0; elapsed 316.100
Chunk 3 checked 119000 divisors; last killed by 1*(fiber 4 minus fiber 1); 
survivors 0; elapsed 316.240
Chunk 3 checked 120000 divisors; last killed by 1*(fiber 4 minus fiber 1); 
survivors 0; elapsed 316.390
Chunk 3 checked 121000 divisors; last killed by 1*(fiber 4 minus fiber 1); 
survivors 0; elapsed 316.530
Chunk 3 checked 122000 divisors; last killed by 1*(fiber 4 minus fiber 1); 
survivors 0; elapsed 316.670
Chunk 3 checked 123000 divisors; last killed by 1*(fiber 4 minus fiber 1); 
survivors 0; elapsed 316.810
Chunk 3 checked 124000 divisors; last killed by 1*(fiber 4 minus fiber 1); 
survivors 0; elapsed 316.940
Chunk 3 checked 125000 divisors; last killed by 1*(fiber 4 minus fiber 1); 
survivors 0; elapsed 317.080
Chunk 3 checked 126000 divisors; last killed by 1*(fiber 4 minus fiber 1); 
survivors 0; elapsed 317.220
Chunk 3 checked 127000 divisors; last killed by 1*(fiber 4 minus fiber 1); 
survivors 0; elapsed 317.370
Chunk 3 checked 128000 divisors; last killed by 1*(fiber 4 minus fiber 1); 
survivors 0; elapsed 317.550
Chunk 3 checked 129000 divisors; last killed by 1*(fiber 4 minus fiber 1); 
survivors 0; elapsed 317.730
Chunk 3 checked 130000 divisors; last killed by 1*(fiber 4 minus fiber 1); 
survivors 0; elapsed 317.900
Chunk 3 checked 131000 divisors; last killed by 1*(fiber 4 minus fiber 1); 
survivors 0; elapsed 318.060
Chunk 3 checked 132000 divisors; last killed by 1*(fiber 4 minus fiber 1); 
survivors 0; elapsed 318.190
Chunk 3 checked 133000 divisors; last killed by 1*(fiber 4 minus fiber 1); 
survivors 0; elapsed 318.320
Chunk 3 checked 134000 divisors; last killed by 1*(fiber 4 minus fiber 1); 
survivors 0; elapsed 318.460
Chunk 3 checked 135000 divisors; last killed by 1*(fiber 4 minus fiber 1); 
survivors 0; elapsed 318.590
Chunk 3 checked 136000 divisors; last killed by 1*(fiber 4 minus fiber 1); 
survivors 0; elapsed 318.720
Chunk 3 checked 137000 divisors; last killed by 1*(fiber 4 minus fiber 1); 
survivors 0; elapsed 318.850
Chunk 3 checked 138000 divisors; last killed by 1*(fiber 4 minus fiber 1); 
survivors 0; elapsed 318.980
Chunk 3 checked 139000 divisors; last killed by 1*(fiber 4 minus fiber 1); 
survivors 0; elapsed 319.110
Chunk 3 checked 140000 divisors; last killed by 1*(fiber 4 minus fiber 1); 
survivors 0; elapsed 319.250
Chunk 3 checked 141000 divisors; last killed by 1*(fiber 4 minus fiber 1); 
survivors 0; elapsed 319.400
Chunk 3 checked 142000 divisors; last killed by 1*(fiber 4 minus fiber 1); 
survivors 0; elapsed 319.560
Chunk 3 checked 143000 divisors; last killed by 1*(fiber 4 minus fiber 1); 
survivors 0; elapsed 319.710
Chunk 3 checked 144000 divisors; last killed by 1*(fiber 4 minus fiber 1); 
survivors 0; elapsed 319.850
Chunk 3 checked 145000 divisors; last killed by 1*(fiber 4 minus fiber 1); 
survivors 0; elapsed 320.000
Chunk 3 checked 146000 divisors; last killed by 1*(fiber 4 minus fiber 1); 
survivors 0; elapsed 320.150
Chunk 3 checked 147000 divisors; last killed by 1*(fiber 4 minus fiber 1); 
survivors 0; elapsed 320.300
Chunk 3 checked 148000 divisors; last killed by 1*(fiber 4 minus fiber 1); 
survivors 0; elapsed 320.450
Chunk 3 checked 149000 divisors; last killed by 1*(fiber 4 minus fiber 1); 
survivors 0; elapsed 320.590
Chunk 3 checked 150000 divisors; last killed by 1*(fiber 4 minus fiber 1); 
survivors 0; elapsed 320.740
Chunk 3 checked 151000 divisors; last killed by 1*(fiber 4 minus fiber 1); 
survivors 0; elapsed 320.890
Chunk 3 checked 152000 divisors; last killed by 1*(fiber 4 minus fiber 1); 
survivors 0; elapsed 321.040
Chunk 3 checked 153000 divisors; last killed by 1*(fiber 4 minus fiber 1); 
survivors 0; elapsed 321.190
Chunk 3 checked 154000 divisors; last killed by 1*(fiber 4 minus fiber 1); 
survivors 0; elapsed 321.340
Chunk 3 checked 155000 divisors; last killed by 1*(fiber 4 minus fiber 1); 
survivors 0; elapsed 321.490
Chunk 3 checked 156000 divisors; last killed by 1*(fiber 4 minus fiber 1); 
survivors 0; elapsed 321.630
Chunk 3 checked 157000 divisors; last killed by 1*(fiber 4 minus fiber 1); 
survivors 0; elapsed 321.780
Chunk 3 checked 158000 divisors; last killed by 1*(fiber 4 minus fiber 1); 
survivors 0; elapsed 321.930
Chunk 3 checked 159000 divisors; last killed by 1*(fiber 4 minus fiber 1); 
survivors 0; elapsed 322.080
Chunk 3 checked 160000 divisors; last killed by 1*(fiber 4 minus fiber 1); 
survivors 0; elapsed 322.230
Chunk 3 checked 161000 divisors; last killed by 1*(fiber 4 minus fiber 1); 
survivors 0; elapsed 322.370
Chunk 3 checked 162000 divisors; last killed by 1*(fiber 4 minus fiber 1); 
survivors 0; elapsed 322.520
Chunk 3 checked 163000 divisors; last killed by 1*(fiber 4 minus fiber 1); 
survivors 0; elapsed 322.670
Chunk 3 checked 164000 divisors; last killed by 1*(fiber 4 minus fiber 1); 
survivors 0; elapsed 322.820
Chunk 3 checked 165000 divisors; last killed by 1*(fiber 4 minus fiber 1); 
survivors 0; elapsed 322.970
Chunk 3 checked 166000 divisors; last killed by 1*(fiber 4 minus fiber 1); 
survivors 0; elapsed 323.110
Chunk 3 checked 167000 divisors; last killed by 1*(fiber 4 minus fiber 1); 
survivors 0; elapsed 323.260
Chunk 3 checked 168000 divisors; last killed by 1*(fiber 4 minus fiber 1); 
survivors 0; elapsed 323.410
Chunk 3 checked 169000 divisors; last killed by 1*(fiber 4 minus fiber 1); 
survivors 0; elapsed 323.560
Chunk 3 checked 170000 divisors; last killed by 1*(fiber 4 minus fiber 1); 
survivors 0; elapsed 323.710
Chunk 3 checked 171000 divisors; last killed by 1*(fiber 4 minus fiber 1); 
survivors 0; elapsed 323.850
Chunk 3 checked 172000 divisors; last killed by 1*(fiber 4 minus fiber 1); 
survivors 0; elapsed 324.000
Chunk 3 checked 173000 divisors; last killed by 1*(fiber 4 minus fiber 1); 
survivors 0; elapsed 324.150
Chunk 3 checked 174000 divisors; last killed by 1*(fiber 4 minus fiber 1); 
survivors 0; elapsed 324.290
Chunk 3 checked 175000 divisors; last killed by 1*(fiber 4 minus fiber 1); 
survivors 0; elapsed 324.440
Chunk 3 checked 176000 divisors; last killed by 1*(fiber 4 minus fiber 1); 
survivors 0; elapsed 324.590
Chunk 3 checked 177000 divisors; last killed by 1*(fiber 4 minus fiber 1); 
survivors 0; elapsed 324.740
Chunk 3 checked 178000 divisors; last killed by 1*(fiber 4 minus fiber 1); 
survivors 0; elapsed 324.880
Chunk 3 checked 179000 divisors; last killed by 1*(fiber 4 minus fiber 1); 
survivors 0; elapsed 325.030
Chunk 3 checked 180000 divisors; last killed by 1*(fiber 4 minus fiber 1); 
survivors 0; elapsed 325.170
Chunk 3 checked 181000 divisors; last killed by 1*(fiber 4 minus fiber 1); 
survivors 0; elapsed 325.310
Chunk 3 checked 182000 divisors; last killed by 1*(fiber 4 minus fiber 1); 
survivors 0; elapsed 325.450
Chunk 3 checked 183000 divisors; last killed by 1*(fiber 4 minus fiber 1); 
survivors 0; elapsed 325.590
Chunk 3 checked 184000 divisors; last killed by 1*(fiber 4 minus fiber 1); 
survivors 0; elapsed 325.730
Chunk 3 checked 185000 divisors; last killed by 1*(fiber 4 minus fiber 1); 
survivors 0; elapsed 325.880
Chunk 3 checked 186000 divisors; last killed by 1*(fiber 4 minus fiber 1); 
survivors 0; elapsed 326.020
Chunk 3 checked 187000 divisors; last killed by 1*(fiber 4 minus fiber 1); 
survivors 0; elapsed 326.160
Chunk 3 checked 188000 divisors; last killed by 1*(fiber 4 minus fiber 1); 
survivors 0; elapsed 326.300
Chunk 3 checked 189000 divisors; last killed by 1*(fiber 4 minus fiber 1); 
survivors 0; elapsed 326.440
Chunk 3 checked 190000 divisors; last killed by 1*(fiber 4 minus fiber 1); 
survivors 0; elapsed 326.580
Chunk 3 checked 191000 divisors; last killed by 1*(fiber 4 minus fiber 1); 
survivors 0; elapsed 326.720
Chunk 3 checked 192000 divisors; last killed by 1*(fiber 4 minus fiber 1); 
survivors 0; elapsed 326.850
Chunk 3 checked 193000 divisors; last killed by 1*(fiber 4 minus fiber 1); 
survivors 0; elapsed 327.030
Chunk 3 checked 194000 divisors; last killed by 1*(fiber 4 minus fiber 1); 
survivors 0; elapsed 327.210
Chunk 3 checked 195000 divisors; last killed by 1*(fiber 4 minus fiber 1); 
survivors 0; elapsed 327.380
Chunk 3 checked 196000 divisors; last killed by 1*(fiber 4 minus fiber 1); 
survivors 0; elapsed 327.550
Chunk 3 checked 197000 divisors; last killed by 1*(fiber 4 minus fiber 1); 
survivors 0; elapsed 327.690
Chunk 3 checked 198000 divisors; last killed by 1*(fiber 4 minus fiber 1); 
survivors 0; elapsed 327.820
Chunk 3 checked 199000 divisors; last killed by 1*(fiber 4 minus fiber 1); 
survivors 0; elapsed 327.950
Chunk 3 checked 200000 divisors; last killed by 1*(fiber 4 minus fiber 1); 
survivors 0; elapsed 328.080
Chunk 3 checked 201000 divisors; last killed by 1*(fiber 4 minus fiber 1); 
survivors 0; elapsed 328.210
Chunk 3 checked 202000 divisors; last killed by 1*(fiber 4 minus fiber 1); 
survivors 0; elapsed 328.340
Chunk 3 checked 203000 divisors; last killed by 1*(fiber 4 minus fiber 1); 
survivors 0; elapsed 328.470
Chunk 3 checked 204000 divisors; last killed by 1*(fiber 4 minus fiber 1); 
survivors 0; elapsed 328.600
Chunk 3 checked 205000 divisors; last killed by 1*(fiber 4 minus fiber 1); 
survivors 0; elapsed 328.730
Chunk 3 checked 206000 divisors; last killed by 1*(fiber 4 minus fiber 1); 
survivors 0; elapsed 328.880
Chunk 3 checked 207000 divisors; last killed by 1*(fiber 4 minus fiber 1); 
survivors 0; elapsed 329.030
Chunk 3 checked 208000 divisors; last killed by 1*(fiber 4 minus fiber 1); 
survivors 0; elapsed 329.180
Chunk 3 checked 209000 divisors; last killed by 1*(fiber 4 minus fiber 1); 
survivors 0; elapsed 329.330
Chunk 3 checked 210000 divisors; last killed by 1*(fiber 4 minus fiber 1); 
survivors 0; elapsed 329.470
Chunk 3 checked 211000 divisors; last killed by 1*(fiber 4 minus fiber 1); 
survivors 0; elapsed 329.620
Chunk 3 checked 212000 divisors; last killed by 1*(fiber 4 minus fiber 1); 
survivors 0; elapsed 329.770
Chunk 3 checked 213000 divisors; last killed by 1*(fiber 4 minus fiber 1); 
survivors 0; elapsed 329.920
Chunk 3 checked 214000 divisors; last killed by 1*(fiber 4 minus fiber 1); 
survivors 0; elapsed 330.060
Chunk 3 checked 215000 divisors; last killed by 1*(fiber 4 minus fiber 1); 
survivors 0; elapsed 330.210
Chunk 3 checked 216000 divisors; last killed by 1*(fiber 4 minus fiber 1); 
survivors 0; elapsed 330.360
Chunk 3 checked 217000 divisors; last killed by 1*(fiber 4 minus fiber 1); 
survivors 0; elapsed 330.510
Chunk 3 checked 218000 divisors; last killed by 1*(fiber 4 minus fiber 1); 
survivors 0; elapsed 330.660
Chunk 3 checked 219000 divisors; last killed by 1*(fiber 4 minus fiber 1); 
survivors 0; elapsed 330.810
Chunk 3 checked 220000 divisors; last killed by 1*(fiber 4 minus fiber 1); 
survivors 0; elapsed 330.960
Chunk 3 checked 221000 divisors; last killed by 1*(fiber 4 minus fiber 1); 
survivors 0; elapsed 331.100
Chunk 3 checked 222000 divisors; last killed by 1*(fiber 4 minus fiber 1); 
survivors 0; elapsed 331.250
Chunk 3 checked 223000 divisors; last killed by 1*(fiber 4 minus fiber 1); 
survivors 0; elapsed 331.400
Chunk 3 checked 224000 divisors; last killed by 1*(fiber 4 minus fiber 1); 
survivors 0; elapsed 331.550
Chunk 3 checked 225000 divisors; last killed by 1*(fiber 4 minus fiber 1); 
survivors 0; elapsed 331.700
Chunk 3 checked 226000 divisors; last killed by 1*(fiber 4 minus fiber 1); 
survivors 0; elapsed 331.850
Chunk 3 checked 227000 divisors; last killed by 1*(fiber 4 minus fiber 1); 
survivors 0; elapsed 331.990
Chunk 3 checked 228000 divisors; last killed by 1*(fiber 4 minus fiber 1); 
survivors 0; elapsed 332.140
Chunk 3 checked 229000 divisors; last killed by 1*(fiber 4 minus fiber 1); 
survivors 0; elapsed 332.290
Chunk 3 checked 230000 divisors; last killed by 1*(fiber 4 minus fiber 1); 
survivors 0; elapsed 332.440
Chunk 3 checked 231000 divisors; last killed by 1*(fiber 4 minus fiber 1); 
survivors 0; elapsed 332.590
Chunk 3 checked 232000 divisors; last killed by 1*(fiber 4 minus fiber 1); 
survivors 0; elapsed 332.730
Chunk 3 checked 233000 divisors; last killed by 1*(fiber 4 minus fiber 1); 
survivors 0; elapsed 332.880
Chunk 3 checked 234000 divisors; last killed by 1*(fiber 4 minus fiber 1); 
survivors 0; elapsed 333.030
Chunk 3 checked 235000 divisors; last killed by 1*(fiber 4 minus fiber 1); 
survivors 0; elapsed 333.180
Chunk 3 checked 236000 divisors; last killed by 1*(fiber 4 minus fiber 1); 
survivors 0; elapsed 333.330
Chunk 3 checked 237000 divisors; last killed by 1*(fiber 4 minus fiber 1); 
survivors 0; elapsed 333.480
Chunk 3 checked 238000 divisors; last killed by 1*(fiber 4 minus fiber 1); 
survivors 0; elapsed 333.630
Chunk 3 checked 239000 divisors; last killed by 1*(fiber 4 minus fiber 1); 
survivors 0; elapsed 333.770
Chunk 3 checked 240000 divisors; last killed by 1*(fiber 4 minus fiber 1); 
survivors 0; elapsed 333.920
Chunk 3 checked 241000 divisors; last killed by 1*(fiber 4 minus fiber 1); 
survivors 0; elapsed 334.060
Chunk 3 checked 242000 divisors; last killed by 1*(fiber 4 minus fiber 1); 
survivors 0; elapsed 334.210
Chunk 3 checked 243000 divisors; last killed by 1*(fiber 4 minus fiber 1); 
survivors 0; elapsed 334.350
Chunk 3 checked 244000 divisors; last killed by 1*(fiber 4 minus fiber 1); 
survivors 0; elapsed 334.490
Chunk 3 checked 245000 divisors; last killed by 1*(fiber 4 minus fiber 1); 
survivors 0; elapsed 334.630
Chunk 3 checked 246000 divisors; last killed by 1*(fiber 4 minus fiber 1); 
survivors 0; elapsed 334.770
Chunk 3 checked 247000 divisors; last killed by 1*(fiber 4 minus fiber 1); 
survivors 0; elapsed 334.920
Chunk 3 checked 248000 divisors; last killed by 1*(fiber 4 minus fiber 1); 
survivors 0; elapsed 335.060
Chunk 3 checked 249000 divisors; last killed by 1*(fiber 4 minus fiber 1); 
survivors 0; elapsed 335.200
Chunk 3 checked 250000 divisors; last killed by 1*(fiber 4 minus fiber 1); 
survivors 0; elapsed 335.340
Chunk 3 checked 251000 divisors; last killed by 1*(fiber 4 minus fiber 1); 
survivors 0; elapsed 335.470
Chunk 3 checked 252000 divisors; last killed by 1*(fiber 4 minus fiber 1); 
survivors 0; elapsed 335.610
Chunk 3 checked 253000 divisors; last killed by 1*(fiber 4 minus fiber 1); 
survivors 0; elapsed 335.750
Chunk 3 checked 254000 divisors; last killed by 1*(fiber 4 minus fiber 1); 
survivors 0; elapsed 335.910
Chunk 3 checked 255000 divisors; last killed by 1*(fiber 4 minus fiber 1); 
survivors 0; elapsed 336.090
Chunk 3 checked 256000 divisors; last killed by 1*(fiber 4 minus fiber 1); 
survivors 0; elapsed 336.270
Chunk 3 checked 257000 divisors; last killed by 1*(fiber 4 minus fiber 1); 
survivors 0; elapsed 336.440
Chunk 3 checked 258000 divisors; last killed by 1*(fiber 4 minus fiber 1); 
survivors 0; elapsed 336.590
Chunk 3 checked 259000 divisors; last killed by 1*(fiber 4 minus fiber 1); 
survivors 0; elapsed 336.720
Chunk 3 checked 260000 divisors; last killed by 1*(fiber 4 minus fiber 1); 
survivors 0; elapsed 336.850
Chunk 3 checked 261000 divisors; last killed by 1*(fiber 4 minus fiber 1); 
survivors 0; elapsed 336.980
Chunk 3 checked 262000 divisors; last killed by 1*(fiber 4 minus fiber 1); 
survivors 0; elapsed 337.110
Chunk 3 checked 263000 divisors; last killed by 1*(fiber 4 minus fiber 1); 
survivors 0; elapsed 337.240
Chunk 3 checked 264000 divisors; last killed by 1*(fiber 4 minus fiber 1); 
survivors 0; elapsed 337.370
Chunk 3 checked 265000 divisors; last killed by 1*(fiber 4 minus fiber 1); 
survivors 0; elapsed 337.500
Chunk 3 checked 266000 divisors; last killed by 1*(fiber 4 minus fiber 1); 
survivors 0; elapsed 337.630
Chunk 3 checked 267000 divisors; last killed by 1*(fiber 4 minus fiber 1); 
survivors 0; elapsed 337.770
Chunk 3 checked 268000 divisors; last killed by 1*(fiber 4 minus fiber 1); 
survivors 0; elapsed 337.920
Chunk 3 checked 269000 divisors; last killed by 1*(fiber 4 minus fiber 1); 
survivors 0; elapsed 338.070
Chunk 3 checked 270000 divisors; last killed by 1*(fiber 4 minus fiber 1); 
survivors 0; elapsed 338.220
Chunk 3 checked 271000 divisors; last killed by 1*(fiber 4 minus fiber 1); 
survivors 0; elapsed 338.370
Chunk 3 checked 272000 divisors; last killed by 1*(fiber 4 minus fiber 1); 
survivors 0; elapsed 338.520
Chunk 3 checked 273000 divisors; last killed by 1*(fiber 4 minus fiber 1); 
survivors 0; elapsed 338.660
Chunk 3 checked 274000 divisors; last killed by 1*(fiber 4 minus fiber 1); 
survivors 0; elapsed 338.810
Chunk 3 checked 275000 divisors; last killed by 1*(fiber 4 minus fiber 1); 
survivors 0; elapsed 338.960
Chunk 3 checked 276000 divisors; last killed by 1*(fiber 4 minus fiber 1); 
survivors 0; elapsed 339.110
Chunk 3 checked 277000 divisors; last killed by 1*(fiber 4 minus fiber 1); 
survivors 0; elapsed 339.250
Chunk 3 checked 278000 divisors; last killed by 1*(fiber 4 minus fiber 1); 
survivors 0; elapsed 339.400
Chunk 3 checked 279000 divisors; last killed by 1*(fiber 4 minus fiber 1); 
survivors 0; elapsed 339.550
Chunk 3 checked 280000 divisors; last killed by 1*(fiber 4 minus fiber 1); 
survivors 0; elapsed 339.690
Chunk 3 checked 281000 divisors; last killed by 1*(fiber 4 minus fiber 1); 
survivors 0; elapsed 339.840
Chunk 3 checked 282000 divisors; last killed by 1*(fiber 4 minus fiber 1); 
survivors 0; elapsed 339.990
Chunk 3 checked 283000 divisors; last killed by 1*(fiber 4 minus fiber 1); 
survivors 0; elapsed 340.140
Chunk 3 checked 284000 divisors; last killed by 1*(fiber 4 minus fiber 1); 
survivors 0; elapsed 340.280
Chunk 3 checked 285000 divisors; last killed by 1*(fiber 4 minus fiber 1); 
survivors 0; elapsed 340.430
Chunk 3 checked 286000 divisors; last killed by 1*(fiber 4 minus fiber 1); 
survivors 0; elapsed 340.580
Chunk 3 checked 287000 divisors; last killed by 1*(fiber 4 minus fiber 1); 
survivors 0; elapsed 340.720
Chunk 3 checked 288000 divisors; last killed by 1*(fiber 4 minus fiber 1); 
survivors 0; elapsed 340.870
Chunk 3 checked 289000 divisors; last killed by 1*(fiber 4 minus fiber 1); 
survivors 0; elapsed 341.020
Chunk 3 checked 290000 divisors; last killed by 1*(fiber 4 minus fiber 1); 
survivors 0; elapsed 341.170
Chunk 3 checked 291000 divisors; last killed by 1*(fiber 4 minus fiber 1); 
survivors 0; elapsed 341.310
Chunk 3 checked 292000 divisors; last killed by 1*(fiber 4 minus fiber 1); 
survivors 0; elapsed 341.460
Chunk 3 checked 293000 divisors; last killed by 1*(fiber 4 minus fiber 1); 
survivors 0; elapsed 341.600
Chunk 3 checked 294000 divisors; last killed by 1*(fiber 4 minus fiber 1); 
survivors 0; elapsed 341.750
Chunk 3 checked 295000 divisors; last killed by 1*(fiber 4 minus fiber 1); 
survivors 0; elapsed 341.900
Chunk 3 checked 296000 divisors; last killed by 1*(fiber 4 minus fiber 1); 
survivors 0; elapsed 342.050
Chunk 3 checked 297000 divisors; last killed by 1*(fiber 4 minus fiber 1); 
survivors 0; elapsed 342.190
Chunk 3 checked 298000 divisors; last killed by 1*(fiber 4 minus fiber 1); 
survivors 0; elapsed 342.340
Chunk 3 checked 299000 divisors; last killed by 1*(fiber 4 minus fiber 1); 
survivors 0; elapsed 342.480
Chunk 3 checked 300000 divisors; last killed by 1*(fiber 4 minus fiber 1); 
survivors 0; elapsed 342.620
Chunk 3 checked 301000 divisors; last killed by 1*(fiber 4 minus fiber 1); 
survivors 0; elapsed 342.760
Chunk 3 checked 302000 divisors; last killed by 1*(fiber 4 minus fiber 1); 
survivors 0; elapsed 342.900
Chunk 3 checked 303000 divisors; last killed by 1*(fiber 4 minus fiber 1); 
survivors 0; elapsed 343.040
Chunk 3 checked 304000 divisors; last killed by 1*(fiber 4 minus fiber 1); 
survivors 0; elapsed 343.190
Chunk 3 checked 305000 divisors; last killed by 1*(fiber 4 minus fiber 1); 
survivors 0; elapsed 343.330
Chunk 3 checked 306000 divisors; last killed by 1*(fiber 4 minus fiber 1); 
survivors 0; elapsed 343.470
Chunk 3 checked 307000 divisors; last killed by 1*(fiber 4 minus fiber 1); 
survivors 0; elapsed 343.610
Chunk 3 checked 308000 divisors; last killed by 1*(fiber 4 minus fiber 1); 
survivors 0; elapsed 343.740
Chunk 3 checked 309000 divisors; last killed by 1*(fiber 4 minus fiber 1); 
survivors 0; elapsed 343.880
Chunk 3 checked 310000 divisors; last killed by 1*(fiber 4 minus fiber 1); 
survivors 0; elapsed 344.020
Chunk 3 checked 311000 divisors; last killed by 1*(fiber 4 minus fiber 1); 
survivors 0; elapsed 344.200
Chunk 3 checked 312000 divisors; last killed by 1*(fiber 4 minus fiber 1); 
survivors 0; elapsed 344.380
Chunk 3 checked 313000 divisors; last killed by 1*(fiber 4 minus fiber 1); 
survivors 0; elapsed 344.550
Chunk 3 checked 314000 divisors; last killed by 1*(fiber 4 minus fiber 1); 
survivors 0; elapsed 344.720
Chunk 3 checked 315000 divisors; last killed by 1*(fiber 4 minus fiber 1); 
survivors 0; elapsed 344.860
Chunk 3 checked 316000 divisors; last killed by 1*(fiber 4 minus fiber 1); 
survivors 0; elapsed 344.990
Chunk 3 checked 317000 divisors; last killed by 1*(fiber 4 minus fiber 1); 
survivors 0; elapsed 345.120
Chunk 3 checked 318000 divisors; last killed by 1*(fiber 4 minus fiber 1); 
survivors 0; elapsed 345.250
Chunk 3 checked 319000 divisors; last killed by 1*(fiber 4 minus fiber 1); 
survivors 0; elapsed 345.380
Chunk 3 checked 320000 divisors; last killed by 1*(fiber 4 minus fiber 1); 
survivors 0; elapsed 345.510
Chunk 3 checked 321000 divisors; last killed by 1*(fiber 4 minus fiber 1); 
survivors 0; elapsed 345.640
Chunk 3 checked 322000 divisors; last killed by 1*(fiber 4 minus fiber 1); 
survivors 0; elapsed 345.770
Chunk 3 checked 323000 divisors; last killed by 1*(fiber 4 minus fiber 1); 
survivors 0; elapsed 345.910
Chunk 3 checked 324000 divisors; last killed by 1*(fiber 4 minus fiber 1); 
survivors 0; elapsed 346.060
Chunk 3 checked 325000 divisors; last killed by 1*(fiber 4 minus fiber 1); 
survivors 0; elapsed 346.210
Chunk 3 checked 326000 divisors; last killed by 1*(fiber 4 minus fiber 1); 
survivors 0; elapsed 346.360
Chunk 3 checked 327000 divisors; last killed by 1*(fiber 4 minus fiber 1); 
survivors 0; elapsed 346.510
Chunk 3 checked 328000 divisors; last killed by 1*(fiber 4 minus fiber 1); 
survivors 0; elapsed 346.650
Chunk 3 checked 329000 divisors; last killed by 1*(fiber 4 minus fiber 1); 
survivors 0; elapsed 346.800
Chunk 3 checked 330000 divisors; last killed by 1*(fiber 4 minus fiber 1); 
survivors 0; elapsed 346.950
Chunk 3 checked 331000 divisors; last killed by 1*(fiber 4 minus fiber 1); 
survivors 0; elapsed 347.100
Chunk 3 checked 332000 divisors; last killed by 1*(fiber 4 minus fiber 1); 
survivors 0; elapsed 373.270
Chunk 3 checked 333000 divisors; last killed by 1*(fiber 4 minus fiber 1); 
survivors 0; elapsed 373.420
Chunk 3 checked 334000 divisors; last killed by 1*(fiber 4 minus fiber 1); 
survivors 0; elapsed 373.560
Chunk 3 checked 335000 divisors; last killed by 1*(fiber 4 minus fiber 1); 
survivors 0; elapsed 373.710
Chunk 3 checked 336000 divisors; last killed by 1*(fiber 4 minus fiber 1); 
survivors 0; elapsed 373.860
Chunk 3 checked 337000 divisors; last killed by 1*(fiber 4 minus fiber 1); 
survivors 0; elapsed 374.010
Chunk 3 checked 338000 divisors; last killed by 1*(fiber 4 minus fiber 1); 
survivors 0; elapsed 374.160
Chunk 3 checked 339000 divisors; last killed by 1*(fiber 4 minus fiber 1); 
survivors 0; elapsed 374.300
Chunk 3 checked 340000 divisors; last killed by 1*(fiber 4 minus fiber 1); 
survivors 0; elapsed 374.450
Chunk 3 checked 341000 divisors; last killed by 1*(fiber 4 minus fiber 1); 
survivors 0; elapsed 374.600
Chunk 3 checked 342000 divisors; last killed by 1*(fiber 4 minus fiber 1); 
survivors 0; elapsed 374.740
Chunk 3 checked 343000 divisors; last killed by 1*(fiber 4 minus fiber 1); 
survivors 0; elapsed 374.890
Chunk 3 checked 344000 divisors; last killed by 1*(fiber 4 minus fiber 1); 
survivors 0; elapsed 375.040
Chunk 3 checked 345000 divisors; last killed by 1*(fiber 4 minus fiber 1); 
survivors 0; elapsed 375.180
Chunk 3 checked 346000 divisors; last killed by 1*(fiber 4 minus fiber 1); 
survivors 0; elapsed 375.330
Chunk 3 checked 347000 divisors; last killed by 1*(fiber 4 minus fiber 1); 
survivors 0; elapsed 375.480
Chunk 3 checked 348000 divisors; last killed by 1*(fiber 4 minus fiber 1); 
survivors 0; elapsed 375.630
Chunk 3 checked 349000 divisors; last killed by 1*(fiber 4 minus fiber 1); 
survivors 0; elapsed 375.770
Chunk 3 checked 350000 divisors; last killed by 1*(fiber 4 minus fiber 1); 
survivors 0; elapsed 375.920
Chunk 3 checked 351000 divisors; last killed by 1*(fiber 4 minus fiber 1); 
survivors 0; elapsed 376.060
Chunk 3 checked 352000 divisors; last killed by 1*(fiber 4 minus fiber 1); 
survivors 0; elapsed 376.200
Chunk 3 checked 353000 divisors; last killed by 1*(fiber 4 minus fiber 1); 
survivors 0; elapsed 376.340
Chunk 3 checked 354000 divisors; last killed by 1*(fiber 4 minus fiber 1); 
survivors 0; elapsed 376.480
Chunk 3 checked 355000 divisors; last killed by 1*(fiber 4 minus fiber 1); 
survivors 0; elapsed 376.620
Chunk 3 checked 356000 divisors; last killed by 1*(fiber 4 minus fiber 1); 
survivors 0; elapsed 376.760
Chunk 3 checked 357000 divisors; last killed by 1*(fiber 4 minus fiber 1); 
survivors 0; elapsed 376.910
Chunk 3 checked 358000 divisors; last killed by 1*(fiber 4 minus fiber 1); 
survivors 0; elapsed 377.040
Chunk 3 checked 359000 divisors; last killed by 1*(fiber 4 minus fiber 1); 
survivors 0; elapsed 377.180
Chunk 3 checked 360000 divisors; last killed by 1*(fiber 4 minus fiber 1); 
survivors 0; elapsed 377.320
Chunk 3 checked 361000 divisors; last killed by 1*(fiber 4 minus fiber 1); 
survivors 0; elapsed 377.460
Chunk 3 checked 362000 divisors; last killed by 1*(fiber 4 minus fiber 1); 
survivors 0; elapsed 377.600
Chunk 3 checked 363000 divisors; last killed by 1*(fiber 4 minus fiber 1); 
survivors 0; elapsed 377.760
Chunk 3 checked 364000 divisors; last killed by 1*(fiber 4 minus fiber 1); 
survivors 0; elapsed 377.940
Chunk 3 checked 365000 divisors; last killed by 1*(fiber 4 minus fiber 1); 
survivors 0; elapsed 378.110
Chunk 3 checked 366000 divisors; last killed by 1*(fiber 4 minus fiber 1); 
survivors 0; elapsed 378.290
Chunk 3 checked 367000 divisors; last killed by 1*(fiber 4 minus fiber 1); 
survivors 0; elapsed 378.440
Chunk 3 checked 368000 divisors; last killed by 1*(fiber 4 minus fiber 1); 
survivors 0; elapsed 378.570
Chunk 3 checked 369000 divisors; last killed by 1*(fiber 4 minus fiber 1); 
survivors 0; elapsed 378.700
Chunk 3 checked 370000 divisors; last killed by 1*(fiber 4 minus fiber 1); 
survivors 0; elapsed 378.830
Chunk 3 checked 371000 divisors; last killed by 1*(fiber 4 minus fiber 1); 
survivors 0; elapsed 378.960
Chunk 3 checked 372000 divisors; last killed by 1*(fiber 4 minus fiber 1); 
survivors 0; elapsed 379.090
Chunk 3 checked 373000 divisors; last killed by 1*(fiber 4 minus fiber 1); 
survivors 0; elapsed 379.220
Chunk 3 checked 374000 divisors; last killed by 1*(fiber 4 minus fiber 1); 
survivors 0; elapsed 379.350
Chunk 3 checked 375000 divisors; last killed by 1*(fiber 4 minus fiber 1); 
survivors 0; elapsed 379.480
Chunk 3 checked 376000 divisors; last killed by 1*(fiber 4 minus fiber 1); 
survivors 0; elapsed 379.620
Chunk 3 checked 377000 divisors; last killed by 1*(fiber 4 minus fiber 1); 
survivors 0; elapsed 379.770
Chunk 3 checked 378000 divisors; last killed by 1*(fiber 4 minus fiber 1); 
survivors 0; elapsed 379.920
Chunk 3 checked 379000 divisors; last killed by 1*(fiber 4 minus fiber 1); 
survivors 0; elapsed 380.070
Chunk 3 checked 380000 divisors; last killed by 1*(fiber 4 minus fiber 1); 
survivors 0; elapsed 380.210
Chunk 3 checked 381000 divisors; last killed by 1*(fiber 4 minus fiber 1); 
survivors 0; elapsed 380.360
Chunk 3 checked 382000 divisors; last killed by 1*(fiber 4 minus fiber 1); 
survivors 0; elapsed 380.510
Chunk 3 checked 383000 divisors; last killed by 1*(fiber 4 minus fiber 1); 
survivors 0; elapsed 380.650
Chunk 3 checked 384000 divisors; last killed by 1*(fiber 4 minus fiber 1); 
survivors 0; elapsed 380.800
Chunk 3 checked 385000 divisors; last killed by 1*(fiber 4 minus fiber 1); 
survivors 0; elapsed 380.940
Chunk 3 checked 386000 divisors; last killed by 1*(fiber 4 minus fiber 1); 
survivors 0; elapsed 381.090
Chunk 3 checked 387000 divisors; last killed by 1*(fiber 4 minus fiber 1); 
survivors 0; elapsed 381.240
Chunk 3 checked 388000 divisors; last killed by 1*(fiber 4 minus fiber 1); 
survivors 0; elapsed 381.390
Chunk 3 checked 389000 divisors; last killed by 1*(fiber 4 minus fiber 1); 
survivors 0; elapsed 381.530
Chunk 3 checked 390000 divisors; last killed by 1*(fiber 4 minus fiber 1); 
survivors 0; elapsed 381.680
Chunk 3 checked 391000 divisors; last killed by 1*(fiber 4 minus fiber 1); 
survivors 0; elapsed 381.830
Chunk 3 checked 392000 divisors; last killed by 1*(fiber 4 minus fiber 1); 
survivors 0; elapsed 381.980
Chunk 3 checked 393000 divisors; last killed by 1*(fiber 4 minus fiber 1); 
survivors 0; elapsed 382.120
Chunk 3 checked 394000 divisors; last killed by 1*(fiber 4 minus fiber 1); 
survivors 0; elapsed 382.270
Chunk 3 checked 395000 divisors; last killed by 1*(fiber 4 minus fiber 1); 
survivors 0; elapsed 382.420
Chunk 3 checked 396000 divisors; last killed by 1*(fiber 4 minus fiber 1); 
survivors 0; elapsed 382.570
Chunk 3 checked 397000 divisors; last killed by 1*(fiber 4 minus fiber 1); 
survivors 0; elapsed 382.710
Chunk 3 checked 398000 divisors; last killed by 1*(fiber 4 minus fiber 1); 
survivors 0; elapsed 382.860
Chunk 3 checked 399000 divisors; last killed by 1*(fiber 4 minus fiber 1); 
survivors 0; elapsed 383.000
Chunk 3 checked 400000 divisors; last killed by 1*(fiber 4 minus fiber 1); 
survivors 0; elapsed 383.140
Chunk 3 checked 401000 divisors; last killed by 1*(fiber 4 minus fiber 1); 
survivors 0; elapsed 383.280
Chunk 3 checked 402000 divisors; last killed by 1*(fiber 4 minus fiber 1); 
survivors 0; elapsed 383.420
Chunk 3 checked 403000 divisors; last killed by 1*(fiber 4 minus fiber 1); 
survivors 0; elapsed 383.570
Chunk 3 checked 404000 divisors; last killed by 1*(fiber 4 minus fiber 1); 
survivors 0; elapsed 383.710
Chunk 3 checked 405000 divisors; last killed by 1*(fiber 4 minus fiber 1); 
survivors 0; elapsed 383.850
Chunk 3 checked 406000 divisors; last killed by 1*(fiber 4 minus fiber 1); 
survivors 0; elapsed 383.990
Chunk 3 checked 407000 divisors; last killed by 1*(fiber 4 minus fiber 1); 
survivors 0; elapsed 384.130
Chunk 3 checked 408000 divisors; last killed by 1*(fiber 4 minus fiber 1); 
survivors 0; elapsed 384.260
Chunk 3 checked 409000 divisors; last killed by 1*(fiber 4 minus fiber 1); 
survivors 0; elapsed 384.400
Chunk 3 checked 410000 divisors; last killed by 1*(fiber 4 minus fiber 1); 
survivors 0; elapsed 384.540
Chunk 3 checked 411000 divisors; last killed by 1*(fiber 4 minus fiber 1); 
survivors 0; elapsed 384.700
Chunk 3 checked 412000 divisors; last killed by 1*(fiber 4 minus fiber 1); 
survivors 0; elapsed 384.880
Chunk 3 checked 413000 divisors; last killed by 1*(fiber 4 minus fiber 1); 
survivors 0; elapsed 385.060
Chunk 3 checked 414000 divisors; last killed by 1*(fiber 4 minus fiber 1); 
survivors 0; elapsed 385.230
Chunk 3 checked 415000 divisors; last killed by 1*(fiber 4 minus fiber 1); 
survivors 0; elapsed 385.390
Chunk 3 checked 416000 divisors; last killed by 1*(fiber 4 minus fiber 1); 
survivors 0; elapsed 385.520
Chunk 3 checked 417000 divisors; last killed by 1*(fiber 4 minus fiber 1); 
survivors 0; elapsed 385.660
Chunk 3 checked 418000 divisors; last killed by 1*(fiber 4 minus fiber 1); 
survivors 0; elapsed 385.790
Chunk 3 checked 419000 divisors; last killed by 1*(fiber 4 minus fiber 1); 
survivors 0; elapsed 385.920
Chunk 3 checked 420000 divisors; last killed by 1*(fiber 4 minus fiber 1); 
survivors 0; elapsed 386.050
Chunk 3 checked 421000 divisors; last killed by 1*(fiber 4 minus fiber 1); 
survivors 0; elapsed 386.180
Chunk 3 checked 422000 divisors; last killed by 1*(fiber 4 minus fiber 1); 
survivors 0; elapsed 386.310
Chunk 3 checked 423000 divisors; last killed by 1*(fiber 4 minus fiber 1); 
survivors 0; elapsed 386.450
Chunk 3 checked 424000 divisors; last killed by 1*(fiber 4 minus fiber 1); 
survivors 0; elapsed 386.590
Chunk 3 checked 425000 divisors; last killed by 1*(fiber 4 minus fiber 1); 
survivors 0; elapsed 386.740
Chunk 3 checked 426000 divisors; last killed by 1*(fiber 4 minus fiber 1); 
survivors 0; elapsed 386.890
Chunk 3 checked 427000 divisors; last killed by 1*(fiber 4 minus fiber 1); 
survivors 0; elapsed 387.040
Chunk 3 checked 428000 divisors; last killed by 1*(fiber 4 minus fiber 1); 
survivors 0; elapsed 387.190
Chunk 3 checked 429000 divisors; last killed by 1*(fiber 4 minus fiber 1); 
survivors 0; elapsed 387.340
Chunk 3 checked 430000 divisors; last killed by 1*(fiber 4 minus fiber 1); 
survivors 0; elapsed 387.490
Chunk 3 checked 431000 divisors; last killed by 1*(fiber 4 minus fiber 1); 
survivors 0; elapsed 387.640
Chunk 3 checked 432000 divisors; last killed by 1*(fiber 4 minus fiber 1); 
survivors 0; elapsed 387.790
Chunk 3 checked 433000 divisors; last killed by 1*(fiber 4 minus fiber 1); 
survivors 0; elapsed 387.940
Chunk 3 checked 434000 divisors; last killed by 1*(fiber 4 minus fiber 1); 
survivors 0; elapsed 388.090
Chunk 3 checked 435000 divisors; last killed by 1*(fiber 4 minus fiber 1); 
survivors 0; elapsed 388.240
Chunk 3 checked 436000 divisors; last killed by 1*(fiber 4 minus fiber 1); 
survivors 0; elapsed 388.390
Chunk 3 checked 437000 divisors; last killed by 1*(fiber 4 minus fiber 1); 
survivors 0; elapsed 388.530
Chunk 3 checked 438000 divisors; last killed by 1*(fiber 4 minus fiber 1); 
survivors 0; elapsed 388.680
Chunk 3 checked 439000 divisors; last killed by 1*(fiber 4 minus fiber 1); 
survivors 0; elapsed 388.830
Chunk 3 checked 440000 divisors; last killed by 1*(fiber 4 minus fiber 1); 
survivors 0; elapsed 388.980
Chunk 3 checked 441000 divisors; last killed by 1*(fiber 4 minus fiber 1); 
survivors 0; elapsed 389.130
Chunk 3 checked 442000 divisors; last killed by 1*(fiber 4 minus fiber 1); 
survivors 0; elapsed 389.280
Chunk 3 checked 443000 divisors; last killed by 1*(fiber 4 minus fiber 1); 
survivors 0; elapsed 389.420
Chunk 3 checked 444000 divisors; last killed by 1*(fiber 4 minus fiber 1); 
survivors 0; elapsed 389.560
Chunk 3 checked 445000 divisors; last killed by 1*(fiber 4 minus fiber 1); 
survivors 0; elapsed 389.710
Chunk 3 checked 446000 divisors; last killed by 1*(fiber 4 minus fiber 1); 
survivors 0; elapsed 389.850
Chunk 3 checked 447000 divisors; last killed by 1*(fiber 4 minus fiber 1); 
survivors 0; elapsed 389.990
Chunk 3 checked 448000 divisors; last killed by 1*(fiber 4 minus fiber 1); 
survivors 0; elapsed 390.140
Chunk 3 checked 449000 divisors; last killed by 1*(fiber 4 minus fiber 1); 
survivors 0; elapsed 390.290
Chunk 3 checked 450000 divisors; last killed by 1*(fiber 4 minus fiber 1); 
survivors 0; elapsed 390.430
Chunk 3 checked 451000 divisors; last killed by 1*(fiber 4 minus fiber 1); 
survivors 0; elapsed 390.570
Chunk 3 checked 452000 divisors; last killed by 1*(fiber 4 minus fiber 1); 
survivors 0; elapsed 390.710
Chunk 3 checked 453000 divisors; last killed by 1*(fiber 4 minus fiber 1); 
survivors 0; elapsed 390.850
Chunk 3 checked 454000 divisors; last killed by 1*(fiber 4 minus fiber 1); 
survivors 0; elapsed 390.980
Chunk 3 checked 455000 divisors; last killed by 1*(fiber 4 minus fiber 1); 
survivors 0; elapsed 391.160
Chunk 3 checked 456000 divisors; last killed by 1*(fiber 4 minus fiber 1); 
survivors 0; elapsed 391.340
Chunk 3 checked 457000 divisors; last killed by 1*(fiber 4 minus fiber 1); 
survivors 0; elapsed 391.520
Chunk 3 checked 458000 divisors; last killed by 1*(fiber 4 minus fiber 1); 
survivors 0; elapsed 391.690
Chunk 3 checked 459000 divisors; last killed by 1*(fiber 4 minus fiber 1); 
survivors 0; elapsed 391.840
Chunk 3 checked 460000 divisors; last killed by 1*(fiber 4 minus fiber 1); 
survivors 0; elapsed 391.970
Chunk 3 checked 461000 divisors; last killed by 1*(fiber 4 minus fiber 1); 
survivors 0; elapsed 392.100
Chunk 3 checked 462000 divisors; last killed by 1*(fiber 4 minus fiber 1); 
survivors 0; elapsed 392.230
Chunk 3 checked 463000 divisors; last killed by 1*(fiber 4 minus fiber 1); 
survivors 0; elapsed 392.360
Chunk 3 checked 464000 divisors; last killed by 1*(fiber 4 minus fiber 1); 
survivors 0; elapsed 392.490
Chunk 3 checked 465000 divisors; last killed by 1*(fiber 4 minus fiber 1); 
survivors 0; elapsed 392.630
Chunk 3 checked 466000 divisors; last killed by 1*(fiber 4 minus fiber 1); 
survivors 0; elapsed 392.760
Chunk 3 checked 467000 divisors; last killed by 1*(fiber 4 minus fiber 1); 
survivors 0; elapsed 392.890
Chunk 3 checked 468000 divisors; last killed by 1*(fiber 4 minus fiber 1); 
survivors 0; elapsed 393.040
Chunk 3 checked 469000 divisors; last killed by 1*(fiber 4 minus fiber 1); 
survivors 0; elapsed 393.190
Chunk 3 checked 470000 divisors; last killed by 1*(fiber 4 minus fiber 1); 
survivors 0; elapsed 393.340
Chunk 3 checked 471000 divisors; last killed by 1*(fiber 4 minus fiber 1); 
survivors 0; elapsed 393.490
Chunk 3 checked 472000 divisors; last killed by 1*(fiber 4 minus fiber 1); 
survivors 0; elapsed 393.640
Chunk 3 checked 473000 divisors; last killed by 1*(fiber 4 minus fiber 1); 
survivors 0; elapsed 393.790
Chunk 3 checked 474000 divisors; last killed by 1*(fiber 4 minus fiber 1); 
survivors 0; elapsed 393.940
Chunk 3 checked 475000 divisors; last killed by 1*(fiber 4 minus fiber 1); 
survivors 0; elapsed 394.090
Chunk 3 checked 476000 divisors; last killed by 1*(fiber 4 minus fiber 1); 
survivors 0; elapsed 394.230
Chunk 3 checked 477000 divisors; last killed by 1*(fiber 4 minus fiber 1); 
survivors 0; elapsed 394.380
Chunk 3 checked 478000 divisors; last killed by 1*(fiber 4 minus fiber 1); 
survivors 0; elapsed 394.530
Chunk 3 checked 479000 divisors; last killed by 1*(fiber 4 minus fiber 1); 
survivors 0; elapsed 394.680
Chunk 3 checked 480000 divisors; last killed by 1*(fiber 4 minus fiber 1); 
survivors 0; elapsed 394.830
Chunk 3 checked 481000 divisors; last killed by 1*(fiber 4 minus fiber 1); 
survivors 0; elapsed 394.980
Chunk 3 checked 482000 divisors; last killed by 1*(fiber 4 minus fiber 1); 
survivors 0; elapsed 395.120
Chunk 3 checked 483000 divisors; last killed by 1*(fiber 4 minus fiber 1); 
survivors 0; elapsed 395.260
Chunk 3 checked 484000 divisors; last killed by 1*(fiber 4 minus fiber 1); 
survivors 0; elapsed 395.410
Chunk 3 checked 485000 divisors; last killed by 1*(fiber 4 minus fiber 1); 
survivors 0; elapsed 395.540
Chunk 3 checked 486000 divisors; last killed by 1*(fiber 4 minus fiber 1); 
survivors 0; elapsed 395.690
Chunk 3 checked 487000 divisors; last killed by 1*(fiber 4 minus fiber 1); 
survivors 0; elapsed 395.830
Chunk 3 checked 488000 divisors; last killed by 1*(fiber 4 minus fiber 1); 
survivors 0; elapsed 395.980
Chunk 3 checked 489000 divisors; last killed by 1*(fiber 4 minus fiber 1); 
survivors 0; elapsed 396.120
Chunk 3 checked 490000 divisors; last killed by 1*(fiber 4 minus fiber 1); 
survivors 0; elapsed 396.250
Chunk 3 checked 491000 divisors; last killed by 1*(fiber 4 minus fiber 1); 
survivors 0; elapsed 396.390
Chunk 3 checked 492000 divisors; last killed by 1*(fiber 4 minus fiber 1); 
survivors 0; elapsed 396.530
Chunk 3 checked 493000 divisors; last killed by 1*(fiber 4 minus fiber 1); 
survivors 0; elapsed 396.670
Chunk 3 checked 494000 divisors; last killed by 1*(fiber 4 minus fiber 1); 
survivors 0; elapsed 396.820
Chunk 3 checked 495000 divisors; last killed by 1*(fiber 4 minus fiber 1); 
survivors 0; elapsed 397.000
Chunk 3 checked 496000 divisors; last killed by 1*(fiber 4 minus fiber 1); 
survivors 0; elapsed 397.180
Chunk 3 checked 497000 divisors; last killed by 1*(fiber 4 minus fiber 1); 
survivors 0; elapsed 397.350
Chunk 3 checked 498000 divisors; last killed by 1*(fiber 4 minus fiber 1); 
survivors 0; elapsed 397.510
Chunk 3 checked 499000 divisors; last killed by 1*(fiber 4 minus fiber 1); 
survivors 0; elapsed 397.640
Chunk 3 checked 500000 divisors; last killed by 1*(fiber 4 minus fiber 1); 
survivors 0; elapsed 397.770
Chunk 3 checked 501000 divisors; last killed by 1*(fiber 4 minus fiber 1); 
survivors 0; elapsed 397.900
Chunk 3 checked 502000 divisors; last killed by 1*(fiber 4 minus fiber 1); 
survivors 0; elapsed 398.030
Chunk 3 checked 503000 divisors; last killed by 1*(fiber 4 minus fiber 1); 
survivors 0; elapsed 398.160
Chunk 3 checked 504000 divisors; last killed by 1*(fiber 4 minus fiber 1); 
survivors 0; elapsed 398.290
Chunk 3 checked 505000 divisors; last killed by 1*(fiber 4 minus fiber 1); 
survivors 0; elapsed 398.430
Chunk 3 checked 506000 divisors; last killed by 1*(fiber 4 minus fiber 1); 
survivors 0; elapsed 398.560
Chunk 3 checked 507000 divisors; last killed by 1*(fiber 4 minus fiber 1); 
survivors 0; elapsed 398.700
Chunk 3 checked 508000 divisors; last killed by 1*(fiber 4 minus fiber 1); 
survivors 0; elapsed 398.850
Chunk 3 checked 509000 divisors; last killed by 1*(fiber 4 minus fiber 1); 
survivors 0; elapsed 399.000
Chunk 3 checked 510000 divisors; last killed by 1*(fiber 4 minus fiber 1); 
survivors 0; elapsed 399.160
Chunk 3 checked 511000 divisors; last killed by 1*(fiber 4 minus fiber 1); 
survivors 0; elapsed 399.300
Chunk 3 checked 512000 divisors; last killed by 1*(fiber 4 minus fiber 1); 
survivors 0; elapsed 399.450
Chunk 3 checked 513000 divisors; last killed by 1*(fiber 4 minus fiber 1); 
survivors 0; elapsed 399.600
Chunk 3 checked 514000 divisors; last killed by 1*(fiber 4 minus fiber 1); 
survivors 0; elapsed 399.750
Chunk 3 checked 515000 divisors; last killed by 1*(fiber 4 minus fiber 1); 
survivors 0; elapsed 399.900
Chunk 3 checked 516000 divisors; last killed by 1*(fiber 4 minus fiber 1); 
survivors 0; elapsed 400.040
Chunk 3 checked 517000 divisors; last killed by 1*(fiber 4 minus fiber 1); 
survivors 0; elapsed 400.180
Chunk 3 checked 518000 divisors; last killed by 1*(fiber 4 minus fiber 1); 
survivors 0; elapsed 400.330
Chunk 3 checked 519000 divisors; last killed by 1*(fiber 4 minus fiber 1); 
survivors 0; elapsed 400.470
Chunk 3 checked 520000 divisors; last killed by 1*(fiber 4 minus fiber 1); 
survivors 0; elapsed 400.610
Chunk 3 checked 521000 divisors; last killed by 1*(fiber 4 minus fiber 1); 
survivors 0; elapsed 400.750
Chunk 3 checked 522000 divisors; last killed by 1*(fiber 4 minus fiber 1); 
survivors 0; elapsed 400.900
Chunk 3 checked 523000 divisors; last killed by 1*(fiber 4 minus fiber 1); 
survivors 0; elapsed 401.040
Chunk 3 checked 524000 divisors; last killed by 1*(fiber 4 minus fiber 1); 
survivors 0; elapsed 401.180
Chunk 3 checked 525000 divisors; last killed by 1*(fiber 4 minus fiber 1); 
survivors 0; elapsed 401.320
Chunk 3 checked 526000 divisors; last killed by 1*(fiber 4 minus fiber 1); 
survivors 0; elapsed 401.460
Chunk 3 checked 527000 divisors; last killed by 1*(fiber 4 minus fiber 1); 
survivors 0; elapsed 401.600
Chunk 3 checked 528000 divisors; last killed by 1*(fiber 4 minus fiber 1); 
survivors 0; elapsed 401.730
Chunk 3 checked 529000 divisors; last killed by 1*(fiber 4 minus fiber 1); 
survivors 0; elapsed 401.900
Chunk 3 checked 530000 divisors; last killed by 1*(fiber 4 minus fiber 1); 
survivors 0; elapsed 402.080
Chunk 3 checked 531000 divisors; last killed by 1*(fiber 4 minus fiber 1); 
survivors 0; elapsed 402.250
Chunk 3 checked 532000 divisors; last killed by 1*(fiber 4 minus fiber 1); 
survivors 0; elapsed 402.430
Chunk 3 checked 533000 divisors; last killed by 1*(fiber 4 minus fiber 1); 
survivors 0; elapsed 402.590
Chunk 3 checked 534000 divisors; last killed by 1*(fiber 4 minus fiber 1); 
survivors 0; elapsed 402.720
Chunk 3 checked 535000 divisors; last killed by 1*(fiber 4 minus fiber 1); 
survivors 0; elapsed 402.850
Chunk 3 checked 536000 divisors; last killed by 1*(fiber 4 minus fiber 1); 
survivors 0; elapsed 402.980
Chunk 3 checked 537000 divisors; last killed by 1*(fiber 4 minus fiber 1); 
survivors 0; elapsed 403.110
Chunk 3 checked 538000 divisors; last killed by 1*(fiber 4 minus fiber 1); 
survivors 0; elapsed 403.240
Chunk 3 checked 539000 divisors; last killed by 1*(fiber 4 minus fiber 1); 
survivors 0; elapsed 403.370
Chunk 3 checked 540000 divisors; last killed by 1*(fiber 4 minus fiber 1); 
survivors 0; elapsed 403.500
Chunk 3 checked 541000 divisors; last killed by 1*(fiber 4 minus fiber 1); 
survivors 0; elapsed 403.630
Chunk 3 checked 542000 divisors; last killed by 1*(fiber 4 minus fiber 1); 
survivors 0; elapsed 403.770
Chunk 3 checked 543000 divisors; last killed by 1*(fiber 4 minus fiber 1); 
survivors 0; elapsed 403.930
Chunk 3 checked 544000 divisors; last killed by 1*(fiber 4 minus fiber 1); 
survivors 0; elapsed 404.080
Chunk 3 checked 545000 divisors; last killed by 1*(fiber 4 minus fiber 1); 
survivors 0; elapsed 404.230
Chunk 3 checked 546000 divisors; last killed by 1*(fiber 4 minus fiber 1); 
survivors 0; elapsed 404.380
Chunk 3 checked 547000 divisors; last killed by 1*(fiber 4 minus fiber 1); 
survivors 0; elapsed 404.520
Chunk 3 checked 548000 divisors; last killed by 1*(fiber 4 minus fiber 1); 
survivors 0; elapsed 404.670
Chunk 3 checked 549000 divisors; last killed by 1*(fiber 4 minus fiber 1); 
survivors 0; elapsed 404.810
Chunk 3 checked 550000 divisors; last killed by 1*(fiber 4 minus fiber 1); 
survivors 0; elapsed 404.950
Chunk 3 checked 551000 divisors; last killed by 1*(fiber 4 minus fiber 1); 
survivors 0; elapsed 405.090
Chunk 3 checked 552000 divisors; last killed by 1*(fiber 4 minus fiber 1); 
survivors 0; elapsed 405.240
Chunk 3 checked 553000 divisors; last killed by 1*(fiber 4 minus fiber 1); 
survivors 0; elapsed 405.380
Chunk 3 checked 554000 divisors; last killed by 1*(fiber 4 minus fiber 1); 
survivors 0; elapsed 405.520
Chunk 3 checked 555000 divisors; last killed by 1*(fiber 4 minus fiber 1); 
survivors 0; elapsed 405.660
Chunk 3 checked 556000 divisors; last killed by 1*(fiber 4 minus fiber 1); 
survivors 0; elapsed 405.800
Chunk 3 checked 557000 divisors; last killed by 1*(fiber 4 minus fiber 1); 
survivors 0; elapsed 405.940
Chunk 3 checked 558000 divisors; last killed by 1*(fiber 4 minus fiber 1); 
survivors 0; elapsed 406.080
Chunk 3 checked 559000 divisors; last killed by 1*(fiber 4 minus fiber 1); 
survivors 0; elapsed 406.220
Chunk 3 checked 560000 divisors; last killed by 1*(fiber 4 minus fiber 1); 
survivors 0; elapsed 406.400
Chunk 3 checked 561000 divisors; last killed by 1*(fiber 4 minus fiber 1); 
survivors 0; elapsed 406.580
Chunk 3 checked 562000 divisors; last killed by 1*(fiber 4 minus fiber 1); 
survivors 0; elapsed 406.760
Chunk 3 checked 563000 divisors; last killed by 1*(fiber 4 minus fiber 1); 
survivors 0; elapsed 406.930
Chunk 3 checked 564000 divisors; last killed by 1*(fiber 4 minus fiber 1); 
survivors 0; elapsed 407.070
Chunk 3 checked 565000 divisors; last killed by 1*(fiber 4 minus fiber 1); 
survivors 0; elapsed 407.200
Chunk 3 checked 566000 divisors; last killed by 1*(fiber 4 minus fiber 1); 
survivors 0; elapsed 407.340
Chunk 3 checked 567000 divisors; last killed by 1*(fiber 4 minus fiber 1); 
survivors 0; elapsed 407.470
Chunk 3 checked 568000 divisors; last killed by 1*(fiber 4 minus fiber 1); 
survivors 0; elapsed 407.600
Chunk 3 checked 569000 divisors; last killed by 1*(fiber 4 minus fiber 1); 
survivors 0; elapsed 407.730
Chunk 3 checked 570000 divisors; last killed by 1*(fiber 4 minus fiber 1); 
survivors 0; elapsed 407.860
Chunk 3 checked 571000 divisors; last killed by 1*(fiber 4 minus fiber 1); 
survivors 0; elapsed 407.990
Chunk 3 checked 572000 divisors; last killed by 1*(fiber 4 minus fiber 1); 
survivors 0; elapsed 408.130
Chunk 3 checked 573000 divisors; last killed by 1*(fiber 4 minus fiber 1); 
survivors 0; elapsed 408.280
Chunk 3 checked 574000 divisors; last killed by 1*(fiber 4 minus fiber 1); 
survivors 0; elapsed 408.430
Chunk 3 checked 575000 divisors; last killed by 1*(fiber 4 minus fiber 1); 
survivors 0; elapsed 408.580
Chunk 3 checked 576000 divisors; last killed by 1*(fiber 4 minus fiber 1); 
survivors 0; elapsed 408.730
Chunk 3 checked 577000 divisors; last killed by 1*(fiber 4 minus fiber 1); 
survivors 0; elapsed 408.870
Chunk 3 checked 578000 divisors; last killed by 1*(fiber 4 minus fiber 1); 
survivors 0; elapsed 409.010
Chunk 3 checked 579000 divisors; last killed by 1*(fiber 4 minus fiber 1); 
survivors 0; elapsed 409.150
Chunk 3 checked 580000 divisors; last killed by 1*(fiber 4 minus fiber 1); 
survivors 0; elapsed 409.290
Chunk 3 checked 581000 divisors; last killed by 1*(fiber 4 minus fiber 1); 
survivors 0; elapsed 409.420
Chunk 3 checked 582000 divisors; last killed by 1*(fiber 4 minus fiber 1); 
survivors 0; elapsed 409.560
Chunk 3 checked 583000 divisors; last killed by 1*(fiber 4 minus fiber 1); 
survivors 0; elapsed 409.690
Chunk 3 checked 584000 divisors; last killed by 1*(fiber 4 minus fiber 1); 
survivors 0; elapsed 409.820
Chunk 3 checked 585000 divisors; last killed by 1*(fiber 4 minus fiber 1); 
survivors 0; elapsed 409.950
Chunk 3 checked 586000 divisors; last killed by 1*(fiber 4 minus fiber 1); 
survivors 0; elapsed 410.110
Chunk 3 checked 587000 divisors; last killed by 1*(fiber 4 minus fiber 1); 
survivors 0; elapsed 410.270
Chunk 3 checked 588000 divisors; last killed by 1*(fiber 4 minus fiber 1); 
survivors 0; elapsed 410.430
Chunk 3 checked 589000 divisors; last killed by 1*(fiber 4 minus fiber 1); 
survivors 0; elapsed 410.580
Chunk 3 checked 590000 divisors; last killed by 1*(fiber 4 minus fiber 1); 
survivors 0; elapsed 410.720
Chunk 3 checked 591000 divisors; last killed by 1*(fiber 4 minus fiber 1); 
survivors 0; elapsed 410.850
Chunk 3 checked 592000 divisors; last killed by 1*(fiber 4 minus fiber 1); 
survivors 0; elapsed 410.970
Chunk 3 checked 593000 divisors; last killed by 1*(fiber 4 minus fiber 1); 
survivors 0; elapsed 411.100
Chunk 3 checked 594000 divisors; last killed by 1*(fiber 4 minus fiber 1); 
survivors 0; elapsed 411.220
Chunk 3 checked 595000 divisors; last killed by 1*(fiber 4 minus fiber 1); 
survivors 0; elapsed 411.350
Chunk 3 checked 596000 divisors; last killed by 1*(fiber 4 minus fiber 1); 
survivors 0; elapsed 411.470
Chunk 3 checked 597000 divisors; last killed by 1*(fiber 4 minus fiber 1); 
survivors 0; elapsed 411.600
Chunk 3 checked 598000 divisors; last killed by 1*(fiber 4 minus fiber 1); 
survivors 0; elapsed 411.720
Chunk 3 checked 599000 divisors; last killed by 1*(fiber 4 minus fiber 1); 
survivors 0; elapsed 411.870
Chunk 3 checked 600000 divisors; last killed by 1*(fiber 4 minus fiber 1); 
survivors 0; elapsed 412.010
Chunk 3 checked 601000 divisors; last killed by 1*(fiber 4 minus fiber 1); 
survivors 0; elapsed 412.160
Chunk 3 checked 602000 divisors; last killed by 1*(fiber 4 minus fiber 1); 
survivors 0; elapsed 412.300
Chunk 3 checked 603000 divisors; last killed by 1*(fiber 4 minus fiber 1); 
survivors 0; elapsed 412.440
Chunk 3 checked 604000 divisors; last killed by 1*(fiber 4 minus fiber 1); 
survivors 0; elapsed 412.580
Chunk 3 checked 605000 divisors; last killed by 1*(fiber 4 minus fiber 1); 
survivors 0; elapsed 412.710
Chunk 3 checked 606000 divisors; last killed by 1*(fiber 4 minus fiber 1); 
survivors 0; elapsed 412.840
Chunk 3 checked 607000 divisors; last killed by 1*(fiber 4 minus fiber 1); 
survivors 0; elapsed 412.970
Chunk 3 checked 608000 divisors; last killed by 1*(fiber 4 minus fiber 1); 
survivors 0; elapsed 413.130
Chunk 3 checked 609000 divisors; last killed by 1*(fiber 4 minus fiber 1); 
survivors 0; elapsed 413.290
Chunk 3 checked 610000 divisors; last killed by 1*(fiber 4 minus fiber 1); 
survivors 0; elapsed 413.450
Chunk 3 checked 611000 divisors; last killed by 1*(fiber 4 minus fiber 1); 
survivors 0; elapsed 413.600
Chunk 3 checked 612000 divisors; last killed by 1*(fiber 4 minus fiber 1); 
survivors 0; elapsed 413.740
Chunk 3 checked 613000 divisors; last killed by 1*(fiber 4 minus fiber 1); 
survivors 0; elapsed 413.860
Chunk 3 checked 614000 divisors; last killed by 1*(fiber 4 minus fiber 1); 
survivors 0; elapsed 413.990
Chunk 3 checked 615000 divisors; last killed by 1*(fiber 4 minus fiber 1); 
survivors 0; elapsed 414.110
Chunk 3 checked 616000 divisors; last killed by 1*(fiber 4 minus fiber 1); 
survivors 0; elapsed 414.240
Chunk 3 checked 617000 divisors; last killed by 1*(fiber 4 minus fiber 1); 
survivors 0; elapsed 414.360
Chunk 3 checked 618000 divisors; last killed by 1*(fiber 4 minus fiber 1); 
survivors 0; elapsed 414.490
Chunk 3 checked 619000 divisors; last killed by 1*(fiber 4 minus fiber 1); 
survivors 0; elapsed 414.620
Chunk 3 checked 620000 divisors; last killed by 1*(fiber 4 minus fiber 1); 
survivors 0; elapsed 414.740
Chunk 3 checked 621000 divisors; last killed by 1*(fiber 4 minus fiber 1); 
survivors 0; elapsed 414.890
Chunk 3 checked 622000 divisors; last killed by 1*(fiber 4 minus fiber 1); 
survivors 0; elapsed 415.030
Chunk 3 checked 623000 divisors; last killed by 1*(fiber 4 minus fiber 1); 
survivors 0; elapsed 415.180
Chunk 3 checked 624000 divisors; last killed by 1*(fiber 4 minus fiber 1); 
survivors 0; elapsed 415.320
Chunk 3 checked 625000 divisors; last killed by 1*(fiber 4 minus fiber 1); 
survivors 0; elapsed 415.470
Chunk 3 checked 626000 divisors; last killed by 1*(fiber 4 minus fiber 1); 
survivors 0; elapsed 415.630
Chunk 3 checked 627000 divisors; last killed by 1*(fiber 4 minus fiber 1); 
survivors 0; elapsed 415.800
Chunk 3 checked 628000 divisors; last killed by 1*(fiber 4 minus fiber 1); 
survivors 0; elapsed 415.960
Chunk 3 checked 629000 divisors; last killed by 1*(fiber 4 minus fiber 1); 
survivors 0; elapsed 416.110
Chunk 3 checked 630000 divisors; last killed by 1*(fiber 4 minus fiber 1); 
survivors 0; elapsed 416.230
Chunk 3 checked 631000 divisors; last killed by 1*(fiber 4 minus fiber 1); 
survivors 0; elapsed 416.350
Chunk 3 checked 632000 divisors; last killed by 1*(fiber 4 minus fiber 1); 
survivors 0; elapsed 416.480
Chunk 3 checked 633000 divisors; last killed by 1*(fiber 4 minus fiber 1); 
survivors 0; elapsed 416.600
Chunk 3 checked 634000 divisors; last killed by 1*(fiber 4 minus fiber 1); 
survivors 0; elapsed 416.720
Chunk 3 checked 635000 divisors; last killed by 1*(fiber 4 minus fiber 1); 
survivors 0; elapsed 416.850
Chunk 3 checked 636000 divisors; last killed by 1*(fiber 4 minus fiber 1); 
survivors 0; elapsed 416.970
Chunk 3 checked 637000 divisors; last killed by 1*(fiber 4 minus fiber 1); 
survivors 0; elapsed 417.090
Chunk 3 checked 638000 divisors; last killed by 1*(fiber 4 minus fiber 1); 
survivors 0; elapsed 417.220
Chunk 3 checked 639000 divisors; last killed by 1*(fiber 4 minus fiber 1); 
survivors 0; elapsed 417.360
Chunk 3 checked 640000 divisors; last killed by 1*(fiber 4 minus fiber 1); 
survivors 0; elapsed 417.490
Chunk 3 checked 641000 divisors; last killed by 1*(fiber 4 minus fiber 1); 
survivors 0; elapsed 417.620
Chunk 3 checked 642000 divisors; last killed by 1*(fiber 4 minus fiber 1); 
survivors 0; elapsed 417.750
Chunk 3 checked 643000 divisors; last killed by 1*(fiber 4 minus fiber 1); 
survivors 0; elapsed 417.920
Chunk 3 checked 644000 divisors; last killed by 1*(fiber 4 minus fiber 1); 
survivors 0; elapsed 418.080
Chunk 3 checked 645000 divisors; last killed by 1*(fiber 4 minus fiber 1); 
survivors 0; elapsed 418.240
Chunk 3 checked 646000 divisors; last killed by 1*(fiber 4 minus fiber 1); 
survivors 0; elapsed 418.400
Chunk 3 checked 647000 divisors; last killed by 1*(fiber 4 minus fiber 1); 
survivors 0; elapsed 418.560
Chunk 3 checked 648000 divisors; last killed by 1*(fiber 4 minus fiber 1); 
survivors 0; elapsed 418.720
Chunk 3 checked 649000 divisors; last killed by 1*(fiber 4 minus fiber 1); 
survivors 0; elapsed 418.880
Chunk 3 checked 650000 divisors; last killed by 1*(fiber 4 minus fiber 1); 
survivors 0; elapsed 419.040
Chunk 3 checked 651000 divisors; last killed by 1*(fiber 4 minus fiber 1); 
survivors 0; elapsed 419.190
Chunk 3 checked 652000 divisors; last killed by 1*(fiber 4 minus fiber 1); 
survivors 0; elapsed 419.350
Chunk 3 checked 653000 divisors; last killed by 1*(fiber 4 minus fiber 1); 
survivors 0; elapsed 419.510
Chunk 3 checked 654000 divisors; last killed by 1*(fiber 4 minus fiber 1); 
survivors 0; elapsed 419.660
Chunk 3 checked 655000 divisors; last killed by 1*(fiber 4 minus fiber 1); 
survivors 0; elapsed 419.810
Chunk 3 checked 656000 divisors; last killed by 1*(fiber 4 minus fiber 1); 
survivors 0; elapsed 419.930
Chunk 3 checked 657000 divisors; last killed by 1*(fiber 4 minus fiber 1); 
survivors 0; elapsed 420.040
Chunk 3 checked 658000 divisors; last killed by 1*(fiber 4 minus fiber 1); 
survivors 0; elapsed 420.160
Chunk 3 checked 659000 divisors; last killed by 1*(fiber 4 minus fiber 1); 
survivors 0; elapsed 420.270
Chunk 3 checked 660000 divisors; last killed by 1*(fiber 4 minus fiber 1); 
survivors 0; elapsed 420.400
Chunk 3 checked 661000 divisors; last killed by 1*(fiber 4 minus fiber 1); 
survivors 0; elapsed 420.530
Chunk 3 checked 662000 divisors; last killed by 1*(fiber 4 minus fiber 1); 
survivors 0; elapsed 420.670
Chunk 3 checked 663000 divisors; last killed by 1*(fiber 4 minus fiber 1); 
survivors 0; elapsed 420.800
Chunk 3 checked 664000 divisors; last killed by 1*(fiber 4 minus fiber 1); 
survivors 0; elapsed 420.930
Chunk 3 checked 665000 divisors; last killed by 1*(fiber 4 minus fiber 1); 
survivors 0; elapsed 421.060
Chunk 3 checked 666000 divisors; last killed by 1*(fiber 4 minus fiber 1); 
survivors 0; elapsed 421.200
Chunk 3 checked 667000 divisors; last killed by 1*(fiber 4 minus fiber 1); 
survivors 0; elapsed 421.330
Chunk 3 checked 668000 divisors; last killed by 1*(fiber 4 minus fiber 1); 
survivors 0; elapsed 421.460
Degree type 20/36: [ <4, 1>, <2, 1>, <2, 1>, <1, 1> ]; groups [ <4, 1, 1>, <2, 
1, 2>, <1, 1, 1> ]; divisors 36720; elapsed 421.500
Fast W0 setup: cover degree 72; dims [ 69, 105, 141, 177 ]; row maxima [ 108, 
144, 180, 216 ]; RR times [ 95.500, 64.990, 165.910, 36.600 ]
Chunk 3 checked 669000 divisors; last killed by 1*(fiber 4 minus fiber 1); 
survivors 0; elapsed 937.450
Chunk 3 checked 670000 divisors; last killed by 1*(fiber 4 minus fiber 1); 
survivors 0; elapsed 1312.000
Chunk 3 checked 671000 divisors; last killed by 1*(fiber 4 minus fiber 1); 
survivors 0; elapsed 1312.130
Chunk 3 checked 672000 divisors; last killed by 1*(fiber 4 minus fiber 1); 
survivors 0; elapsed 1312.250
Chunk 3 checked 673000 divisors; last killed by 1*(fiber 4 minus fiber 1); 
survivors 0; elapsed 1312.380
Chunk 3 checked 674000 divisors; last killed by 1*(fiber 4 minus fiber 1); 
survivors 0; elapsed 1312.500
Chunk 3 checked 675000 divisors; last killed by 1*(fiber 4 minus fiber 1); 
survivors 0; elapsed 1312.620
Chunk 3 checked 676000 divisors; last killed by 1*(fiber 4 minus fiber 1); 
survivors 0; elapsed 1446.640
Chunk 3 checked 677000 divisors; last killed by 1*(fiber 4 minus fiber 1); 
survivors 0; elapsed 1446.760
Chunk 3 checked 678000 divisors; last killed by 1*(fiber 4 minus fiber 1); 
survivors 0; elapsed 1446.890
Chunk 3 checked 679000 divisors; last killed by 1*(fiber 4 minus fiber 1); 
survivors 0; elapsed 1447.010
Chunk 3 checked 680000 divisors; last killed by 1*(fiber 4 minus fiber 1); 
survivors 0; elapsed 1447.130
Chunk 3 checked 681000 divisors; last killed by 1*(fiber 4 minus fiber 1); 
survivors 0; elapsed 1447.250
Chunk 3 checked 682000 divisors; last killed by 1*(fiber 4 minus fiber 1); 
survivors 0; elapsed 1447.380
Chunk 3 checked 683000 divisors; last killed by 1*(fiber 4 minus fiber 1); 
survivors 0; elapsed 1447.510
Chunk 3 checked 684000 divisors; last killed by 1*(fiber 4 minus fiber 1); 
survivors 0; elapsed 1447.630
Chunk 3 checked 685000 divisors; last killed by 1*(fiber 4 minus fiber 1); 
survivors 0; elapsed 1447.750
Chunk 3 checked 686000 divisors; last killed by 1*(fiber 4 minus fiber 1); 
survivors 0; elapsed 1447.880
Chunk 3 checked 687000 divisors; last killed by 1*(fiber 4 minus fiber 1); 
survivors 0; elapsed 1447.990
Chunk 3 checked 688000 divisors; last killed by 1*(fiber 4 minus fiber 1); 
survivors 0; elapsed 1448.110
Chunk 3 checked 689000 divisors; last killed by 1*(fiber 4 minus fiber 1); 
survivors 0; elapsed 1448.230
Chunk 3 checked 690000 divisors; last killed by 1*(fiber 4 minus fiber 1); 
survivors 0; elapsed 1448.340
Chunk 3 checked 691000 divisors; last killed by 1*(fiber 4 minus fiber 1); 
survivors 0; elapsed 1448.470
Chunk 3 checked 692000 divisors; last killed by 1*(fiber 4 minus fiber 1); 
survivors 0; elapsed 1448.580
Chunk 3 checked 693000 divisors; last killed by 1*(fiber 4 minus fiber 1); 
survivors 0; elapsed 1448.700
Chunk 3 checked 694000 divisors; last killed by 1*(fiber 4 minus fiber 1); 
survivors 0; elapsed 1448.810
Chunk 3 checked 695000 divisors; last killed by 1*(fiber 4 minus fiber 1); 
survivors 0; elapsed 1448.930
Chunk 3 checked 696000 divisors; last killed by 1*(fiber 4 minus fiber 1); 
survivors 0; elapsed 1449.040
Chunk 3 checked 697000 divisors; last killed by 1*(fiber 4 minus fiber 1); 
survivors 0; elapsed 1449.160
Chunk 3 checked 698000 divisors; last killed by 1*(fiber 4 minus fiber 1); 
survivors 0; elapsed 1449.280
Chunk 3 checked 699000 divisors; last killed by 1*(fiber 4 minus fiber 1); 
survivors 0; elapsed 1449.400
Chunk 3 checked 700000 divisors; last killed by 1*(fiber 4 minus fiber 1); 
survivors 0; elapsed 1449.530
Chunk 3 checked 701000 divisors; last killed by 1*(fiber 4 minus fiber 1); 
survivors 0; elapsed 1449.640
Chunk 3 checked 702000 divisors; last killed by 1*(fiber 4 minus fiber 1); 
survivors 0; elapsed 1449.750
Chunk 3 checked 703000 divisors; last killed by 1*(fiber 4 minus fiber 1); 
survivors 0; elapsed 1449.870
Chunk 3 checked 704000 divisors; last killed by 1*(fiber 4 minus fiber 1); 
survivors 0; elapsed 1449.980
Chunk 3 checked 705000 divisors; last killed by 1*(fiber 4 minus fiber 1); 
survivors 0; elapsed 1450.100
Degree type 36/36: [ <9, 1> ]; groups [ <9, 1, 1> ]; divisors 18; elapsed 
1450.100
Fast W0 setup: cover degree 162; dims [ 159, 195, 231, 267 ]; row maxima [ 198, 
234, 270, 306 ]; RR times [ 115.690, 260.380, 131.610, 145.300 ]
Divisors tested in chunk 3: 705042
Surviving translates in this chunk: 0
SUCCESS: this chunk contains no translate survivor.
CHUNK_RESULT: SUCCESS

======================================================================
Summary
======================================================================
RUN_TRANSLATE_TEST        = true
VERIFY_MAP_BY_RECONSTRUCTION = false
VERIFY_DELTA_ORDER        = false
VERIFY_MODEL_BASIC        = false
NCHUNKS                   = 16
CHUNK_INDEX               = 3
CACHED_GENERATOR_PAIR     = <1,4>
#quotient_fibers          = 6
quotient degrees          = [ 36, 36, 36, 36, 36, 36 ]
cyclic_delta_ok           = true
translate_test_ok         = true
#survivors                = 0
Finished X1_37_prop49_F2_short_complete.m.
Finished chunk 3 at Mon Jun  8 12:56:11 CEST 2026 with status 0
