Starting chunk 1 at Mon Jun  8 11:17:29 CEST 2026

======================================================================
1. Build X_1(37) over F_2
======================================================================
Basic genus and constant-field checks skipped.

======================================================================
2. Load X_0(37)^+ map data
======================================================================
Loading "X1_37_X0plus_map_data.m"
#S37 coefficients = 18; #T37 coefficients = 18
Map reconstruction verification skipped.

======================================================================
3. Recover quotient fibers from [S37:T37:1]
======================================================================
F2 cached scan: using the three target points needed for the verified <1,4> 
pair.
#degree-36 candidate fibers retained = 6

======================================================================
4. Verify an order-5 quotient delta
======================================================================
fiber 4 minus fiber 1: order check skipped because the runner already verified 
it
Using candidate fiber pair <1,4> as a verified order-5 generator over F_2.

======================================================================
5. Proposition 4.9-style translate test for W^0_9
======================================================================
Basic model checks skipped by VERIFY_MODEL_BASIC:=false.
quotient map degree = 36
Testing 4 nonzero quotient element(s).
Type-chunking: CHUNK_INDEX=1, NCHUNKS=16
Place counts by degree 1..9: [ 18, 0, 0, 0, 0, 21, 18, 0, 39 ]
Unique degree types: 36; assigned type indices: [ 2, 18, 34 ]
Place/type precomputation time: 0.970 seconds.
Degree type 2/36: [ <2, 1>, <1, 1>, <1, 1>, <1, 1>, <1, 1>, <1, 1>, <1, 1>, <1, 
1> ]; groups [ <2, 1, 1>, <1, 1, 7> ]; divisors 350064; elapsed 0.000
Fast W0 setup: cover degree 36; dims [ 33, 69, 105, 141 ]; row maxima [ 72, 108,
144, 180 ]; RR times [ 39.540, 15.110, 61.650, 45.660 ]
Chunk 1 checked 1000 divisors; last killed by 1*(fiber 4 minus fiber 1); 
survivors 0; elapsed 178.050
Chunk 1 checked 2000 divisors; last killed by 1*(fiber 4 minus fiber 1); 
survivors 0; elapsed 178.150
Chunk 1 checked 3000 divisors; last killed by 1*(fiber 4 minus fiber 1); 
survivors 0; elapsed 183.930
Chunk 1 checked 4000 divisors; last killed by 1*(fiber 4 minus fiber 1); 
survivors 0; elapsed 184.030
Chunk 1 checked 5000 divisors; last killed by 1*(fiber 4 minus fiber 1); 
survivors 0; elapsed 184.120
Chunk 1 checked 6000 divisors; last killed by 1*(fiber 4 minus fiber 1); 
survivors 0; elapsed 184.220
Chunk 1 checked 7000 divisors; last killed by 1*(fiber 4 minus fiber 1); 
survivors 0; elapsed 184.310
Chunk 1 checked 8000 divisors; last killed by 1*(fiber 4 minus fiber 1); 
survivors 0; elapsed 201.830
Chunk 1 checked 9000 divisors; last killed by 1*(fiber 4 minus fiber 1); 
survivors 0; elapsed 201.920
Chunk 1 checked 10000 divisors; last killed by 1*(fiber 4 minus fiber 1); 
survivors 0; elapsed 202.020
Chunk 1 checked 11000 divisors; last killed by 1*(fiber 4 minus fiber 1); 
survivors 0; elapsed 202.110
Chunk 1 checked 12000 divisors; last killed by 1*(fiber 4 minus fiber 1); 
survivors 0; elapsed 202.200
Chunk 1 checked 13000 divisors; last killed by 1*(fiber 4 minus fiber 1); 
survivors 0; elapsed 202.290
Chunk 1 checked 14000 divisors; last killed by 1*(fiber 4 minus fiber 1); 
survivors 0; elapsed 202.390
Chunk 1 checked 15000 divisors; last killed by 1*(fiber 4 minus fiber 1); 
survivors 0; elapsed 202.480
Chunk 1 checked 16000 divisors; last killed by 1*(fiber 4 minus fiber 1); 
survivors 0; elapsed 202.570
Chunk 1 checked 17000 divisors; last killed by 1*(fiber 4 minus fiber 1); 
survivors 0; elapsed 202.660
Chunk 1 checked 18000 divisors; last killed by 1*(fiber 4 minus fiber 1); 
survivors 0; elapsed 221.710
Chunk 1 checked 19000 divisors; last killed by 1*(fiber 4 minus fiber 1); 
survivors 0; elapsed 221.800
Chunk 1 checked 20000 divisors; last killed by 1*(fiber 4 minus fiber 1); 
survivors 0; elapsed 221.890
Chunk 1 checked 21000 divisors; last killed by 1*(fiber 4 minus fiber 1); 
survivors 0; elapsed 221.980
Chunk 1 checked 22000 divisors; last killed by 1*(fiber 4 minus fiber 1); 
survivors 0; elapsed 222.080
Chunk 1 checked 23000 divisors; last killed by 1*(fiber 4 minus fiber 1); 
survivors 0; elapsed 222.170
Chunk 1 checked 24000 divisors; last killed by 1*(fiber 4 minus fiber 1); 
survivors 0; elapsed 222.260
Chunk 1 checked 25000 divisors; last killed by 1*(fiber 4 minus fiber 1); 
survivors 0; elapsed 222.360
Chunk 1 checked 26000 divisors; last killed by 1*(fiber 4 minus fiber 1); 
survivors 0; elapsed 222.450
Chunk 1 checked 27000 divisors; last killed by 1*(fiber 4 minus fiber 1); 
survivors 0; elapsed 222.540
Chunk 1 checked 28000 divisors; last killed by 1*(fiber 4 minus fiber 1); 
survivors 0; elapsed 222.630
Chunk 1 checked 29000 divisors; last killed by 1*(fiber 4 minus fiber 1); 
survivors 0; elapsed 222.720
Chunk 1 checked 30000 divisors; last killed by 1*(fiber 4 minus fiber 1); 
survivors 0; elapsed 222.810
Chunk 1 checked 31000 divisors; last killed by 1*(fiber 4 minus fiber 1); 
survivors 0; elapsed 222.910
Chunk 1 checked 32000 divisors; last killed by 1*(fiber 4 minus fiber 1); 
survivors 0; elapsed 223.000
Chunk 1 checked 33000 divisors; last killed by 1*(fiber 4 minus fiber 1); 
survivors 0; elapsed 223.090
Chunk 1 checked 34000 divisors; last killed by 1*(fiber 4 minus fiber 1); 
survivors 0; elapsed 223.180
Chunk 1 checked 35000 divisors; last killed by 1*(fiber 4 minus fiber 1); 
survivors 0; elapsed 223.270
Chunk 1 checked 36000 divisors; last killed by 1*(fiber 4 minus fiber 1); 
survivors 0; elapsed 223.360
Chunk 1 checked 37000 divisors; last killed by 1*(fiber 4 minus fiber 1); 
survivors 0; elapsed 223.450
Chunk 1 checked 38000 divisors; last killed by 1*(fiber 4 minus fiber 1); 
survivors 0; elapsed 223.540
Chunk 1 checked 39000 divisors; last killed by 1*(fiber 4 minus fiber 1); 
survivors 0; elapsed 223.620
Chunk 1 checked 40000 divisors; last killed by 1*(fiber 4 minus fiber 1); 
survivors 0; elapsed 223.720
Chunk 1 checked 41000 divisors; last killed by 1*(fiber 4 minus fiber 1); 
survivors 0; elapsed 223.810
Chunk 1 checked 42000 divisors; last killed by 1*(fiber 4 minus fiber 1); 
survivors 0; elapsed 223.900
Chunk 1 checked 43000 divisors; last killed by 1*(fiber 4 minus fiber 1); 
survivors 0; elapsed 224.000
Chunk 1 checked 44000 divisors; last killed by 1*(fiber 4 minus fiber 1); 
survivors 0; elapsed 224.090
Chunk 1 checked 45000 divisors; last killed by 1*(fiber 4 minus fiber 1); 
survivors 0; elapsed 224.180
Chunk 1 checked 46000 divisors; last killed by 1*(fiber 4 minus fiber 1); 
survivors 0; elapsed 224.270
Chunk 1 checked 47000 divisors; last killed by 1*(fiber 4 minus fiber 1); 
survivors 0; elapsed 224.360
Chunk 1 checked 48000 divisors; last killed by 1*(fiber 4 minus fiber 1); 
survivors 0; elapsed 224.460
Chunk 1 checked 49000 divisors; last killed by 1*(fiber 4 minus fiber 1); 
survivors 0; elapsed 224.550
Chunk 1 checked 50000 divisors; last killed by 1*(fiber 4 minus fiber 1); 
survivors 0; elapsed 224.640
Chunk 1 checked 51000 divisors; last killed by 1*(fiber 4 minus fiber 1); 
survivors 0; elapsed 224.730
Chunk 1 checked 52000 divisors; last killed by 1*(fiber 4 minus fiber 1); 
survivors 0; elapsed 224.820
Chunk 1 checked 53000 divisors; last killed by 1*(fiber 4 minus fiber 1); 
survivors 0; elapsed 224.910
Chunk 1 checked 54000 divisors; last killed by 1*(fiber 4 minus fiber 1); 
survivors 0; elapsed 225.000
Chunk 1 checked 55000 divisors; last killed by 1*(fiber 4 minus fiber 1); 
survivors 0; elapsed 225.090
Chunk 1 checked 56000 divisors; last killed by 1*(fiber 4 minus fiber 1); 
survivors 0; elapsed 225.190
Chunk 1 checked 57000 divisors; last killed by 1*(fiber 4 minus fiber 1); 
survivors 0; elapsed 225.270
Chunk 1 checked 58000 divisors; last killed by 1*(fiber 4 minus fiber 1); 
survivors 0; elapsed 225.360
Chunk 1 checked 59000 divisors; last killed by 1*(fiber 4 minus fiber 1); 
survivors 0; elapsed 225.450
Chunk 1 checked 60000 divisors; last killed by 1*(fiber 4 minus fiber 1); 
survivors 0; elapsed 225.550
Chunk 1 checked 61000 divisors; last killed by 1*(fiber 4 minus fiber 1); 
survivors 0; elapsed 225.640
Chunk 1 checked 62000 divisors; last killed by 1*(fiber 4 minus fiber 1); 
survivors 0; elapsed 225.730
Chunk 1 checked 63000 divisors; last killed by 1*(fiber 4 minus fiber 1); 
survivors 0; elapsed 225.830
Chunk 1 checked 64000 divisors; last killed by 1*(fiber 4 minus fiber 1); 
survivors 0; elapsed 225.920
Chunk 1 checked 65000 divisors; last killed by 1*(fiber 4 minus fiber 1); 
survivors 0; elapsed 226.010
Chunk 1 checked 66000 divisors; last killed by 1*(fiber 4 minus fiber 1); 
survivors 0; elapsed 226.100
Chunk 1 checked 67000 divisors; last killed by 1*(fiber 4 minus fiber 1); 
survivors 0; elapsed 226.190
Chunk 1 checked 68000 divisors; last killed by 1*(fiber 4 minus fiber 1); 
survivors 0; elapsed 226.290
Chunk 1 checked 69000 divisors; last killed by 1*(fiber 4 minus fiber 1); 
survivors 0; elapsed 226.380
Chunk 1 checked 70000 divisors; last killed by 1*(fiber 4 minus fiber 1); 
survivors 0; elapsed 226.470
Chunk 1 checked 71000 divisors; last killed by 1*(fiber 4 minus fiber 1); 
survivors 0; elapsed 226.560
Chunk 1 checked 72000 divisors; last killed by 1*(fiber 4 minus fiber 1); 
survivors 0; elapsed 226.650
Chunk 1 checked 73000 divisors; last killed by 1*(fiber 4 minus fiber 1); 
survivors 0; elapsed 226.750
Chunk 1 checked 74000 divisors; last killed by 1*(fiber 4 minus fiber 1); 
survivors 0; elapsed 226.840
Chunk 1 checked 75000 divisors; last killed by 1*(fiber 4 minus fiber 1); 
survivors 0; elapsed 226.930
Chunk 1 checked 76000 divisors; last killed by 1*(fiber 4 minus fiber 1); 
survivors 0; elapsed 227.020
Chunk 1 checked 77000 divisors; last killed by 1*(fiber 4 minus fiber 1); 
survivors 0; elapsed 227.100
Chunk 1 checked 78000 divisors; last killed by 1*(fiber 4 minus fiber 1); 
survivors 0; elapsed 227.190
Chunk 1 checked 79000 divisors; last killed by 1*(fiber 4 minus fiber 1); 
survivors 0; elapsed 227.280
Chunk 1 checked 80000 divisors; last killed by 1*(fiber 4 minus fiber 1); 
survivors 0; elapsed 227.380
Chunk 1 checked 81000 divisors; last killed by 1*(fiber 4 minus fiber 1); 
survivors 0; elapsed 227.470
Chunk 1 checked 82000 divisors; last killed by 1*(fiber 4 minus fiber 1); 
survivors 0; elapsed 227.570
Chunk 1 checked 83000 divisors; last killed by 1*(fiber 4 minus fiber 1); 
survivors 0; elapsed 227.660
Chunk 1 checked 84000 divisors; last killed by 1*(fiber 4 minus fiber 1); 
survivors 0; elapsed 227.750
Chunk 1 checked 85000 divisors; last killed by 1*(fiber 4 minus fiber 1); 
survivors 0; elapsed 227.840
Chunk 1 checked 86000 divisors; last killed by 1*(fiber 4 minus fiber 1); 
survivors 0; elapsed 227.930
Chunk 1 checked 87000 divisors; last killed by 1*(fiber 4 minus fiber 1); 
survivors 0; elapsed 228.030
Chunk 1 checked 88000 divisors; last killed by 1*(fiber 4 minus fiber 1); 
survivors 0; elapsed 228.120
Chunk 1 checked 89000 divisors; last killed by 1*(fiber 4 minus fiber 1); 
survivors 0; elapsed 228.210
Chunk 1 checked 90000 divisors; last killed by 1*(fiber 4 minus fiber 1); 
survivors 0; elapsed 228.300
Chunk 1 checked 91000 divisors; last killed by 1*(fiber 4 minus fiber 1); 
survivors 0; elapsed 228.390
Chunk 1 checked 92000 divisors; last killed by 1*(fiber 4 minus fiber 1); 
survivors 0; elapsed 228.480
Chunk 1 checked 93000 divisors; last killed by 1*(fiber 4 minus fiber 1); 
survivors 0; elapsed 228.580
Chunk 1 checked 94000 divisors; last killed by 1*(fiber 4 minus fiber 1); 
survivors 0; elapsed 228.660
Chunk 1 checked 95000 divisors; last killed by 1*(fiber 4 minus fiber 1); 
survivors 0; elapsed 228.760
Chunk 1 checked 96000 divisors; last killed by 1*(fiber 4 minus fiber 1); 
survivors 0; elapsed 241.280
Chunk 1 checked 97000 divisors; last killed by 1*(fiber 4 minus fiber 1); 
survivors 0; elapsed 241.370
Chunk 1 checked 98000 divisors; last killed by 1*(fiber 4 minus fiber 1); 
survivors 0; elapsed 241.460
Chunk 1 checked 99000 divisors; last killed by 1*(fiber 4 minus fiber 1); 
survivors 0; elapsed 241.550
Chunk 1 checked 100000 divisors; last killed by 1*(fiber 4 minus fiber 1); 
survivors 0; elapsed 241.650
Chunk 1 checked 101000 divisors; last killed by 1*(fiber 4 minus fiber 1); 
survivors 0; elapsed 241.740
Chunk 1 checked 102000 divisors; last killed by 1*(fiber 4 minus fiber 1); 
survivors 0; elapsed 241.840
Chunk 1 checked 103000 divisors; last killed by 1*(fiber 4 minus fiber 1); 
survivors 0; elapsed 241.930
Chunk 1 checked 104000 divisors; last killed by 1*(fiber 4 minus fiber 1); 
survivors 0; elapsed 242.020
Chunk 1 checked 105000 divisors; last killed by 1*(fiber 4 minus fiber 1); 
survivors 0; elapsed 242.110
Chunk 1 checked 106000 divisors; last killed by 1*(fiber 4 minus fiber 1); 
survivors 0; elapsed 242.200
Chunk 1 checked 107000 divisors; last killed by 1*(fiber 4 minus fiber 1); 
survivors 0; elapsed 242.300
Chunk 1 checked 108000 divisors; last killed by 1*(fiber 4 minus fiber 1); 
survivors 0; elapsed 242.390
Chunk 1 checked 109000 divisors; last killed by 1*(fiber 4 minus fiber 1); 
survivors 0; elapsed 242.480
Chunk 1 checked 110000 divisors; last killed by 1*(fiber 4 minus fiber 1); 
survivors 0; elapsed 242.570
Chunk 1 checked 111000 divisors; last killed by 1*(fiber 4 minus fiber 1); 
survivors 0; elapsed 242.670
Chunk 1 checked 112000 divisors; last killed by 1*(fiber 4 minus fiber 1); 
survivors 0; elapsed 242.760
Chunk 1 checked 113000 divisors; last killed by 1*(fiber 4 minus fiber 1); 
survivors 0; elapsed 242.850
Chunk 1 checked 114000 divisors; last killed by 1*(fiber 4 minus fiber 1); 
survivors 0; elapsed 242.940
Chunk 1 checked 115000 divisors; last killed by 1*(fiber 4 minus fiber 1); 
survivors 0; elapsed 243.030
Chunk 1 checked 116000 divisors; last killed by 1*(fiber 4 minus fiber 1); 
survivors 0; elapsed 243.120
Chunk 1 checked 117000 divisors; last killed by 1*(fiber 4 minus fiber 1); 
survivors 0; elapsed 243.210
Chunk 1 checked 118000 divisors; last killed by 1*(fiber 4 minus fiber 1); 
survivors 0; elapsed 243.300
Chunk 1 checked 119000 divisors; last killed by 1*(fiber 4 minus fiber 1); 
survivors 0; elapsed 243.400
Chunk 1 checked 120000 divisors; last killed by 1*(fiber 4 minus fiber 1); 
survivors 0; elapsed 243.490
Chunk 1 checked 121000 divisors; last killed by 1*(fiber 4 minus fiber 1); 
survivors 0; elapsed 243.590
Chunk 1 checked 122000 divisors; last killed by 1*(fiber 4 minus fiber 1); 
survivors 0; elapsed 243.680
Chunk 1 checked 123000 divisors; last killed by 1*(fiber 4 minus fiber 1); 
survivors 0; elapsed 243.770
Chunk 1 checked 124000 divisors; last killed by 1*(fiber 4 minus fiber 1); 
survivors 0; elapsed 243.860
Chunk 1 checked 125000 divisors; last killed by 1*(fiber 4 minus fiber 1); 
survivors 0; elapsed 243.950
Chunk 1 checked 126000 divisors; last killed by 1*(fiber 4 minus fiber 1); 
survivors 0; elapsed 244.050
Chunk 1 checked 127000 divisors; last killed by 1*(fiber 4 minus fiber 1); 
survivors 0; elapsed 244.140
Chunk 1 checked 128000 divisors; last killed by 1*(fiber 4 minus fiber 1); 
survivors 0; elapsed 244.230
Chunk 1 checked 129000 divisors; last killed by 1*(fiber 4 minus fiber 1); 
survivors 0; elapsed 244.330
Chunk 1 checked 130000 divisors; last killed by 1*(fiber 4 minus fiber 1); 
survivors 0; elapsed 244.420
Chunk 1 checked 131000 divisors; last killed by 1*(fiber 4 minus fiber 1); 
survivors 0; elapsed 244.510
Chunk 1 checked 132000 divisors; last killed by 1*(fiber 4 minus fiber 1); 
survivors 0; elapsed 244.600
Chunk 1 checked 133000 divisors; last killed by 1*(fiber 4 minus fiber 1); 
survivors 0; elapsed 244.690
Chunk 1 checked 134000 divisors; last killed by 1*(fiber 4 minus fiber 1); 
survivors 0; elapsed 244.780
Chunk 1 checked 135000 divisors; last killed by 1*(fiber 4 minus fiber 1); 
survivors 0; elapsed 244.870
Chunk 1 checked 136000 divisors; last killed by 1*(fiber 4 minus fiber 1); 
survivors 0; elapsed 244.960
Chunk 1 checked 137000 divisors; last killed by 1*(fiber 4 minus fiber 1); 
survivors 0; elapsed 245.050
Chunk 1 checked 138000 divisors; last killed by 1*(fiber 4 minus fiber 1); 
survivors 0; elapsed 245.150
Chunk 1 checked 139000 divisors; last killed by 1*(fiber 4 minus fiber 1); 
survivors 0; elapsed 245.240
Chunk 1 checked 140000 divisors; last killed by 1*(fiber 4 minus fiber 1); 
survivors 0; elapsed 245.340
Chunk 1 checked 141000 divisors; last killed by 1*(fiber 4 minus fiber 1); 
survivors 0; elapsed 245.430
Chunk 1 checked 142000 divisors; last killed by 1*(fiber 4 minus fiber 1); 
survivors 0; elapsed 245.520
Chunk 1 checked 143000 divisors; last killed by 1*(fiber 4 minus fiber 1); 
survivors 0; elapsed 245.610
Chunk 1 checked 144000 divisors; last killed by 1*(fiber 4 minus fiber 1); 
survivors 0; elapsed 245.700
Chunk 1 checked 145000 divisors; last killed by 1*(fiber 4 minus fiber 1); 
survivors 0; elapsed 245.800
Chunk 1 checked 146000 divisors; last killed by 1*(fiber 4 minus fiber 1); 
survivors 0; elapsed 245.890
Chunk 1 checked 147000 divisors; last killed by 1*(fiber 4 minus fiber 1); 
survivors 0; elapsed 245.980
Chunk 1 checked 148000 divisors; last killed by 1*(fiber 4 minus fiber 1); 
survivors 0; elapsed 246.080
Chunk 1 checked 149000 divisors; last killed by 1*(fiber 4 minus fiber 1); 
survivors 0; elapsed 246.160
Chunk 1 checked 150000 divisors; last killed by 1*(fiber 4 minus fiber 1); 
survivors 0; elapsed 246.260
Chunk 1 checked 151000 divisors; last killed by 1*(fiber 4 minus fiber 1); 
survivors 0; elapsed 246.350
Chunk 1 checked 152000 divisors; last killed by 1*(fiber 4 minus fiber 1); 
survivors 0; elapsed 246.440
Chunk 1 checked 153000 divisors; last killed by 1*(fiber 4 minus fiber 1); 
survivors 0; elapsed 246.530
Chunk 1 checked 154000 divisors; last killed by 1*(fiber 4 minus fiber 1); 
survivors 0; elapsed 246.620
Chunk 1 checked 155000 divisors; last killed by 1*(fiber 4 minus fiber 1); 
survivors 0; elapsed 246.710
Chunk 1 checked 156000 divisors; last killed by 1*(fiber 4 minus fiber 1); 
survivors 0; elapsed 246.800
Chunk 1 checked 157000 divisors; last killed by 1*(fiber 4 minus fiber 1); 
survivors 0; elapsed 246.890
Chunk 1 checked 158000 divisors; last killed by 1*(fiber 4 minus fiber 1); 
survivors 0; elapsed 246.980
Chunk 1 checked 159000 divisors; last killed by 1*(fiber 4 minus fiber 1); 
survivors 0; elapsed 247.080
Chunk 1 checked 160000 divisors; last killed by 1*(fiber 4 minus fiber 1); 
survivors 0; elapsed 247.170
Chunk 1 checked 161000 divisors; last killed by 1*(fiber 4 minus fiber 1); 
survivors 0; elapsed 247.260
Chunk 1 checked 162000 divisors; last killed by 1*(fiber 4 minus fiber 1); 
survivors 0; elapsed 247.360
Chunk 1 checked 163000 divisors; last killed by 1*(fiber 4 minus fiber 1); 
survivors 0; elapsed 247.450
Chunk 1 checked 164000 divisors; last killed by 1*(fiber 4 minus fiber 1); 
survivors 0; elapsed 247.540
Chunk 1 checked 165000 divisors; last killed by 1*(fiber 4 minus fiber 1); 
survivors 0; elapsed 247.630
Chunk 1 checked 166000 divisors; last killed by 1*(fiber 4 minus fiber 1); 
survivors 0; elapsed 247.720
Chunk 1 checked 167000 divisors; last killed by 1*(fiber 4 minus fiber 1); 
survivors 0; elapsed 247.820
Chunk 1 checked 168000 divisors; last killed by 1*(fiber 4 minus fiber 1); 
survivors 0; elapsed 247.910
Chunk 1 checked 169000 divisors; last killed by 1*(fiber 4 minus fiber 1); 
survivors 0; elapsed 248.000
Chunk 1 checked 170000 divisors; last killed by 1*(fiber 4 minus fiber 1); 
survivors 0; elapsed 248.090
Chunk 1 checked 171000 divisors; last killed by 1*(fiber 4 minus fiber 1); 
survivors 0; elapsed 248.180
Chunk 1 checked 172000 divisors; last killed by 1*(fiber 4 minus fiber 1); 
survivors 0; elapsed 248.270
Chunk 1 checked 173000 divisors; last killed by 1*(fiber 4 minus fiber 1); 
survivors 0; elapsed 248.360
Chunk 1 checked 174000 divisors; last killed by 1*(fiber 4 minus fiber 1); 
survivors 0; elapsed 248.450
Chunk 1 checked 175000 divisors; last killed by 1*(fiber 4 minus fiber 1); 
survivors 0; elapsed 248.530
Chunk 1 checked 176000 divisors; last killed by 1*(fiber 4 minus fiber 1); 
survivors 0; elapsed 248.630
Chunk 1 checked 177000 divisors; last killed by 1*(fiber 4 minus fiber 1); 
survivors 0; elapsed 248.720
Chunk 1 checked 178000 divisors; last killed by 1*(fiber 4 minus fiber 1); 
survivors 0; elapsed 248.810
Chunk 1 checked 179000 divisors; last killed by 1*(fiber 4 minus fiber 1); 
survivors 0; elapsed 248.910
Chunk 1 checked 180000 divisors; last killed by 1*(fiber 4 minus fiber 1); 
survivors 0; elapsed 249.000
Chunk 1 checked 181000 divisors; last killed by 1*(fiber 4 minus fiber 1); 
survivors 0; elapsed 249.090
Chunk 1 checked 182000 divisors; last killed by 1*(fiber 4 minus fiber 1); 
survivors 0; elapsed 249.190
Chunk 1 checked 183000 divisors; last killed by 1*(fiber 4 minus fiber 1); 
survivors 0; elapsed 249.270
Chunk 1 checked 184000 divisors; last killed by 1*(fiber 4 minus fiber 1); 
survivors 0; elapsed 249.370
Chunk 1 checked 185000 divisors; last killed by 1*(fiber 4 minus fiber 1); 
survivors 0; elapsed 249.460
Chunk 1 checked 186000 divisors; last killed by 1*(fiber 4 minus fiber 1); 
survivors 0; elapsed 249.550
Chunk 1 checked 187000 divisors; last killed by 1*(fiber 4 minus fiber 1); 
survivors 0; elapsed 249.650
Chunk 1 checked 188000 divisors; last killed by 1*(fiber 4 minus fiber 1); 
survivors 0; elapsed 249.730
Chunk 1 checked 189000 divisors; last killed by 1*(fiber 4 minus fiber 1); 
survivors 0; elapsed 249.830
Chunk 1 checked 190000 divisors; last killed by 1*(fiber 4 minus fiber 1); 
survivors 0; elapsed 249.920
Chunk 1 checked 191000 divisors; last killed by 1*(fiber 4 minus fiber 1); 
survivors 0; elapsed 250.010
Chunk 1 checked 192000 divisors; last killed by 1*(fiber 4 minus fiber 1); 
survivors 0; elapsed 250.100
Chunk 1 checked 193000 divisors; last killed by 1*(fiber 4 minus fiber 1); 
survivors 0; elapsed 250.190
Chunk 1 checked 194000 divisors; last killed by 1*(fiber 4 minus fiber 1); 
survivors 0; elapsed 250.280
Chunk 1 checked 195000 divisors; last killed by 1*(fiber 4 minus fiber 1); 
survivors 0; elapsed 250.360
Chunk 1 checked 196000 divisors; last killed by 1*(fiber 4 minus fiber 1); 
survivors 0; elapsed 250.460
Chunk 1 checked 197000 divisors; last killed by 1*(fiber 4 minus fiber 1); 
survivors 0; elapsed 250.550
Chunk 1 checked 198000 divisors; last killed by 1*(fiber 4 minus fiber 1); 
survivors 0; elapsed 250.650
Chunk 1 checked 199000 divisors; last killed by 1*(fiber 4 minus fiber 1); 
survivors 0; elapsed 250.740
Chunk 1 checked 200000 divisors; last killed by 1*(fiber 4 minus fiber 1); 
survivors 0; elapsed 250.830
Chunk 1 checked 201000 divisors; last killed by 1*(fiber 4 minus fiber 1); 
survivors 0; elapsed 250.930
Chunk 1 checked 202000 divisors; last killed by 1*(fiber 4 minus fiber 1); 
survivors 0; elapsed 251.020
Chunk 1 checked 203000 divisors; last killed by 1*(fiber 4 minus fiber 1); 
survivors 0; elapsed 251.110
Chunk 1 checked 204000 divisors; last killed by 1*(fiber 4 minus fiber 1); 
survivors 0; elapsed 251.200
Chunk 1 checked 205000 divisors; last killed by 1*(fiber 4 minus fiber 1); 
survivors 0; elapsed 251.300
Chunk 1 checked 206000 divisors; last killed by 1*(fiber 4 minus fiber 1); 
survivors 0; elapsed 251.390
Chunk 1 checked 207000 divisors; last killed by 1*(fiber 4 minus fiber 1); 
survivors 0; elapsed 251.480
Chunk 1 checked 208000 divisors; last killed by 1*(fiber 4 minus fiber 1); 
survivors 0; elapsed 251.570
Chunk 1 checked 209000 divisors; last killed by 1*(fiber 4 minus fiber 1); 
survivors 0; elapsed 251.660
Chunk 1 checked 210000 divisors; last killed by 1*(fiber 4 minus fiber 1); 
survivors 0; elapsed 251.750
Chunk 1 checked 211000 divisors; last killed by 1*(fiber 4 minus fiber 1); 
survivors 0; elapsed 251.840
Chunk 1 checked 212000 divisors; last killed by 1*(fiber 4 minus fiber 1); 
survivors 0; elapsed 251.930
Chunk 1 checked 213000 divisors; last killed by 1*(fiber 4 minus fiber 1); 
survivors 0; elapsed 252.020
Chunk 1 checked 214000 divisors; last killed by 1*(fiber 4 minus fiber 1); 
survivors 0; elapsed 252.110
Chunk 1 checked 215000 divisors; last killed by 1*(fiber 4 minus fiber 1); 
survivors 0; elapsed 252.200
Chunk 1 checked 216000 divisors; last killed by 1*(fiber 4 minus fiber 1); 
survivors 0; elapsed 252.290
Chunk 1 checked 217000 divisors; last killed by 1*(fiber 4 minus fiber 1); 
survivors 0; elapsed 252.380
Chunk 1 checked 218000 divisors; last killed by 1*(fiber 4 minus fiber 1); 
survivors 0; elapsed 252.470
Chunk 1 checked 219000 divisors; last killed by 1*(fiber 4 minus fiber 1); 
survivors 0; elapsed 252.560
Chunk 1 checked 220000 divisors; last killed by 1*(fiber 4 minus fiber 1); 
survivors 0; elapsed 252.650
Chunk 1 checked 221000 divisors; last killed by 1*(fiber 4 minus fiber 1); 
survivors 0; elapsed 252.730
Chunk 1 checked 222000 divisors; last killed by 1*(fiber 4 minus fiber 1); 
survivors 0; elapsed 252.820
Chunk 1 checked 223000 divisors; last killed by 1*(fiber 4 minus fiber 1); 
survivors 0; elapsed 252.910
Chunk 1 checked 224000 divisors; last killed by 1*(fiber 4 minus fiber 1); 
survivors 0; elapsed 253.000
Chunk 1 checked 225000 divisors; last killed by 1*(fiber 4 minus fiber 1); 
survivors 0; elapsed 253.090
Chunk 1 checked 226000 divisors; last killed by 1*(fiber 4 minus fiber 1); 
survivors 0; elapsed 253.170
Chunk 1 checked 227000 divisors; last killed by 1*(fiber 4 minus fiber 1); 
survivors 0; elapsed 253.260
Chunk 1 checked 228000 divisors; last killed by 1*(fiber 4 minus fiber 1); 
survivors 0; elapsed 253.350
Chunk 1 checked 229000 divisors; last killed by 1*(fiber 4 minus fiber 1); 
survivors 0; elapsed 253.430
Chunk 1 checked 230000 divisors; last killed by 1*(fiber 4 minus fiber 1); 
survivors 0; elapsed 253.520
Chunk 1 checked 231000 divisors; last killed by 1*(fiber 4 minus fiber 1); 
survivors 0; elapsed 253.610
Chunk 1 checked 232000 divisors; last killed by 1*(fiber 4 minus fiber 1); 
survivors 0; elapsed 253.690
Chunk 1 checked 233000 divisors; last killed by 1*(fiber 4 minus fiber 1); 
survivors 0; elapsed 253.770
Chunk 1 checked 234000 divisors; last killed by 1*(fiber 4 minus fiber 1); 
survivors 0; elapsed 253.860
Chunk 1 checked 235000 divisors; last killed by 1*(fiber 4 minus fiber 1); 
survivors 0; elapsed 253.950
Chunk 1 checked 236000 divisors; last killed by 1*(fiber 4 minus fiber 1); 
survivors 0; elapsed 254.040
Chunk 1 checked 237000 divisors; last killed by 1*(fiber 4 minus fiber 1); 
survivors 0; elapsed 254.130
Chunk 1 checked 238000 divisors; last killed by 1*(fiber 4 minus fiber 1); 
survivors 0; elapsed 254.220
Chunk 1 checked 239000 divisors; last killed by 1*(fiber 4 minus fiber 1); 
survivors 0; elapsed 254.310
Chunk 1 checked 240000 divisors; last killed by 1*(fiber 4 minus fiber 1); 
survivors 0; elapsed 254.390
Chunk 1 checked 241000 divisors; last killed by 1*(fiber 4 minus fiber 1); 
survivors 0; elapsed 254.480
Chunk 1 checked 242000 divisors; last killed by 1*(fiber 4 minus fiber 1); 
survivors 0; elapsed 254.570
Chunk 1 checked 243000 divisors; last killed by 1*(fiber 4 minus fiber 1); 
survivors 0; elapsed 254.660
Chunk 1 checked 244000 divisors; last killed by 1*(fiber 4 minus fiber 1); 
survivors 0; elapsed 254.750
Chunk 1 checked 245000 divisors; last killed by 1*(fiber 4 minus fiber 1); 
survivors 0; elapsed 254.830
Chunk 1 checked 246000 divisors; last killed by 1*(fiber 4 minus fiber 1); 
survivors 0; elapsed 254.920
Chunk 1 checked 247000 divisors; last killed by 1*(fiber 4 minus fiber 1); 
survivors 0; elapsed 255.010
Chunk 1 checked 248000 divisors; last killed by 1*(fiber 4 minus fiber 1); 
survivors 0; elapsed 255.090
Chunk 1 checked 249000 divisors; last killed by 1*(fiber 4 minus fiber 1); 
survivors 0; elapsed 255.180
Chunk 1 checked 250000 divisors; last killed by 1*(fiber 4 minus fiber 1); 
survivors 0; elapsed 255.260
Chunk 1 checked 251000 divisors; last killed by 1*(fiber 4 minus fiber 1); 
survivors 0; elapsed 255.350
Chunk 1 checked 252000 divisors; last killed by 1*(fiber 4 minus fiber 1); 
survivors 0; elapsed 255.430
Chunk 1 checked 253000 divisors; last killed by 1*(fiber 4 minus fiber 1); 
survivors 0; elapsed 255.520
Chunk 1 checked 254000 divisors; last killed by 1*(fiber 4 minus fiber 1); 
survivors 0; elapsed 255.600
Chunk 1 checked 255000 divisors; last killed by 1*(fiber 4 minus fiber 1); 
survivors 0; elapsed 255.690
Chunk 1 checked 256000 divisors; last killed by 1*(fiber 4 minus fiber 1); 
survivors 0; elapsed 255.780
Chunk 1 checked 257000 divisors; last killed by 1*(fiber 4 minus fiber 1); 
survivors 0; elapsed 255.860
Chunk 1 checked 258000 divisors; last killed by 1*(fiber 4 minus fiber 1); 
survivors 0; elapsed 255.950
Chunk 1 checked 259000 divisors; last killed by 1*(fiber 4 minus fiber 1); 
survivors 0; elapsed 256.040
Chunk 1 checked 260000 divisors; last killed by 1*(fiber 4 minus fiber 1); 
survivors 0; elapsed 256.120
Chunk 1 checked 261000 divisors; last killed by 1*(fiber 4 minus fiber 1); 
survivors 0; elapsed 256.200
Chunk 1 checked 262000 divisors; last killed by 1*(fiber 4 minus fiber 1); 
survivors 0; elapsed 256.290
Chunk 1 checked 263000 divisors; last killed by 1*(fiber 4 minus fiber 1); 
survivors 0; elapsed 256.380
Chunk 1 checked 264000 divisors; last killed by 1*(fiber 4 minus fiber 1); 
survivors 0; elapsed 256.460
Chunk 1 checked 265000 divisors; last killed by 1*(fiber 4 minus fiber 1); 
survivors 0; elapsed 256.550
Chunk 1 checked 266000 divisors; last killed by 1*(fiber 4 minus fiber 1); 
survivors 0; elapsed 256.630
Chunk 1 checked 267000 divisors; last killed by 1*(fiber 4 minus fiber 1); 
survivors 0; elapsed 256.720
Chunk 1 checked 268000 divisors; last killed by 1*(fiber 4 minus fiber 1); 
survivors 0; elapsed 256.800
Chunk 1 checked 269000 divisors; last killed by 1*(fiber 4 minus fiber 1); 
survivors 0; elapsed 256.890
Chunk 1 checked 270000 divisors; last killed by 1*(fiber 4 minus fiber 1); 
survivors 0; elapsed 256.970
Chunk 1 checked 271000 divisors; last killed by 1*(fiber 4 minus fiber 1); 
survivors 0; elapsed 257.050
Chunk 1 checked 272000 divisors; last killed by 1*(fiber 4 minus fiber 1); 
survivors 0; elapsed 257.140
Chunk 1 checked 273000 divisors; last killed by 1*(fiber 4 minus fiber 1); 
survivors 0; elapsed 257.240
Chunk 1 checked 274000 divisors; last killed by 1*(fiber 4 minus fiber 1); 
survivors 0; elapsed 257.350
Chunk 1 checked 275000 divisors; last killed by 1*(fiber 4 minus fiber 1); 
survivors 0; elapsed 257.460
Chunk 1 checked 276000 divisors; last killed by 1*(fiber 4 minus fiber 1); 
survivors 0; elapsed 257.570
Chunk 1 checked 277000 divisors; last killed by 1*(fiber 4 minus fiber 1); 
survivors 0; elapsed 257.670
Chunk 1 checked 278000 divisors; last killed by 1*(fiber 4 minus fiber 1); 
survivors 0; elapsed 257.780
Chunk 1 checked 279000 divisors; last killed by 1*(fiber 4 minus fiber 1); 
survivors 0; elapsed 257.880
Chunk 1 checked 280000 divisors; last killed by 1*(fiber 4 minus fiber 1); 
survivors 0; elapsed 257.980
Chunk 1 checked 281000 divisors; last killed by 1*(fiber 4 minus fiber 1); 
survivors 0; elapsed 258.080
Chunk 1 checked 282000 divisors; last killed by 1*(fiber 4 minus fiber 1); 
survivors 0; elapsed 258.190
Chunk 1 checked 283000 divisors; last killed by 1*(fiber 4 minus fiber 1); 
survivors 0; elapsed 258.290
Chunk 1 checked 284000 divisors; last killed by 1*(fiber 4 minus fiber 1); 
survivors 0; elapsed 258.400
Chunk 1 checked 285000 divisors; last killed by 1*(fiber 4 minus fiber 1); 
survivors 0; elapsed 258.490
Chunk 1 checked 286000 divisors; last killed by 1*(fiber 4 minus fiber 1); 
survivors 0; elapsed 258.600
Chunk 1 checked 287000 divisors; last killed by 1*(fiber 4 minus fiber 1); 
survivors 0; elapsed 258.700
Chunk 1 checked 288000 divisors; last killed by 1*(fiber 4 minus fiber 1); 
survivors 0; elapsed 258.790
Chunk 1 checked 289000 divisors; last killed by 1*(fiber 4 minus fiber 1); 
survivors 0; elapsed 258.890
Chunk 1 checked 290000 divisors; last killed by 1*(fiber 4 minus fiber 1); 
survivors 0; elapsed 258.990
Chunk 1 checked 291000 divisors; last killed by 1*(fiber 4 minus fiber 1); 
survivors 0; elapsed 259.080
Chunk 1 checked 292000 divisors; last killed by 1*(fiber 4 minus fiber 1); 
survivors 0; elapsed 259.170
Chunk 1 checked 293000 divisors; last killed by 1*(fiber 4 minus fiber 1); 
survivors 0; elapsed 259.250
Chunk 1 checked 294000 divisors; last killed by 1*(fiber 4 minus fiber 1); 
survivors 0; elapsed 259.330
Chunk 1 checked 295000 divisors; last killed by 1*(fiber 4 minus fiber 1); 
survivors 0; elapsed 259.420
Chunk 1 checked 296000 divisors; last killed by 1*(fiber 4 minus fiber 1); 
survivors 0; elapsed 259.500
Chunk 1 checked 297000 divisors; last killed by 1*(fiber 4 minus fiber 1); 
survivors 0; elapsed 259.580
Chunk 1 checked 298000 divisors; last killed by 1*(fiber 4 minus fiber 1); 
survivors 0; elapsed 259.660
Chunk 1 checked 299000 divisors; last killed by 1*(fiber 4 minus fiber 1); 
survivors 0; elapsed 259.750
Chunk 1 checked 300000 divisors; last killed by 1*(fiber 4 minus fiber 1); 
survivors 0; elapsed 259.830
Chunk 1 checked 301000 divisors; last killed by 1*(fiber 4 minus fiber 1); 
survivors 0; elapsed 259.910
Chunk 1 checked 302000 divisors; last killed by 1*(fiber 4 minus fiber 1); 
survivors 0; elapsed 259.990
Chunk 1 checked 303000 divisors; last killed by 1*(fiber 4 minus fiber 1); 
survivors 0; elapsed 260.080
Chunk 1 checked 304000 divisors; last killed by 1*(fiber 4 minus fiber 1); 
survivors 0; elapsed 260.160
Chunk 1 checked 305000 divisors; last killed by 1*(fiber 4 minus fiber 1); 
survivors 0; elapsed 260.240
Chunk 1 checked 306000 divisors; last killed by 1*(fiber 4 minus fiber 1); 
survivors 0; elapsed 260.330
Chunk 1 checked 307000 divisors; last killed by 1*(fiber 4 minus fiber 1); 
survivors 0; elapsed 260.410
Chunk 1 checked 308000 divisors; last killed by 1*(fiber 4 minus fiber 1); 
survivors 0; elapsed 260.490
Chunk 1 checked 309000 divisors; last killed by 1*(fiber 4 minus fiber 1); 
survivors 0; elapsed 260.570
Chunk 1 checked 310000 divisors; last killed by 1*(fiber 4 minus fiber 1); 
survivors 0; elapsed 260.650
Chunk 1 checked 311000 divisors; last killed by 1*(fiber 4 minus fiber 1); 
survivors 0; elapsed 260.730
Chunk 1 checked 312000 divisors; last killed by 1*(fiber 4 minus fiber 1); 
survivors 0; elapsed 260.820
Chunk 1 checked 313000 divisors; last killed by 1*(fiber 4 minus fiber 1); 
survivors 0; elapsed 260.900
Chunk 1 checked 314000 divisors; last killed by 1*(fiber 4 minus fiber 1); 
survivors 0; elapsed 260.980
Chunk 1 checked 315000 divisors; last killed by 1*(fiber 4 minus fiber 1); 
survivors 0; elapsed 261.070
Chunk 1 checked 316000 divisors; last killed by 1*(fiber 4 minus fiber 1); 
survivors 0; elapsed 261.150
Chunk 1 checked 317000 divisors; last killed by 1*(fiber 4 minus fiber 1); 
survivors 0; elapsed 261.230
Chunk 1 checked 318000 divisors; last killed by 1*(fiber 4 minus fiber 1); 
survivors 0; elapsed 261.310
Chunk 1 checked 319000 divisors; last killed by 1*(fiber 4 minus fiber 1); 
survivors 0; elapsed 261.400
Chunk 1 checked 320000 divisors; last killed by 1*(fiber 4 minus fiber 1); 
survivors 0; elapsed 261.480
Chunk 1 checked 321000 divisors; last killed by 1*(fiber 4 minus fiber 1); 
survivors 0; elapsed 261.560
Chunk 1 checked 322000 divisors; last killed by 1*(fiber 4 minus fiber 1); 
survivors 0; elapsed 261.650
Chunk 1 checked 323000 divisors; last killed by 1*(fiber 4 minus fiber 1); 
survivors 0; elapsed 261.730
Chunk 1 checked 324000 divisors; last killed by 1*(fiber 4 minus fiber 1); 
survivors 0; elapsed 261.810
Chunk 1 checked 325000 divisors; last killed by 1*(fiber 4 minus fiber 1); 
survivors 0; elapsed 261.890
Chunk 1 checked 326000 divisors; last killed by 1*(fiber 4 minus fiber 1); 
survivors 0; elapsed 261.980
Chunk 1 checked 327000 divisors; last killed by 1*(fiber 4 minus fiber 1); 
survivors 0; elapsed 262.060
Chunk 1 checked 328000 divisors; last killed by 1*(fiber 4 minus fiber 1); 
survivors 0; elapsed 262.140
Chunk 1 checked 329000 divisors; last killed by 1*(fiber 4 minus fiber 1); 
survivors 0; elapsed 262.230
Chunk 1 checked 330000 divisors; last killed by 1*(fiber 4 minus fiber 1); 
survivors 0; elapsed 262.310
Chunk 1 checked 331000 divisors; last killed by 1*(fiber 4 minus fiber 1); 
survivors 0; elapsed 262.390
Chunk 1 checked 332000 divisors; last killed by 1*(fiber 4 minus fiber 1); 
survivors 0; elapsed 262.490
Chunk 1 checked 333000 divisors; last killed by 1*(fiber 4 minus fiber 1); 
survivors 0; elapsed 262.580
Chunk 1 checked 334000 divisors; last killed by 1*(fiber 4 minus fiber 1); 
survivors 0; elapsed 262.680
Chunk 1 checked 335000 divisors; last killed by 1*(fiber 4 minus fiber 1); 
survivors 0; elapsed 262.770
Chunk 1 checked 336000 divisors; last killed by 1*(fiber 4 minus fiber 1); 
survivors 0; elapsed 262.860
Chunk 1 checked 337000 divisors; last killed by 1*(fiber 4 minus fiber 1); 
survivors 0; elapsed 262.960
Chunk 1 checked 338000 divisors; last killed by 1*(fiber 4 minus fiber 1); 
survivors 0; elapsed 263.050
Chunk 1 checked 339000 divisors; last killed by 1*(fiber 4 minus fiber 1); 
survivors 0; elapsed 263.140
Chunk 1 checked 340000 divisors; last killed by 1*(fiber 4 minus fiber 1); 
survivors 0; elapsed 263.230
Chunk 1 checked 341000 divisors; last killed by 1*(fiber 4 minus fiber 1); 
survivors 0; elapsed 263.320
Chunk 1 checked 342000 divisors; last killed by 1*(fiber 4 minus fiber 1); 
survivors 0; elapsed 263.410
Chunk 1 checked 343000 divisors; last killed by 1*(fiber 4 minus fiber 1); 
survivors 0; elapsed 263.500
Chunk 1 checked 344000 divisors; last killed by 1*(fiber 4 minus fiber 1); 
survivors 0; elapsed 263.590
Chunk 1 checked 345000 divisors; last killed by 1*(fiber 4 minus fiber 1); 
survivors 0; elapsed 263.680
Chunk 1 checked 346000 divisors; last killed by 1*(fiber 4 minus fiber 1); 
survivors 0; elapsed 263.770
Chunk 1 checked 347000 divisors; last killed by 1*(fiber 4 minus fiber 1); 
survivors 0; elapsed 263.860
Chunk 1 checked 348000 divisors; last killed by 1*(fiber 4 minus fiber 1); 
survivors 0; elapsed 263.950
Chunk 1 checked 349000 divisors; last killed by 1*(fiber 4 minus fiber 1); 
survivors 0; elapsed 264.030
Chunk 1 checked 350000 divisors; last killed by 1*(fiber 4 minus fiber 1); 
survivors 0; elapsed 264.120
Degree type 18/36: [ <1, 6>, <2, 1>, <1, 1> ]; groups [ <1, 6, 1>, <2, 1, 1>, 
<1, 1, 1> ]; divisors 6426; elapsed 264.120
Fast W0 setup: cover degree 162; dims [ 159, 195, 231, 267 ]; row maxima [ 198, 
234, 270, 306 ]; RR times [ 52.930, 32.380, 95.920, 62.670 ]
Chunk 1 checked 351000 divisors; last killed by 1*(fiber 4 minus fiber 1); 
survivors 0; elapsed 605.720
Chunk 1 checked 352000 divisors; last killed by 1*(fiber 4 minus fiber 1); 
survivors 0; elapsed 611.730
Chunk 1 checked 353000 divisors; last killed by 1*(fiber 4 minus fiber 1); 
survivors 0; elapsed 612.230
Chunk 1 checked 354000 divisors; last killed by 1*(fiber 4 minus fiber 1); 
survivors 0; elapsed 612.660
Chunk 1 checked 355000 divisors; last killed by 1*(fiber 4 minus fiber 1); 
survivors 0; elapsed 613.140
Chunk 1 checked 356000 divisors; last killed by 1*(fiber 4 minus fiber 1); 
survivors 0; elapsed 968.970
Degree type 34/36: [ <6, 1>, <3, 1> ]; groups [ <6, 1, 1>, <3, 1, 1> ]; divisors
306; elapsed 969.190
Fast W0 setup: cover degree 108; dims [ 105, 141, 177, 213 ]; row maxima [ 144, 
180, 216, 252 ]; RR times [ 91.430, 26.160, 117.400, 81.960 ]
Divisors tested in chunk 1: 356796
Surviving translates in this chunk: 0
SUCCESS: this chunk contains no translate survivor.
CHUNK_RESULT: SUCCESS

======================================================================
Summary
======================================================================
RUN_TRANSLATE_TEST        = true
VERIFY_MAP_BY_RECONSTRUCTION = false
VERIFY_DELTA_ORDER        = false
VERIFY_MODEL_BASIC        = false
NCHUNKS                   = 16
CHUNK_INDEX               = 1
CACHED_GENERATOR_PAIR     = <1,4>
#quotient_fibers          = 6
quotient degrees          = [ 36, 36, 36, 36, 36, 36 ]
cyclic_delta_ok           = true
translate_test_ok         = true
#survivors                = 0
Finished X1_37_prop49_F2_short_complete.m.
Finished chunk 1 at Mon Jun  8 12:29:07 CEST 2026 with status 0
