Starting chunk 12 at Mon Jun  8 11:17:29 CEST 2026

======================================================================
1. Build X_1(37) over F_2
======================================================================
Basic genus and constant-field checks skipped.

======================================================================
2. Load X_0(37)^+ map data
======================================================================
Loading "X1_37_X0plus_map_data.m"
#S37 coefficients = 18; #T37 coefficients = 18
Map reconstruction verification skipped.

======================================================================
3. Recover quotient fibers from [S37:T37:1]
======================================================================
F2 cached scan: using the three target points needed for the verified <1,4> 
pair.
#degree-36 candidate fibers retained = 6

======================================================================
4. Verify an order-5 quotient delta
======================================================================
fiber 4 minus fiber 1: order check skipped because the runner already verified 
it
Using candidate fiber pair <1,4> as a verified order-5 generator over F_2.

======================================================================
5. Proposition 4.9-style translate test for W^0_9
======================================================================
Basic model checks skipped by VERIFY_MODEL_BASIC:=false.
quotient map degree = 36
Testing 4 nonzero quotient element(s).
Type-chunking: CHUNK_INDEX=12, NCHUNKS=16
Place counts by degree 1..9: [ 18, 0, 0, 0, 0, 21, 18, 0, 39 ]
Unique degree types: 36; assigned type indices: [ 13, 29 ]
Place/type precomputation time: 0.960 seconds.
Degree type 13/36: [ <1, 7>, <1, 1>, <1, 1> ]; groups [ <1, 7, 1>, <1, 1, 2> ]; 
divisors 2754; elapsed 0.000
Fast W0 setup: cover degree 144; dims [ 141, 177, 213, 249 ]; row maxima [ 180, 
216, 252, 288 ]; RR times [ 24.560, 54.770, 31.020, 83.620 ]
Chunk 12 checked 1000 divisors; last killed by 1*(fiber 4 minus fiber 1); 
survivors 0; elapsed 227.410
Chunk 12 checked 2000 divisors; last killed by 1*(fiber 4 minus fiber 1); 
survivors 0; elapsed 229.230
Degree type 29/36: [ <3, 1>, <2, 1>, <2, 1>, <2, 1> ]; groups [ <3, 1, 1>, <2, 
1, 3> ]; divisors 12240; elapsed 229.560
Fast W0 setup: cover degree 54; dims [ 51, 87, 123, 159 ]; row maxima [ 90, 126,
162, 198 ]; RR times [ 15.100, 59.550, 44.550, 115.170 ]
Chunk 12 checked 3000 divisors; last killed by 1*(fiber 4 minus fiber 1); 
survivors 0; elapsed 515.090
Chunk 12 checked 4000 divisors; last killed by 1*(fiber 4 minus fiber 1); 
survivors 0; elapsed 628.240
Chunk 12 checked 5000 divisors; last killed by 1*(fiber 4 minus fiber 1); 
survivors 0; elapsed 628.350
Chunk 12 checked 6000 divisors; last killed by 1*(fiber 4 minus fiber 1); 
survivors 0; elapsed 665.610
Chunk 12 checked 7000 divisors; last killed by 1*(fiber 4 minus fiber 1); 
survivors 0; elapsed 665.720
Chunk 12 checked 8000 divisors; last killed by 1*(fiber 4 minus fiber 1); 
survivors 0; elapsed 665.830
Chunk 12 checked 9000 divisors; last killed by 1*(fiber 4 minus fiber 1); 
survivors 0; elapsed 665.930
Chunk 12 checked 10000 divisors; last killed by 1*(fiber 4 minus fiber 1); 
survivors 0; elapsed 666.050
Chunk 12 checked 11000 divisors; last killed by 1*(fiber 4 minus fiber 1); 
survivors 0; elapsed 666.140
Chunk 12 checked 12000 divisors; last killed by 1*(fiber 4 minus fiber 1); 
survivors 0; elapsed 666.240
Chunk 12 checked 13000 divisors; last killed by 1*(fiber 4 minus fiber 1); 
survivors 0; elapsed 666.340
Chunk 12 checked 14000 divisors; last killed by 1*(fiber 4 minus fiber 1); 
survivors 0; elapsed 666.430
Divisors tested in chunk 12: 14994
Surviving translates in this chunk: 0
SUCCESS: this chunk contains no translate survivor.
CHUNK_RESULT: SUCCESS

======================================================================
Summary
======================================================================
RUN_TRANSLATE_TEST        = true
VERIFY_MAP_BY_RECONSTRUCTION = false
VERIFY_DELTA_ORDER        = false
VERIFY_MODEL_BASIC        = false
NCHUNKS                   = 16
CHUNK_INDEX               = 12
CACHED_GENERATOR_PAIR     = <1,4>
#quotient_fibers          = 6
quotient degrees          = [ 36, 36, 36, 36, 36, 36 ]
cyclic_delta_ok           = true
translate_test_ok         = true
#survivors                = 0
Finished X1_37_prop49_F2_short_complete.m.
Finished chunk 12 at Mon Jun  8 11:31:05 CEST 2026 with status 0
