Starting chunk 10 at Mon Jun  8 11:17:29 CEST 2026

======================================================================
1. Build X_1(37) over F_2
======================================================================
Basic genus and constant-field checks skipped.

======================================================================
2. Load X_0(37)^+ map data
======================================================================
Loading "X1_37_X0plus_map_data.m"
#S37 coefficients = 18; #T37 coefficients = 18
Map reconstruction verification skipped.

======================================================================
3. Recover quotient fibers from [S37:T37:1]
======================================================================
F2 cached scan: using the three target points needed for the verified <1,4> 
pair.
#degree-36 candidate fibers retained = 6

======================================================================
4. Verify an order-5 quotient delta
======================================================================
fiber 4 minus fiber 1: order check skipped because the runner already verified 
it
Using candidate fiber pair <1,4> as a verified order-5 generator over F_2.

======================================================================
5. Proposition 4.9-style translate test for W^0_9
======================================================================
Basic model checks skipped by VERIFY_MODEL_BASIC:=false.
quotient map degree = 36
Testing 4 nonzero quotient element(s).
Type-chunking: CHUNK_INDEX=10, NCHUNKS=16
Place counts by degree 1..9: [ 18, 0, 0, 0, 0, 21, 18, 0, 39 ]
Unique degree types: 36; assigned type indices: [ 11, 27 ]
Place/type precomputation time: 1.340 seconds.
Degree type 11/36: [ <3, 1>, <3, 1>, <1, 1>, <1, 1>, <1, 1> ]; groups [ <3, 1, 
2>, <1, 1, 3> ]; divisors 85680; elapsed 0.000
Fast W0 setup: cover degree 54; dims [ 51, 87, 123, 159 ]; row maxima [ 90, 126,
162, 198 ]; RR times [ 23.490, 94.720, 67.410, 178.890 ]
Chunk 10 checked 1000 divisors; last killed by 1*(fiber 4 minus fiber 1); 
survivors 0; elapsed 602.660
Chunk 10 checked 2000 divisors; last killed by 1*(fiber 4 minus fiber 1); 
survivors 0; elapsed 652.450
Chunk 10 checked 3000 divisors; last killed by 1*(fiber 4 minus fiber 1); 
survivors 0; elapsed 652.610
Chunk 10 checked 4000 divisors; last killed by 1*(fiber 4 minus fiber 1); 
survivors 0; elapsed 652.770
Chunk 10 checked 5000 divisors; last killed by 1*(fiber 4 minus fiber 1); 
survivors 0; elapsed 652.940
Chunk 10 checked 6000 divisors; last killed by 1*(fiber 4 minus fiber 1); 
survivors 0; elapsed 653.100
Chunk 10 checked 7000 divisors; last killed by 1*(fiber 4 minus fiber 1); 
survivors 0; elapsed 653.240
Chunk 10 checked 8000 divisors; last killed by 1*(fiber 4 minus fiber 1); 
survivors 0; elapsed 653.410
Chunk 10 checked 9000 divisors; last killed by 1*(fiber 4 minus fiber 1); 
survivors 0; elapsed 653.550
Chunk 10 checked 10000 divisors; last killed by 1*(fiber 4 minus fiber 1); 
survivors 0; elapsed 653.710
Chunk 10 checked 11000 divisors; last killed by 1*(fiber 4 minus fiber 1); 
survivors 0; elapsed 653.870
Chunk 10 checked 12000 divisors; last killed by 1*(fiber 4 minus fiber 1); 
survivors 0; elapsed 654.040
Chunk 10 checked 13000 divisors; last killed by 1*(fiber 4 minus fiber 1); 
survivors 0; elapsed 654.210
Chunk 10 checked 14000 divisors; last killed by 1*(fiber 4 minus fiber 1); 
survivors 0; elapsed 654.370
Chunk 10 checked 15000 divisors; last killed by 1*(fiber 4 minus fiber 1); 
survivors 0; elapsed 654.530
Chunk 10 checked 16000 divisors; last killed by 1*(fiber 4 minus fiber 1); 
survivors 0; elapsed 654.680
Chunk 10 checked 17000 divisors; last killed by 1*(fiber 4 minus fiber 1); 
survivors 0; elapsed 654.840
Chunk 10 checked 18000 divisors; last killed by 1*(fiber 4 minus fiber 1); 
survivors 0; elapsed 654.980
Chunk 10 checked 19000 divisors; last killed by 1*(fiber 4 minus fiber 1); 
survivors 0; elapsed 696.290
Chunk 10 checked 20000 divisors; last killed by 1*(fiber 4 minus fiber 1); 
survivors 0; elapsed 696.460
Chunk 10 checked 21000 divisors; last killed by 1*(fiber 4 minus fiber 1); 
survivors 0; elapsed 696.630
Chunk 10 checked 22000 divisors; last killed by 1*(fiber 4 minus fiber 1); 
survivors 0; elapsed 696.790
Chunk 10 checked 23000 divisors; last killed by 1*(fiber 4 minus fiber 1); 
survivors 0; elapsed 696.970
Chunk 10 checked 24000 divisors; last killed by 1*(fiber 4 minus fiber 1); 
survivors 0; elapsed 697.110
Chunk 10 checked 25000 divisors; last killed by 1*(fiber 4 minus fiber 1); 
survivors 0; elapsed 697.270
Chunk 10 checked 26000 divisors; last killed by 1*(fiber 4 minus fiber 1); 
survivors 0; elapsed 697.420
Chunk 10 checked 27000 divisors; last killed by 1*(fiber 4 minus fiber 1); 
survivors 0; elapsed 697.570
Chunk 10 checked 28000 divisors; last killed by 1*(fiber 4 minus fiber 1); 
survivors 0; elapsed 697.730
Chunk 10 checked 29000 divisors; last killed by 1*(fiber 4 minus fiber 1); 
survivors 0; elapsed 697.900
Chunk 10 checked 30000 divisors; last killed by 1*(fiber 4 minus fiber 1); 
survivors 0; elapsed 698.070
Chunk 10 checked 31000 divisors; last killed by 1*(fiber 4 minus fiber 1); 
survivors 0; elapsed 698.240
Chunk 10 checked 32000 divisors; last killed by 1*(fiber 4 minus fiber 1); 
survivors 0; elapsed 698.380
Chunk 10 checked 33000 divisors; last killed by 1*(fiber 4 minus fiber 1); 
survivors 0; elapsed 698.550
Chunk 10 checked 34000 divisors; last killed by 1*(fiber 4 minus fiber 1); 
survivors 0; elapsed 698.690
Chunk 10 checked 35000 divisors; last killed by 1*(fiber 4 minus fiber 1); 
survivors 0; elapsed 698.840
Chunk 10 checked 36000 divisors; last killed by 1*(fiber 4 minus fiber 1); 
survivors 0; elapsed 699.010
Chunk 10 checked 37000 divisors; last killed by 1*(fiber 4 minus fiber 1); 
survivors 0; elapsed 699.180
Chunk 10 checked 38000 divisors; last killed by 1*(fiber 4 minus fiber 1); 
survivors 0; elapsed 699.350
Chunk 10 checked 39000 divisors; last killed by 1*(fiber 4 minus fiber 1); 
survivors 0; elapsed 699.500
Chunk 10 checked 40000 divisors; last killed by 1*(fiber 4 minus fiber 1); 
survivors 0; elapsed 699.650
Chunk 10 checked 41000 divisors; last killed by 1*(fiber 4 minus fiber 1); 
survivors 0; elapsed 699.810
Chunk 10 checked 42000 divisors; last killed by 1*(fiber 4 minus fiber 1); 
survivors 0; elapsed 699.950
Chunk 10 checked 43000 divisors; last killed by 1*(fiber 4 minus fiber 1); 
survivors 0; elapsed 700.120
Chunk 10 checked 44000 divisors; last killed by 1*(fiber 4 minus fiber 1); 
survivors 0; elapsed 700.290
Chunk 10 checked 45000 divisors; last killed by 1*(fiber 4 minus fiber 1); 
survivors 0; elapsed 700.450
Chunk 10 checked 46000 divisors; last killed by 1*(fiber 4 minus fiber 1); 
survivors 0; elapsed 700.600
Chunk 10 checked 47000 divisors; last killed by 1*(fiber 4 minus fiber 1); 
survivors 0; elapsed 700.760
Chunk 10 checked 48000 divisors; last killed by 1*(fiber 4 minus fiber 1); 
survivors 0; elapsed 700.910
Chunk 10 checked 49000 divisors; last killed by 1*(fiber 4 minus fiber 1); 
survivors 0; elapsed 701.060
Chunk 10 checked 50000 divisors; last killed by 1*(fiber 4 minus fiber 1); 
survivors 0; elapsed 701.230
Chunk 10 checked 51000 divisors; last killed by 1*(fiber 4 minus fiber 1); 
survivors 0; elapsed 701.410
Chunk 10 checked 52000 divisors; last killed by 1*(fiber 4 minus fiber 1); 
survivors 0; elapsed 701.550
Chunk 10 checked 53000 divisors; last killed by 1*(fiber 4 minus fiber 1); 
survivors 0; elapsed 701.720
Chunk 10 checked 54000 divisors; last killed by 1*(fiber 4 minus fiber 1); 
survivors 0; elapsed 701.880
Chunk 10 checked 55000 divisors; last killed by 1*(fiber 4 minus fiber 1); 
survivors 0; elapsed 702.030
Chunk 10 checked 56000 divisors; last killed by 1*(fiber 4 minus fiber 1); 
survivors 0; elapsed 702.190
Chunk 10 checked 57000 divisors; last killed by 1*(fiber 4 minus fiber 1); 
survivors 0; elapsed 702.350
Chunk 10 checked 58000 divisors; last killed by 1*(fiber 4 minus fiber 1); 
survivors 0; elapsed 702.500
Chunk 10 checked 59000 divisors; last killed by 1*(fiber 4 minus fiber 1); 
survivors 0; elapsed 702.660
Chunk 10 checked 60000 divisors; last killed by 1*(fiber 4 minus fiber 1); 
survivors 0; elapsed 702.800
Chunk 10 checked 61000 divisors; last killed by 1*(fiber 4 minus fiber 1); 
survivors 0; elapsed 702.960
Chunk 10 checked 62000 divisors; last killed by 1*(fiber 4 minus fiber 1); 
survivors 0; elapsed 748.530
Chunk 10 checked 63000 divisors; last killed by 1*(fiber 4 minus fiber 1); 
survivors 0; elapsed 748.670
Chunk 10 checked 64000 divisors; last killed by 1*(fiber 4 minus fiber 1); 
survivors 0; elapsed 748.830
Chunk 10 checked 65000 divisors; last killed by 1*(fiber 4 minus fiber 1); 
survivors 0; elapsed 748.970
Chunk 10 checked 66000 divisors; last killed by 1*(fiber 4 minus fiber 1); 
survivors 0; elapsed 749.130
Chunk 10 checked 67000 divisors; last killed by 1*(fiber 4 minus fiber 1); 
survivors 0; elapsed 749.280
Chunk 10 checked 68000 divisors; last killed by 1*(fiber 4 minus fiber 1); 
survivors 0; elapsed 749.430
Chunk 10 checked 69000 divisors; last killed by 1*(fiber 4 minus fiber 1); 
survivors 0; elapsed 749.580
Chunk 10 checked 70000 divisors; last killed by 1*(fiber 4 minus fiber 1); 
survivors 0; elapsed 749.720
Chunk 10 checked 71000 divisors; last killed by 1*(fiber 4 minus fiber 1); 
survivors 0; elapsed 749.870
Chunk 10 checked 72000 divisors; last killed by 1*(fiber 4 minus fiber 1); 
survivors 0; elapsed 750.070
Chunk 10 checked 73000 divisors; last killed by 1*(fiber 4 minus fiber 1); 
survivors 0; elapsed 750.250
Chunk 10 checked 74000 divisors; last killed by 1*(fiber 4 minus fiber 1); 
survivors 0; elapsed 750.400
Chunk 10 checked 75000 divisors; last killed by 1*(fiber 4 minus fiber 1); 
survivors 0; elapsed 750.540
Chunk 10 checked 76000 divisors; last killed by 1*(fiber 4 minus fiber 1); 
survivors 0; elapsed 750.680
Chunk 10 checked 77000 divisors; last killed by 1*(fiber 4 minus fiber 1); 
survivors 0; elapsed 750.800
Chunk 10 checked 78000 divisors; last killed by 1*(fiber 4 minus fiber 1); 
survivors 0; elapsed 750.940
Chunk 10 checked 79000 divisors; last killed by 1*(fiber 4 minus fiber 1); 
survivors 0; elapsed 751.070
Chunk 10 checked 80000 divisors; last killed by 1*(fiber 4 minus fiber 1); 
survivors 0; elapsed 751.220
Chunk 10 checked 81000 divisors; last killed by 1*(fiber 4 minus fiber 1); 
survivors 0; elapsed 751.370
Chunk 10 checked 82000 divisors; last killed by 1*(fiber 4 minus fiber 1); 
survivors 0; elapsed 751.520
Chunk 10 checked 83000 divisors; last killed by 1*(fiber 4 minus fiber 1); 
survivors 0; elapsed 751.660
Chunk 10 checked 84000 divisors; last killed by 1*(fiber 4 minus fiber 1); 
survivors 0; elapsed 751.810
Chunk 10 checked 85000 divisors; last killed by 1*(fiber 4 minus fiber 1); 
survivors 0; elapsed 751.950
Degree type 27/36: [ <1, 7>, <2, 1> ]; groups [ <1, 7, 1>, <2, 1, 1> ]; divisors
324; elapsed 752.040
Fast W0 setup: cover degree 162; dims [ 159, 195, 231, 267 ]; row maxima [ 198, 
234, 270, 306 ]; RR times [ 89.920, 44.930, 137.550, 80.840 ]
Chunk 10 checked 86000 divisors; last killed by 1*(fiber 4 minus fiber 1); 
survivors 0; elapsed 1255.910
Divisors tested in chunk 10: 86004
Surviving translates in this chunk: 0
SUCCESS: this chunk contains no translate survivor.
CHUNK_RESULT: SUCCESS

======================================================================
Summary
======================================================================
RUN_TRANSLATE_TEST        = true
VERIFY_MAP_BY_RECONSTRUCTION = false
VERIFY_DELTA_ORDER        = false
VERIFY_MODEL_BASIC        = false
NCHUNKS                   = 16
CHUNK_INDEX               = 10
CACHED_GENERATOR_PAIR     = <1,4>
#quotient_fibers          = 6
quotient degrees          = [ 36, 36, 36, 36, 36, 36 ]
cyclic_delta_ok           = true
translate_test_ok         = true
#survivors                = 0
Finished X1_37_prop49_F2_short_complete.m.
Finished chunk 10 at Mon Jun  8 11:41:57 CEST 2026 with status 0
