
======================================================================
1. Build X_1(37) over F_2
======================================================================
genus X_1(37) over F_2 = 40
exact constant field size = 2

======================================================================
2. Load X_0(37)^+ map data
======================================================================
Loading "X1_37_X0plus_map_data.m"
#S37 coefficients = 18; #T37 coefficients = 18

======================================================================
2a. Reconstruct S37,T37 from the universal curve
======================================================================
MAP_VERIFICATION: SUCCESS

======================================================================
3. Recover quotient fibers from [S37:T37:1]
======================================================================
plane point [0:0:1]: 3 branch candidate(s), total branch-degree 468
    branch 1 degree 288: [0:0:1] | vpair=(1,1), residue(u^1/v^1)=kdeg=12,res=1
    branch 2 degree 144: [0:0:1] | vpair=(5,6), residue(u^6/v^5)=kdeg=36,res=1
    branch 3 degree 36: [0:0:1] | vpair=(5,6), residue(u^6/v^5)=kdeg=9,res=1
plane point [0:1:1]: 2 branch candidate(s), total branch-degree 72
    branch 1 degree 36: [0:1:1] | vpair=(2,1), residue(u^1/v^2)=kdeg=6,res=1
    branch 2 degree 36: [0:1:1] | vpair=(2,1), residue(u^1/v^2)=kdeg=9,res=1
plane point [1:0:1]: 0 branch candidate(s), total branch-degree 0
plane point [1:1:1]: 0 branch candidate(s), total branch-degree 0
plane point [1:0:0]: 0 branch candidate(s), total branch-degree 0
plane point [1:1:0]: 0 branch candidate(s), total branch-degree 0
plane point [0:1:0]: 2 branch candidate(s), total branch-degree 36
    branch 1 degree 18: [0:1:0] | vpair=(38,1), residue(u^1/v^38)=kdeg=1,res=1
    branch 2 degree 18: [0:1:0] | vpair=(38,1), residue(u^1/v^38)=kdeg=18,res=1
#degree-36 candidate fibers retained = 6
    candidate fiber 1 degree 36: degree-36 branch: [0:0:1] | vpair=(5,6), 
residue(u^6/v^5)=kdeg=9,res=1
    candidate fiber 2 degree 36: degree-36 branch: [0:1:1] | vpair=(2,1), 
residue(u^1/v^2)=kdeg=6,res=1
    candidate fiber 3 degree 36: degree-36 branch: [0:1:1] | vpair=(2,1), 
residue(u^1/v^2)=kdeg=9,res=1
    candidate fiber 4 degree 36: degree-36 total plane fiber: [0:1:0]
    candidate fiber 5 degree 36: twice degree-18 branch: [0:1:0] | vpair=(38,1),
residue(u^1/v^38)=kdeg=1,res=1
    candidate fiber 6 degree 36: twice degree-18 branch: [0:1:0] | vpair=(38,1),
residue(u^1/v^38)=kdeg=18,res=1

======================================================================
4. Verify an order-5 quotient delta
======================================================================
fiber 4 minus fiber 1: exact order 5 in Pic^0
Using candidate fiber pair <1,4> as a verified order-5 generator over F_2.

======================================================================
5. Translate test skipped
======================================================================
Set RUN_TRANSLATE_TEST:=true to enumerate effective degree-9 divisors.

======================================================================
Summary
======================================================================
RUN_TRANSLATE_TEST        = false
VERIFY_MAP_BY_RECONSTRUCTION = true
VERIFY_DELTA_ORDER        = true
VERIFY_MODEL_BASIC        = true
NCHUNKS                   = 1
CHUNK_INDEX               = 0
CACHED_GENERATOR_PAIR     = <1,4>
#quotient_fibers          = 6
quotient degrees          = [ 36, 36, 36, 36, 36, 36 ]
cyclic_delta_ok           = true
Finished X1_37_prop49_F2_short_complete.m.
