======================================================================
One-time verification
======================================================================
Magma V2.29-4     Fri Jun 12 2026 17:56:32 on mordell  [Seed = 1916017096]
Type ? for help.  Type <Ctrl>-D to quit.

Loading file "verify.m"
Loading "X1_37_ST_minimal.m"
Loading "ff_search.m"
Build X_1(37) over F_2.
Loading "X1_37_X0plus_map_data.m"
#S37 coefficients = 18; #T37 coefficients = 18
Verify S37,T37 from the universal elliptic curve.
MAP_VERIFICATION: SUCCESS
Use the quotient image q(S,T)=0.
ST_RELATION_VERIFICATION: SUCCESS
#Places(q(S,T)=0,1) = 5
fiber degrees = [ 36, 36 ]
DELTA_ORDER: SUCCESS
Finished X1_37_ST_minimal.m.

Total time: 572.860 seconds, Total memory usage: 529.16MB
======================================================================
Running chunks: CORES=24 NCHUNKS=24 LOGDIR=logs_minimal_24worker_20260612_175609
======================================================================
chunk 0: SUCCESS
chunk 1: SUCCESS
chunk 2: SUCCESS
chunk 3: SUCCESS
chunk 4: SUCCESS
chunk 5: SUCCESS
chunk 6: SUCCESS
chunk 7: SUCCESS
chunk 8: SUCCESS
chunk 9: SUCCESS
chunk 10: SUCCESS
chunk 11: SUCCESS
chunk 12: SUCCESS
chunk 13: SUCCESS
chunk 14: SUCCESS
chunk 15: SUCCESS
chunk 16: SUCCESS
chunk 17: SUCCESS
chunk 18: SUCCESS
chunk 19: SUCCESS
chunk 20: SUCCESS
chunk 21: SUCCESS
chunk 22: SUCCESS
chunk 23: SUCCESS
GLOBAL_RESULT: SUCCESS
