Starting chunk 6 at Fri Jun 12 18:06:05 CEST 2026
Loading "X1_37_ST_minimal.m"
Loading "ff_search.m"
Build X_1(37) over F_2.
Loading "X1_37_X0plus_map_data.m"
#S37 coefficients = 18; #T37 coefficients = 18
Use the quotient image q(S,T)=0.
ST_RELATION_VERIFICATION: SUCCESS
#Places(q(S,T)=0,1) = 5
fiber degrees = [ 36, 36 ]
Testing 4 nonzero translates; chunk 6/24.
Place counts by degree: [ 18, 0, 0, 0, 0, 21, 18, 0, 39 ]
Degree types: 36; assigned [ 7, 31 ]
Degree type 7/36: [ <5, 1>, <1, 1>, <1, 1>, <1, 1>, <1, 1> ]; groups [ <5, 1, 
1>, <1, 1, 4> ]; elapsed 0.000
Fast W0 setup: cover degree 90; dims [ 87, 123, 159, 195 ]; RR times [ 69.700, 
170.560, 39.680, 147.810 ]
Chunk 6 checked 1000 divisors; last killed by 1*D0; survivors 0; elapsed 
1110.570
Chunk 6 checked 2000 divisors; last killed by 1*D0; survivors 0; elapsed 
1434.620
Chunk 6 checked 3000 divisors; last killed by 1*D0; survivors 0; elapsed 
1434.730
Chunk 6 checked 4000 divisors; last killed by 1*D0; survivors 0; elapsed 
1601.500
Chunk 6 checked 5000 divisors; last killed by 1*D0; survivors 0; elapsed 
1601.610
Chunk 6 checked 6000 divisors; last killed by 1*D0; survivors 0; elapsed 
1601.720
Chunk 6 checked 7000 divisors; last killed by 1*D0; survivors 0; elapsed 
1601.830
Chunk 6 checked 8000 divisors; last killed by 1*D0; survivors 0; elapsed 
1601.930
Chunk 6 checked 9000 divisors; last killed by 1*D0; survivors 0; elapsed 
1602.040
Chunk 6 checked 10000 divisors; last killed by 1*D0; survivors 0; elapsed 
1602.150
Chunk 6 checked 11000 divisors; last killed by 1*D0; survivors 0; elapsed 
1602.260
Chunk 6 checked 12000 divisors; last killed by 1*D0; survivors 0; elapsed 
1602.370
Chunk 6 checked 13000 divisors; last killed by 1*D0; survivors 0; elapsed 
1602.470
Chunk 6 checked 14000 divisors; last killed by 1*D0; survivors 0; elapsed 
1602.580
Chunk 6 checked 15000 divisors; last killed by 1*D0; survivors 0; elapsed 
1602.690
Chunk 6 checked 16000 divisors; last killed by 1*D0; survivors 0; elapsed 
1602.800
Chunk 6 checked 17000 divisors; last killed by 1*D0; survivors 0; elapsed 
1602.910
Chunk 6 checked 18000 divisors; last killed by 1*D0; survivors 0; elapsed 
1603.020
Chunk 6 checked 19000 divisors; last killed by 1*D0; survivors 0; elapsed 
1603.130
Chunk 6 checked 20000 divisors; last killed by 1*D0; survivors 0; elapsed 
1603.230
Chunk 6 checked 21000 divisors; last killed by 1*D0; survivors 0; elapsed 
1603.340
Chunk 6 checked 22000 divisors; last killed by 1*D0; survivors 0; elapsed 
1603.450
Chunk 6 checked 23000 divisors; last killed by 1*D0; survivors 0; elapsed 
1603.560
Chunk 6 checked 24000 divisors; last killed by 1*D0; survivors 0; elapsed 
1603.670
Chunk 6 checked 25000 divisors; last killed by 1*D0; survivors 0; elapsed 
1603.780
Chunk 6 checked 26000 divisors; last killed by 1*D0; survivors 0; elapsed 
1603.890
Chunk 6 checked 27000 divisors; last killed by 1*D0; survivors 0; elapsed 
1604.000
Chunk 6 checked 28000 divisors; last killed by 1*D0; survivors 0; elapsed 
1604.110
Chunk 6 checked 29000 divisors; last killed by 1*D0; survivors 0; elapsed 
1604.220
Chunk 6 checked 30000 divisors; last killed by 1*D0; survivors 0; elapsed 
1604.320
Chunk 6 checked 31000 divisors; last killed by 1*D0; survivors 0; elapsed 
1604.430
Chunk 6 checked 32000 divisors; last killed by 1*D0; survivors 0; elapsed 
1604.540
Chunk 6 checked 33000 divisors; last killed by 1*D0; survivors 0; elapsed 
1604.650
Chunk 6 checked 34000 divisors; last killed by 1*D0; survivors 0; elapsed 
1604.760
Chunk 6 checked 35000 divisors; last killed by 1*D0; survivors 0; elapsed 
1604.870
Chunk 6 checked 36000 divisors; last killed by 1*D0; survivors 0; elapsed 
1604.970
Chunk 6 checked 37000 divisors; last killed by 1*D0; survivors 0; elapsed 
1605.080
Chunk 6 checked 38000 divisors; last killed by 1*D0; survivors 0; elapsed 
1605.190
Chunk 6 checked 39000 divisors; last killed by 1*D0; survivors 0; elapsed 
1605.290
Chunk 6 checked 40000 divisors; last killed by 1*D0; survivors 0; elapsed 
1605.400
Chunk 6 checked 41000 divisors; last killed by 1*D0; survivors 0; elapsed 
1605.510
Chunk 6 checked 42000 divisors; last killed by 1*D0; survivors 0; elapsed 
1605.620
Degree type 31/36: [ <4, 1>, <3, 1>, <2, 1> ]; groups [ <4, 1, 1>, <3, 1, 1>, 
<2, 1, 1> ]; elapsed 1605.710
Fast W0 setup: cover degree 72; dims [ 69, 105, 141, 177 ]; RR times [ 60.270, 
42.260, 111.860, 25.000 ]
Chunk 6 checked 43000 divisors; last killed by 1*D0; survivors 0; elapsed 
1947.870
Chunk 6 checked 44000 divisors; last killed by 1*D0; survivors 0; elapsed 
2040.910
Chunk 6 checked 45000 divisors; last killed by 1*D0; survivors 0; elapsed 
2207.160
Chunk 6 checked 46000 divisors; last killed by 1*D0; survivors 0; elapsed 
2207.240
Chunk 6 checked 47000 divisors; last killed by 1*D0; survivors 0; elapsed 
2207.320
Divisors tested in chunk 6: 47736
Surviving translates in this chunk: 0
SUCCESS: this chunk contains no translate survivor.
CHUNK_RESULT: SUCCESS
Finished X1_37_ST_minimal.m.
Finished chunk 6 at Fri Jun 12 18:45:37 CEST 2026 with status 0
