Starting chunk 10 at Fri Jun 12 18:06:05 CEST 2026
Loading "X1_37_ST_minimal.m"
Loading "ff_search.m"
Build X_1(37) over F_2.
Loading "X1_37_X0plus_map_data.m"
#S37 coefficients = 18; #T37 coefficients = 18
Use the quotient image q(S,T)=0.
ST_RELATION_VERIFICATION: SUCCESS
#Places(q(S,T)=0,1) = 5
fiber degrees = [ 36, 36 ]
Testing 4 nonzero translates; chunk 10/24.
Place counts by degree: [ 18, 0, 0, 0, 0, 21, 18, 0, 39 ]
Degree types: 36; assigned [ 11, 35 ]
Degree type 11/36: [ <3, 1>, <3, 1>, <1, 1>, <1, 1>, <1, 1> ]; groups [ <3, 1, 
2>, <1, 1, 3> ]; elapsed 0.000
Fast W0 setup: cover degree 54; dims [ 51, 87, 123, 159 ]; RR times [ 23.090, 
90.220, 66.880, 147.050 ]
Chunk 10 checked 1000 divisors; last killed by 1*D0; survivors 0; elapsed 
407.960
Chunk 10 checked 2000 divisors; last killed by 1*D0; survivors 0; elapsed 
408.130
Chunk 10 checked 3000 divisors; last killed by 1*D0; survivors 0; elapsed 
408.300
Chunk 10 checked 4000 divisors; last killed by 1*D0; survivors 0; elapsed 
461.890
Chunk 10 checked 5000 divisors; last killed by 1*D0; survivors 0; elapsed 
462.060
Chunk 10 checked 6000 divisors; last killed by 1*D0; survivors 0; elapsed 
462.210
Chunk 10 checked 7000 divisors; last killed by 1*D0; survivors 0; elapsed 
462.350
Chunk 10 checked 8000 divisors; last killed by 1*D0; survivors 0; elapsed 
462.500
Chunk 10 checked 9000 divisors; last killed by 1*D0; survivors 0; elapsed 
462.630
Chunk 10 checked 10000 divisors; last killed by 1*D0; survivors 0; elapsed 
462.790
Chunk 10 checked 11000 divisors; last killed by 1*D0; survivors 0; elapsed 
462.960
Chunk 10 checked 12000 divisors; last killed by 1*D0; survivors 0; elapsed 
463.120
Chunk 10 checked 13000 divisors; last killed by 1*D0; survivors 0; elapsed 
463.290
Chunk 10 checked 14000 divisors; last killed by 1*D0; survivors 0; elapsed 
463.450
Chunk 10 checked 15000 divisors; last killed by 1*D0; survivors 0; elapsed 
463.600
Chunk 10 checked 16000 divisors; last killed by 1*D0; survivors 0; elapsed 
463.740
Chunk 10 checked 17000 divisors; last killed by 1*D0; survivors 0; elapsed 
463.890
Chunk 10 checked 18000 divisors; last killed by 1*D0; survivors 0; elapsed 
464.030
Chunk 10 checked 19000 divisors; last killed by 1*D0; survivors 0; elapsed 
464.180
Chunk 10 checked 20000 divisors; last killed by 1*D0; survivors 0; elapsed 
464.350
Chunk 10 checked 21000 divisors; last killed by 1*D0; survivors 0; elapsed 
464.520
Chunk 10 checked 22000 divisors; last killed by 1*D0; survivors 0; elapsed 
464.680
Chunk 10 checked 23000 divisors; last killed by 1*D0; survivors 0; elapsed 
464.840
Chunk 10 checked 24000 divisors; last killed by 1*D0; survivors 0; elapsed 
464.980
Chunk 10 checked 25000 divisors; last killed by 1*D0; survivors 0; elapsed 
465.130
Chunk 10 checked 26000 divisors; last killed by 1*D0; survivors 0; elapsed 
465.270
Chunk 10 checked 27000 divisors; last killed by 1*D0; survivors 0; elapsed 
465.410
Chunk 10 checked 28000 divisors; last killed by 1*D0; survivors 0; elapsed 
465.570
Chunk 10 checked 29000 divisors; last killed by 1*D0; survivors 0; elapsed 
465.740
Chunk 10 checked 30000 divisors; last killed by 1*D0; survivors 0; elapsed 
465.910
Chunk 10 checked 31000 divisors; last killed by 1*D0; survivors 0; elapsed 
466.060
Chunk 10 checked 32000 divisors; last killed by 1*D0; survivors 0; elapsed 
466.190
Chunk 10 checked 33000 divisors; last killed by 1*D0; survivors 0; elapsed 
466.340
Chunk 10 checked 34000 divisors; last killed by 1*D0; survivors 0; elapsed 
466.480
Chunk 10 checked 35000 divisors; last killed by 1*D0; survivors 0; elapsed 
466.630
Chunk 10 checked 36000 divisors; last killed by 1*D0; survivors 0; elapsed 
466.790
Chunk 10 checked 37000 divisors; last killed by 1*D0; survivors 0; elapsed 
466.960
Chunk 10 checked 38000 divisors; last killed by 1*D0; survivors 0; elapsed 
467.120
Chunk 10 checked 39000 divisors; last killed by 1*D0; survivors 0; elapsed 
467.260
Chunk 10 checked 40000 divisors; last killed by 1*D0; survivors 0; elapsed 
467.400
Chunk 10 checked 41000 divisors; last killed by 1*D0; survivors 0; elapsed 
467.550
Chunk 10 checked 42000 divisors; last killed by 1*D0; survivors 0; elapsed 
467.680
Chunk 10 checked 43000 divisors; last killed by 1*D0; survivors 0; elapsed 
527.310
Chunk 10 checked 44000 divisors; last killed by 1*D0; survivors 0; elapsed 
527.480
Chunk 10 checked 45000 divisors; last killed by 1*D0; survivors 0; elapsed 
579.990
Chunk 10 checked 46000 divisors; last killed by 1*D0; survivors 0; elapsed 
580.130
Chunk 10 checked 47000 divisors; last killed by 1*D0; survivors 0; elapsed 
580.280
Chunk 10 checked 48000 divisors; last killed by 1*D0; survivors 0; elapsed 
580.430
Chunk 10 checked 49000 divisors; last killed by 1*D0; survivors 0; elapsed 
580.570
Chunk 10 checked 50000 divisors; last killed by 1*D0; survivors 0; elapsed 
580.740
Chunk 10 checked 51000 divisors; last killed by 1*D0; survivors 0; elapsed 
580.900
Chunk 10 checked 52000 divisors; last killed by 1*D0; survivors 0; elapsed 
581.040
Chunk 10 checked 53000 divisors; last killed by 1*D0; survivors 0; elapsed 
581.190
Chunk 10 checked 54000 divisors; last killed by 1*D0; survivors 0; elapsed 
581.330
Chunk 10 checked 55000 divisors; last killed by 1*D0; survivors 0; elapsed 
581.470
Chunk 10 checked 56000 divisors; last killed by 1*D0; survivors 0; elapsed 
581.640
Chunk 10 checked 57000 divisors; last killed by 1*D0; survivors 0; elapsed 
581.790
Chunk 10 checked 58000 divisors; last killed by 1*D0; survivors 0; elapsed 
581.920
Chunk 10 checked 59000 divisors; last killed by 1*D0; survivors 0; elapsed 
582.070
Chunk 10 checked 60000 divisors; last killed by 1*D0; survivors 0; elapsed 
582.210
Chunk 10 checked 61000 divisors; last killed by 1*D0; survivors 0; elapsed 
582.360
Chunk 10 checked 62000 divisors; last killed by 1*D0; survivors 0; elapsed 
582.520
Chunk 10 checked 63000 divisors; last killed by 1*D0; survivors 0; elapsed 
582.650
Chunk 10 checked 64000 divisors; last killed by 1*D0; survivors 0; elapsed 
582.800
Chunk 10 checked 65000 divisors; last killed by 1*D0; survivors 0; elapsed 
582.940
Chunk 10 checked 66000 divisors; last killed by 1*D0; survivors 0; elapsed 
583.090
Chunk 10 checked 67000 divisors; last killed by 1*D0; survivors 0; elapsed 
583.230
Chunk 10 checked 68000 divisors; last killed by 1*D0; survivors 0; elapsed 
583.370
Chunk 10 checked 69000 divisors; last killed by 1*D0; survivors 0; elapsed 
583.510
Chunk 10 checked 70000 divisors; last killed by 1*D0; survivors 0; elapsed 
583.650
Chunk 10 checked 71000 divisors; last killed by 1*D0; survivors 0; elapsed 
583.790
Chunk 10 checked 72000 divisors; last killed by 1*D0; survivors 0; elapsed 
583.920
Chunk 10 checked 73000 divisors; last killed by 1*D0; survivors 0; elapsed 
584.050
Chunk 10 checked 74000 divisors; last killed by 1*D0; survivors 0; elapsed 
584.180
Chunk 10 checked 75000 divisors; last killed by 1*D0; survivors 0; elapsed 
584.300
Chunk 10 checked 76000 divisors; last killed by 1*D0; survivors 0; elapsed 
584.440
Chunk 10 checked 77000 divisors; last killed by 1*D0; survivors 0; elapsed 
584.560
Chunk 10 checked 78000 divisors; last killed by 1*D0; survivors 0; elapsed 
584.690
Chunk 10 checked 79000 divisors; last killed by 1*D0; survivors 0; elapsed 
584.810
Chunk 10 checked 80000 divisors; last killed by 1*D0; survivors 0; elapsed 
584.930
Chunk 10 checked 81000 divisors; last killed by 1*D0; survivors 0; elapsed 
585.060
Chunk 10 checked 82000 divisors; last killed by 1*D0; survivors 0; elapsed 
585.180
Chunk 10 checked 83000 divisors; last killed by 1*D0; survivors 0; elapsed 
585.310
Chunk 10 checked 84000 divisors; last killed by 1*D0; survivors 0; elapsed 
585.440
Chunk 10 checked 85000 divisors; last killed by 1*D0; survivors 0; elapsed 
585.560
Degree type 35/36: [ <5, 1>, <4, 1> ]; groups [ <5, 1, 1>, <4, 1, 1> ]; elapsed 
585.650
Fast W0 setup: cover degree 90; dims [ 87, 123, 159, 195 ]; RR times [ 67.140, 
165.710, 40.070, 148.680 ]
Divisors tested in chunk 10: 85986
Surviving translates in this chunk: 0
SUCCESS: this chunk contains no translate survivor.
CHUNK_RESULT: SUCCESS
Finished X1_37_ST_minimal.m.
Finished chunk 10 at Fri Jun 12 18:35:16 CEST 2026 with status 0
