Starting chunk 19 at Fri Jun 12 18:06:05 CEST 2026
Loading "X1_37_ST_minimal.m"
Loading "ff_search.m"
Build X_1(37) over F_2.
Loading "X1_37_X0plus_map_data.m"
#S37 coefficients = 18; #T37 coefficients = 18
Use the quotient image q(S,T)=0.
ST_RELATION_VERIFICATION: SUCCESS
#Places(q(S,T)=0,1) = 5
fiber degrees = [ 36, 36 ]
Testing 4 nonzero translates; chunk 19/24.
Place counts by degree: [ 18, 0, 0, 0, 0, 21, 18, 0, 39 ]
Degree types: 36; assigned [ 20 ]
Degree type 20/36: [ <4, 1>, <2, 1>, <2, 1>, <1, 1> ]; groups [ <4, 1, 1>, <2, 
1, 2>, <1, 1, 1> ]; elapsed 0.000
Fast W0 setup: cover degree 72; dims [ 69, 105, 141, 177 ]; RR times [ 99.260, 
66.050, 172.580, 37.400 ]
Chunk 19 checked 1000 divisors; last killed by 1*D0; survivors 0; elapsed 
810.890
Chunk 19 checked 2000 divisors; last killed by 1*D0; survivors 0; elapsed 
912.170
Chunk 19 checked 3000 divisors; last killed by 1*D0; survivors 0; elapsed 
912.290
Chunk 19 checked 4000 divisors; last killed by 1*D0; survivors 0; elapsed 
912.410
Chunk 19 checked 5000 divisors; last killed by 1*D0; survivors 0; elapsed 
912.530
Chunk 19 checked 6000 divisors; last killed by 1*D0; survivors 0; elapsed 
912.660
Chunk 19 checked 7000 divisors; last killed by 1*D0; survivors 0; elapsed 
912.770
Chunk 19 checked 8000 divisors; last killed by 1*D0; survivors 0; elapsed 
1048.140
Chunk 19 checked 9000 divisors; last killed by 1*D0; survivors 0; elapsed 
1048.260
Chunk 19 checked 10000 divisors; last killed by 1*D0; survivors 0; elapsed 
1048.380
Chunk 19 checked 11000 divisors; last killed by 1*D0; survivors 0; elapsed 
1048.500
Chunk 19 checked 12000 divisors; last killed by 1*D0; survivors 0; elapsed 
1048.620
Chunk 19 checked 13000 divisors; last killed by 1*D0; survivors 0; elapsed 
1048.740
Chunk 19 checked 14000 divisors; last killed by 1*D0; survivors 0; elapsed 
1048.870
Chunk 19 checked 15000 divisors; last killed by 1*D0; survivors 0; elapsed 
1048.980
Chunk 19 checked 16000 divisors; last killed by 1*D0; survivors 0; elapsed 
1049.100
Chunk 19 checked 17000 divisors; last killed by 1*D0; survivors 0; elapsed 
1049.230
Chunk 19 checked 18000 divisors; last killed by 1*D0; survivors 0; elapsed 
1049.350
Chunk 19 checked 19000 divisors; last killed by 1*D0; survivors 0; elapsed 
1049.470
Chunk 19 checked 20000 divisors; last killed by 1*D0; survivors 0; elapsed 
1049.590
Chunk 19 checked 21000 divisors; last killed by 1*D0; survivors 0; elapsed 
1049.710
Chunk 19 checked 22000 divisors; last killed by 1*D0; survivors 0; elapsed 
1049.840
Chunk 19 checked 23000 divisors; last killed by 1*D0; survivors 0; elapsed 
1049.960
Chunk 19 checked 24000 divisors; last killed by 1*D0; survivors 0; elapsed 
1050.100
Chunk 19 checked 25000 divisors; last killed by 1*D0; survivors 0; elapsed 
1050.220
Chunk 19 checked 26000 divisors; last killed by 1*D0; survivors 0; elapsed 
1050.350
Chunk 19 checked 27000 divisors; last killed by 1*D0; survivors 0; elapsed 
1050.480
Chunk 19 checked 28000 divisors; last killed by 1*D0; survivors 0; elapsed 
1050.600
Chunk 19 checked 29000 divisors; last killed by 1*D0; survivors 0; elapsed 
1050.730
Chunk 19 checked 30000 divisors; last killed by 1*D0; survivors 0; elapsed 
1050.850
Chunk 19 checked 31000 divisors; last killed by 1*D0; survivors 0; elapsed 
1050.980
Chunk 19 checked 32000 divisors; last killed by 1*D0; survivors 0; elapsed 
1051.100
Chunk 19 checked 33000 divisors; last killed by 1*D0; survivors 0; elapsed 
1051.230
Chunk 19 checked 34000 divisors; last killed by 1*D0; survivors 0; elapsed 
1051.350
Chunk 19 checked 35000 divisors; last killed by 1*D0; survivors 0; elapsed 
1051.470
Chunk 19 checked 36000 divisors; last killed by 1*D0; survivors 0; elapsed 
1051.600
Divisors tested in chunk 19: 36720
Surviving translates in this chunk: 0
SUCCESS: this chunk contains no translate survivor.
CHUNK_RESULT: SUCCESS
Finished X1_37_ST_minimal.m.
Finished chunk 19 at Fri Jun 12 18:26:36 CEST 2026 with status 0
