Starting chunk 5 at Fri Jun 12 18:06:05 CEST 2026
Loading "X1_37_ST_minimal.m"
Loading "ff_search.m"
Build X_1(37) over F_2.
Loading "X1_37_X0plus_map_data.m"
#S37 coefficients = 18; #T37 coefficients = 18
Use the quotient image q(S,T)=0.
ST_RELATION_VERIFICATION: SUCCESS
#Places(q(S,T)=0,1) = 5
fiber degrees = [ 36, 36 ]
Testing 4 nonzero translates; chunk 5/24.
Place counts by degree: [ 18, 0, 0, 0, 0, 21, 18, 0, 39 ]
Degree types: 36; assigned [ 6, 30 ]
Degree type 6/36: [ <3, 1>, <2, 1>, <1, 1>, <1, 1>, <1, 1>, <1, 1> ]; groups [ 
<3, 1, 1>, <2, 1, 1>, <1, 1, 4> ]; elapsed 0.000
Fast W0 setup: cover degree 54; dims [ 51, 87, 123, 159 ]; RR times [ 23.420, 
92.260, 67.580, 175.240 ]
Chunk 5 checked 1000 divisors; last killed by 1*D0; survivors 0; elapsed 439.720
Chunk 5 checked 2000 divisors; last killed by 1*D0; survivors 0; elapsed 495.150
Chunk 5 checked 3000 divisors; last killed by 1*D0; survivors 0; elapsed 495.310
Chunk 5 checked 4000 divisors; last killed by 1*D0; survivors 0; elapsed 495.460
Chunk 5 checked 5000 divisors; last killed by 1*D0; survivors 0; elapsed 495.620
Chunk 5 checked 6000 divisors; last killed by 1*D0; survivors 0; elapsed 495.770
Chunk 5 checked 7000 divisors; last killed by 1*D0; survivors 0; elapsed 495.920
Chunk 5 checked 8000 divisors; last killed by 1*D0; survivors 0; elapsed 496.070
Chunk 5 checked 9000 divisors; last killed by 1*D0; survivors 0; elapsed 558.110
Chunk 5 checked 10000 divisors; last killed by 1*D0; survivors 0; elapsed 
609.430
Chunk 5 checked 11000 divisors; last killed by 1*D0; survivors 0; elapsed 
609.580
Chunk 5 checked 12000 divisors; last killed by 1*D0; survivors 0; elapsed 
609.740
Chunk 5 checked 13000 divisors; last killed by 1*D0; survivors 0; elapsed 
609.890
Chunk 5 checked 14000 divisors; last killed by 1*D0; survivors 0; elapsed 
610.040
Chunk 5 checked 15000 divisors; last killed by 1*D0; survivors 0; elapsed 
610.190
Chunk 5 checked 16000 divisors; last killed by 1*D0; survivors 0; elapsed 
610.340
Chunk 5 checked 17000 divisors; last killed by 1*D0; survivors 0; elapsed 
610.490
Chunk 5 checked 18000 divisors; last killed by 1*D0; survivors 0; elapsed 
610.630
Chunk 5 checked 19000 divisors; last killed by 1*D0; survivors 0; elapsed 
610.770
Chunk 5 checked 20000 divisors; last killed by 1*D0; survivors 0; elapsed 
610.900
Chunk 5 checked 21000 divisors; last killed by 1*D0; survivors 0; elapsed 
611.030
Chunk 5 checked 22000 divisors; last killed by 1*D0; survivors 0; elapsed 
611.160
Chunk 5 checked 23000 divisors; last killed by 1*D0; survivors 0; elapsed 
611.290
Chunk 5 checked 24000 divisors; last killed by 1*D0; survivors 0; elapsed 
611.430
Chunk 5 checked 25000 divisors; last killed by 1*D0; survivors 0; elapsed 
611.570
Chunk 5 checked 26000 divisors; last killed by 1*D0; survivors 0; elapsed 
611.700
Chunk 5 checked 27000 divisors; last killed by 1*D0; survivors 0; elapsed 
611.840
Chunk 5 checked 28000 divisors; last killed by 1*D0; survivors 0; elapsed 
611.970
Chunk 5 checked 29000 divisors; last killed by 1*D0; survivors 0; elapsed 
612.100
Chunk 5 checked 30000 divisors; last killed by 1*D0; survivors 0; elapsed 
612.230
Chunk 5 checked 31000 divisors; last killed by 1*D0; survivors 0; elapsed 
612.360
Chunk 5 checked 32000 divisors; last killed by 1*D0; survivors 0; elapsed 
612.520
Chunk 5 checked 33000 divisors; last killed by 1*D0; survivors 0; elapsed 
612.670
Chunk 5 checked 34000 divisors; last killed by 1*D0; survivors 0; elapsed 
612.830
Chunk 5 checked 35000 divisors; last killed by 1*D0; survivors 0; elapsed 
612.970
Chunk 5 checked 36000 divisors; last killed by 1*D0; survivors 0; elapsed 
613.130
Chunk 5 checked 37000 divisors; last killed by 1*D0; survivors 0; elapsed 
613.280
Chunk 5 checked 38000 divisors; last killed by 1*D0; survivors 0; elapsed 
613.430
Chunk 5 checked 39000 divisors; last killed by 1*D0; survivors 0; elapsed 
613.580
Chunk 5 checked 40000 divisors; last killed by 1*D0; survivors 0; elapsed 
613.730
Chunk 5 checked 41000 divisors; last killed by 1*D0; survivors 0; elapsed 
613.890
Chunk 5 checked 42000 divisors; last killed by 1*D0; survivors 0; elapsed 
614.040
Chunk 5 checked 43000 divisors; last killed by 1*D0; survivors 0; elapsed 
614.190
Chunk 5 checked 44000 divisors; last killed by 1*D0; survivors 0; elapsed 
614.340
Chunk 5 checked 45000 divisors; last killed by 1*D0; survivors 0; elapsed 
614.500
Chunk 5 checked 46000 divisors; last killed by 1*D0; survivors 0; elapsed 
614.650
Chunk 5 checked 47000 divisors; last killed by 1*D0; survivors 0; elapsed 
614.800
Chunk 5 checked 48000 divisors; last killed by 1*D0; survivors 0; elapsed 
614.950
Chunk 5 checked 49000 divisors; last killed by 1*D0; survivors 0; elapsed 
615.090
Chunk 5 checked 50000 divisors; last killed by 1*D0; survivors 0; elapsed 
615.220
Chunk 5 checked 51000 divisors; last killed by 1*D0; survivors 0; elapsed 
615.350
Chunk 5 checked 52000 divisors; last killed by 1*D0; survivors 0; elapsed 
615.480
Chunk 5 checked 53000 divisors; last killed by 1*D0; survivors 0; elapsed 
615.610
Chunk 5 checked 54000 divisors; last killed by 1*D0; survivors 0; elapsed 
615.740
Chunk 5 checked 55000 divisors; last killed by 1*D0; survivors 0; elapsed 
615.880
Chunk 5 checked 56000 divisors; last killed by 1*D0; survivors 0; elapsed 
616.030
Chunk 5 checked 57000 divisors; last killed by 1*D0; survivors 0; elapsed 
616.160
Chunk 5 checked 58000 divisors; last killed by 1*D0; survivors 0; elapsed 
616.290
Chunk 5 checked 59000 divisors; last killed by 1*D0; survivors 0; elapsed 
616.430
Chunk 5 checked 60000 divisors; last killed by 1*D0; survivors 0; elapsed 
616.550
Chunk 5 checked 61000 divisors; last killed by 1*D0; survivors 0; elapsed 
616.690
Chunk 5 checked 62000 divisors; last killed by 1*D0; survivors 0; elapsed 
616.820
Chunk 5 checked 63000 divisors; last killed by 1*D0; survivors 0; elapsed 
616.980
Chunk 5 checked 64000 divisors; last killed by 1*D0; survivors 0; elapsed 
617.130
Chunk 5 checked 65000 divisors; last killed by 1*D0; survivors 0; elapsed 
617.280
Chunk 5 checked 66000 divisors; last killed by 1*D0; survivors 0; elapsed 
617.430
Chunk 5 checked 67000 divisors; last killed by 1*D0; survivors 0; elapsed 
617.580
Chunk 5 checked 68000 divisors; last killed by 1*D0; survivors 0; elapsed 
617.740
Chunk 5 checked 69000 divisors; last killed by 1*D0; survivors 0; elapsed 
617.880
Chunk 5 checked 70000 divisors; last killed by 1*D0; survivors 0; elapsed 
618.040
Chunk 5 checked 71000 divisors; last killed by 1*D0; survivors 0; elapsed 
618.180
Chunk 5 checked 72000 divisors; last killed by 1*D0; survivors 0; elapsed 
618.350
Chunk 5 checked 73000 divisors; last killed by 1*D0; survivors 0; elapsed 
618.490
Chunk 5 checked 74000 divisors; last killed by 1*D0; survivors 0; elapsed 
618.650
Chunk 5 checked 75000 divisors; last killed by 1*D0; survivors 0; elapsed 
618.800
Chunk 5 checked 76000 divisors; last killed by 1*D0; survivors 0; elapsed 
618.950
Chunk 5 checked 77000 divisors; last killed by 1*D0; survivors 0; elapsed 
619.100
Chunk 5 checked 78000 divisors; last killed by 1*D0; survivors 0; elapsed 
619.260
Chunk 5 checked 79000 divisors; last killed by 1*D0; survivors 0; elapsed 
619.400
Chunk 5 checked 80000 divisors; last killed by 1*D0; survivors 0; elapsed 
619.540
Chunk 5 checked 81000 divisors; last killed by 1*D0; survivors 0; elapsed 
619.680
Chunk 5 checked 82000 divisors; last killed by 1*D0; survivors 0; elapsed 
619.810
Chunk 5 checked 83000 divisors; last killed by 1*D0; survivors 0; elapsed 
619.940
Chunk 5 checked 84000 divisors; last killed by 1*D0; survivors 0; elapsed 
620.070
Chunk 5 checked 85000 divisors; last killed by 1*D0; survivors 0; elapsed 
620.200
Chunk 5 checked 86000 divisors; last killed by 1*D0; survivors 0; elapsed 
620.340
Chunk 5 checked 87000 divisors; last killed by 1*D0; survivors 0; elapsed 
620.480
Chunk 5 checked 88000 divisors; last killed by 1*D0; survivors 0; elapsed 
620.620
Chunk 5 checked 89000 divisors; last killed by 1*D0; survivors 0; elapsed 
620.750
Chunk 5 checked 90000 divisors; last killed by 1*D0; survivors 0; elapsed 
620.880
Chunk 5 checked 91000 divisors; last killed by 1*D0; survivors 0; elapsed 
621.010
Chunk 5 checked 92000 divisors; last killed by 1*D0; survivors 0; elapsed 
621.150
Chunk 5 checked 93000 divisors; last killed by 1*D0; survivors 0; elapsed 
621.280
Chunk 5 checked 94000 divisors; last killed by 1*D0; survivors 0; elapsed 
621.440
Chunk 5 checked 95000 divisors; last killed by 1*D0; survivors 0; elapsed 
621.590
Chunk 5 checked 96000 divisors; last killed by 1*D0; survivors 0; elapsed 
621.740
Chunk 5 checked 97000 divisors; last killed by 1*D0; survivors 0; elapsed 
621.890
Chunk 5 checked 98000 divisors; last killed by 1*D0; survivors 0; elapsed 
622.040
Chunk 5 checked 99000 divisors; last killed by 1*D0; survivors 0; elapsed 
622.200
Chunk 5 checked 100000 divisors; last killed by 1*D0; survivors 0; elapsed 
622.340
Chunk 5 checked 101000 divisors; last killed by 1*D0; survivors 0; elapsed 
622.500
Chunk 5 checked 102000 divisors; last killed by 1*D0; survivors 0; elapsed 
676.030
Chunk 5 checked 103000 divisors; last killed by 1*D0; survivors 0; elapsed 
676.190
Chunk 5 checked 104000 divisors; last killed by 1*D0; survivors 0; elapsed 
676.340
Chunk 5 checked 105000 divisors; last killed by 1*D0; survivors 0; elapsed 
676.490
Chunk 5 checked 106000 divisors; last killed by 1*D0; survivors 0; elapsed 
676.640
Chunk 5 checked 107000 divisors; last killed by 1*D0; survivors 0; elapsed 
676.790
Chunk 5 checked 108000 divisors; last killed by 1*D0; survivors 0; elapsed 
676.950
Chunk 5 checked 109000 divisors; last killed by 1*D0; survivors 0; elapsed 
677.100
Chunk 5 checked 110000 divisors; last killed by 1*D0; survivors 0; elapsed 
677.240
Chunk 5 checked 111000 divisors; last killed by 1*D0; survivors 0; elapsed 
677.380
Chunk 5 checked 112000 divisors; last killed by 1*D0; survivors 0; elapsed 
677.520
Chunk 5 checked 113000 divisors; last killed by 1*D0; survivors 0; elapsed 
677.650
Chunk 5 checked 114000 divisors; last killed by 1*D0; survivors 0; elapsed 
677.780
Chunk 5 checked 115000 divisors; last killed by 1*D0; survivors 0; elapsed 
677.910
Chunk 5 checked 116000 divisors; last killed by 1*D0; survivors 0; elapsed 
678.040
Chunk 5 checked 117000 divisors; last killed by 1*D0; survivors 0; elapsed 
678.180
Chunk 5 checked 118000 divisors; last killed by 1*D0; survivors 0; elapsed 
678.320
Chunk 5 checked 119000 divisors; last killed by 1*D0; survivors 0; elapsed 
678.450
Chunk 5 checked 120000 divisors; last killed by 1*D0; survivors 0; elapsed 
678.590
Chunk 5 checked 121000 divisors; last killed by 1*D0; survivors 0; elapsed 
678.720
Chunk 5 checked 122000 divisors; last killed by 1*D0; survivors 0; elapsed 
678.850
Chunk 5 checked 123000 divisors; last killed by 1*D0; survivors 0; elapsed 
678.980
Chunk 5 checked 124000 divisors; last killed by 1*D0; survivors 0; elapsed 
679.120
Chunk 5 checked 125000 divisors; last killed by 1*D0; survivors 0; elapsed 
679.270
Chunk 5 checked 126000 divisors; last killed by 1*D0; survivors 0; elapsed 
679.420
Chunk 5 checked 127000 divisors; last killed by 1*D0; survivors 0; elapsed 
679.580
Chunk 5 checked 128000 divisors; last killed by 1*D0; survivors 0; elapsed 
679.730
Chunk 5 checked 129000 divisors; last killed by 1*D0; survivors 0; elapsed 
679.880
Chunk 5 checked 130000 divisors; last killed by 1*D0; survivors 0; elapsed 
680.030
Chunk 5 checked 131000 divisors; last killed by 1*D0; survivors 0; elapsed 
680.180
Chunk 5 checked 132000 divisors; last killed by 1*D0; survivors 0; elapsed 
680.340
Chunk 5 checked 133000 divisors; last killed by 1*D0; survivors 0; elapsed 
725.080
Chunk 5 checked 134000 divisors; last killed by 1*D0; survivors 0; elapsed 
725.230
Chunk 5 checked 135000 divisors; last killed by 1*D0; survivors 0; elapsed 
725.380
Chunk 5 checked 136000 divisors; last killed by 1*D0; survivors 0; elapsed 
725.540
Chunk 5 checked 137000 divisors; last killed by 1*D0; survivors 0; elapsed 
725.690
Chunk 5 checked 138000 divisors; last killed by 1*D0; survivors 0; elapsed 
725.840
Chunk 5 checked 139000 divisors; last killed by 1*D0; survivors 0; elapsed 
725.990
Chunk 5 checked 140000 divisors; last killed by 1*D0; survivors 0; elapsed 
726.140
Chunk 5 checked 141000 divisors; last killed by 1*D0; survivors 0; elapsed 
726.290
Chunk 5 checked 142000 divisors; last killed by 1*D0; survivors 0; elapsed 
726.430
Chunk 5 checked 143000 divisors; last killed by 1*D0; survivors 0; elapsed 
726.560
Chunk 5 checked 144000 divisors; last killed by 1*D0; survivors 0; elapsed 
726.690
Chunk 5 checked 145000 divisors; last killed by 1*D0; survivors 0; elapsed 
726.820
Chunk 5 checked 146000 divisors; last killed by 1*D0; survivors 0; elapsed 
726.950
Chunk 5 checked 147000 divisors; last killed by 1*D0; survivors 0; elapsed 
727.090
Chunk 5 checked 148000 divisors; last killed by 1*D0; survivors 0; elapsed 
727.230
Chunk 5 checked 149000 divisors; last killed by 1*D0; survivors 0; elapsed 
727.370
Chunk 5 checked 150000 divisors; last killed by 1*D0; survivors 0; elapsed 
727.500
Chunk 5 checked 151000 divisors; last killed by 1*D0; survivors 0; elapsed 
727.640
Chunk 5 checked 152000 divisors; last killed by 1*D0; survivors 0; elapsed 
727.770
Chunk 5 checked 153000 divisors; last killed by 1*D0; survivors 0; elapsed 
727.900
Chunk 5 checked 154000 divisors; last killed by 1*D0; survivors 0; elapsed 
728.030
Chunk 5 checked 155000 divisors; last killed by 1*D0; survivors 0; elapsed 
728.170
Chunk 5 checked 156000 divisors; last killed by 1*D0; survivors 0; elapsed 
728.330
Chunk 5 checked 157000 divisors; last killed by 1*D0; survivors 0; elapsed 
728.470
Chunk 5 checked 158000 divisors; last killed by 1*D0; survivors 0; elapsed 
728.630
Chunk 5 checked 159000 divisors; last killed by 1*D0; survivors 0; elapsed 
728.780
Chunk 5 checked 160000 divisors; last killed by 1*D0; survivors 0; elapsed 
728.930
Chunk 5 checked 161000 divisors; last killed by 1*D0; survivors 0; elapsed 
729.090
Chunk 5 checked 162000 divisors; last killed by 1*D0; survivors 0; elapsed 
729.230
Chunk 5 checked 163000 divisors; last killed by 1*D0; survivors 0; elapsed 
729.390
Chunk 5 checked 164000 divisors; last killed by 1*D0; survivors 0; elapsed 
729.540
Chunk 5 checked 165000 divisors; last killed by 1*D0; survivors 0; elapsed 
729.700
Chunk 5 checked 166000 divisors; last killed by 1*D0; survivors 0; elapsed 
729.850
Chunk 5 checked 167000 divisors; last killed by 1*D0; survivors 0; elapsed 
730.000
Chunk 5 checked 168000 divisors; last killed by 1*D0; survivors 0; elapsed 
730.150
Chunk 5 checked 169000 divisors; last killed by 1*D0; survivors 0; elapsed 
730.300
Chunk 5 checked 170000 divisors; last killed by 1*D0; survivors 0; elapsed 
730.460
Chunk 5 checked 171000 divisors; last killed by 1*D0; survivors 0; elapsed 
730.600
Chunk 5 checked 172000 divisors; last killed by 1*D0; survivors 0; elapsed 
730.770
Chunk 5 checked 173000 divisors; last killed by 1*D0; survivors 0; elapsed 
730.900
Chunk 5 checked 174000 divisors; last killed by 1*D0; survivors 0; elapsed 
731.040
Chunk 5 checked 175000 divisors; last killed by 1*D0; survivors 0; elapsed 
731.170
Chunk 5 checked 176000 divisors; last killed by 1*D0; survivors 0; elapsed 
731.300
Chunk 5 checked 177000 divisors; last killed by 1*D0; survivors 0; elapsed 
731.430
Chunk 5 checked 178000 divisors; last killed by 1*D0; survivors 0; elapsed 
731.560
Chunk 5 checked 179000 divisors; last killed by 1*D0; survivors 0; elapsed 
731.710
Chunk 5 checked 180000 divisors; last killed by 1*D0; survivors 0; elapsed 
731.840
Chunk 5 checked 181000 divisors; last killed by 1*D0; survivors 0; elapsed 
731.980
Chunk 5 checked 182000 divisors; last killed by 1*D0; survivors 0; elapsed 
732.110
Chunk 5 checked 183000 divisors; last killed by 1*D0; survivors 0; elapsed 
732.250
Chunk 5 checked 184000 divisors; last killed by 1*D0; survivors 0; elapsed 
732.380
Chunk 5 checked 185000 divisors; last killed by 1*D0; survivors 0; elapsed 
732.510
Chunk 5 checked 186000 divisors; last killed by 1*D0; survivors 0; elapsed 
732.650
Chunk 5 checked 187000 divisors; last killed by 1*D0; survivors 0; elapsed 
732.800
Chunk 5 checked 188000 divisors; last killed by 1*D0; survivors 0; elapsed 
732.950
Chunk 5 checked 189000 divisors; last killed by 1*D0; survivors 0; elapsed 
733.110
Chunk 5 checked 190000 divisors; last killed by 1*D0; survivors 0; elapsed 
733.260
Chunk 5 checked 191000 divisors; last killed by 1*D0; survivors 0; elapsed 
733.410
Chunk 5 checked 192000 divisors; last killed by 1*D0; survivors 0; elapsed 
733.560
Chunk 5 checked 193000 divisors; last killed by 1*D0; survivors 0; elapsed 
733.710
Chunk 5 checked 194000 divisors; last killed by 1*D0; survivors 0; elapsed 
733.870
Chunk 5 checked 195000 divisors; last killed by 1*D0; survivors 0; elapsed 
734.020
Chunk 5 checked 196000 divisors; last killed by 1*D0; survivors 0; elapsed 
734.170
Chunk 5 checked 197000 divisors; last killed by 1*D0; survivors 0; elapsed 
734.320
Chunk 5 checked 198000 divisors; last killed by 1*D0; survivors 0; elapsed 
734.480
Chunk 5 checked 199000 divisors; last killed by 1*D0; survivors 0; elapsed 
734.630
Chunk 5 checked 200000 divisors; last killed by 1*D0; survivors 0; elapsed 
734.780
Chunk 5 checked 201000 divisors; last killed by 1*D0; survivors 0; elapsed 
734.930
Chunk 5 checked 202000 divisors; last killed by 1*D0; survivors 0; elapsed 
735.080
Chunk 5 checked 203000 divisors; last killed by 1*D0; survivors 0; elapsed 
735.230
Chunk 5 checked 204000 divisors; last killed by 1*D0; survivors 0; elapsed 
735.370
Chunk 5 checked 205000 divisors; last killed by 1*D0; survivors 0; elapsed 
735.500
Chunk 5 checked 206000 divisors; last killed by 1*D0; survivors 0; elapsed 
735.630
Chunk 5 checked 207000 divisors; last killed by 1*D0; survivors 0; elapsed 
735.760
Chunk 5 checked 208000 divisors; last killed by 1*D0; survivors 0; elapsed 
735.890
Chunk 5 checked 209000 divisors; last killed by 1*D0; survivors 0; elapsed 
736.030
Chunk 5 checked 210000 divisors; last killed by 1*D0; survivors 0; elapsed 
736.170
Chunk 5 checked 211000 divisors; last killed by 1*D0; survivors 0; elapsed 
736.310
Chunk 5 checked 212000 divisors; last killed by 1*D0; survivors 0; elapsed 
736.450
Chunk 5 checked 213000 divisors; last killed by 1*D0; survivors 0; elapsed 
736.580
Chunk 5 checked 214000 divisors; last killed by 1*D0; survivors 0; elapsed 
736.710
Chunk 5 checked 215000 divisors; last killed by 1*D0; survivors 0; elapsed 
736.840
Chunk 5 checked 216000 divisors; last killed by 1*D0; survivors 0; elapsed 
736.970
Chunk 5 checked 217000 divisors; last killed by 1*D0; survivors 0; elapsed 
737.110
Chunk 5 checked 218000 divisors; last killed by 1*D0; survivors 0; elapsed 
737.270
Chunk 5 checked 219000 divisors; last killed by 1*D0; survivors 0; elapsed 
737.420
Chunk 5 checked 220000 divisors; last killed by 1*D0; survivors 0; elapsed 
737.570
Chunk 5 checked 221000 divisors; last killed by 1*D0; survivors 0; elapsed 
737.730
Chunk 5 checked 222000 divisors; last killed by 1*D0; survivors 0; elapsed 
737.870
Chunk 5 checked 223000 divisors; last killed by 1*D0; survivors 0; elapsed 
738.030
Chunk 5 checked 224000 divisors; last killed by 1*D0; survivors 0; elapsed 
738.180
Chunk 5 checked 225000 divisors; last killed by 1*D0; survivors 0; elapsed 
738.340
Chunk 5 checked 226000 divisors; last killed by 1*D0; survivors 0; elapsed 
738.490
Chunk 5 checked 227000 divisors; last killed by 1*D0; survivors 0; elapsed 
738.640
Chunk 5 checked 228000 divisors; last killed by 1*D0; survivors 0; elapsed 
738.790
Chunk 5 checked 229000 divisors; last killed by 1*D0; survivors 0; elapsed 
738.940
Chunk 5 checked 230000 divisors; last killed by 1*D0; survivors 0; elapsed 
739.100
Chunk 5 checked 231000 divisors; last killed by 1*D0; survivors 0; elapsed 
739.250
Chunk 5 checked 232000 divisors; last killed by 1*D0; survivors 0; elapsed 
739.410
Chunk 5 checked 233000 divisors; last killed by 1*D0; survivors 0; elapsed 
739.550
Chunk 5 checked 234000 divisors; last killed by 1*D0; survivors 0; elapsed 
739.710
Chunk 5 checked 235000 divisors; last killed by 1*D0; survivors 0; elapsed 
739.840
Chunk 5 checked 236000 divisors; last killed by 1*D0; survivors 0; elapsed 
739.980
Chunk 5 checked 237000 divisors; last killed by 1*D0; survivors 0; elapsed 
740.110
Chunk 5 checked 238000 divisors; last killed by 1*D0; survivors 0; elapsed 
740.240
Chunk 5 checked 239000 divisors; last killed by 1*D0; survivors 0; elapsed 
740.370
Chunk 5 checked 240000 divisors; last killed by 1*D0; survivors 0; elapsed 
740.490
Chunk 5 checked 241000 divisors; last killed by 1*D0; survivors 0; elapsed 
740.640
Chunk 5 checked 242000 divisors; last killed by 1*D0; survivors 0; elapsed 
740.780
Chunk 5 checked 243000 divisors; last killed by 1*D0; survivors 0; elapsed 
740.910
Chunk 5 checked 244000 divisors; last killed by 1*D0; survivors 0; elapsed 
741.040
Chunk 5 checked 245000 divisors; last killed by 1*D0; survivors 0; elapsed 
741.180
Chunk 5 checked 246000 divisors; last killed by 1*D0; survivors 0; elapsed 
741.310
Chunk 5 checked 247000 divisors; last killed by 1*D0; survivors 0; elapsed 
741.440
Chunk 5 checked 248000 divisors; last killed by 1*D0; survivors 0; elapsed 
741.580
Chunk 5 checked 249000 divisors; last killed by 1*D0; survivors 0; elapsed 
741.740
Chunk 5 checked 250000 divisors; last killed by 1*D0; survivors 0; elapsed 
741.890
Chunk 5 checked 251000 divisors; last killed by 1*D0; survivors 0; elapsed 
742.040
Chunk 5 checked 252000 divisors; last killed by 1*D0; survivors 0; elapsed 
742.190
Chunk 5 checked 253000 divisors; last killed by 1*D0; survivors 0; elapsed 
742.340
Chunk 5 checked 254000 divisors; last killed by 1*D0; survivors 0; elapsed 
742.500
Chunk 5 checked 255000 divisors; last killed by 1*D0; survivors 0; elapsed 
742.650
Chunk 5 checked 256000 divisors; last killed by 1*D0; survivors 0; elapsed 
742.800
Chunk 5 checked 257000 divisors; last killed by 1*D0; survivors 0; elapsed 
742.950
Chunk 5 checked 258000 divisors; last killed by 1*D0; survivors 0; elapsed 
743.110
Chunk 5 checked 259000 divisors; last killed by 1*D0; survivors 0; elapsed 
743.260
Chunk 5 checked 260000 divisors; last killed by 1*D0; survivors 0; elapsed 
743.410
Chunk 5 checked 261000 divisors; last killed by 1*D0; survivors 0; elapsed 
743.570
Chunk 5 checked 262000 divisors; last killed by 1*D0; survivors 0; elapsed 
743.710
Chunk 5 checked 263000 divisors; last killed by 1*D0; survivors 0; elapsed 
743.870
Chunk 5 checked 264000 divisors; last killed by 1*D0; survivors 0; elapsed 
744.020
Chunk 5 checked 265000 divisors; last killed by 1*D0; survivors 0; elapsed 
744.170
Chunk 5 checked 266000 divisors; last killed by 1*D0; survivors 0; elapsed 
744.310
Chunk 5 checked 267000 divisors; last killed by 1*D0; survivors 0; elapsed 
744.440
Chunk 5 checked 268000 divisors; last killed by 1*D0; survivors 0; elapsed 
744.570
Chunk 5 checked 269000 divisors; last killed by 1*D0; survivors 0; elapsed 
744.700
Chunk 5 checked 270000 divisors; last killed by 1*D0; survivors 0; elapsed 
744.830
Chunk 5 checked 271000 divisors; last killed by 1*D0; survivors 0; elapsed 
744.960
Chunk 5 checked 272000 divisors; last killed by 1*D0; survivors 0; elapsed 
745.100
Chunk 5 checked 273000 divisors; last killed by 1*D0; survivors 0; elapsed 
745.240
Chunk 5 checked 274000 divisors; last killed by 1*D0; survivors 0; elapsed 
745.380
Chunk 5 checked 275000 divisors; last killed by 1*D0; survivors 0; elapsed 
745.510
Chunk 5 checked 276000 divisors; last killed by 1*D0; survivors 0; elapsed 
745.640
Chunk 5 checked 277000 divisors; last killed by 1*D0; survivors 0; elapsed 
745.770
Chunk 5 checked 278000 divisors; last killed by 1*D0; survivors 0; elapsed 
745.900
Chunk 5 checked 279000 divisors; last killed by 1*D0; survivors 0; elapsed 
746.050
Chunk 5 checked 280000 divisors; last killed by 1*D0; survivors 0; elapsed 
746.200
Chunk 5 checked 281000 divisors; last killed by 1*D0; survivors 0; elapsed 
746.350
Chunk 5 checked 282000 divisors; last killed by 1*D0; survivors 0; elapsed 
746.500
Chunk 5 checked 283000 divisors; last killed by 1*D0; survivors 0; elapsed 
746.660
Chunk 5 checked 284000 divisors; last killed by 1*D0; survivors 0; elapsed 
746.800
Chunk 5 checked 285000 divisors; last killed by 1*D0; survivors 0; elapsed 
746.960
Chunk 5 checked 286000 divisors; last killed by 1*D0; survivors 0; elapsed 
747.110
Chunk 5 checked 287000 divisors; last killed by 1*D0; survivors 0; elapsed 
747.270
Chunk 5 checked 288000 divisors; last killed by 1*D0; survivors 0; elapsed 
747.420
Chunk 5 checked 289000 divisors; last killed by 1*D0; survivors 0; elapsed 
747.570
Chunk 5 checked 290000 divisors; last killed by 1*D0; survivors 0; elapsed 
747.720
Chunk 5 checked 291000 divisors; last killed by 1*D0; survivors 0; elapsed 
747.870
Chunk 5 checked 292000 divisors; last killed by 1*D0; survivors 0; elapsed 
748.030
Chunk 5 checked 293000 divisors; last killed by 1*D0; survivors 0; elapsed 
748.180
Chunk 5 checked 294000 divisors; last killed by 1*D0; survivors 0; elapsed 
748.340
Chunk 5 checked 295000 divisors; last killed by 1*D0; survivors 0; elapsed 
748.490
Chunk 5 checked 296000 divisors; last killed by 1*D0; survivors 0; elapsed 
748.640
Chunk 5 checked 297000 divisors; last killed by 1*D0; survivors 0; elapsed 
748.770
Chunk 5 checked 298000 divisors; last killed by 1*D0; survivors 0; elapsed 
748.910
Chunk 5 checked 299000 divisors; last killed by 1*D0; survivors 0; elapsed 
749.040
Chunk 5 checked 300000 divisors; last killed by 1*D0; survivors 0; elapsed 
749.170
Chunk 5 checked 301000 divisors; last killed by 1*D0; survivors 0; elapsed 
749.300
Chunk 5 checked 302000 divisors; last killed by 1*D0; survivors 0; elapsed 
749.430
Chunk 5 checked 303000 divisors; last killed by 1*D0; survivors 0; elapsed 
749.580
Chunk 5 checked 304000 divisors; last killed by 1*D0; survivors 0; elapsed 
749.710
Chunk 5 checked 305000 divisors; last killed by 1*D0; survivors 0; elapsed 
749.850
Chunk 5 checked 306000 divisors; last killed by 1*D0; survivors 0; elapsed 
749.980
Chunk 5 checked 307000 divisors; last killed by 1*D0; survivors 0; elapsed 
750.110
Chunk 5 checked 308000 divisors; last killed by 1*D0; survivors 0; elapsed 
750.240
Chunk 5 checked 309000 divisors; last killed by 1*D0; survivors 0; elapsed 
750.370
Chunk 5 checked 310000 divisors; last killed by 1*D0; survivors 0; elapsed 
750.510
Chunk 5 checked 311000 divisors; last killed by 1*D0; survivors 0; elapsed 
750.650
Chunk 5 checked 312000 divisors; last killed by 1*D0; survivors 0; elapsed 
750.800
Chunk 5 checked 313000 divisors; last killed by 1*D0; survivors 0; elapsed 
750.940
Chunk 5 checked 314000 divisors; last killed by 1*D0; survivors 0; elapsed 
751.090
Chunk 5 checked 315000 divisors; last killed by 1*D0; survivors 0; elapsed 
751.230
Chunk 5 checked 316000 divisors; last killed by 1*D0; survivors 0; elapsed 
751.380
Chunk 5 checked 317000 divisors; last killed by 1*D0; survivors 0; elapsed 
751.520
Chunk 5 checked 318000 divisors; last killed by 1*D0; survivors 0; elapsed 
751.670
Chunk 5 checked 319000 divisors; last killed by 1*D0; survivors 0; elapsed 
751.810
Chunk 5 checked 320000 divisors; last killed by 1*D0; survivors 0; elapsed 
751.960
Chunk 5 checked 321000 divisors; last killed by 1*D0; survivors 0; elapsed 
752.110
Chunk 5 checked 322000 divisors; last killed by 1*D0; survivors 0; elapsed 
752.250
Chunk 5 checked 323000 divisors; last killed by 1*D0; survivors 0; elapsed 
752.400
Chunk 5 checked 324000 divisors; last killed by 1*D0; survivors 0; elapsed 
752.540
Chunk 5 checked 325000 divisors; last killed by 1*D0; survivors 0; elapsed 
752.690
Chunk 5 checked 326000 divisors; last killed by 1*D0; survivors 0; elapsed 
752.830
Chunk 5 checked 327000 divisors; last killed by 1*D0; survivors 0; elapsed 
752.990
Chunk 5 checked 328000 divisors; last killed by 1*D0; survivors 0; elapsed 
753.120
Chunk 5 checked 329000 divisors; last killed by 1*D0; survivors 0; elapsed 
753.250
Chunk 5 checked 330000 divisors; last killed by 1*D0; survivors 0; elapsed 
753.390
Chunk 5 checked 331000 divisors; last killed by 1*D0; survivors 0; elapsed 
753.520
Chunk 5 checked 332000 divisors; last killed by 1*D0; survivors 0; elapsed 
753.640
Chunk 5 checked 333000 divisors; last killed by 1*D0; survivors 0; elapsed 
753.770
Chunk 5 checked 334000 divisors; last killed by 1*D0; survivors 0; elapsed 
753.900
Chunk 5 checked 335000 divisors; last killed by 1*D0; survivors 0; elapsed 
754.020
Chunk 5 checked 336000 divisors; last killed by 1*D0; survivors 0; elapsed 
754.150
Chunk 5 checked 337000 divisors; last killed by 1*D0; survivors 0; elapsed 
754.280
Chunk 5 checked 338000 divisors; last killed by 1*D0; survivors 0; elapsed 
754.400
Chunk 5 checked 339000 divisors; last killed by 1*D0; survivors 0; elapsed 
754.520
Chunk 5 checked 340000 divisors; last killed by 1*D0; survivors 0; elapsed 
754.650
Chunk 5 checked 341000 divisors; last killed by 1*D0; survivors 0; elapsed 
754.780
Chunk 5 checked 342000 divisors; last killed by 1*D0; survivors 0; elapsed 
754.910
Chunk 5 checked 343000 divisors; last killed by 1*D0; survivors 0; elapsed 
755.050
Chunk 5 checked 344000 divisors; last killed by 1*D0; survivors 0; elapsed 
755.180
Chunk 5 checked 345000 divisors; last killed by 1*D0; survivors 0; elapsed 
755.310
Chunk 5 checked 346000 divisors; last killed by 1*D0; survivors 0; elapsed 
755.440
Chunk 5 checked 347000 divisors; last killed by 1*D0; survivors 0; elapsed 
755.580
Chunk 5 checked 348000 divisors; last killed by 1*D0; survivors 0; elapsed 
755.710
Chunk 5 checked 349000 divisors; last killed by 1*D0; survivors 0; elapsed 
755.840
Chunk 5 checked 350000 divisors; last killed by 1*D0; survivors 0; elapsed 
755.970
Chunk 5 checked 351000 divisors; last killed by 1*D0; survivors 0; elapsed 
756.110
Chunk 5 checked 352000 divisors; last killed by 1*D0; survivors 0; elapsed 
756.240
Chunk 5 checked 353000 divisors; last killed by 1*D0; survivors 0; elapsed 
756.370
Chunk 5 checked 354000 divisors; last killed by 1*D0; survivors 0; elapsed 
756.510
Chunk 5 checked 355000 divisors; last killed by 1*D0; survivors 0; elapsed 
756.630
Chunk 5 checked 356000 divisors; last killed by 1*D0; survivors 0; elapsed 
756.770
Chunk 5 checked 357000 divisors; last killed by 1*D0; survivors 0; elapsed 
756.900
Chunk 5 checked 358000 divisors; last killed by 1*D0; survivors 0; elapsed 
757.030
Chunk 5 checked 359000 divisors; last killed by 1*D0; survivors 0; elapsed 
757.160
Chunk 5 checked 360000 divisors; last killed by 1*D0; survivors 0; elapsed 
757.290
Chunk 5 checked 361000 divisors; last killed by 1*D0; survivors 0; elapsed 
757.410
Chunk 5 checked 362000 divisors; last killed by 1*D0; survivors 0; elapsed 
757.520
Chunk 5 checked 363000 divisors; last killed by 1*D0; survivors 0; elapsed 
757.650
Chunk 5 checked 364000 divisors; last killed by 1*D0; survivors 0; elapsed 
757.780
Chunk 5 checked 365000 divisors; last killed by 1*D0; survivors 0; elapsed 
757.910
Chunk 5 checked 366000 divisors; last killed by 1*D0; survivors 0; elapsed 
758.040
Chunk 5 checked 367000 divisors; last killed by 1*D0; survivors 0; elapsed 
758.190
Chunk 5 checked 368000 divisors; last killed by 1*D0; survivors 0; elapsed 
758.320
Chunk 5 checked 369000 divisors; last killed by 1*D0; survivors 0; elapsed 
758.440
Chunk 5 checked 370000 divisors; last killed by 1*D0; survivors 0; elapsed 
758.550
Chunk 5 checked 371000 divisors; last killed by 1*D0; survivors 0; elapsed 
758.660
Chunk 5 checked 372000 divisors; last killed by 1*D0; survivors 0; elapsed 
758.790
Chunk 5 checked 373000 divisors; last killed by 1*D0; survivors 0; elapsed 
758.920
Chunk 5 checked 374000 divisors; last killed by 1*D0; survivors 0; elapsed 
759.050
Chunk 5 checked 375000 divisors; last killed by 1*D0; survivors 0; elapsed 
759.180
Chunk 5 checked 376000 divisors; last killed by 1*D0; survivors 0; elapsed 
759.310
Chunk 5 checked 377000 divisors; last killed by 1*D0; survivors 0; elapsed 
759.440
Chunk 5 checked 378000 divisors; last killed by 1*D0; survivors 0; elapsed 
759.570
Chunk 5 checked 379000 divisors; last killed by 1*D0; survivors 0; elapsed 
759.690
Chunk 5 checked 380000 divisors; last killed by 1*D0; survivors 0; elapsed 
759.820
Chunk 5 checked 381000 divisors; last killed by 1*D0; survivors 0; elapsed 
759.950
Chunk 5 checked 382000 divisors; last killed by 1*D0; survivors 0; elapsed 
760.080
Chunk 5 checked 383000 divisors; last killed by 1*D0; survivors 0; elapsed 
760.210
Chunk 5 checked 384000 divisors; last killed by 1*D0; survivors 0; elapsed 
760.340
Chunk 5 checked 385000 divisors; last killed by 1*D0; survivors 0; elapsed 
760.470
Chunk 5 checked 386000 divisors; last killed by 1*D0; survivors 0; elapsed 
760.600
Chunk 5 checked 387000 divisors; last killed by 1*D0; survivors 0; elapsed 
760.730
Chunk 5 checked 388000 divisors; last killed by 1*D0; survivors 0; elapsed 
760.860
Chunk 5 checked 389000 divisors; last killed by 1*D0; survivors 0; elapsed 
760.990
Chunk 5 checked 390000 divisors; last killed by 1*D0; survivors 0; elapsed 
761.120
Chunk 5 checked 391000 divisors; last killed by 1*D0; survivors 0; elapsed 
761.250
Chunk 5 checked 392000 divisors; last killed by 1*D0; survivors 0; elapsed 
761.360
Chunk 5 checked 393000 divisors; last killed by 1*D0; survivors 0; elapsed 
761.480
Chunk 5 checked 394000 divisors; last killed by 1*D0; survivors 0; elapsed 
761.600
Chunk 5 checked 395000 divisors; last killed by 1*D0; survivors 0; elapsed 
761.720
Chunk 5 checked 396000 divisors; last killed by 1*D0; survivors 0; elapsed 
761.840
Chunk 5 checked 397000 divisors; last killed by 1*D0; survivors 0; elapsed 
761.960
Chunk 5 checked 398000 divisors; last killed by 1*D0; survivors 0; elapsed 
762.090
Chunk 5 checked 399000 divisors; last killed by 1*D0; survivors 0; elapsed 
762.210
Chunk 5 checked 400000 divisors; last killed by 1*D0; survivors 0; elapsed 
762.330
Chunk 5 checked 401000 divisors; last killed by 1*D0; survivors 0; elapsed 
762.440
Chunk 5 checked 402000 divisors; last killed by 1*D0; survivors 0; elapsed 
762.560
Chunk 5 checked 403000 divisors; last killed by 1*D0; survivors 0; elapsed 
762.690
Chunk 5 checked 404000 divisors; last killed by 1*D0; survivors 0; elapsed 
762.820
Chunk 5 checked 405000 divisors; last killed by 1*D0; survivors 0; elapsed 
762.960
Chunk 5 checked 406000 divisors; last killed by 1*D0; survivors 0; elapsed 
763.080
Chunk 5 checked 407000 divisors; last killed by 1*D0; survivors 0; elapsed 
763.220
Chunk 5 checked 408000 divisors; last killed by 1*D0; survivors 0; elapsed 
763.350
Chunk 5 checked 409000 divisors; last killed by 1*D0; survivors 0; elapsed 
763.480
Chunk 5 checked 410000 divisors; last killed by 1*D0; survivors 0; elapsed 
763.610
Chunk 5 checked 411000 divisors; last killed by 1*D0; survivors 0; elapsed 
763.740
Chunk 5 checked 412000 divisors; last killed by 1*D0; survivors 0; elapsed 
763.870
Chunk 5 checked 413000 divisors; last killed by 1*D0; survivors 0; elapsed 
764.000
Chunk 5 checked 414000 divisors; last killed by 1*D0; survivors 0; elapsed 
764.130
Chunk 5 checked 415000 divisors; last killed by 1*D0; survivors 0; elapsed 
764.260
Chunk 5 checked 416000 divisors; last killed by 1*D0; survivors 0; elapsed 
764.390
Chunk 5 checked 417000 divisors; last killed by 1*D0; survivors 0; elapsed 
764.520
Chunk 5 checked 418000 divisors; last killed by 1*D0; survivors 0; elapsed 
764.650
Chunk 5 checked 419000 divisors; last killed by 1*D0; survivors 0; elapsed 
764.780
Chunk 5 checked 420000 divisors; last killed by 1*D0; survivors 0; elapsed 
764.910
Chunk 5 checked 421000 divisors; last killed by 1*D0; survivors 0; elapsed 
765.040
Chunk 5 checked 422000 divisors; last killed by 1*D0; survivors 0; elapsed 
765.160
Chunk 5 checked 423000 divisors; last killed by 1*D0; survivors 0; elapsed 
765.290
Chunk 5 checked 424000 divisors; last killed by 1*D0; survivors 0; elapsed 
765.420
Chunk 5 checked 425000 divisors; last killed by 1*D0; survivors 0; elapsed 
765.550
Chunk 5 checked 426000 divisors; last killed by 1*D0; survivors 0; elapsed 
765.670
Chunk 5 checked 427000 divisors; last killed by 1*D0; survivors 0; elapsed 
765.790
Chunk 5 checked 428000 divisors; last killed by 1*D0; survivors 0; elapsed 
765.910
Chunk 5 checked 429000 divisors; last killed by 1*D0; survivors 0; elapsed 
766.040
Chunk 5 checked 430000 divisors; last killed by 1*D0; survivors 0; elapsed 
766.160
Chunk 5 checked 431000 divisors; last killed by 1*D0; survivors 0; elapsed 
766.280
Chunk 5 checked 432000 divisors; last killed by 1*D0; survivors 0; elapsed 
766.400
Chunk 5 checked 433000 divisors; last killed by 1*D0; survivors 0; elapsed 
766.520
Chunk 5 checked 434000 divisors; last killed by 1*D0; survivors 0; elapsed 
766.660
Chunk 5 checked 435000 divisors; last killed by 1*D0; survivors 0; elapsed 
766.800
Chunk 5 checked 436000 divisors; last killed by 1*D0; survivors 0; elapsed 
766.950
Chunk 5 checked 437000 divisors; last killed by 1*D0; survivors 0; elapsed 
767.090
Chunk 5 checked 438000 divisors; last killed by 1*D0; survivors 0; elapsed 
767.240
Chunk 5 checked 439000 divisors; last killed by 1*D0; survivors 0; elapsed 
767.380
Chunk 5 checked 440000 divisors; last killed by 1*D0; survivors 0; elapsed 
767.520
Chunk 5 checked 441000 divisors; last killed by 1*D0; survivors 0; elapsed 
767.660
Chunk 5 checked 442000 divisors; last killed by 1*D0; survivors 0; elapsed 
767.810
Chunk 5 checked 443000 divisors; last killed by 1*D0; survivors 0; elapsed 
767.950
Chunk 5 checked 444000 divisors; last killed by 1*D0; survivors 0; elapsed 
768.090
Chunk 5 checked 445000 divisors; last killed by 1*D0; survivors 0; elapsed 
768.240
Chunk 5 checked 446000 divisors; last killed by 1*D0; survivors 0; elapsed 
768.370
Chunk 5 checked 447000 divisors; last killed by 1*D0; survivors 0; elapsed 
768.520
Chunk 5 checked 448000 divisors; last killed by 1*D0; survivors 0; elapsed 
768.660
Chunk 5 checked 449000 divisors; last killed by 1*D0; survivors 0; elapsed 
768.810
Chunk 5 checked 450000 divisors; last killed by 1*D0; survivors 0; elapsed 
768.950
Chunk 5 checked 451000 divisors; last killed by 1*D0; survivors 0; elapsed 
769.090
Chunk 5 checked 452000 divisors; last killed by 1*D0; survivors 0; elapsed 
769.220
Chunk 5 checked 453000 divisors; last killed by 1*D0; survivors 0; elapsed 
769.340
Chunk 5 checked 454000 divisors; last killed by 1*D0; survivors 0; elapsed 
769.460
Chunk 5 checked 455000 divisors; last killed by 1*D0; survivors 0; elapsed 
769.580
Chunk 5 checked 456000 divisors; last killed by 1*D0; survivors 0; elapsed 
769.710
Chunk 5 checked 457000 divisors; last killed by 1*D0; survivors 0; elapsed 
769.830
Chunk 5 checked 458000 divisors; last killed by 1*D0; survivors 0; elapsed 
769.950
Chunk 5 checked 459000 divisors; last killed by 1*D0; survivors 0; elapsed 
770.070
Chunk 5 checked 460000 divisors; last killed by 1*D0; survivors 0; elapsed 
770.200
Chunk 5 checked 461000 divisors; last killed by 1*D0; survivors 0; elapsed 
770.320
Chunk 5 checked 462000 divisors; last killed by 1*D0; survivors 0; elapsed 
770.450
Chunk 5 checked 463000 divisors; last killed by 1*D0; survivors 0; elapsed 
770.570
Chunk 5 checked 464000 divisors; last killed by 1*D0; survivors 0; elapsed 
770.690
Chunk 5 checked 465000 divisors; last killed by 1*D0; survivors 0; elapsed 
770.830
Chunk 5 checked 466000 divisors; last killed by 1*D0; survivors 0; elapsed 
770.960
Chunk 5 checked 467000 divisors; last killed by 1*D0; survivors 0; elapsed 
771.090
Chunk 5 checked 468000 divisors; last killed by 1*D0; survivors 0; elapsed 
771.230
Chunk 5 checked 469000 divisors; last killed by 1*D0; survivors 0; elapsed 
771.360
Chunk 5 checked 470000 divisors; last killed by 1*D0; survivors 0; elapsed 
771.500
Chunk 5 checked 471000 divisors; last killed by 1*D0; survivors 0; elapsed 
771.630
Chunk 5 checked 472000 divisors; last killed by 1*D0; survivors 0; elapsed 
771.770
Chunk 5 checked 473000 divisors; last killed by 1*D0; survivors 0; elapsed 
771.900
Chunk 5 checked 474000 divisors; last killed by 1*D0; survivors 0; elapsed 
772.040
Chunk 5 checked 475000 divisors; last killed by 1*D0; survivors 0; elapsed 
772.170
Chunk 5 checked 476000 divisors; last killed by 1*D0; survivors 0; elapsed 
772.310
Chunk 5 checked 477000 divisors; last killed by 1*D0; survivors 0; elapsed 
772.440
Chunk 5 checked 478000 divisors; last killed by 1*D0; survivors 0; elapsed 
772.570
Chunk 5 checked 479000 divisors; last killed by 1*D0; survivors 0; elapsed 
772.710
Chunk 5 checked 480000 divisors; last killed by 1*D0; survivors 0; elapsed 
772.840
Chunk 5 checked 481000 divisors; last killed by 1*D0; survivors 0; elapsed 
772.970
Chunk 5 checked 482000 divisors; last killed by 1*D0; survivors 0; elapsed 
773.100
Chunk 5 checked 483000 divisors; last killed by 1*D0; survivors 0; elapsed 
773.230
Chunk 5 checked 484000 divisors; last killed by 1*D0; survivors 0; elapsed 
773.360
Chunk 5 checked 485000 divisors; last killed by 1*D0; survivors 0; elapsed 
773.510
Chunk 5 checked 486000 divisors; last killed by 1*D0; survivors 0; elapsed 
773.650
Chunk 5 checked 487000 divisors; last killed by 1*D0; survivors 0; elapsed 
773.770
Chunk 5 checked 488000 divisors; last killed by 1*D0; survivors 0; elapsed 
773.900
Chunk 5 checked 489000 divisors; last killed by 1*D0; survivors 0; elapsed 
774.030
Chunk 5 checked 490000 divisors; last killed by 1*D0; survivors 0; elapsed 
774.160
Chunk 5 checked 491000 divisors; last killed by 1*D0; survivors 0; elapsed 
774.280
Chunk 5 checked 492000 divisors; last killed by 1*D0; survivors 0; elapsed 
774.400
Chunk 5 checked 493000 divisors; last killed by 1*D0; survivors 0; elapsed 
774.510
Chunk 5 checked 494000 divisors; last killed by 1*D0; survivors 0; elapsed 
774.630
Chunk 5 checked 495000 divisors; last killed by 1*D0; survivors 0; elapsed 
774.750
Chunk 5 checked 496000 divisors; last killed by 1*D0; survivors 0; elapsed 
774.880
Chunk 5 checked 497000 divisors; last killed by 1*D0; survivors 0; elapsed 
775.010
Chunk 5 checked 498000 divisors; last killed by 1*D0; survivors 0; elapsed 
775.140
Chunk 5 checked 499000 divisors; last killed by 1*D0; survivors 0; elapsed 
775.270
Chunk 5 checked 500000 divisors; last killed by 1*D0; survivors 0; elapsed 
775.400
Chunk 5 checked 501000 divisors; last killed by 1*D0; survivors 0; elapsed 
775.530
Chunk 5 checked 502000 divisors; last killed by 1*D0; survivors 0; elapsed 
775.660
Chunk 5 checked 503000 divisors; last killed by 1*D0; survivors 0; elapsed 
775.790
Chunk 5 checked 504000 divisors; last killed by 1*D0; survivors 0; elapsed 
775.920
Chunk 5 checked 505000 divisors; last killed by 1*D0; survivors 0; elapsed 
776.050
Chunk 5 checked 506000 divisors; last killed by 1*D0; survivors 0; elapsed 
776.180
Chunk 5 checked 507000 divisors; last killed by 1*D0; survivors 0; elapsed 
776.310
Chunk 5 checked 508000 divisors; last killed by 1*D0; survivors 0; elapsed 
776.440
Chunk 5 checked 509000 divisors; last killed by 1*D0; survivors 0; elapsed 
776.570
Chunk 5 checked 510000 divisors; last killed by 1*D0; survivors 0; elapsed 
776.700
Chunk 5 checked 511000 divisors; last killed by 1*D0; survivors 0; elapsed 
776.830
Chunk 5 checked 512000 divisors; last killed by 1*D0; survivors 0; elapsed 
776.960
Chunk 5 checked 513000 divisors; last killed by 1*D0; survivors 0; elapsed 
777.090
Chunk 5 checked 514000 divisors; last killed by 1*D0; survivors 0; elapsed 
777.210
Chunk 5 checked 515000 divisors; last killed by 1*D0; survivors 0; elapsed 
777.330
Chunk 5 checked 516000 divisors; last killed by 1*D0; survivors 0; elapsed 
777.450
Chunk 5 checked 517000 divisors; last killed by 1*D0; survivors 0; elapsed 
777.570
Chunk 5 checked 518000 divisors; last killed by 1*D0; survivors 0; elapsed 
777.690
Chunk 5 checked 519000 divisors; last killed by 1*D0; survivors 0; elapsed 
777.800
Chunk 5 checked 520000 divisors; last killed by 1*D0; survivors 0; elapsed 
777.920
Chunk 5 checked 521000 divisors; last killed by 1*D0; survivors 0; elapsed 
778.040
Chunk 5 checked 522000 divisors; last killed by 1*D0; survivors 0; elapsed 
778.160
Chunk 5 checked 523000 divisors; last killed by 1*D0; survivors 0; elapsed 
778.280
Chunk 5 checked 524000 divisors; last killed by 1*D0; survivors 0; elapsed 
778.390
Chunk 5 checked 525000 divisors; last killed by 1*D0; survivors 0; elapsed 
778.510
Chunk 5 checked 526000 divisors; last killed by 1*D0; survivors 0; elapsed 
778.630
Chunk 5 checked 527000 divisors; last killed by 1*D0; survivors 0; elapsed 
778.770
Chunk 5 checked 528000 divisors; last killed by 1*D0; survivors 0; elapsed 
778.900
Chunk 5 checked 529000 divisors; last killed by 1*D0; survivors 0; elapsed 
779.030
Chunk 5 checked 530000 divisors; last killed by 1*D0; survivors 0; elapsed 
779.160
Chunk 5 checked 531000 divisors; last killed by 1*D0; survivors 0; elapsed 
779.290
Chunk 5 checked 532000 divisors; last killed by 1*D0; survivors 0; elapsed 
779.420
Chunk 5 checked 533000 divisors; last killed by 1*D0; survivors 0; elapsed 
779.550
Chunk 5 checked 534000 divisors; last killed by 1*D0; survivors 0; elapsed 
779.680
Chunk 5 checked 535000 divisors; last killed by 1*D0; survivors 0; elapsed 
779.810
Chunk 5 checked 536000 divisors; last killed by 1*D0; survivors 0; elapsed 
779.940
Chunk 5 checked 537000 divisors; last killed by 1*D0; survivors 0; elapsed 
780.070
Chunk 5 checked 538000 divisors; last killed by 1*D0; survivors 0; elapsed 
780.200
Chunk 5 checked 539000 divisors; last killed by 1*D0; survivors 0; elapsed 
780.330
Chunk 5 checked 540000 divisors; last killed by 1*D0; survivors 0; elapsed 
780.460
Chunk 5 checked 541000 divisors; last killed by 1*D0; survivors 0; elapsed 
780.590
Chunk 5 checked 542000 divisors; last killed by 1*D0; survivors 0; elapsed 
780.720
Chunk 5 checked 543000 divisors; last killed by 1*D0; survivors 0; elapsed 
780.850
Chunk 5 checked 544000 divisors; last killed by 1*D0; survivors 0; elapsed 
780.980
Chunk 5 checked 545000 divisors; last killed by 1*D0; survivors 0; elapsed 
781.100
Chunk 5 checked 546000 divisors; last killed by 1*D0; survivors 0; elapsed 
781.220
Chunk 5 checked 547000 divisors; last killed by 1*D0; survivors 0; elapsed 
781.330
Chunk 5 checked 548000 divisors; last killed by 1*D0; survivors 0; elapsed 
781.450
Chunk 5 checked 549000 divisors; last killed by 1*D0; survivors 0; elapsed 
781.570
Chunk 5 checked 550000 divisors; last killed by 1*D0; survivors 0; elapsed 
781.690
Chunk 5 checked 551000 divisors; last killed by 1*D0; survivors 0; elapsed 
781.800
Chunk 5 checked 552000 divisors; last killed by 1*D0; survivors 0; elapsed 
781.930
Chunk 5 checked 553000 divisors; last killed by 1*D0; survivors 0; elapsed 
782.050
Chunk 5 checked 554000 divisors; last killed by 1*D0; survivors 0; elapsed 
782.170
Chunk 5 checked 555000 divisors; last killed by 1*D0; survivors 0; elapsed 
782.290
Chunk 5 checked 556000 divisors; last killed by 1*D0; survivors 0; elapsed 
782.410
Degree type 30/36: [ <5, 1>, <2, 1>, <2, 1> ]; groups [ <5, 1, 1>, <2, 1, 2> ]; 
elapsed 782.520
Fast W0 setup: cover degree 90; dims [ 87, 123, 159, 195 ]; RR times [ 66.090, 
167.530, 39.090, 148.150 ]
Chunk 5 checked 557000 divisors; last killed by 1*D0; survivors 0; elapsed 
1655.910
Chunk 5 checked 558000 divisors; last killed by 1*D0; survivors 0; elapsed 
1937.790
Chunk 5 checked 559000 divisors; last killed by 1*D0; survivors 0; elapsed 
1937.890
Divisors tested in chunk 5: 559368
Surviving translates in this chunk: 0
SUCCESS: this chunk contains no translate survivor.
CHUNK_RESULT: SUCCESS
Finished X1_37_ST_minimal.m.
Finished chunk 5 at Fri Jun 12 18:41:21 CEST 2026 with status 0
