Starting chunk 21 at Fri Jun 12 18:06:05 CEST 2026
Loading "X1_37_ST_minimal.m"
Loading "ff_search.m"
Build X_1(37) over F_2.
Loading "X1_37_X0plus_map_data.m"
#S37 coefficients = 18; #T37 coefficients = 18
Use the quotient image q(S,T)=0.
ST_RELATION_VERIFICATION: SUCCESS
#Places(q(S,T)=0,1) = 5
fiber degrees = [ 36, 36 ]
Testing 4 nonzero translates; chunk 21/24.
Place counts by degree: [ 18, 0, 0, 0, 0, 21, 18, 0, 39 ]
Degree types: 36; assigned [ 22 ]
Degree type 22/36: [ <6, 1>, <2, 1>, <1, 1> ]; groups [ <6, 1, 1>, <2, 1, 1>, 
<1, 1, 1> ]; elapsed 0.000
Fast W0 setup: cover degree 108; dims [ 105, 141, 177, 213 ]; RR times [ 
141.830, 38.210, 188.460, 122.850 ]
Chunk 21 checked 1000 divisors; last killed by 1*D0; survivors 0; elapsed 
1992.190
Chunk 21 checked 2000 divisors; last killed by 1*D0; survivors 0; elapsed 
2260.180
Chunk 21 checked 3000 divisors; last killed by 1*D0; survivors 0; elapsed 
2260.320
Chunk 21 checked 4000 divisors; last killed by 1*D0; survivors 0; elapsed 
2260.470
Divisors tested in chunk 21: 4896
Surviving translates in this chunk: 0
SUCCESS: this chunk contains no translate survivor.
CHUNK_RESULT: SUCCESS
Finished X1_37_ST_minimal.m.
Finished chunk 21 at Fri Jun 12 18:46:44 CEST 2026 with status 0
