Starting chunk 13 at Fri Jun 12 18:06:05 CEST 2026
Loading "X1_37_ST_minimal.m"
Loading "ff_search.m"
Build X_1(37) over F_2.
Loading "X1_37_X0plus_map_data.m"
#S37 coefficients = 18; #T37 coefficients = 18
Use the quotient image q(S,T)=0.
ST_RELATION_VERIFICATION: SUCCESS
#Places(q(S,T)=0,1) = 5
fiber degrees = [ 36, 36 ]
Testing 4 nonzero translates; chunk 13/24.
Place counts by degree: [ 18, 0, 0, 0, 0, 21, 18, 0, 39 ]
Degree types: 36; assigned [ 14 ]
Degree type 14/36: [ <3, 1>, <2, 1>, <2, 1>, <1, 1>, <1, 1> ]; groups [ <3, 1, 
1>, <2, 1, 2>, <1, 1, 2> ]; elapsed 0.010
Fast W0 setup: cover degree 54; dims [ 51, 87, 123, 159 ]; RR times [ 20.990, 
92.380, 67.710, 176.910 ]
Chunk 13 checked 1000 divisors; last killed by 1*D0; survivors 0; elapsed 
418.940
Chunk 13 checked 2000 divisors; last killed by 1*D0; survivors 0; elapsed 
439.430
Chunk 13 checked 3000 divisors; last killed by 1*D0; survivors 0; elapsed 
439.600
Chunk 13 checked 4000 divisors; last killed by 1*D0; survivors 0; elapsed 
439.770
Chunk 13 checked 5000 divisors; last killed by 1*D0; survivors 0; elapsed 
439.930
Chunk 13 checked 6000 divisors; last killed by 1*D0; survivors 0; elapsed 
440.090
Chunk 13 checked 7000 divisors; last killed by 1*D0; survivors 0; elapsed 
440.260
Chunk 13 checked 8000 divisors; last killed by 1*D0; survivors 0; elapsed 
494.360
Chunk 13 checked 9000 divisors; last killed by 1*D0; survivors 0; elapsed 
494.520
Chunk 13 checked 10000 divisors; last killed by 1*D0; survivors 0; elapsed 
494.670
Chunk 13 checked 11000 divisors; last killed by 1*D0; survivors 0; elapsed 
494.820
Chunk 13 checked 12000 divisors; last killed by 1*D0; survivors 0; elapsed 
494.960
Chunk 13 checked 13000 divisors; last killed by 1*D0; survivors 0; elapsed 
495.090
Chunk 13 checked 14000 divisors; last killed by 1*D0; survivors 0; elapsed 
495.220
Chunk 13 checked 15000 divisors; last killed by 1*D0; survivors 0; elapsed 
495.390
Chunk 13 checked 16000 divisors; last killed by 1*D0; survivors 0; elapsed 
495.540
Chunk 13 checked 17000 divisors; last killed by 1*D0; survivors 0; elapsed 
495.710
Chunk 13 checked 18000 divisors; last killed by 1*D0; survivors 0; elapsed 
495.880
Chunk 13 checked 19000 divisors; last killed by 1*D0; survivors 0; elapsed 
496.030
Chunk 13 checked 20000 divisors; last killed by 1*D0; survivors 0; elapsed 
496.200
Chunk 13 checked 21000 divisors; last killed by 1*D0; survivors 0; elapsed 
496.360
Chunk 13 checked 22000 divisors; last killed by 1*D0; survivors 0; elapsed 
496.520
Chunk 13 checked 23000 divisors; last killed by 1*D0; survivors 0; elapsed 
496.680
Chunk 13 checked 24000 divisors; last killed by 1*D0; survivors 0; elapsed 
496.830
Chunk 13 checked 25000 divisors; last killed by 1*D0; survivors 0; elapsed 
496.980
Chunk 13 checked 26000 divisors; last killed by 1*D0; survivors 0; elapsed 
497.130
Chunk 13 checked 27000 divisors; last killed by 1*D0; survivors 0; elapsed 
497.260
Chunk 13 checked 28000 divisors; last killed by 1*D0; survivors 0; elapsed 
497.390
Chunk 13 checked 29000 divisors; last killed by 1*D0; survivors 0; elapsed 
497.540
Chunk 13 checked 30000 divisors; last killed by 1*D0; survivors 0; elapsed 
497.700
Chunk 13 checked 31000 divisors; last killed by 1*D0; survivors 0; elapsed 
497.870
Chunk 13 checked 32000 divisors; last killed by 1*D0; survivors 0; elapsed 
498.030
Chunk 13 checked 33000 divisors; last killed by 1*D0; survivors 0; elapsed 
498.200
Chunk 13 checked 34000 divisors; last killed by 1*D0; survivors 0; elapsed 
498.360
Chunk 13 checked 35000 divisors; last killed by 1*D0; survivors 0; elapsed 
498.520
Chunk 13 checked 36000 divisors; last killed by 1*D0; survivors 0; elapsed 
498.680
Chunk 13 checked 37000 divisors; last killed by 1*D0; survivors 0; elapsed 
498.830
Chunk 13 checked 38000 divisors; last killed by 1*D0; survivors 0; elapsed 
498.990
Chunk 13 checked 39000 divisors; last killed by 1*D0; survivors 0; elapsed 
499.150
Chunk 13 checked 40000 divisors; last killed by 1*D0; survivors 0; elapsed 
499.300
Chunk 13 checked 41000 divisors; last killed by 1*D0; survivors 0; elapsed 
499.430
Chunk 13 checked 42000 divisors; last killed by 1*D0; survivors 0; elapsed 
499.560
Chunk 13 checked 43000 divisors; last killed by 1*D0; survivors 0; elapsed 
499.700
Chunk 13 checked 44000 divisors; last killed by 1*D0; survivors 0; elapsed 
499.870
Chunk 13 checked 45000 divisors; last killed by 1*D0; survivors 0; elapsed 
500.030
Chunk 13 checked 46000 divisors; last killed by 1*D0; survivors 0; elapsed 
500.190
Chunk 13 checked 47000 divisors; last killed by 1*D0; survivors 0; elapsed 
500.360
Chunk 13 checked 48000 divisors; last killed by 1*D0; survivors 0; elapsed 
500.520
Chunk 13 checked 49000 divisors; last killed by 1*D0; survivors 0; elapsed 
500.680
Chunk 13 checked 50000 divisors; last killed by 1*D0; survivors 0; elapsed 
500.840
Chunk 13 checked 51000 divisors; last killed by 1*D0; survivors 0; elapsed 
501.000
Chunk 13 checked 52000 divisors; last killed by 1*D0; survivors 0; elapsed 
501.150
Chunk 13 checked 53000 divisors; last killed by 1*D0; survivors 0; elapsed 
501.310
Chunk 13 checked 54000 divisors; last killed by 1*D0; survivors 0; elapsed 
501.460
Chunk 13 checked 55000 divisors; last killed by 1*D0; survivors 0; elapsed 
501.600
Chunk 13 checked 56000 divisors; last killed by 1*D0; survivors 0; elapsed 
501.730
Chunk 13 checked 57000 divisors; last killed by 1*D0; survivors 0; elapsed 
501.850
Chunk 13 checked 58000 divisors; last killed by 1*D0; survivors 0; elapsed 
502.030
Chunk 13 checked 59000 divisors; last killed by 1*D0; survivors 0; elapsed 
502.180
Chunk 13 checked 60000 divisors; last killed by 1*D0; survivors 0; elapsed 
502.350
Chunk 13 checked 61000 divisors; last killed by 1*D0; survivors 0; elapsed 
502.520
Chunk 13 checked 62000 divisors; last killed by 1*D0; survivors 0; elapsed 
502.680
Chunk 13 checked 63000 divisors; last killed by 1*D0; survivors 0; elapsed 
502.840
Chunk 13 checked 64000 divisors; last killed by 1*D0; survivors 0; elapsed 
503.000
Chunk 13 checked 65000 divisors; last killed by 1*D0; survivors 0; elapsed 
503.160
Chunk 13 checked 66000 divisors; last killed by 1*D0; survivors 0; elapsed 
503.320
Chunk 13 checked 67000 divisors; last killed by 1*D0; survivors 0; elapsed 
503.470
Chunk 13 checked 68000 divisors; last killed by 1*D0; survivors 0; elapsed 
503.630
Chunk 13 checked 69000 divisors; last killed by 1*D0; survivors 0; elapsed 
503.770
Chunk 13 checked 70000 divisors; last killed by 1*D0; survivors 0; elapsed 
503.900
Chunk 13 checked 71000 divisors; last killed by 1*D0; survivors 0; elapsed 
504.030
Chunk 13 checked 72000 divisors; last killed by 1*D0; survivors 0; elapsed 
504.190
Chunk 13 checked 73000 divisors; last killed by 1*D0; survivors 0; elapsed 
504.340
Chunk 13 checked 74000 divisors; last killed by 1*D0; survivors 0; elapsed 
504.520
Chunk 13 checked 75000 divisors; last killed by 1*D0; survivors 0; elapsed 
504.680
Chunk 13 checked 76000 divisors; last killed by 1*D0; survivors 0; elapsed 
504.840
Chunk 13 checked 77000 divisors; last killed by 1*D0; survivors 0; elapsed 
505.000
Chunk 13 checked 78000 divisors; last killed by 1*D0; survivors 0; elapsed 
505.170
Chunk 13 checked 79000 divisors; last killed by 1*D0; survivors 0; elapsed 
505.330
Chunk 13 checked 80000 divisors; last killed by 1*D0; survivors 0; elapsed 
559.440
Chunk 13 checked 81000 divisors; last killed by 1*D0; survivors 0; elapsed 
559.540
Chunk 13 checked 82000 divisors; last killed by 1*D0; survivors 0; elapsed 
559.640
Chunk 13 checked 83000 divisors; last killed by 1*D0; survivors 0; elapsed 
593.150
Chunk 13 checked 84000 divisors; last killed by 1*D0; survivors 0; elapsed 
593.240
Chunk 13 checked 85000 divisors; last killed by 1*D0; survivors 0; elapsed 
593.320
Chunk 13 checked 86000 divisors; last killed by 1*D0; survivors 0; elapsed 
593.410
Chunk 13 checked 87000 divisors; last killed by 1*D0; survivors 0; elapsed 
593.520
Chunk 13 checked 88000 divisors; last killed by 1*D0; survivors 0; elapsed 
593.630
Chunk 13 checked 89000 divisors; last killed by 1*D0; survivors 0; elapsed 
593.730
Chunk 13 checked 90000 divisors; last killed by 1*D0; survivors 0; elapsed 
593.840
Chunk 13 checked 91000 divisors; last killed by 1*D0; survivors 0; elapsed 
593.940
Chunk 13 checked 92000 divisors; last killed by 1*D0; survivors 0; elapsed 
594.040
Chunk 13 checked 93000 divisors; last killed by 1*D0; survivors 0; elapsed 
594.150
Chunk 13 checked 94000 divisors; last killed by 1*D0; survivors 0; elapsed 
594.250
Chunk 13 checked 95000 divisors; last killed by 1*D0; survivors 0; elapsed 
594.350
Chunk 13 checked 96000 divisors; last killed by 1*D0; survivors 0; elapsed 
594.450
Chunk 13 checked 97000 divisors; last killed by 1*D0; survivors 0; elapsed 
594.550
Chunk 13 checked 98000 divisors; last killed by 1*D0; survivors 0; elapsed 
594.630
Chunk 13 checked 99000 divisors; last killed by 1*D0; survivors 0; elapsed 
594.710
Chunk 13 checked 100000 divisors; last killed by 1*D0; survivors 0; elapsed 
594.800
Chunk 13 checked 101000 divisors; last killed by 1*D0; survivors 0; elapsed 
594.910
Chunk 13 checked 102000 divisors; last killed by 1*D0; survivors 0; elapsed 
595.010
Chunk 13 checked 103000 divisors; last killed by 1*D0; survivors 0; elapsed 
595.120
Chunk 13 checked 104000 divisors; last killed by 1*D0; survivors 0; elapsed 
595.230
Chunk 13 checked 105000 divisors; last killed by 1*D0; survivors 0; elapsed 
595.330
Chunk 13 checked 106000 divisors; last killed by 1*D0; survivors 0; elapsed 
595.430
Chunk 13 checked 107000 divisors; last killed by 1*D0; survivors 0; elapsed 
595.540
Chunk 13 checked 108000 divisors; last killed by 1*D0; survivors 0; elapsed 
595.640
Chunk 13 checked 109000 divisors; last killed by 1*D0; survivors 0; elapsed 
595.740
Chunk 13 checked 110000 divisors; last killed by 1*D0; survivors 0; elapsed 
595.840
Chunk 13 checked 111000 divisors; last killed by 1*D0; survivors 0; elapsed 
595.940
Chunk 13 checked 112000 divisors; last killed by 1*D0; survivors 0; elapsed 
596.030
Chunk 13 checked 113000 divisors; last killed by 1*D0; survivors 0; elapsed 
596.110
Chunk 13 checked 114000 divisors; last killed by 1*D0; survivors 0; elapsed 
596.190
Chunk 13 checked 115000 divisors; last killed by 1*D0; survivors 0; elapsed 
596.300
Chunk 13 checked 116000 divisors; last killed by 1*D0; survivors 0; elapsed 
596.400
Chunk 13 checked 117000 divisors; last killed by 1*D0; survivors 0; elapsed 
596.510
Chunk 13 checked 118000 divisors; last killed by 1*D0; survivors 0; elapsed 
596.610
Chunk 13 checked 119000 divisors; last killed by 1*D0; survivors 0; elapsed 
596.710
Chunk 13 checked 120000 divisors; last killed by 1*D0; survivors 0; elapsed 
596.820
Chunk 13 checked 121000 divisors; last killed by 1*D0; survivors 0; elapsed 
596.920
Chunk 13 checked 122000 divisors; last killed by 1*D0; survivors 0; elapsed 
597.030
Chunk 13 checked 123000 divisors; last killed by 1*D0; survivors 0; elapsed 
597.130
Chunk 13 checked 124000 divisors; last killed by 1*D0; survivors 0; elapsed 
597.230
Chunk 13 checked 125000 divisors; last killed by 1*D0; survivors 0; elapsed 
597.320
Chunk 13 checked 126000 divisors; last killed by 1*D0; survivors 0; elapsed 
597.420
Chunk 13 checked 127000 divisors; last killed by 1*D0; survivors 0; elapsed 
597.500
Chunk 13 checked 128000 divisors; last killed by 1*D0; survivors 0; elapsed 
597.580
Chunk 13 checked 129000 divisors; last killed by 1*D0; survivors 0; elapsed 
597.680
Chunk 13 checked 130000 divisors; last killed by 1*D0; survivors 0; elapsed 
597.780
Chunk 13 checked 131000 divisors; last killed by 1*D0; survivors 0; elapsed 
597.890
Chunk 13 checked 132000 divisors; last killed by 1*D0; survivors 0; elapsed 
597.990
Chunk 13 checked 133000 divisors; last killed by 1*D0; survivors 0; elapsed 
598.100
Chunk 13 checked 134000 divisors; last killed by 1*D0; survivors 0; elapsed 
598.210
Chunk 13 checked 135000 divisors; last killed by 1*D0; survivors 0; elapsed 
598.310
Chunk 13 checked 136000 divisors; last killed by 1*D0; survivors 0; elapsed 
598.410
Chunk 13 checked 137000 divisors; last killed by 1*D0; survivors 0; elapsed 
598.510
Chunk 13 checked 138000 divisors; last killed by 1*D0; survivors 0; elapsed 
598.610
Chunk 13 checked 139000 divisors; last killed by 1*D0; survivors 0; elapsed 
598.710
Chunk 13 checked 140000 divisors; last killed by 1*D0; survivors 0; elapsed 
598.810
Chunk 13 checked 141000 divisors; last killed by 1*D0; survivors 0; elapsed 
598.890
Chunk 13 checked 142000 divisors; last killed by 1*D0; survivors 0; elapsed 
598.970
Chunk 13 checked 143000 divisors; last killed by 1*D0; survivors 0; elapsed 
599.060
Chunk 13 checked 144000 divisors; last killed by 1*D0; survivors 0; elapsed 
599.160
Chunk 13 checked 145000 divisors; last killed by 1*D0; survivors 0; elapsed 
599.260
Chunk 13 checked 146000 divisors; last killed by 1*D0; survivors 0; elapsed 
599.360
Chunk 13 checked 147000 divisors; last killed by 1*D0; survivors 0; elapsed 
599.460
Chunk 13 checked 148000 divisors; last killed by 1*D0; survivors 0; elapsed 
599.560
Chunk 13 checked 149000 divisors; last killed by 1*D0; survivors 0; elapsed 
599.660
Chunk 13 checked 150000 divisors; last killed by 1*D0; survivors 0; elapsed 
599.760
Chunk 13 checked 151000 divisors; last killed by 1*D0; survivors 0; elapsed 
599.850
Chunk 13 checked 152000 divisors; last killed by 1*D0; survivors 0; elapsed 
599.950
Chunk 13 checked 153000 divisors; last killed by 1*D0; survivors 0; elapsed 
600.040
Chunk 13 checked 154000 divisors; last killed by 1*D0; survivors 0; elapsed 
600.140
Chunk 13 checked 155000 divisors; last killed by 1*D0; survivors 0; elapsed 
600.220
Chunk 13 checked 156000 divisors; last killed by 1*D0; survivors 0; elapsed 
600.300
Chunk 13 checked 157000 divisors; last killed by 1*D0; survivors 0; elapsed 
600.380
Chunk 13 checked 158000 divisors; last killed by 1*D0; survivors 0; elapsed 
600.470
Chunk 13 checked 159000 divisors; last killed by 1*D0; survivors 0; elapsed 
600.550
Chunk 13 checked 160000 divisors; last killed by 1*D0; survivors 0; elapsed 
600.640
Chunk 13 checked 161000 divisors; last killed by 1*D0; survivors 0; elapsed 
600.730
Chunk 13 checked 162000 divisors; last killed by 1*D0; survivors 0; elapsed 
600.820
Chunk 13 checked 163000 divisors; last killed by 1*D0; survivors 0; elapsed 
600.900
Chunk 13 checked 164000 divisors; last killed by 1*D0; survivors 0; elapsed 
600.990
Chunk 13 checked 165000 divisors; last killed by 1*D0; survivors 0; elapsed 
601.080
Chunk 13 checked 166000 divisors; last killed by 1*D0; survivors 0; elapsed 
601.160
Chunk 13 checked 167000 divisors; last killed by 1*D0; survivors 0; elapsed 
601.250
Chunk 13 checked 168000 divisors; last killed by 1*D0; survivors 0; elapsed 
601.330
Chunk 13 checked 169000 divisors; last killed by 1*D0; survivors 0; elapsed 
601.410
Chunk 13 checked 170000 divisors; last killed by 1*D0; survivors 0; elapsed 
601.490
Chunk 13 checked 171000 divisors; last killed by 1*D0; survivors 0; elapsed 
601.570
Chunk 13 checked 172000 divisors; last killed by 1*D0; survivors 0; elapsed 
601.660
Chunk 13 checked 173000 divisors; last killed by 1*D0; survivors 0; elapsed 
601.740
Chunk 13 checked 174000 divisors; last killed by 1*D0; survivors 0; elapsed 
601.830
Chunk 13 checked 175000 divisors; last killed by 1*D0; survivors 0; elapsed 
601.910
Chunk 13 checked 176000 divisors; last killed by 1*D0; survivors 0; elapsed 
602.000
Chunk 13 checked 177000 divisors; last killed by 1*D0; survivors 0; elapsed 
602.080
Chunk 13 checked 178000 divisors; last killed by 1*D0; survivors 0; elapsed 
602.170
Chunk 13 checked 179000 divisors; last killed by 1*D0; survivors 0; elapsed 
602.250
Chunk 13 checked 180000 divisors; last killed by 1*D0; survivors 0; elapsed 
602.340
Chunk 13 checked 181000 divisors; last killed by 1*D0; survivors 0; elapsed 
602.420
Chunk 13 checked 182000 divisors; last killed by 1*D0; survivors 0; elapsed 
602.500
Chunk 13 checked 183000 divisors; last killed by 1*D0; survivors 0; elapsed 
602.580
Chunk 13 checked 184000 divisors; last killed by 1*D0; survivors 0; elapsed 
602.660
Chunk 13 checked 185000 divisors; last killed by 1*D0; survivors 0; elapsed 
602.740
Chunk 13 checked 186000 divisors; last killed by 1*D0; survivors 0; elapsed 
602.820
Chunk 13 checked 187000 divisors; last killed by 1*D0; survivors 0; elapsed 
602.900
Chunk 13 checked 188000 divisors; last killed by 1*D0; survivors 0; elapsed 
602.990
Chunk 13 checked 189000 divisors; last killed by 1*D0; survivors 0; elapsed 
603.070
Chunk 13 checked 190000 divisors; last killed by 1*D0; survivors 0; elapsed 
603.160
Chunk 13 checked 191000 divisors; last killed by 1*D0; survivors 0; elapsed 
603.250
Chunk 13 checked 192000 divisors; last killed by 1*D0; survivors 0; elapsed 
603.330
Chunk 13 checked 193000 divisors; last killed by 1*D0; survivors 0; elapsed 
603.420
Chunk 13 checked 194000 divisors; last killed by 1*D0; survivors 0; elapsed 
603.500
Chunk 13 checked 195000 divisors; last killed by 1*D0; survivors 0; elapsed 
603.590
Chunk 13 checked 196000 divisors; last killed by 1*D0; survivors 0; elapsed 
603.670
Chunk 13 checked 197000 divisors; last killed by 1*D0; survivors 0; elapsed 
603.750
Chunk 13 checked 198000 divisors; last killed by 1*D0; survivors 0; elapsed 
603.830
Chunk 13 checked 199000 divisors; last killed by 1*D0; survivors 0; elapsed 
603.910
Chunk 13 checked 200000 divisors; last killed by 1*D0; survivors 0; elapsed 
603.990
Chunk 13 checked 201000 divisors; last killed by 1*D0; survivors 0; elapsed 
604.100
Chunk 13 checked 202000 divisors; last killed by 1*D0; survivors 0; elapsed 
604.200
Chunk 13 checked 203000 divisors; last killed by 1*D0; survivors 0; elapsed 
604.290
Chunk 13 checked 204000 divisors; last killed by 1*D0; survivors 0; elapsed 
604.400
Chunk 13 checked 205000 divisors; last killed by 1*D0; survivors 0; elapsed 
604.500
Chunk 13 checked 206000 divisors; last killed by 1*D0; survivors 0; elapsed 
604.590
Chunk 13 checked 207000 divisors; last killed by 1*D0; survivors 0; elapsed 
604.690
Chunk 13 checked 208000 divisors; last killed by 1*D0; survivors 0; elapsed 
604.790
Chunk 13 checked 209000 divisors; last killed by 1*D0; survivors 0; elapsed 
604.880
Chunk 13 checked 210000 divisors; last killed by 1*D0; survivors 0; elapsed 
604.980
Chunk 13 checked 211000 divisors; last killed by 1*D0; survivors 0; elapsed 
605.070
Chunk 13 checked 212000 divisors; last killed by 1*D0; survivors 0; elapsed 
605.150
Chunk 13 checked 213000 divisors; last killed by 1*D0; survivors 0; elapsed 
605.230
Chunk 13 checked 214000 divisors; last killed by 1*D0; survivors 0; elapsed 
605.300
Chunk 13 checked 215000 divisors; last killed by 1*D0; survivors 0; elapsed 
605.390
Chunk 13 checked 216000 divisors; last killed by 1*D0; survivors 0; elapsed 
605.480
Chunk 13 checked 217000 divisors; last killed by 1*D0; survivors 0; elapsed 
605.570
Chunk 13 checked 218000 divisors; last killed by 1*D0; survivors 0; elapsed 
605.660
Chunk 13 checked 219000 divisors; last killed by 1*D0; survivors 0; elapsed 
605.740
Chunk 13 checked 220000 divisors; last killed by 1*D0; survivors 0; elapsed 
605.840
Chunk 13 checked 221000 divisors; last killed by 1*D0; survivors 0; elapsed 
605.920
Chunk 13 checked 222000 divisors; last killed by 1*D0; survivors 0; elapsed 
606.010
Chunk 13 checked 223000 divisors; last killed by 1*D0; survivors 0; elapsed 
606.100
Chunk 13 checked 224000 divisors; last killed by 1*D0; survivors 0; elapsed 
606.190
Chunk 13 checked 225000 divisors; last killed by 1*D0; survivors 0; elapsed 
606.270
Chunk 13 checked 226000 divisors; last killed by 1*D0; survivors 0; elapsed 
606.360
Chunk 13 checked 227000 divisors; last killed by 1*D0; survivors 0; elapsed 
606.430
Chunk 13 checked 228000 divisors; last killed by 1*D0; survivors 0; elapsed 
606.520
Chunk 13 checked 229000 divisors; last killed by 1*D0; survivors 0; elapsed 
606.600
Chunk 13 checked 230000 divisors; last killed by 1*D0; survivors 0; elapsed 
606.690
Chunk 13 checked 231000 divisors; last killed by 1*D0; survivors 0; elapsed 
606.780
Chunk 13 checked 232000 divisors; last killed by 1*D0; survivors 0; elapsed 
606.860
Chunk 13 checked 233000 divisors; last killed by 1*D0; survivors 0; elapsed 
606.950
Chunk 13 checked 234000 divisors; last killed by 1*D0; survivors 0; elapsed 
607.040
Chunk 13 checked 235000 divisors; last killed by 1*D0; survivors 0; elapsed 
607.130
Chunk 13 checked 236000 divisors; last killed by 1*D0; survivors 0; elapsed 
607.210
Chunk 13 checked 237000 divisors; last killed by 1*D0; survivors 0; elapsed 
607.300
Chunk 13 checked 238000 divisors; last killed by 1*D0; survivors 0; elapsed 
607.380
Chunk 13 checked 239000 divisors; last killed by 1*D0; survivors 0; elapsed 
607.460
Chunk 13 checked 240000 divisors; last killed by 1*D0; survivors 0; elapsed 
607.550
Chunk 13 checked 241000 divisors; last killed by 1*D0; survivors 0; elapsed 
607.620
Chunk 13 checked 242000 divisors; last killed by 1*D0; survivors 0; elapsed 
607.700
Chunk 13 checked 243000 divisors; last killed by 1*D0; survivors 0; elapsed 
607.780
Chunk 13 checked 244000 divisors; last killed by 1*D0; survivors 0; elapsed 
607.860
Chunk 13 checked 245000 divisors; last killed by 1*D0; survivors 0; elapsed 
607.950
Chunk 13 checked 246000 divisors; last killed by 1*D0; survivors 0; elapsed 
608.040
Chunk 13 checked 247000 divisors; last killed by 1*D0; survivors 0; elapsed 
608.130
Chunk 13 checked 248000 divisors; last killed by 1*D0; survivors 0; elapsed 
608.220
Chunk 13 checked 249000 divisors; last killed by 1*D0; survivors 0; elapsed 
608.300
Chunk 13 checked 250000 divisors; last killed by 1*D0; survivors 0; elapsed 
608.380
Chunk 13 checked 251000 divisors; last killed by 1*D0; survivors 0; elapsed 
608.470
Chunk 13 checked 252000 divisors; last killed by 1*D0; survivors 0; elapsed 
608.550
Chunk 13 checked 253000 divisors; last killed by 1*D0; survivors 0; elapsed 
608.640
Chunk 13 checked 254000 divisors; last killed by 1*D0; survivors 0; elapsed 
608.720
Chunk 13 checked 255000 divisors; last killed by 1*D0; survivors 0; elapsed 
608.800
Chunk 13 checked 256000 divisors; last killed by 1*D0; survivors 0; elapsed 
608.870
Chunk 13 checked 257000 divisors; last killed by 1*D0; survivors 0; elapsed 
608.950
Divisors tested in chunk 13: 257040
Surviving translates in this chunk: 0
SUCCESS: this chunk contains no translate survivor.
CHUNK_RESULT: SUCCESS
Finished X1_37_ST_minimal.m.
Finished chunk 13 at Fri Jun 12 18:18:30 CEST 2026 with status 0
