Starting chunk 7 at Fri Jun 12 18:06:05 CEST 2026
Loading "X1_37_ST_minimal.m"
Loading "ff_search.m"
Build X_1(37) over F_2.
Loading "X1_37_X0plus_map_data.m"
#S37 coefficients = 18; #T37 coefficients = 18
Use the quotient image q(S,T)=0.
ST_RELATION_VERIFICATION: SUCCESS
#Places(q(S,T)=0,1) = 5
fiber degrees = [ 36, 36 ]
Testing 4 nonzero translates; chunk 7/24.
Place counts by degree: [ 18, 0, 0, 0, 0, 21, 18, 0, 39 ]
Degree types: 36; assigned [ 8, 32 ]
Degree type 8/36: [ <1, 6>, <1, 1>, <1, 1>, <1, 1> ]; groups [ <1, 6, 1>, <1, 1,
3> ]; elapsed 0.000
Fast W0 setup: cover degree 144; dims [ 141, 177, 213, 249 ]; RR times [ 42.520,
87.700, 48.250, 128.670 ]
Chunk 7 checked 1000 divisors; last killed by 1*D0; survivors 0; elapsed 370.990
Chunk 7 checked 2000 divisors; last killed by 1*D0; survivors 0; elapsed 377.550
Chunk 7 checked 3000 divisors; last killed by 1*D0; survivors 0; elapsed 378.190
Chunk 7 checked 4000 divisors; last killed by 1*D0; survivors 0; elapsed 378.550
Chunk 7 checked 5000 divisors; last killed by 1*D0; survivors 0; elapsed 379.150
Chunk 7 checked 6000 divisors; last killed by 1*D0; survivors 0; elapsed 379.520
Chunk 7 checked 7000 divisors; last killed by 1*D0; survivors 0; elapsed 380.020
Chunk 7 checked 8000 divisors; last killed by 1*D0; survivors 0; elapsed 380.490
Chunk 7 checked 9000 divisors; last killed by 1*D0; survivors 0; elapsed 381.090
Chunk 7 checked 10000 divisors; last killed by 1*D0; survivors 0; elapsed 
381.460
Chunk 7 checked 11000 divisors; last killed by 1*D0; survivors 0; elapsed 
381.820
Chunk 7 checked 12000 divisors; last killed by 1*D0; survivors 0; elapsed 
382.180
Chunk 7 checked 13000 divisors; last killed by 1*D0; survivors 0; elapsed 
382.540
Chunk 7 checked 14000 divisors; last killed by 1*D0; survivors 0; elapsed 
382.910
Chunk 7 checked 15000 divisors; last killed by 1*D0; survivors 0; elapsed 
383.270
Chunk 7 checked 16000 divisors; last killed by 1*D0; survivors 0; elapsed 
383.630
Chunk 7 checked 17000 divisors; last killed by 1*D0; survivors 0; elapsed 
384.000
Degree type 32/36: [ <7, 1>, <2, 1> ]; groups [ <7, 1, 1>, <2, 1, 1> ]; elapsed 
384.050
Fast W0 setup: cover degree 126; dims [ 123, 159, 195, 231 ]; RR times [ 37.970,
182.350, 119.320, 317.250 ]
Divisors tested in chunk 7: 17442
Surviving translates in this chunk: 0
SUCCESS: this chunk contains no translate survivor.
CHUNK_RESULT: SUCCESS
Finished X1_37_ST_minimal.m.
Finished chunk 7 at Fri Jun 12 18:56:06 CEST 2026 with status 0
