Starting chunk 16 at Fri Jun 12 18:06:05 CEST 2026
Loading "X1_37_ST_minimal.m"
Loading "ff_search.m"
Build X_1(37) over F_2.
Loading "X1_37_X0plus_map_data.m"
#S37 coefficients = 18; #T37 coefficients = 18
Use the quotient image q(S,T)=0.
ST_RELATION_VERIFICATION: SUCCESS
#Places(q(S,T)=0,1) = 5
fiber degrees = [ 36, 36 ]
Testing 4 nonzero translates; chunk 16/24.
Place counts by degree: [ 18, 0, 0, 0, 0, 21, 18, 0, 39 ]
Degree types: 36; assigned [ 17 ]
Degree type 17/36: [ <7, 1>, <1, 1>, <1, 1> ]; groups [ <7, 1, 1>, <1, 1, 2> ]; 
elapsed 0.000
Fast W0 setup: cover degree 126; dims [ 123, 159, 195, 231 ]; RR times [ 37.800,
187.450, 118.290, 282.790 ]
Chunk 16 checked 1000 divisors; last killed by 1*D0; survivors 0; elapsed 
3119.440
Chunk 16 checked 2000 divisors; last killed by 1*D0; survivors 0; elapsed 
3119.610
Divisors tested in chunk 16: 2448
Surviving translates in this chunk: 0
SUCCESS: this chunk contains no translate survivor.
CHUNK_RESULT: SUCCESS
Finished X1_37_ST_minimal.m.
Finished chunk 16 at Fri Jun 12 19:01:03 CEST 2026 with status 0
