Starting chunk 2 at Fri Jun 12 18:06:05 CEST 2026
Loading "X1_37_ST_minimal.m"
Loading "ff_search.m"
Build X_1(37) over F_2.
Loading "X1_37_X0plus_map_data.m"
#S37 coefficients = 18; #T37 coefficients = 18
Use the quotient image q(S,T)=0.
ST_RELATION_VERIFICATION: SUCCESS
#Places(q(S,T)=0,1) = 5
fiber degrees = [ 36, 36 ]
Testing 4 nonzero translates; chunk 2/24.
Place counts by degree: [ 18, 0, 0, 0, 0, 21, 18, 0, 39 ]
Degree types: 36; assigned [ 3, 27 ]
Degree type 3/36: [ <3, 1>, <1, 1>, <1, 1>, <1, 1>, <1, 1>, <1, 1>, <1, 1> ]; 
groups [ <3, 1, 1>, <1, 1, 6> ]; elapsed 0.000
Fast W0 setup: cover degree 54; dims [ 51, 87, 123, 159 ]; RR times [ 19.790, 
81.660, 60.160, 137.590 ]
Chunk 2 checked 1000 divisors; last killed by 1*D0; survivors 0; elapsed 354.260
Chunk 2 checked 2000 divisors; last killed by 1*D0; survivors 0; elapsed 393.630
Chunk 2 checked 3000 divisors; last killed by 1*D0; survivors 0; elapsed 393.720
Chunk 2 checked 4000 divisors; last killed by 1*D0; survivors 0; elapsed 470.950
Chunk 2 checked 5000 divisors; last killed by 1*D0; survivors 0; elapsed 471.040
Chunk 2 checked 6000 divisors; last killed by 1*D0; survivors 0; elapsed 471.120
Chunk 2 checked 7000 divisors; last killed by 1*D0; survivors 0; elapsed 471.210
Chunk 2 checked 8000 divisors; last killed by 1*D0; survivors 0; elapsed 471.290
Chunk 2 checked 9000 divisors; last killed by 1*D0; survivors 0; elapsed 509.780
Chunk 2 checked 10000 divisors; last killed by 1*D0; survivors 0; elapsed 
542.120
Chunk 2 checked 11000 divisors; last killed by 1*D0; survivors 0; elapsed 
542.200
Chunk 2 checked 12000 divisors; last killed by 1*D0; survivors 0; elapsed 
542.280
Chunk 2 checked 13000 divisors; last killed by 1*D0; survivors 0; elapsed 
542.370
Chunk 2 checked 14000 divisors; last killed by 1*D0; survivors 0; elapsed 
542.460
Chunk 2 checked 15000 divisors; last killed by 1*D0; survivors 0; elapsed 
542.550
Chunk 2 checked 16000 divisors; last killed by 1*D0; survivors 0; elapsed 
542.640
Chunk 2 checked 17000 divisors; last killed by 1*D0; survivors 0; elapsed 
542.720
Chunk 2 checked 18000 divisors; last killed by 1*D0; survivors 0; elapsed 
542.820
Chunk 2 checked 19000 divisors; last killed by 1*D0; survivors 0; elapsed 
542.900
Chunk 2 checked 20000 divisors; last killed by 1*D0; survivors 0; elapsed 
542.990
Chunk 2 checked 21000 divisors; last killed by 1*D0; survivors 0; elapsed 
543.070
Chunk 2 checked 22000 divisors; last killed by 1*D0; survivors 0; elapsed 
576.320
Chunk 2 checked 23000 divisors; last killed by 1*D0; survivors 0; elapsed 
576.400
Chunk 2 checked 24000 divisors; last killed by 1*D0; survivors 0; elapsed 
576.480
Chunk 2 checked 25000 divisors; last killed by 1*D0; survivors 0; elapsed 
576.560
Chunk 2 checked 26000 divisors; last killed by 1*D0; survivors 0; elapsed 
576.660
Chunk 2 checked 27000 divisors; last killed by 1*D0; survivors 0; elapsed 
576.750
Chunk 2 checked 28000 divisors; last killed by 1*D0; survivors 0; elapsed 
576.840
Chunk 2 checked 29000 divisors; last killed by 1*D0; survivors 0; elapsed 
576.920
Chunk 2 checked 30000 divisors; last killed by 1*D0; survivors 0; elapsed 
577.010
Chunk 2 checked 31000 divisors; last killed by 1*D0; survivors 0; elapsed 
577.100
Chunk 2 checked 32000 divisors; last killed by 1*D0; survivors 0; elapsed 
577.180
Chunk 2 checked 33000 divisors; last killed by 1*D0; survivors 0; elapsed 
577.270
Chunk 2 checked 34000 divisors; last killed by 1*D0; survivors 0; elapsed 
577.350
Chunk 2 checked 35000 divisors; last killed by 1*D0; survivors 0; elapsed 
577.430
Chunk 2 checked 36000 divisors; last killed by 1*D0; survivors 0; elapsed 
577.510
Chunk 2 checked 37000 divisors; last killed by 1*D0; survivors 0; elapsed 
577.590
Chunk 2 checked 38000 divisors; last killed by 1*D0; survivors 0; elapsed 
577.690
Chunk 2 checked 39000 divisors; last killed by 1*D0; survivors 0; elapsed 
577.780
Chunk 2 checked 40000 divisors; last killed by 1*D0; survivors 0; elapsed 
577.870
Chunk 2 checked 41000 divisors; last killed by 1*D0; survivors 0; elapsed 
577.950
Chunk 2 checked 42000 divisors; last killed by 1*D0; survivors 0; elapsed 
578.040
Chunk 2 checked 43000 divisors; last killed by 1*D0; survivors 0; elapsed 
578.130
Chunk 2 checked 44000 divisors; last killed by 1*D0; survivors 0; elapsed 
578.210
Chunk 2 checked 45000 divisors; last killed by 1*D0; survivors 0; elapsed 
578.300
Chunk 2 checked 46000 divisors; last killed by 1*D0; survivors 0; elapsed 
578.380
Chunk 2 checked 47000 divisors; last killed by 1*D0; survivors 0; elapsed 
578.470
Chunk 2 checked 48000 divisors; last killed by 1*D0; survivors 0; elapsed 
578.550
Chunk 2 checked 49000 divisors; last killed by 1*D0; survivors 0; elapsed 
578.630
Chunk 2 checked 50000 divisors; last killed by 1*D0; survivors 0; elapsed 
578.710
Chunk 2 checked 51000 divisors; last killed by 1*D0; survivors 0; elapsed 
578.810
Chunk 2 checked 52000 divisors; last killed by 1*D0; survivors 0; elapsed 
578.900
Chunk 2 checked 53000 divisors; last killed by 1*D0; survivors 0; elapsed 
578.990
Chunk 2 checked 54000 divisors; last killed by 1*D0; survivors 0; elapsed 
579.070
Chunk 2 checked 55000 divisors; last killed by 1*D0; survivors 0; elapsed 
579.160
Chunk 2 checked 56000 divisors; last killed by 1*D0; survivors 0; elapsed 
579.250
Chunk 2 checked 57000 divisors; last killed by 1*D0; survivors 0; elapsed 
579.330
Chunk 2 checked 58000 divisors; last killed by 1*D0; survivors 0; elapsed 
579.420
Chunk 2 checked 59000 divisors; last killed by 1*D0; survivors 0; elapsed 
579.500
Chunk 2 checked 60000 divisors; last killed by 1*D0; survivors 0; elapsed 
579.580
Chunk 2 checked 61000 divisors; last killed by 1*D0; survivors 0; elapsed 
579.660
Chunk 2 checked 62000 divisors; last killed by 1*D0; survivors 0; elapsed 
579.740
Chunk 2 checked 63000 divisors; last killed by 1*D0; survivors 0; elapsed 
579.840
Chunk 2 checked 64000 divisors; last killed by 1*D0; survivors 0; elapsed 
579.930
Chunk 2 checked 65000 divisors; last killed by 1*D0; survivors 0; elapsed 
580.020
Chunk 2 checked 66000 divisors; last killed by 1*D0; survivors 0; elapsed 
580.100
Chunk 2 checked 67000 divisors; last killed by 1*D0; survivors 0; elapsed 
580.190
Chunk 2 checked 68000 divisors; last killed by 1*D0; survivors 0; elapsed 
580.280
Chunk 2 checked 69000 divisors; last killed by 1*D0; survivors 0; elapsed 
580.360
Chunk 2 checked 70000 divisors; last killed by 1*D0; survivors 0; elapsed 
580.450
Chunk 2 checked 71000 divisors; last killed by 1*D0; survivors 0; elapsed 
580.530
Chunk 2 checked 72000 divisors; last killed by 1*D0; survivors 0; elapsed 
580.620
Chunk 2 checked 73000 divisors; last killed by 1*D0; survivors 0; elapsed 
580.700
Chunk 2 checked 74000 divisors; last killed by 1*D0; survivors 0; elapsed 
580.770
Chunk 2 checked 75000 divisors; last killed by 1*D0; survivors 0; elapsed 
580.870
Chunk 2 checked 76000 divisors; last killed by 1*D0; survivors 0; elapsed 
580.960
Chunk 2 checked 77000 divisors; last killed by 1*D0; survivors 0; elapsed 
581.050
Chunk 2 checked 78000 divisors; last killed by 1*D0; survivors 0; elapsed 
581.140
Chunk 2 checked 79000 divisors; last killed by 1*D0; survivors 0; elapsed 
581.220
Chunk 2 checked 80000 divisors; last killed by 1*D0; survivors 0; elapsed 
581.310
Chunk 2 checked 81000 divisors; last killed by 1*D0; survivors 0; elapsed 
581.400
Chunk 2 checked 82000 divisors; last killed by 1*D0; survivors 0; elapsed 
581.480
Chunk 2 checked 83000 divisors; last killed by 1*D0; survivors 0; elapsed 
581.570
Chunk 2 checked 84000 divisors; last killed by 1*D0; survivors 0; elapsed 
581.650
Chunk 2 checked 85000 divisors; last killed by 1*D0; survivors 0; elapsed 
581.730
Chunk 2 checked 86000 divisors; last killed by 1*D0; survivors 0; elapsed 
581.810
Chunk 2 checked 87000 divisors; last killed by 1*D0; survivors 0; elapsed 
581.900
Chunk 2 checked 88000 divisors; last killed by 1*D0; survivors 0; elapsed 
581.990
Chunk 2 checked 89000 divisors; last killed by 1*D0; survivors 0; elapsed 
582.080
Chunk 2 checked 90000 divisors; last killed by 1*D0; survivors 0; elapsed 
582.170
Chunk 2 checked 91000 divisors; last killed by 1*D0; survivors 0; elapsed 
582.250
Chunk 2 checked 92000 divisors; last killed by 1*D0; survivors 0; elapsed 
582.340
Chunk 2 checked 93000 divisors; last killed by 1*D0; survivors 0; elapsed 
582.430
Chunk 2 checked 94000 divisors; last killed by 1*D0; survivors 0; elapsed 
582.510
Chunk 2 checked 95000 divisors; last killed by 1*D0; survivors 0; elapsed 
582.600
Chunk 2 checked 96000 divisors; last killed by 1*D0; survivors 0; elapsed 
582.680
Chunk 2 checked 97000 divisors; last killed by 1*D0; survivors 0; elapsed 
582.770
Chunk 2 checked 98000 divisors; last killed by 1*D0; survivors 0; elapsed 
582.850
Chunk 2 checked 99000 divisors; last killed by 1*D0; survivors 0; elapsed 
582.920
Chunk 2 checked 100000 divisors; last killed by 1*D0; survivors 0; elapsed 
583.020
Chunk 2 checked 101000 divisors; last killed by 1*D0; survivors 0; elapsed 
583.120
Chunk 2 checked 102000 divisors; last killed by 1*D0; survivors 0; elapsed 
583.200
Chunk 2 checked 103000 divisors; last killed by 1*D0; survivors 0; elapsed 
583.290
Chunk 2 checked 104000 divisors; last killed by 1*D0; survivors 0; elapsed 
583.380
Chunk 2 checked 105000 divisors; last killed by 1*D0; survivors 0; elapsed 
583.470
Chunk 2 checked 106000 divisors; last killed by 1*D0; survivors 0; elapsed 
583.550
Chunk 2 checked 107000 divisors; last killed by 1*D0; survivors 0; elapsed 
583.640
Chunk 2 checked 108000 divisors; last killed by 1*D0; survivors 0; elapsed 
583.720
Chunk 2 checked 109000 divisors; last killed by 1*D0; survivors 0; elapsed 
583.800
Chunk 2 checked 110000 divisors; last killed by 1*D0; survivors 0; elapsed 
583.880
Chunk 2 checked 111000 divisors; last killed by 1*D0; survivors 0; elapsed 
583.960
Chunk 2 checked 112000 divisors; last killed by 1*D0; survivors 0; elapsed 
584.050
Chunk 2 checked 113000 divisors; last killed by 1*D0; survivors 0; elapsed 
584.140
Chunk 2 checked 114000 divisors; last killed by 1*D0; survivors 0; elapsed 
584.230
Chunk 2 checked 115000 divisors; last killed by 1*D0; survivors 0; elapsed 
584.320
Chunk 2 checked 116000 divisors; last killed by 1*D0; survivors 0; elapsed 
584.400
Chunk 2 checked 117000 divisors; last killed by 1*D0; survivors 0; elapsed 
584.500
Chunk 2 checked 118000 divisors; last killed by 1*D0; survivors 0; elapsed 
584.580
Chunk 2 checked 119000 divisors; last killed by 1*D0; survivors 0; elapsed 
584.660
Chunk 2 checked 120000 divisors; last killed by 1*D0; survivors 0; elapsed 
584.750
Chunk 2 checked 121000 divisors; last killed by 1*D0; survivors 0; elapsed 
584.830
Chunk 2 checked 122000 divisors; last killed by 1*D0; survivors 0; elapsed 
584.910
Chunk 2 checked 123000 divisors; last killed by 1*D0; survivors 0; elapsed 
584.990
Chunk 2 checked 124000 divisors; last killed by 1*D0; survivors 0; elapsed 
585.070
Chunk 2 checked 125000 divisors; last killed by 1*D0; survivors 0; elapsed 
585.160
Chunk 2 checked 126000 divisors; last killed by 1*D0; survivors 0; elapsed 
585.250
Chunk 2 checked 127000 divisors; last killed by 1*D0; survivors 0; elapsed 
585.340
Chunk 2 checked 128000 divisors; last killed by 1*D0; survivors 0; elapsed 
585.420
Chunk 2 checked 129000 divisors; last killed by 1*D0; survivors 0; elapsed 
585.510
Chunk 2 checked 130000 divisors; last killed by 1*D0; survivors 0; elapsed 
585.590
Chunk 2 checked 131000 divisors; last killed by 1*D0; survivors 0; elapsed 
585.670
Chunk 2 checked 132000 divisors; last killed by 1*D0; survivors 0; elapsed 
585.750
Chunk 2 checked 133000 divisors; last killed by 1*D0; survivors 0; elapsed 
585.830
Chunk 2 checked 134000 divisors; last killed by 1*D0; survivors 0; elapsed 
585.920
Chunk 2 checked 135000 divisors; last killed by 1*D0; survivors 0; elapsed 
586.000
Chunk 2 checked 136000 divisors; last killed by 1*D0; survivors 0; elapsed 
586.070
Chunk 2 checked 137000 divisors; last killed by 1*D0; survivors 0; elapsed 
586.160
Chunk 2 checked 138000 divisors; last killed by 1*D0; survivors 0; elapsed 
586.240
Chunk 2 checked 139000 divisors; last killed by 1*D0; survivors 0; elapsed 
586.320
Chunk 2 checked 140000 divisors; last killed by 1*D0; survivors 0; elapsed 
586.400
Chunk 2 checked 141000 divisors; last killed by 1*D0; survivors 0; elapsed 
586.480
Chunk 2 checked 142000 divisors; last killed by 1*D0; survivors 0; elapsed 
586.560
Chunk 2 checked 143000 divisors; last killed by 1*D0; survivors 0; elapsed 
586.640
Chunk 2 checked 144000 divisors; last killed by 1*D0; survivors 0; elapsed 
586.720
Chunk 2 checked 145000 divisors; last killed by 1*D0; survivors 0; elapsed 
586.800
Chunk 2 checked 146000 divisors; last killed by 1*D0; survivors 0; elapsed 
586.880
Chunk 2 checked 147000 divisors; last killed by 1*D0; survivors 0; elapsed 
586.960
Chunk 2 checked 148000 divisors; last killed by 1*D0; survivors 0; elapsed 
587.040
Chunk 2 checked 149000 divisors; last killed by 1*D0; survivors 0; elapsed 
587.120
Chunk 2 checked 150000 divisors; last killed by 1*D0; survivors 0; elapsed 
587.200
Chunk 2 checked 151000 divisors; last killed by 1*D0; survivors 0; elapsed 
587.280
Chunk 2 checked 152000 divisors; last killed by 1*D0; survivors 0; elapsed 
587.360
Chunk 2 checked 153000 divisors; last killed by 1*D0; survivors 0; elapsed 
587.440
Chunk 2 checked 154000 divisors; last killed by 1*D0; survivors 0; elapsed 
587.520
Chunk 2 checked 155000 divisors; last killed by 1*D0; survivors 0; elapsed 
587.590
Chunk 2 checked 156000 divisors; last killed by 1*D0; survivors 0; elapsed 
587.670
Chunk 2 checked 157000 divisors; last killed by 1*D0; survivors 0; elapsed 
587.750
Chunk 2 checked 158000 divisors; last killed by 1*D0; survivors 0; elapsed 
587.830
Chunk 2 checked 159000 divisors; last killed by 1*D0; survivors 0; elapsed 
587.900
Chunk 2 checked 160000 divisors; last killed by 1*D0; survivors 0; elapsed 
587.980
Chunk 2 checked 161000 divisors; last killed by 1*D0; survivors 0; elapsed 
588.060
Chunk 2 checked 162000 divisors; last killed by 1*D0; survivors 0; elapsed 
588.140
Chunk 2 checked 163000 divisors; last killed by 1*D0; survivors 0; elapsed 
588.220
Chunk 2 checked 164000 divisors; last killed by 1*D0; survivors 0; elapsed 
588.300
Chunk 2 checked 165000 divisors; last killed by 1*D0; survivors 0; elapsed 
588.380
Chunk 2 checked 166000 divisors; last killed by 1*D0; survivors 0; elapsed 
588.460
Chunk 2 checked 167000 divisors; last killed by 1*D0; survivors 0; elapsed 
588.540
Chunk 2 checked 168000 divisors; last killed by 1*D0; survivors 0; elapsed 
588.620
Chunk 2 checked 169000 divisors; last killed by 1*D0; survivors 0; elapsed 
588.700
Chunk 2 checked 170000 divisors; last killed by 1*D0; survivors 0; elapsed 
588.780
Chunk 2 checked 171000 divisors; last killed by 1*D0; survivors 0; elapsed 
588.850
Chunk 2 checked 172000 divisors; last killed by 1*D0; survivors 0; elapsed 
588.930
Chunk 2 checked 173000 divisors; last killed by 1*D0; survivors 0; elapsed 
589.010
Chunk 2 checked 174000 divisors; last killed by 1*D0; survivors 0; elapsed 
589.100
Chunk 2 checked 175000 divisors; last killed by 1*D0; survivors 0; elapsed 
589.190
Chunk 2 checked 176000 divisors; last killed by 1*D0; survivors 0; elapsed 
589.270
Chunk 2 checked 177000 divisors; last killed by 1*D0; survivors 0; elapsed 
589.350
Chunk 2 checked 178000 divisors; last killed by 1*D0; survivors 0; elapsed 
589.430
Chunk 2 checked 179000 divisors; last killed by 1*D0; survivors 0; elapsed 
589.530
Chunk 2 checked 180000 divisors; last killed by 1*D0; survivors 0; elapsed 
589.610
Chunk 2 checked 181000 divisors; last killed by 1*D0; survivors 0; elapsed 
589.690
Chunk 2 checked 182000 divisors; last killed by 1*D0; survivors 0; elapsed 
589.770
Chunk 2 checked 183000 divisors; last killed by 1*D0; survivors 0; elapsed 
589.840
Chunk 2 checked 184000 divisors; last killed by 1*D0; survivors 0; elapsed 
589.920
Chunk 2 checked 185000 divisors; last killed by 1*D0; survivors 0; elapsed 
589.990
Chunk 2 checked 186000 divisors; last killed by 1*D0; survivors 0; elapsed 
590.070
Chunk 2 checked 187000 divisors; last killed by 1*D0; survivors 0; elapsed 
590.150
Chunk 2 checked 188000 divisors; last killed by 1*D0; survivors 0; elapsed 
590.240
Chunk 2 checked 189000 divisors; last killed by 1*D0; survivors 0; elapsed 
590.320
Chunk 2 checked 190000 divisors; last killed by 1*D0; survivors 0; elapsed 
590.400
Chunk 2 checked 191000 divisors; last killed by 1*D0; survivors 0; elapsed 
590.480
Chunk 2 checked 192000 divisors; last killed by 1*D0; survivors 0; elapsed 
590.570
Chunk 2 checked 193000 divisors; last killed by 1*D0; survivors 0; elapsed 
590.640
Chunk 2 checked 194000 divisors; last killed by 1*D0; survivors 0; elapsed 
590.730
Chunk 2 checked 195000 divisors; last killed by 1*D0; survivors 0; elapsed 
590.810
Chunk 2 checked 196000 divisors; last killed by 1*D0; survivors 0; elapsed 
590.890
Chunk 2 checked 197000 divisors; last killed by 1*D0; survivors 0; elapsed 
590.960
Chunk 2 checked 198000 divisors; last killed by 1*D0; survivors 0; elapsed 
591.040
Chunk 2 checked 199000 divisors; last killed by 1*D0; survivors 0; elapsed 
591.130
Chunk 2 checked 200000 divisors; last killed by 1*D0; survivors 0; elapsed 
591.210
Chunk 2 checked 201000 divisors; last killed by 1*D0; survivors 0; elapsed 
591.290
Chunk 2 checked 202000 divisors; last killed by 1*D0; survivors 0; elapsed 
591.360
Chunk 2 checked 203000 divisors; last killed by 1*D0; survivors 0; elapsed 
591.440
Chunk 2 checked 204000 divisors; last killed by 1*D0; survivors 0; elapsed 
591.520
Chunk 2 checked 205000 divisors; last killed by 1*D0; survivors 0; elapsed 
591.590
Chunk 2 checked 206000 divisors; last killed by 1*D0; survivors 0; elapsed 
591.670
Chunk 2 checked 207000 divisors; last killed by 1*D0; survivors 0; elapsed 
591.750
Chunk 2 checked 208000 divisors; last killed by 1*D0; survivors 0; elapsed 
591.820
Chunk 2 checked 209000 divisors; last killed by 1*D0; survivors 0; elapsed 
591.900
Chunk 2 checked 210000 divisors; last killed by 1*D0; survivors 0; elapsed 
591.970
Chunk 2 checked 211000 divisors; last killed by 1*D0; survivors 0; elapsed 
592.050
Chunk 2 checked 212000 divisors; last killed by 1*D0; survivors 0; elapsed 
592.130
Chunk 2 checked 213000 divisors; last killed by 1*D0; survivors 0; elapsed 
592.210
Chunk 2 checked 214000 divisors; last killed by 1*D0; survivors 0; elapsed 
592.290
Chunk 2 checked 215000 divisors; last killed by 1*D0; survivors 0; elapsed 
592.370
Chunk 2 checked 216000 divisors; last killed by 1*D0; survivors 0; elapsed 
592.450
Chunk 2 checked 217000 divisors; last killed by 1*D0; survivors 0; elapsed 
592.520
Chunk 2 checked 218000 divisors; last killed by 1*D0; survivors 0; elapsed 
592.600
Chunk 2 checked 219000 divisors; last killed by 1*D0; survivors 0; elapsed 
592.680
Chunk 2 checked 220000 divisors; last killed by 1*D0; survivors 0; elapsed 
592.750
Chunk 2 checked 221000 divisors; last killed by 1*D0; survivors 0; elapsed 
592.830
Chunk 2 checked 222000 divisors; last killed by 1*D0; survivors 0; elapsed 
592.900
Degree type 27/36: [ <1, 7>, <2, 1> ]; groups [ <1, 7, 1>, <2, 1, 1> ]; elapsed 
592.960
Fast W0 setup: cover degree 162; dims [ 159, 195, 231, 267 ]; RR times [ 59.490,
30.380, 100.130, 80.290 ]
Chunk 2 checked 223000 divisors; last killed by 1*D0; survivors 0; elapsed 
1021.700
Divisors tested in chunk 2: 223092
Surviving translates in this chunk: 0
SUCCESS: this chunk contains no translate survivor.
CHUNK_RESULT: SUCCESS
Finished X1_37_ST_minimal.m.
Finished chunk 2 at Fri Jun 12 18:25:38 CEST 2026 with status 0
