Starting chunk 3 at Fri Jun 12 18:06:05 CEST 2026
Loading "X1_37_ST_minimal.m"
Loading "ff_search.m"
Build X_1(37) over F_2.
Loading "X1_37_X0plus_map_data.m"
#S37 coefficients = 18; #T37 coefficients = 18
Use the quotient image q(S,T)=0.
ST_RELATION_VERIFICATION: SUCCESS
#Places(q(S,T)=0,1) = 5
fiber degrees = [ 36, 36 ]
Testing 4 nonzero translates; chunk 3/24.
Place counts by degree: [ 18, 0, 0, 0, 0, 21, 18, 0, 39 ]
Degree types: 36; assigned [ 4, 28 ]
Degree type 4/36: [ <2, 1>, <2, 1>, <1, 1>, <1, 1>, <1, 1>, <1, 1>, <1, 1> ]; 
groups [ <2, 1, 2>, <1, 1, 5> ]; elapsed 0.000
Fast W0 setup: cover degree 36; dims [ 33, 69, 105, 141 ]; RR times [ 56.840, 
21.280, 94.360, 67.370 ]
Chunk 3 checked 1000 divisors; last killed by 1*D0; survivors 0; elapsed 258.450
Chunk 3 checked 2000 divisors; last killed by 1*D0; survivors 0; elapsed 260.610
Chunk 3 checked 3000 divisors; last killed by 1*D0; survivors 0; elapsed 260.710
Chunk 3 checked 4000 divisors; last killed by 1*D0; survivors 0; elapsed 260.820
Chunk 3 checked 5000 divisors; last killed by 1*D0; survivors 0; elapsed 266.000
Chunk 3 checked 6000 divisors; last killed by 1*D0; survivors 0; elapsed 266.100
Chunk 3 checked 7000 divisors; last killed by 1*D0; survivors 0; elapsed 266.200
Chunk 3 checked 8000 divisors; last killed by 1*D0; survivors 0; elapsed 266.310
Chunk 3 checked 9000 divisors; last killed by 1*D0; survivors 0; elapsed 266.410
Chunk 3 checked 10000 divisors; last killed by 1*D0; survivors 0; elapsed 
266.520
Chunk 3 checked 11000 divisors; last killed by 1*D0; survivors 0; elapsed 
266.620
Chunk 3 checked 12000 divisors; last killed by 1*D0; survivors 0; elapsed 
266.720
Chunk 3 checked 13000 divisors; last killed by 1*D0; survivors 0; elapsed 
266.830
Chunk 3 checked 14000 divisors; last killed by 1*D0; survivors 0; elapsed 
266.930
Chunk 3 checked 15000 divisors; last killed by 1*D0; survivors 0; elapsed 
267.040
Chunk 3 checked 16000 divisors; last killed by 1*D0; survivors 0; elapsed 
267.140
Chunk 3 checked 17000 divisors; last killed by 1*D0; survivors 0; elapsed 
267.250
Chunk 3 checked 18000 divisors; last killed by 1*D0; survivors 0; elapsed 
267.350
Chunk 3 checked 19000 divisors; last killed by 1*D0; survivors 0; elapsed 
267.450
Chunk 3 checked 20000 divisors; last killed by 1*D0; survivors 0; elapsed 
267.560
Chunk 3 checked 21000 divisors; last killed by 1*D0; survivors 0; elapsed 
267.660
Chunk 3 checked 22000 divisors; last killed by 1*D0; survivors 0; elapsed 
267.770
Chunk 3 checked 23000 divisors; last killed by 1*D0; survivors 0; elapsed 
267.870
Chunk 3 checked 24000 divisors; last killed by 1*D0; survivors 0; elapsed 
267.970
Chunk 3 checked 25000 divisors; last killed by 1*D0; survivors 0; elapsed 
268.080
Chunk 3 checked 26000 divisors; last killed by 1*D0; survivors 0; elapsed 
268.180
Chunk 3 checked 27000 divisors; last killed by 1*D0; survivors 0; elapsed 
268.290
Chunk 3 checked 28000 divisors; last killed by 1*D0; survivors 0; elapsed 
268.390
Chunk 3 checked 29000 divisors; last killed by 1*D0; survivors 0; elapsed 
268.490
Chunk 3 checked 30000 divisors; last killed by 1*D0; survivors 0; elapsed 
268.600
Chunk 3 checked 31000 divisors; last killed by 1*D0; survivors 0; elapsed 
277.200
Chunk 3 checked 32000 divisors; last killed by 1*D0; survivors 0; elapsed 
277.310
Chunk 3 checked 33000 divisors; last killed by 1*D0; survivors 0; elapsed 
277.410
Chunk 3 checked 34000 divisors; last killed by 1*D0; survivors 0; elapsed 
277.510
Chunk 3 checked 35000 divisors; last killed by 1*D0; survivors 0; elapsed 
277.620
Chunk 3 checked 36000 divisors; last killed by 1*D0; survivors 0; elapsed 
277.720
Chunk 3 checked 37000 divisors; last killed by 1*D0; survivors 0; elapsed 
277.830
Chunk 3 checked 38000 divisors; last killed by 1*D0; survivors 0; elapsed 
277.930
Chunk 3 checked 39000 divisors; last killed by 1*D0; survivors 0; elapsed 
278.040
Chunk 3 checked 40000 divisors; last killed by 1*D0; survivors 0; elapsed 
278.140
Chunk 3 checked 41000 divisors; last killed by 1*D0; survivors 0; elapsed 
278.250
Chunk 3 checked 42000 divisors; last killed by 1*D0; survivors 0; elapsed 
278.350
Chunk 3 checked 43000 divisors; last killed by 1*D0; survivors 0; elapsed 
278.460
Chunk 3 checked 44000 divisors; last killed by 1*D0; survivors 0; elapsed 
278.560
Chunk 3 checked 45000 divisors; last killed by 1*D0; survivors 0; elapsed 
278.670
Chunk 3 checked 46000 divisors; last killed by 1*D0; survivors 0; elapsed 
278.770
Chunk 3 checked 47000 divisors; last killed by 1*D0; survivors 0; elapsed 
278.870
Chunk 3 checked 48000 divisors; last killed by 1*D0; survivors 0; elapsed 
278.980
Chunk 3 checked 49000 divisors; last killed by 1*D0; survivors 0; elapsed 
279.080
Chunk 3 checked 50000 divisors; last killed by 1*D0; survivors 0; elapsed 
279.190
Chunk 3 checked 51000 divisors; last killed by 1*D0; survivors 0; elapsed 
279.290
Chunk 3 checked 52000 divisors; last killed by 1*D0; survivors 0; elapsed 
279.400
Chunk 3 checked 53000 divisors; last killed by 1*D0; survivors 0; elapsed 
279.500
Chunk 3 checked 54000 divisors; last killed by 1*D0; survivors 0; elapsed 
279.600
Chunk 3 checked 55000 divisors; last killed by 1*D0; survivors 0; elapsed 
279.710
Chunk 3 checked 56000 divisors; last killed by 1*D0; survivors 0; elapsed 
279.810
Chunk 3 checked 57000 divisors; last killed by 1*D0; survivors 0; elapsed 
279.920
Chunk 3 checked 58000 divisors; last killed by 1*D0; survivors 0; elapsed 
280.020
Chunk 3 checked 59000 divisors; last killed by 1*D0; survivors 0; elapsed 
280.130
Chunk 3 checked 60000 divisors; last killed by 1*D0; survivors 0; elapsed 
280.240
Chunk 3 checked 61000 divisors; last killed by 1*D0; survivors 0; elapsed 
280.350
Chunk 3 checked 62000 divisors; last killed by 1*D0; survivors 0; elapsed 
280.450
Chunk 3 checked 63000 divisors; last killed by 1*D0; survivors 0; elapsed 
280.550
Chunk 3 checked 64000 divisors; last killed by 1*D0; survivors 0; elapsed 
280.650
Chunk 3 checked 65000 divisors; last killed by 1*D0; survivors 0; elapsed 
280.750
Chunk 3 checked 66000 divisors; last killed by 1*D0; survivors 0; elapsed 
280.860
Chunk 3 checked 67000 divisors; last killed by 1*D0; survivors 0; elapsed 
280.950
Chunk 3 checked 68000 divisors; last killed by 1*D0; survivors 0; elapsed 
281.060
Chunk 3 checked 69000 divisors; last killed by 1*D0; survivors 0; elapsed 
281.160
Chunk 3 checked 70000 divisors; last killed by 1*D0; survivors 0; elapsed 
281.260
Chunk 3 checked 71000 divisors; last killed by 1*D0; survivors 0; elapsed 
281.380
Chunk 3 checked 72000 divisors; last killed by 1*D0; survivors 0; elapsed 
281.500
Chunk 3 checked 73000 divisors; last killed by 1*D0; survivors 0; elapsed 
281.610
Chunk 3 checked 74000 divisors; last killed by 1*D0; survivors 0; elapsed 
281.730
Chunk 3 checked 75000 divisors; last killed by 1*D0; survivors 0; elapsed 
281.840
Chunk 3 checked 76000 divisors; last killed by 1*D0; survivors 0; elapsed 
281.940
Chunk 3 checked 77000 divisors; last killed by 1*D0; survivors 0; elapsed 
282.040
Chunk 3 checked 78000 divisors; last killed by 1*D0; survivors 0; elapsed 
282.150
Chunk 3 checked 79000 divisors; last killed by 1*D0; survivors 0; elapsed 
282.250
Chunk 3 checked 80000 divisors; last killed by 1*D0; survivors 0; elapsed 
282.360
Chunk 3 checked 81000 divisors; last killed by 1*D0; survivors 0; elapsed 
282.460
Chunk 3 checked 82000 divisors; last killed by 1*D0; survivors 0; elapsed 
282.570
Chunk 3 checked 83000 divisors; last killed by 1*D0; survivors 0; elapsed 
282.670
Chunk 3 checked 84000 divisors; last killed by 1*D0; survivors 0; elapsed 
282.780
Chunk 3 checked 85000 divisors; last killed by 1*D0; survivors 0; elapsed 
282.880
Chunk 3 checked 86000 divisors; last killed by 1*D0; survivors 0; elapsed 
282.980
Chunk 3 checked 87000 divisors; last killed by 1*D0; survivors 0; elapsed 
283.090
Chunk 3 checked 88000 divisors; last killed by 1*D0; survivors 0; elapsed 
283.190
Chunk 3 checked 89000 divisors; last killed by 1*D0; survivors 0; elapsed 
283.300
Chunk 3 checked 90000 divisors; last killed by 1*D0; survivors 0; elapsed 
283.400
Chunk 3 checked 91000 divisors; last killed by 1*D0; survivors 0; elapsed 
283.500
Chunk 3 checked 92000 divisors; last killed by 1*D0; survivors 0; elapsed 
283.610
Chunk 3 checked 93000 divisors; last killed by 1*D0; survivors 0; elapsed 
283.710
Chunk 3 checked 94000 divisors; last killed by 1*D0; survivors 0; elapsed 
283.820
Chunk 3 checked 95000 divisors; last killed by 1*D0; survivors 0; elapsed 
283.920
Chunk 3 checked 96000 divisors; last killed by 1*D0; survivors 0; elapsed 
284.030
Chunk 3 checked 97000 divisors; last killed by 1*D0; survivors 0; elapsed 
284.130
Chunk 3 checked 98000 divisors; last killed by 1*D0; survivors 0; elapsed 
284.230
Chunk 3 checked 99000 divisors; last killed by 1*D0; survivors 0; elapsed 
284.340
Chunk 3 checked 100000 divisors; last killed by 1*D0; survivors 0; elapsed 
284.440
Chunk 3 checked 101000 divisors; last killed by 1*D0; survivors 0; elapsed 
284.550
Chunk 3 checked 102000 divisors; last killed by 1*D0; survivors 0; elapsed 
284.650
Chunk 3 checked 103000 divisors; last killed by 1*D0; survivors 0; elapsed 
284.750
Chunk 3 checked 104000 divisors; last killed by 1*D0; survivors 0; elapsed 
284.860
Chunk 3 checked 105000 divisors; last killed by 1*D0; survivors 0; elapsed 
284.960
Chunk 3 checked 106000 divisors; last killed by 1*D0; survivors 0; elapsed 
285.070
Chunk 3 checked 107000 divisors; last killed by 1*D0; survivors 0; elapsed 
285.170
Chunk 3 checked 108000 divisors; last killed by 1*D0; survivors 0; elapsed 
285.280
Chunk 3 checked 109000 divisors; last killed by 1*D0; survivors 0; elapsed 
285.380
Chunk 3 checked 110000 divisors; last killed by 1*D0; survivors 0; elapsed 
285.490
Chunk 3 checked 111000 divisors; last killed by 1*D0; survivors 0; elapsed 
285.590
Chunk 3 checked 112000 divisors; last killed by 1*D0; survivors 0; elapsed 
285.690
Chunk 3 checked 113000 divisors; last killed by 1*D0; survivors 0; elapsed 
285.800
Chunk 3 checked 114000 divisors; last killed by 1*D0; survivors 0; elapsed 
285.910
Chunk 3 checked 115000 divisors; last killed by 1*D0; survivors 0; elapsed 
286.010
Chunk 3 checked 116000 divisors; last killed by 1*D0; survivors 0; elapsed 
286.110
Chunk 3 checked 117000 divisors; last killed by 1*D0; survivors 0; elapsed 
286.220
Chunk 3 checked 118000 divisors; last killed by 1*D0; survivors 0; elapsed 
286.320
Chunk 3 checked 119000 divisors; last killed by 1*D0; survivors 0; elapsed 
286.430
Chunk 3 checked 120000 divisors; last killed by 1*D0; survivors 0; elapsed 
286.530
Chunk 3 checked 121000 divisors; last killed by 1*D0; survivors 0; elapsed 
286.640
Chunk 3 checked 122000 divisors; last killed by 1*D0; survivors 0; elapsed 
286.740
Chunk 3 checked 123000 divisors; last killed by 1*D0; survivors 0; elapsed 
286.840
Chunk 3 checked 124000 divisors; last killed by 1*D0; survivors 0; elapsed 
286.950
Chunk 3 checked 125000 divisors; last killed by 1*D0; survivors 0; elapsed 
287.050
Chunk 3 checked 126000 divisors; last killed by 1*D0; survivors 0; elapsed 
287.150
Chunk 3 checked 127000 divisors; last killed by 1*D0; survivors 0; elapsed 
287.260
Chunk 3 checked 128000 divisors; last killed by 1*D0; survivors 0; elapsed 
287.370
Chunk 3 checked 129000 divisors; last killed by 1*D0; survivors 0; elapsed 
287.480
Chunk 3 checked 130000 divisors; last killed by 1*D0; survivors 0; elapsed 
287.590
Chunk 3 checked 131000 divisors; last killed by 1*D0; survivors 0; elapsed 
287.700
Chunk 3 checked 132000 divisors; last killed by 1*D0; survivors 0; elapsed 
287.800
Chunk 3 checked 133000 divisors; last killed by 1*D0; survivors 0; elapsed 
287.900
Chunk 3 checked 134000 divisors; last killed by 1*D0; survivors 0; elapsed 
288.000
Chunk 3 checked 135000 divisors; last killed by 1*D0; survivors 0; elapsed 
288.100
Chunk 3 checked 136000 divisors; last killed by 1*D0; survivors 0; elapsed 
288.200
Chunk 3 checked 137000 divisors; last killed by 1*D0; survivors 0; elapsed 
288.300
Chunk 3 checked 138000 divisors; last killed by 1*D0; survivors 0; elapsed 
288.400
Chunk 3 checked 139000 divisors; last killed by 1*D0; survivors 0; elapsed 
288.500
Chunk 3 checked 140000 divisors; last killed by 1*D0; survivors 0; elapsed 
288.610
Chunk 3 checked 141000 divisors; last killed by 1*D0; survivors 0; elapsed 
288.720
Chunk 3 checked 142000 divisors; last killed by 1*D0; survivors 0; elapsed 
288.840
Chunk 3 checked 143000 divisors; last killed by 1*D0; survivors 0; elapsed 
288.960
Chunk 3 checked 144000 divisors; last killed by 1*D0; survivors 0; elapsed 
289.070
Chunk 3 checked 145000 divisors; last killed by 1*D0; survivors 0; elapsed 
289.180
Chunk 3 checked 146000 divisors; last killed by 1*D0; survivors 0; elapsed 
289.280
Chunk 3 checked 147000 divisors; last killed by 1*D0; survivors 0; elapsed 
289.390
Chunk 3 checked 148000 divisors; last killed by 1*D0; survivors 0; elapsed 
289.490
Chunk 3 checked 149000 divisors; last killed by 1*D0; survivors 0; elapsed 
289.600
Chunk 3 checked 150000 divisors; last killed by 1*D0; survivors 0; elapsed 
289.700
Chunk 3 checked 151000 divisors; last killed by 1*D0; survivors 0; elapsed 
289.800
Chunk 3 checked 152000 divisors; last killed by 1*D0; survivors 0; elapsed 
289.910
Chunk 3 checked 153000 divisors; last killed by 1*D0; survivors 0; elapsed 
290.010
Chunk 3 checked 154000 divisors; last killed by 1*D0; survivors 0; elapsed 
290.120
Chunk 3 checked 155000 divisors; last killed by 1*D0; survivors 0; elapsed 
290.220
Chunk 3 checked 156000 divisors; last killed by 1*D0; survivors 0; elapsed 
290.320
Chunk 3 checked 157000 divisors; last killed by 1*D0; survivors 0; elapsed 
290.430
Chunk 3 checked 158000 divisors; last killed by 1*D0; survivors 0; elapsed 
290.530
Chunk 3 checked 159000 divisors; last killed by 1*D0; survivors 0; elapsed 
290.640
Chunk 3 checked 160000 divisors; last killed by 1*D0; survivors 0; elapsed 
290.740
Chunk 3 checked 161000 divisors; last killed by 1*D0; survivors 0; elapsed 
290.850
Chunk 3 checked 162000 divisors; last killed by 1*D0; survivors 0; elapsed 
290.950
Chunk 3 checked 163000 divisors; last killed by 1*D0; survivors 0; elapsed 
291.050
Chunk 3 checked 164000 divisors; last killed by 1*D0; survivors 0; elapsed 
291.160
Chunk 3 checked 165000 divisors; last killed by 1*D0; survivors 0; elapsed 
291.260
Chunk 3 checked 166000 divisors; last killed by 1*D0; survivors 0; elapsed 
291.370
Chunk 3 checked 167000 divisors; last killed by 1*D0; survivors 0; elapsed 
291.470
Chunk 3 checked 168000 divisors; last killed by 1*D0; survivors 0; elapsed 
291.580
Chunk 3 checked 169000 divisors; last killed by 1*D0; survivors 0; elapsed 
291.680
Chunk 3 checked 170000 divisors; last killed by 1*D0; survivors 0; elapsed 
291.790
Chunk 3 checked 171000 divisors; last killed by 1*D0; survivors 0; elapsed 
291.890
Chunk 3 checked 172000 divisors; last killed by 1*D0; survivors 0; elapsed 
291.990
Chunk 3 checked 173000 divisors; last killed by 1*D0; survivors 0; elapsed 
292.100
Chunk 3 checked 174000 divisors; last killed by 1*D0; survivors 0; elapsed 
292.200
Chunk 3 checked 175000 divisors; last killed by 1*D0; survivors 0; elapsed 
292.310
Chunk 3 checked 176000 divisors; last killed by 1*D0; survivors 0; elapsed 
292.410
Chunk 3 checked 177000 divisors; last killed by 1*D0; survivors 0; elapsed 
292.510
Chunk 3 checked 178000 divisors; last killed by 1*D0; survivors 0; elapsed 
292.620
Chunk 3 checked 179000 divisors; last killed by 1*D0; survivors 0; elapsed 
292.720
Chunk 3 checked 180000 divisors; last killed by 1*D0; survivors 0; elapsed 
292.830
Chunk 3 checked 181000 divisors; last killed by 1*D0; survivors 0; elapsed 
292.930
Chunk 3 checked 182000 divisors; last killed by 1*D0; survivors 0; elapsed 
293.030
Chunk 3 checked 183000 divisors; last killed by 1*D0; survivors 0; elapsed 
293.140
Chunk 3 checked 184000 divisors; last killed by 1*D0; survivors 0; elapsed 
293.240
Chunk 3 checked 185000 divisors; last killed by 1*D0; survivors 0; elapsed 
293.340
Chunk 3 checked 186000 divisors; last killed by 1*D0; survivors 0; elapsed 
293.450
Chunk 3 checked 187000 divisors; last killed by 1*D0; survivors 0; elapsed 
293.550
Chunk 3 checked 188000 divisors; last killed by 1*D0; survivors 0; elapsed 
293.660
Chunk 3 checked 189000 divisors; last killed by 1*D0; survivors 0; elapsed 
293.760
Chunk 3 checked 190000 divisors; last killed by 1*D0; survivors 0; elapsed 
293.870
Chunk 3 checked 191000 divisors; last killed by 1*D0; survivors 0; elapsed 
293.970
Chunk 3 checked 192000 divisors; last killed by 1*D0; survivors 0; elapsed 
294.080
Chunk 3 checked 193000 divisors; last killed by 1*D0; survivors 0; elapsed 
294.180
Chunk 3 checked 194000 divisors; last killed by 1*D0; survivors 0; elapsed 
294.290
Chunk 3 checked 195000 divisors; last killed by 1*D0; survivors 0; elapsed 
294.400
Chunk 3 checked 196000 divisors; last killed by 1*D0; survivors 0; elapsed 
294.510
Chunk 3 checked 197000 divisors; last killed by 1*D0; survivors 0; elapsed 
294.620
Chunk 3 checked 198000 divisors; last killed by 1*D0; survivors 0; elapsed 
294.720
Chunk 3 checked 199000 divisors; last killed by 1*D0; survivors 0; elapsed 
294.820
Chunk 3 checked 200000 divisors; last killed by 1*D0; survivors 0; elapsed 
294.910
Chunk 3 checked 201000 divisors; last killed by 1*D0; survivors 0; elapsed 
295.020
Chunk 3 checked 202000 divisors; last killed by 1*D0; survivors 0; elapsed 
295.120
Chunk 3 checked 203000 divisors; last killed by 1*D0; survivors 0; elapsed 
295.210
Chunk 3 checked 204000 divisors; last killed by 1*D0; survivors 0; elapsed 
295.310
Chunk 3 checked 205000 divisors; last killed by 1*D0; survivors 0; elapsed 
295.420
Chunk 3 checked 206000 divisors; last killed by 1*D0; survivors 0; elapsed 
295.530
Chunk 3 checked 207000 divisors; last killed by 1*D0; survivors 0; elapsed 
295.650
Chunk 3 checked 208000 divisors; last killed by 1*D0; survivors 0; elapsed 
295.760
Chunk 3 checked 209000 divisors; last killed by 1*D0; survivors 0; elapsed 
295.880
Chunk 3 checked 210000 divisors; last killed by 1*D0; survivors 0; elapsed 
295.990
Chunk 3 checked 211000 divisors; last killed by 1*D0; survivors 0; elapsed 
296.090
Chunk 3 checked 212000 divisors; last killed by 1*D0; survivors 0; elapsed 
296.200
Chunk 3 checked 213000 divisors; last killed by 1*D0; survivors 0; elapsed 
296.300
Chunk 3 checked 214000 divisors; last killed by 1*D0; survivors 0; elapsed 
296.410
Chunk 3 checked 215000 divisors; last killed by 1*D0; survivors 0; elapsed 
296.510
Chunk 3 checked 216000 divisors; last killed by 1*D0; survivors 0; elapsed 
296.610
Chunk 3 checked 217000 divisors; last killed by 1*D0; survivors 0; elapsed 
296.720
Chunk 3 checked 218000 divisors; last killed by 1*D0; survivors 0; elapsed 
296.820
Chunk 3 checked 219000 divisors; last killed by 1*D0; survivors 0; elapsed 
296.930
Chunk 3 checked 220000 divisors; last killed by 1*D0; survivors 0; elapsed 
297.030
Chunk 3 checked 221000 divisors; last killed by 1*D0; survivors 0; elapsed 
297.130
Chunk 3 checked 222000 divisors; last killed by 1*D0; survivors 0; elapsed 
297.240
Chunk 3 checked 223000 divisors; last killed by 1*D0; survivors 0; elapsed 
297.340
Chunk 3 checked 224000 divisors; last killed by 1*D0; survivors 0; elapsed 
297.450
Chunk 3 checked 225000 divisors; last killed by 1*D0; survivors 0; elapsed 
297.550
Chunk 3 checked 226000 divisors; last killed by 1*D0; survivors 0; elapsed 
297.650
Chunk 3 checked 227000 divisors; last killed by 1*D0; survivors 0; elapsed 
297.760
Chunk 3 checked 228000 divisors; last killed by 1*D0; survivors 0; elapsed 
297.860
Chunk 3 checked 229000 divisors; last killed by 1*D0; survivors 0; elapsed 
297.960
Chunk 3 checked 230000 divisors; last killed by 1*D0; survivors 0; elapsed 
298.070
Chunk 3 checked 231000 divisors; last killed by 1*D0; survivors 0; elapsed 
298.170
Chunk 3 checked 232000 divisors; last killed by 1*D0; survivors 0; elapsed 
298.280
Chunk 3 checked 233000 divisors; last killed by 1*D0; survivors 0; elapsed 
298.380
Chunk 3 checked 234000 divisors; last killed by 1*D0; survivors 0; elapsed 
298.480
Chunk 3 checked 235000 divisors; last killed by 1*D0; survivors 0; elapsed 
298.590
Chunk 3 checked 236000 divisors; last killed by 1*D0; survivors 0; elapsed 
298.690
Chunk 3 checked 237000 divisors; last killed by 1*D0; survivors 0; elapsed 
298.800
Chunk 3 checked 238000 divisors; last killed by 1*D0; survivors 0; elapsed 
298.900
Chunk 3 checked 239000 divisors; last killed by 1*D0; survivors 0; elapsed 
299.000
Chunk 3 checked 240000 divisors; last killed by 1*D0; survivors 0; elapsed 
299.110
Chunk 3 checked 241000 divisors; last killed by 1*D0; survivors 0; elapsed 
299.210
Chunk 3 checked 242000 divisors; last killed by 1*D0; survivors 0; elapsed 
299.320
Chunk 3 checked 243000 divisors; last killed by 1*D0; survivors 0; elapsed 
299.420
Chunk 3 checked 244000 divisors; last killed by 1*D0; survivors 0; elapsed 
299.530
Chunk 3 checked 245000 divisors; last killed by 1*D0; survivors 0; elapsed 
299.630
Chunk 3 checked 246000 divisors; last killed by 1*D0; survivors 0; elapsed 
299.730
Chunk 3 checked 247000 divisors; last killed by 1*D0; survivors 0; elapsed 
299.840
Chunk 3 checked 248000 divisors; last killed by 1*D0; survivors 0; elapsed 
299.940
Chunk 3 checked 249000 divisors; last killed by 1*D0; survivors 0; elapsed 
300.040
Chunk 3 checked 250000 divisors; last killed by 1*D0; survivors 0; elapsed 
300.150
Chunk 3 checked 251000 divisors; last killed by 1*D0; survivors 0; elapsed 
300.250
Chunk 3 checked 252000 divisors; last killed by 1*D0; survivors 0; elapsed 
300.350
Chunk 3 checked 253000 divisors; last killed by 1*D0; survivors 0; elapsed 
300.460
Chunk 3 checked 254000 divisors; last killed by 1*D0; survivors 0; elapsed 
300.560
Chunk 3 checked 255000 divisors; last killed by 1*D0; survivors 0; elapsed 
300.670
Chunk 3 checked 256000 divisors; last killed by 1*D0; survivors 0; elapsed 
300.780
Chunk 3 checked 257000 divisors; last killed by 1*D0; survivors 0; elapsed 
300.890
Chunk 3 checked 258000 divisors; last killed by 1*D0; survivors 0; elapsed 
301.000
Chunk 3 checked 259000 divisors; last killed by 1*D0; survivors 0; elapsed 
301.090
Chunk 3 checked 260000 divisors; last killed by 1*D0; survivors 0; elapsed 
301.190
Chunk 3 checked 261000 divisors; last killed by 1*D0; survivors 0; elapsed 
301.290
Chunk 3 checked 262000 divisors; last killed by 1*D0; survivors 0; elapsed 
301.400
Chunk 3 checked 263000 divisors; last killed by 1*D0; survivors 0; elapsed 
301.500
Chunk 3 checked 264000 divisors; last killed by 1*D0; survivors 0; elapsed 
301.600
Chunk 3 checked 265000 divisors; last killed by 1*D0; survivors 0; elapsed 
301.700
Chunk 3 checked 266000 divisors; last killed by 1*D0; survivors 0; elapsed 
301.800
Chunk 3 checked 267000 divisors; last killed by 1*D0; survivors 0; elapsed 
301.910
Chunk 3 checked 268000 divisors; last killed by 1*D0; survivors 0; elapsed 
302.030
Chunk 3 checked 269000 divisors; last killed by 1*D0; survivors 0; elapsed 
302.140
Chunk 3 checked 270000 divisors; last killed by 1*D0; survivors 0; elapsed 
302.260
Chunk 3 checked 271000 divisors; last killed by 1*D0; survivors 0; elapsed 
302.370
Chunk 3 checked 272000 divisors; last killed by 1*D0; survivors 0; elapsed 
302.470
Chunk 3 checked 273000 divisors; last killed by 1*D0; survivors 0; elapsed 
302.570
Chunk 3 checked 274000 divisors; last killed by 1*D0; survivors 0; elapsed 
302.680
Chunk 3 checked 275000 divisors; last killed by 1*D0; survivors 0; elapsed 
302.780
Chunk 3 checked 276000 divisors; last killed by 1*D0; survivors 0; elapsed 
302.880
Chunk 3 checked 277000 divisors; last killed by 1*D0; survivors 0; elapsed 
302.980
Chunk 3 checked 278000 divisors; last killed by 1*D0; survivors 0; elapsed 
303.090
Chunk 3 checked 279000 divisors; last killed by 1*D0; survivors 0; elapsed 
303.190
Chunk 3 checked 280000 divisors; last killed by 1*D0; survivors 0; elapsed 
303.300
Chunk 3 checked 281000 divisors; last killed by 1*D0; survivors 0; elapsed 
303.400
Chunk 3 checked 282000 divisors; last killed by 1*D0; survivors 0; elapsed 
303.500
Chunk 3 checked 283000 divisors; last killed by 1*D0; survivors 0; elapsed 
303.610
Chunk 3 checked 284000 divisors; last killed by 1*D0; survivors 0; elapsed 
303.710
Chunk 3 checked 285000 divisors; last killed by 1*D0; survivors 0; elapsed 
303.810
Chunk 3 checked 286000 divisors; last killed by 1*D0; survivors 0; elapsed 
303.920
Chunk 3 checked 287000 divisors; last killed by 1*D0; survivors 0; elapsed 
304.020
Chunk 3 checked 288000 divisors; last killed by 1*D0; survivors 0; elapsed 
304.120
Chunk 3 checked 289000 divisors; last killed by 1*D0; survivors 0; elapsed 
304.230
Chunk 3 checked 290000 divisors; last killed by 1*D0; survivors 0; elapsed 
304.330
Chunk 3 checked 291000 divisors; last killed by 1*D0; survivors 0; elapsed 
304.430
Chunk 3 checked 292000 divisors; last killed by 1*D0; survivors 0; elapsed 
304.530
Chunk 3 checked 293000 divisors; last killed by 1*D0; survivors 0; elapsed 
304.640
Chunk 3 checked 294000 divisors; last killed by 1*D0; survivors 0; elapsed 
304.740
Chunk 3 checked 295000 divisors; last killed by 1*D0; survivors 0; elapsed 
304.840
Chunk 3 checked 296000 divisors; last killed by 1*D0; survivors 0; elapsed 
304.950
Chunk 3 checked 297000 divisors; last killed by 1*D0; survivors 0; elapsed 
305.050
Chunk 3 checked 298000 divisors; last killed by 1*D0; survivors 0; elapsed 
305.150
Chunk 3 checked 299000 divisors; last killed by 1*D0; survivors 0; elapsed 
305.260
Chunk 3 checked 300000 divisors; last killed by 1*D0; survivors 0; elapsed 
305.360
Chunk 3 checked 301000 divisors; last killed by 1*D0; survivors 0; elapsed 
305.460
Chunk 3 checked 302000 divisors; last killed by 1*D0; survivors 0; elapsed 
305.560
Chunk 3 checked 303000 divisors; last killed by 1*D0; survivors 0; elapsed 
305.670
Chunk 3 checked 304000 divisors; last killed by 1*D0; survivors 0; elapsed 
305.770
Chunk 3 checked 305000 divisors; last killed by 1*D0; survivors 0; elapsed 
305.870
Chunk 3 checked 306000 divisors; last killed by 1*D0; survivors 0; elapsed 
305.980
Chunk 3 checked 307000 divisors; last killed by 1*D0; survivors 0; elapsed 
306.080
Chunk 3 checked 308000 divisors; last killed by 1*D0; survivors 0; elapsed 
306.180
Chunk 3 checked 309000 divisors; last killed by 1*D0; survivors 0; elapsed 
306.280
Chunk 3 checked 310000 divisors; last killed by 1*D0; survivors 0; elapsed 
306.390
Chunk 3 checked 311000 divisors; last killed by 1*D0; survivors 0; elapsed 
306.490
Chunk 3 checked 312000 divisors; last killed by 1*D0; survivors 0; elapsed 
306.600
Chunk 3 checked 313000 divisors; last killed by 1*D0; survivors 0; elapsed 
306.710
Chunk 3 checked 314000 divisors; last killed by 1*D0; survivors 0; elapsed 
306.820
Chunk 3 checked 315000 divisors; last killed by 1*D0; survivors 0; elapsed 
306.920
Chunk 3 checked 316000 divisors; last killed by 1*D0; survivors 0; elapsed 
307.020
Chunk 3 checked 317000 divisors; last killed by 1*D0; survivors 0; elapsed 
307.120
Chunk 3 checked 318000 divisors; last killed by 1*D0; survivors 0; elapsed 
307.210
Chunk 3 checked 319000 divisors; last killed by 1*D0; survivors 0; elapsed 
307.320
Chunk 3 checked 320000 divisors; last killed by 1*D0; survivors 0; elapsed 
307.410
Chunk 3 checked 321000 divisors; last killed by 1*D0; survivors 0; elapsed 
307.510
Chunk 3 checked 322000 divisors; last killed by 1*D0; survivors 0; elapsed 
307.610
Chunk 3 checked 323000 divisors; last killed by 1*D0; survivors 0; elapsed 
307.710
Chunk 3 checked 324000 divisors; last killed by 1*D0; survivors 0; elapsed 
307.820
Chunk 3 checked 325000 divisors; last killed by 1*D0; survivors 0; elapsed 
307.940
Chunk 3 checked 326000 divisors; last killed by 1*D0; survivors 0; elapsed 
308.050
Chunk 3 checked 327000 divisors; last killed by 1*D0; survivors 0; elapsed 
308.170
Chunk 3 checked 328000 divisors; last killed by 1*D0; survivors 0; elapsed 
308.280
Chunk 3 checked 329000 divisors; last killed by 1*D0; survivors 0; elapsed 
308.380
Chunk 3 checked 330000 divisors; last killed by 1*D0; survivors 0; elapsed 
308.480
Chunk 3 checked 331000 divisors; last killed by 1*D0; survivors 0; elapsed 
308.580
Chunk 3 checked 332000 divisors; last killed by 1*D0; survivors 0; elapsed 
308.690
Chunk 3 checked 333000 divisors; last killed by 1*D0; survivors 0; elapsed 
308.790
Chunk 3 checked 334000 divisors; last killed by 1*D0; survivors 0; elapsed 
308.890
Chunk 3 checked 335000 divisors; last killed by 1*D0; survivors 0; elapsed 
309.000
Chunk 3 checked 336000 divisors; last killed by 1*D0; survivors 0; elapsed 
309.100
Chunk 3 checked 337000 divisors; last killed by 1*D0; survivors 0; elapsed 
309.200
Chunk 3 checked 338000 divisors; last killed by 1*D0; survivors 0; elapsed 
309.300
Chunk 3 checked 339000 divisors; last killed by 1*D0; survivors 0; elapsed 
309.410
Chunk 3 checked 340000 divisors; last killed by 1*D0; survivors 0; elapsed 
309.510
Chunk 3 checked 341000 divisors; last killed by 1*D0; survivors 0; elapsed 
309.610
Chunk 3 checked 342000 divisors; last killed by 1*D0; survivors 0; elapsed 
309.720
Chunk 3 checked 343000 divisors; last killed by 1*D0; survivors 0; elapsed 
309.820
Chunk 3 checked 344000 divisors; last killed by 1*D0; survivors 0; elapsed 
309.920
Chunk 3 checked 345000 divisors; last killed by 1*D0; survivors 0; elapsed 
310.030
Chunk 3 checked 346000 divisors; last killed by 1*D0; survivors 0; elapsed 
310.130
Chunk 3 checked 347000 divisors; last killed by 1*D0; survivors 0; elapsed 
310.230
Chunk 3 checked 348000 divisors; last killed by 1*D0; survivors 0; elapsed 
310.340
Chunk 3 checked 349000 divisors; last killed by 1*D0; survivors 0; elapsed 
310.440
Chunk 3 checked 350000 divisors; last killed by 1*D0; survivors 0; elapsed 
310.540
Chunk 3 checked 351000 divisors; last killed by 1*D0; survivors 0; elapsed 
310.650
Chunk 3 checked 352000 divisors; last killed by 1*D0; survivors 0; elapsed 
310.750
Chunk 3 checked 353000 divisors; last killed by 1*D0; survivors 0; elapsed 
310.850
Chunk 3 checked 354000 divisors; last killed by 1*D0; survivors 0; elapsed 
310.960
Chunk 3 checked 355000 divisors; last killed by 1*D0; survivors 0; elapsed 
311.060
Chunk 3 checked 356000 divisors; last killed by 1*D0; survivors 0; elapsed 
311.160
Chunk 3 checked 357000 divisors; last killed by 1*D0; survivors 0; elapsed 
311.260
Chunk 3 checked 358000 divisors; last killed by 1*D0; survivors 0; elapsed 
311.370
Chunk 3 checked 359000 divisors; last killed by 1*D0; survivors 0; elapsed 
311.470
Chunk 3 checked 360000 divisors; last killed by 1*D0; survivors 0; elapsed 
311.570
Chunk 3 checked 361000 divisors; last killed by 1*D0; survivors 0; elapsed 
311.670
Chunk 3 checked 362000 divisors; last killed by 1*D0; survivors 0; elapsed 
311.770
Chunk 3 checked 363000 divisors; last killed by 1*D0; survivors 0; elapsed 
311.880
Chunk 3 checked 364000 divisors; last killed by 1*D0; survivors 0; elapsed 
311.990
Chunk 3 checked 365000 divisors; last killed by 1*D0; survivors 0; elapsed 
312.090
Chunk 3 checked 366000 divisors; last killed by 1*D0; survivors 0; elapsed 
312.200
Chunk 3 checked 367000 divisors; last killed by 1*D0; survivors 0; elapsed 
312.310
Chunk 3 checked 368000 divisors; last killed by 1*D0; survivors 0; elapsed 
312.410
Chunk 3 checked 369000 divisors; last killed by 1*D0; survivors 0; elapsed 
312.510
Chunk 3 checked 370000 divisors; last killed by 1*D0; survivors 0; elapsed 
312.600
Chunk 3 checked 371000 divisors; last killed by 1*D0; survivors 0; elapsed 
312.700
Chunk 3 checked 372000 divisors; last killed by 1*D0; survivors 0; elapsed 
312.800
Chunk 3 checked 373000 divisors; last killed by 1*D0; survivors 0; elapsed 
312.900
Chunk 3 checked 374000 divisors; last killed by 1*D0; survivors 0; elapsed 
313.000
Chunk 3 checked 375000 divisors; last killed by 1*D0; survivors 0; elapsed 
313.100
Chunk 3 checked 376000 divisors; last killed by 1*D0; survivors 0; elapsed 
313.210
Chunk 3 checked 377000 divisors; last killed by 1*D0; survivors 0; elapsed 
313.320
Chunk 3 checked 378000 divisors; last killed by 1*D0; survivors 0; elapsed 
313.440
Chunk 3 checked 379000 divisors; last killed by 1*D0; survivors 0; elapsed 
313.550
Chunk 3 checked 380000 divisors; last killed by 1*D0; survivors 0; elapsed 
313.670
Chunk 3 checked 381000 divisors; last killed by 1*D0; survivors 0; elapsed 
313.770
Chunk 3 checked 382000 divisors; last killed by 1*D0; survivors 0; elapsed 
313.870
Chunk 3 checked 383000 divisors; last killed by 1*D0; survivors 0; elapsed 
313.970
Chunk 3 checked 384000 divisors; last killed by 1*D0; survivors 0; elapsed 
314.080
Chunk 3 checked 385000 divisors; last killed by 1*D0; survivors 0; elapsed 
338.890
Chunk 3 checked 386000 divisors; last killed by 1*D0; survivors 0; elapsed 
338.990
Chunk 3 checked 387000 divisors; last killed by 1*D0; survivors 0; elapsed 
339.090
Chunk 3 checked 388000 divisors; last killed by 1*D0; survivors 0; elapsed 
339.190
Chunk 3 checked 389000 divisors; last killed by 1*D0; survivors 0; elapsed 
339.300
Chunk 3 checked 390000 divisors; last killed by 1*D0; survivors 0; elapsed 
339.400
Chunk 3 checked 391000 divisors; last killed by 1*D0; survivors 0; elapsed 
339.500
Chunk 3 checked 392000 divisors; last killed by 1*D0; survivors 0; elapsed 
339.600
Chunk 3 checked 393000 divisors; last killed by 1*D0; survivors 0; elapsed 
339.710
Chunk 3 checked 394000 divisors; last killed by 1*D0; survivors 0; elapsed 
339.810
Chunk 3 checked 395000 divisors; last killed by 1*D0; survivors 0; elapsed 
339.910
Chunk 3 checked 396000 divisors; last killed by 1*D0; survivors 0; elapsed 
340.010
Chunk 3 checked 397000 divisors; last killed by 1*D0; survivors 0; elapsed 
340.120
Chunk 3 checked 398000 divisors; last killed by 1*D0; survivors 0; elapsed 
340.220
Chunk 3 checked 399000 divisors; last killed by 1*D0; survivors 0; elapsed 
340.320
Chunk 3 checked 400000 divisors; last killed by 1*D0; survivors 0; elapsed 
340.420
Chunk 3 checked 401000 divisors; last killed by 1*D0; survivors 0; elapsed 
340.530
Chunk 3 checked 402000 divisors; last killed by 1*D0; survivors 0; elapsed 
340.630
Chunk 3 checked 403000 divisors; last killed by 1*D0; survivors 0; elapsed 
340.730
Chunk 3 checked 404000 divisors; last killed by 1*D0; survivors 0; elapsed 
340.830
Chunk 3 checked 405000 divisors; last killed by 1*D0; survivors 0; elapsed 
340.940
Chunk 3 checked 406000 divisors; last killed by 1*D0; survivors 0; elapsed 
341.040
Chunk 3 checked 407000 divisors; last killed by 1*D0; survivors 0; elapsed 
341.140
Chunk 3 checked 408000 divisors; last killed by 1*D0; survivors 0; elapsed 
341.240
Chunk 3 checked 409000 divisors; last killed by 1*D0; survivors 0; elapsed 
341.340
Chunk 3 checked 410000 divisors; last killed by 1*D0; survivors 0; elapsed 
341.450
Chunk 3 checked 411000 divisors; last killed by 1*D0; survivors 0; elapsed 
341.550
Chunk 3 checked 412000 divisors; last killed by 1*D0; survivors 0; elapsed 
341.660
Chunk 3 checked 413000 divisors; last killed by 1*D0; survivors 0; elapsed 
341.760
Chunk 3 checked 414000 divisors; last killed by 1*D0; survivors 0; elapsed 
341.870
Chunk 3 checked 415000 divisors; last killed by 1*D0; survivors 0; elapsed 
341.980
Chunk 3 checked 416000 divisors; last killed by 1*D0; survivors 0; elapsed 
342.080
Chunk 3 checked 417000 divisors; last killed by 1*D0; survivors 0; elapsed 
342.180
Chunk 3 checked 418000 divisors; last killed by 1*D0; survivors 0; elapsed 
342.280
Chunk 3 checked 419000 divisors; last killed by 1*D0; survivors 0; elapsed 
342.380
Chunk 3 checked 420000 divisors; last killed by 1*D0; survivors 0; elapsed 
342.480
Chunk 3 checked 421000 divisors; last killed by 1*D0; survivors 0; elapsed 
342.580
Chunk 3 checked 422000 divisors; last killed by 1*D0; survivors 0; elapsed 
342.670
Chunk 3 checked 423000 divisors; last killed by 1*D0; survivors 0; elapsed 
342.770
Chunk 3 checked 424000 divisors; last killed by 1*D0; survivors 0; elapsed 
342.880
Chunk 3 checked 425000 divisors; last killed by 1*D0; survivors 0; elapsed 
342.990
Chunk 3 checked 426000 divisors; last killed by 1*D0; survivors 0; elapsed 
343.110
Chunk 3 checked 427000 divisors; last killed by 1*D0; survivors 0; elapsed 
343.220
Chunk 3 checked 428000 divisors; last killed by 1*D0; survivors 0; elapsed 
343.340
Chunk 3 checked 429000 divisors; last killed by 1*D0; survivors 0; elapsed 
343.440
Chunk 3 checked 430000 divisors; last killed by 1*D0; survivors 0; elapsed 
343.540
Chunk 3 checked 431000 divisors; last killed by 1*D0; survivors 0; elapsed 
343.640
Chunk 3 checked 432000 divisors; last killed by 1*D0; survivors 0; elapsed 
343.740
Chunk 3 checked 433000 divisors; last killed by 1*D0; survivors 0; elapsed 
343.850
Chunk 3 checked 434000 divisors; last killed by 1*D0; survivors 0; elapsed 
343.950
Chunk 3 checked 435000 divisors; last killed by 1*D0; survivors 0; elapsed 
344.050
Chunk 3 checked 436000 divisors; last killed by 1*D0; survivors 0; elapsed 
344.150
Chunk 3 checked 437000 divisors; last killed by 1*D0; survivors 0; elapsed 
344.260
Chunk 3 checked 438000 divisors; last killed by 1*D0; survivors 0; elapsed 
344.360
Chunk 3 checked 439000 divisors; last killed by 1*D0; survivors 0; elapsed 
344.460
Chunk 3 checked 440000 divisors; last killed by 1*D0; survivors 0; elapsed 
344.560
Chunk 3 checked 441000 divisors; last killed by 1*D0; survivors 0; elapsed 
344.670
Chunk 3 checked 442000 divisors; last killed by 1*D0; survivors 0; elapsed 
344.770
Chunk 3 checked 443000 divisors; last killed by 1*D0; survivors 0; elapsed 
344.870
Chunk 3 checked 444000 divisors; last killed by 1*D0; survivors 0; elapsed 
344.970
Chunk 3 checked 445000 divisors; last killed by 1*D0; survivors 0; elapsed 
345.070
Chunk 3 checked 446000 divisors; last killed by 1*D0; survivors 0; elapsed 
345.180
Chunk 3 checked 447000 divisors; last killed by 1*D0; survivors 0; elapsed 
345.280
Chunk 3 checked 448000 divisors; last killed by 1*D0; survivors 0; elapsed 
345.380
Chunk 3 checked 449000 divisors; last killed by 1*D0; survivors 0; elapsed 
345.480
Chunk 3 checked 450000 divisors; last killed by 1*D0; survivors 0; elapsed 
345.590
Chunk 3 checked 451000 divisors; last killed by 1*D0; survivors 0; elapsed 
345.690
Chunk 3 checked 452000 divisors; last killed by 1*D0; survivors 0; elapsed 
345.790
Chunk 3 checked 453000 divisors; last killed by 1*D0; survivors 0; elapsed 
345.890
Chunk 3 checked 454000 divisors; last killed by 1*D0; survivors 0; elapsed 
345.990
Chunk 3 checked 455000 divisors; last killed by 1*D0; survivors 0; elapsed 
346.100
Chunk 3 checked 456000 divisors; last killed by 1*D0; survivors 0; elapsed 
346.200
Chunk 3 checked 457000 divisors; last killed by 1*D0; survivors 0; elapsed 
346.310
Chunk 3 checked 458000 divisors; last killed by 1*D0; survivors 0; elapsed 
346.420
Chunk 3 checked 459000 divisors; last killed by 1*D0; survivors 0; elapsed 
346.530
Chunk 3 checked 460000 divisors; last killed by 1*D0; survivors 0; elapsed 
346.630
Chunk 3 checked 461000 divisors; last killed by 1*D0; survivors 0; elapsed 
346.720
Chunk 3 checked 462000 divisors; last killed by 1*D0; survivors 0; elapsed 
346.820
Chunk 3 checked 463000 divisors; last killed by 1*D0; survivors 0; elapsed 
346.930
Chunk 3 checked 464000 divisors; last killed by 1*D0; survivors 0; elapsed 
347.020
Chunk 3 checked 465000 divisors; last killed by 1*D0; survivors 0; elapsed 
347.120
Chunk 3 checked 466000 divisors; last killed by 1*D0; survivors 0; elapsed 
347.220
Chunk 3 checked 467000 divisors; last killed by 1*D0; survivors 0; elapsed 
347.330
Chunk 3 checked 468000 divisors; last killed by 1*D0; survivors 0; elapsed 
347.440
Chunk 3 checked 469000 divisors; last killed by 1*D0; survivors 0; elapsed 
347.550
Chunk 3 checked 470000 divisors; last killed by 1*D0; survivors 0; elapsed 
347.670
Chunk 3 checked 471000 divisors; last killed by 1*D0; survivors 0; elapsed 
347.780
Chunk 3 checked 472000 divisors; last killed by 1*D0; survivors 0; elapsed 
347.890
Chunk 3 checked 473000 divisors; last killed by 1*D0; survivors 0; elapsed 
348.000
Chunk 3 checked 474000 divisors; last killed by 1*D0; survivors 0; elapsed 
348.100
Chunk 3 checked 475000 divisors; last killed by 1*D0; survivors 0; elapsed 
348.200
Chunk 3 checked 476000 divisors; last killed by 1*D0; survivors 0; elapsed 
348.310
Chunk 3 checked 477000 divisors; last killed by 1*D0; survivors 0; elapsed 
348.410
Chunk 3 checked 478000 divisors; last killed by 1*D0; survivors 0; elapsed 
348.520
Chunk 3 checked 479000 divisors; last killed by 1*D0; survivors 0; elapsed 
348.620
Chunk 3 checked 480000 divisors; last killed by 1*D0; survivors 0; elapsed 
348.720
Chunk 3 checked 481000 divisors; last killed by 1*D0; survivors 0; elapsed 
348.830
Chunk 3 checked 482000 divisors; last killed by 1*D0; survivors 0; elapsed 
348.930
Chunk 3 checked 483000 divisors; last killed by 1*D0; survivors 0; elapsed 
349.040
Chunk 3 checked 484000 divisors; last killed by 1*D0; survivors 0; elapsed 
349.140
Chunk 3 checked 485000 divisors; last killed by 1*D0; survivors 0; elapsed 
349.240
Chunk 3 checked 486000 divisors; last killed by 1*D0; survivors 0; elapsed 
349.350
Chunk 3 checked 487000 divisors; last killed by 1*D0; survivors 0; elapsed 
349.450
Chunk 3 checked 488000 divisors; last killed by 1*D0; survivors 0; elapsed 
349.550
Chunk 3 checked 489000 divisors; last killed by 1*D0; survivors 0; elapsed 
349.660
Chunk 3 checked 490000 divisors; last killed by 1*D0; survivors 0; elapsed 
349.760
Chunk 3 checked 491000 divisors; last killed by 1*D0; survivors 0; elapsed 
349.860
Chunk 3 checked 492000 divisors; last killed by 1*D0; survivors 0; elapsed 
349.970
Chunk 3 checked 493000 divisors; last killed by 1*D0; survivors 0; elapsed 
350.070
Chunk 3 checked 494000 divisors; last killed by 1*D0; survivors 0; elapsed 
350.180
Chunk 3 checked 495000 divisors; last killed by 1*D0; survivors 0; elapsed 
350.280
Chunk 3 checked 496000 divisors; last killed by 1*D0; survivors 0; elapsed 
350.390
Chunk 3 checked 497000 divisors; last killed by 1*D0; survivors 0; elapsed 
350.500
Chunk 3 checked 498000 divisors; last killed by 1*D0; survivors 0; elapsed 
350.610
Chunk 3 checked 499000 divisors; last killed by 1*D0; survivors 0; elapsed 
350.710
Chunk 3 checked 500000 divisors; last killed by 1*D0; survivors 0; elapsed 
350.810
Chunk 3 checked 501000 divisors; last killed by 1*D0; survivors 0; elapsed 
350.910
Chunk 3 checked 502000 divisors; last killed by 1*D0; survivors 0; elapsed 
351.010
Chunk 3 checked 503000 divisors; last killed by 1*D0; survivors 0; elapsed 
351.110
Chunk 3 checked 504000 divisors; last killed by 1*D0; survivors 0; elapsed 
351.210
Chunk 3 checked 505000 divisors; last killed by 1*D0; survivors 0; elapsed 
351.310
Chunk 3 checked 506000 divisors; last killed by 1*D0; survivors 0; elapsed 
351.410
Chunk 3 checked 507000 divisors; last killed by 1*D0; survivors 0; elapsed 
351.510
Chunk 3 checked 508000 divisors; last killed by 1*D0; survivors 0; elapsed 
351.630
Chunk 3 checked 509000 divisors; last killed by 1*D0; survivors 0; elapsed 
351.750
Chunk 3 checked 510000 divisors; last killed by 1*D0; survivors 0; elapsed 
351.860
Chunk 3 checked 511000 divisors; last killed by 1*D0; survivors 0; elapsed 
351.970
Chunk 3 checked 512000 divisors; last killed by 1*D0; survivors 0; elapsed 
352.080
Chunk 3 checked 513000 divisors; last killed by 1*D0; survivors 0; elapsed 
352.180
Chunk 3 checked 514000 divisors; last killed by 1*D0; survivors 0; elapsed 
352.280
Chunk 3 checked 515000 divisors; last killed by 1*D0; survivors 0; elapsed 
352.380
Chunk 3 checked 516000 divisors; last killed by 1*D0; survivors 0; elapsed 
352.490
Chunk 3 checked 517000 divisors; last killed by 1*D0; survivors 0; elapsed 
352.590
Chunk 3 checked 518000 divisors; last killed by 1*D0; survivors 0; elapsed 
352.690
Chunk 3 checked 519000 divisors; last killed by 1*D0; survivors 0; elapsed 
352.790
Chunk 3 checked 520000 divisors; last killed by 1*D0; survivors 0; elapsed 
352.900
Chunk 3 checked 521000 divisors; last killed by 1*D0; survivors 0; elapsed 
353.000
Chunk 3 checked 522000 divisors; last killed by 1*D0; survivors 0; elapsed 
353.100
Chunk 3 checked 523000 divisors; last killed by 1*D0; survivors 0; elapsed 
353.200
Chunk 3 checked 524000 divisors; last killed by 1*D0; survivors 0; elapsed 
353.310
Chunk 3 checked 525000 divisors; last killed by 1*D0; survivors 0; elapsed 
353.410
Chunk 3 checked 526000 divisors; last killed by 1*D0; survivors 0; elapsed 
353.510
Chunk 3 checked 527000 divisors; last killed by 1*D0; survivors 0; elapsed 
353.610
Chunk 3 checked 528000 divisors; last killed by 1*D0; survivors 0; elapsed 
353.720
Chunk 3 checked 529000 divisors; last killed by 1*D0; survivors 0; elapsed 
353.820
Chunk 3 checked 530000 divisors; last killed by 1*D0; survivors 0; elapsed 
353.930
Chunk 3 checked 531000 divisors; last killed by 1*D0; survivors 0; elapsed 
354.030
Chunk 3 checked 532000 divisors; last killed by 1*D0; survivors 0; elapsed 
354.140
Chunk 3 checked 533000 divisors; last killed by 1*D0; survivors 0; elapsed 
354.250
Chunk 3 checked 534000 divisors; last killed by 1*D0; survivors 0; elapsed 
354.350
Chunk 3 checked 535000 divisors; last killed by 1*D0; survivors 0; elapsed 
354.450
Chunk 3 checked 536000 divisors; last killed by 1*D0; survivors 0; elapsed 
354.550
Chunk 3 checked 537000 divisors; last killed by 1*D0; survivors 0; elapsed 
354.650
Chunk 3 checked 538000 divisors; last killed by 1*D0; survivors 0; elapsed 
354.740
Chunk 3 checked 539000 divisors; last killed by 1*D0; survivors 0; elapsed 
354.840
Chunk 3 checked 540000 divisors; last killed by 1*D0; survivors 0; elapsed 
354.940
Chunk 3 checked 541000 divisors; last killed by 1*D0; survivors 0; elapsed 
355.040
Chunk 3 checked 542000 divisors; last killed by 1*D0; survivors 0; elapsed 
355.150
Chunk 3 checked 543000 divisors; last killed by 1*D0; survivors 0; elapsed 
355.270
Chunk 3 checked 544000 divisors; last killed by 1*D0; survivors 0; elapsed 
355.380
Chunk 3 checked 545000 divisors; last killed by 1*D0; survivors 0; elapsed 
355.500
Chunk 3 checked 546000 divisors; last killed by 1*D0; survivors 0; elapsed 
355.610
Chunk 3 checked 547000 divisors; last killed by 1*D0; survivors 0; elapsed 
355.720
Chunk 3 checked 548000 divisors; last killed by 1*D0; survivors 0; elapsed 
355.820
Chunk 3 checked 549000 divisors; last killed by 1*D0; survivors 0; elapsed 
355.920
Chunk 3 checked 550000 divisors; last killed by 1*D0; survivors 0; elapsed 
356.030
Chunk 3 checked 551000 divisors; last killed by 1*D0; survivors 0; elapsed 
356.130
Chunk 3 checked 552000 divisors; last killed by 1*D0; survivors 0; elapsed 
356.230
Chunk 3 checked 553000 divisors; last killed by 1*D0; survivors 0; elapsed 
356.330
Chunk 3 checked 554000 divisors; last killed by 1*D0; survivors 0; elapsed 
356.440
Chunk 3 checked 555000 divisors; last killed by 1*D0; survivors 0; elapsed 
356.540
Chunk 3 checked 556000 divisors; last killed by 1*D0; survivors 0; elapsed 
356.640
Chunk 3 checked 557000 divisors; last killed by 1*D0; survivors 0; elapsed 
356.740
Chunk 3 checked 558000 divisors; last killed by 1*D0; survivors 0; elapsed 
356.850
Chunk 3 checked 559000 divisors; last killed by 1*D0; survivors 0; elapsed 
356.950
Chunk 3 checked 560000 divisors; last killed by 1*D0; survivors 0; elapsed 
357.060
Chunk 3 checked 561000 divisors; last killed by 1*D0; survivors 0; elapsed 
357.170
Chunk 3 checked 562000 divisors; last killed by 1*D0; survivors 0; elapsed 
357.270
Chunk 3 checked 563000 divisors; last killed by 1*D0; survivors 0; elapsed 
357.380
Chunk 3 checked 564000 divisors; last killed by 1*D0; survivors 0; elapsed 
357.490
Chunk 3 checked 565000 divisors; last killed by 1*D0; survivors 0; elapsed 
357.590
Chunk 3 checked 566000 divisors; last killed by 1*D0; survivors 0; elapsed 
357.680
Chunk 3 checked 567000 divisors; last killed by 1*D0; survivors 0; elapsed 
357.780
Chunk 3 checked 568000 divisors; last killed by 1*D0; survivors 0; elapsed 
357.890
Chunk 3 checked 569000 divisors; last killed by 1*D0; survivors 0; elapsed 
357.980
Chunk 3 checked 570000 divisors; last killed by 1*D0; survivors 0; elapsed 
358.080
Chunk 3 checked 571000 divisors; last killed by 1*D0; survivors 0; elapsed 
358.180
Chunk 3 checked 572000 divisors; last killed by 1*D0; survivors 0; elapsed 
358.280
Chunk 3 checked 573000 divisors; last killed by 1*D0; survivors 0; elapsed 
358.400
Chunk 3 checked 574000 divisors; last killed by 1*D0; survivors 0; elapsed 
358.510
Chunk 3 checked 575000 divisors; last killed by 1*D0; survivors 0; elapsed 
358.630
Chunk 3 checked 576000 divisors; last killed by 1*D0; survivors 0; elapsed 
358.740
Chunk 3 checked 577000 divisors; last killed by 1*D0; survivors 0; elapsed 
358.850
Chunk 3 checked 578000 divisors; last killed by 1*D0; survivors 0; elapsed 
358.950
Chunk 3 checked 579000 divisors; last killed by 1*D0; survivors 0; elapsed 
359.050
Chunk 3 checked 580000 divisors; last killed by 1*D0; survivors 0; elapsed 
359.160
Chunk 3 checked 581000 divisors; last killed by 1*D0; survivors 0; elapsed 
359.260
Chunk 3 checked 582000 divisors; last killed by 1*D0; survivors 0; elapsed 
359.360
Chunk 3 checked 583000 divisors; last killed by 1*D0; survivors 0; elapsed 
359.460
Chunk 3 checked 584000 divisors; last killed by 1*D0; survivors 0; elapsed 
359.570
Chunk 3 checked 585000 divisors; last killed by 1*D0; survivors 0; elapsed 
359.670
Chunk 3 checked 586000 divisors; last killed by 1*D0; survivors 0; elapsed 
359.770
Chunk 3 checked 587000 divisors; last killed by 1*D0; survivors 0; elapsed 
359.880
Chunk 3 checked 588000 divisors; last killed by 1*D0; survivors 0; elapsed 
359.990
Chunk 3 checked 589000 divisors; last killed by 1*D0; survivors 0; elapsed 
360.100
Chunk 3 checked 590000 divisors; last killed by 1*D0; survivors 0; elapsed 
360.200
Chunk 3 checked 591000 divisors; last killed by 1*D0; survivors 0; elapsed 
360.300
Chunk 3 checked 592000 divisors; last killed by 1*D0; survivors 0; elapsed 
360.400
Chunk 3 checked 593000 divisors; last killed by 1*D0; survivors 0; elapsed 
360.500
Chunk 3 checked 594000 divisors; last killed by 1*D0; survivors 0; elapsed 
360.600
Chunk 3 checked 595000 divisors; last killed by 1*D0; survivors 0; elapsed 
360.700
Chunk 3 checked 596000 divisors; last killed by 1*D0; survivors 0; elapsed 
360.800
Chunk 3 checked 597000 divisors; last killed by 1*D0; survivors 0; elapsed 
360.900
Chunk 3 checked 598000 divisors; last killed by 1*D0; survivors 0; elapsed 
361.000
Chunk 3 checked 599000 divisors; last killed by 1*D0; survivors 0; elapsed 
361.110
Chunk 3 checked 600000 divisors; last killed by 1*D0; survivors 0; elapsed 
361.230
Chunk 3 checked 601000 divisors; last killed by 1*D0; survivors 0; elapsed 
361.350
Chunk 3 checked 602000 divisors; last killed by 1*D0; survivors 0; elapsed 
361.460
Chunk 3 checked 603000 divisors; last killed by 1*D0; survivors 0; elapsed 
361.570
Chunk 3 checked 604000 divisors; last killed by 1*D0; survivors 0; elapsed 
361.670
Chunk 3 checked 605000 divisors; last killed by 1*D0; survivors 0; elapsed 
361.780
Chunk 3 checked 606000 divisors; last killed by 1*D0; survivors 0; elapsed 
361.880
Chunk 3 checked 607000 divisors; last killed by 1*D0; survivors 0; elapsed 
361.980
Chunk 3 checked 608000 divisors; last killed by 1*D0; survivors 0; elapsed 
362.090
Chunk 3 checked 609000 divisors; last killed by 1*D0; survivors 0; elapsed 
362.190
Chunk 3 checked 610000 divisors; last killed by 1*D0; survivors 0; elapsed 
362.300
Chunk 3 checked 611000 divisors; last killed by 1*D0; survivors 0; elapsed 
362.410
Chunk 3 checked 612000 divisors; last killed by 1*D0; survivors 0; elapsed 
362.510
Chunk 3 checked 613000 divisors; last killed by 1*D0; survivors 0; elapsed 
362.610
Chunk 3 checked 614000 divisors; last killed by 1*D0; survivors 0; elapsed 
362.710
Chunk 3 checked 615000 divisors; last killed by 1*D0; survivors 0; elapsed 
362.810
Chunk 3 checked 616000 divisors; last killed by 1*D0; survivors 0; elapsed 
362.910
Chunk 3 checked 617000 divisors; last killed by 1*D0; survivors 0; elapsed 
363.010
Chunk 3 checked 618000 divisors; last killed by 1*D0; survivors 0; elapsed 
363.110
Chunk 3 checked 619000 divisors; last killed by 1*D0; survivors 0; elapsed 
363.210
Chunk 3 checked 620000 divisors; last killed by 1*D0; survivors 0; elapsed 
363.310
Chunk 3 checked 621000 divisors; last killed by 1*D0; survivors 0; elapsed 
363.430
Chunk 3 checked 622000 divisors; last killed by 1*D0; survivors 0; elapsed 
363.540
Chunk 3 checked 623000 divisors; last killed by 1*D0; survivors 0; elapsed 
363.660
Chunk 3 checked 624000 divisors; last killed by 1*D0; survivors 0; elapsed 
363.780
Chunk 3 checked 625000 divisors; last killed by 1*D0; survivors 0; elapsed 
363.890
Chunk 3 checked 626000 divisors; last killed by 1*D0; survivors 0; elapsed 
363.990
Chunk 3 checked 627000 divisors; last killed by 1*D0; survivors 0; elapsed 
364.100
Chunk 3 checked 628000 divisors; last killed by 1*D0; survivors 0; elapsed 
364.200
Chunk 3 checked 629000 divisors; last killed by 1*D0; survivors 0; elapsed 
364.310
Chunk 3 checked 630000 divisors; last killed by 1*D0; survivors 0; elapsed 
364.410
Chunk 3 checked 631000 divisors; last killed by 1*D0; survivors 0; elapsed 
364.510
Chunk 3 checked 632000 divisors; last killed by 1*D0; survivors 0; elapsed 
364.610
Chunk 3 checked 633000 divisors; last killed by 1*D0; survivors 0; elapsed 
364.720
Chunk 3 checked 634000 divisors; last killed by 1*D0; survivors 0; elapsed 
364.820
Chunk 3 checked 635000 divisors; last killed by 1*D0; survivors 0; elapsed 
364.920
Chunk 3 checked 636000 divisors; last killed by 1*D0; survivors 0; elapsed 
365.020
Chunk 3 checked 637000 divisors; last killed by 1*D0; survivors 0; elapsed 
365.120
Chunk 3 checked 638000 divisors; last killed by 1*D0; survivors 0; elapsed 
365.230
Chunk 3 checked 639000 divisors; last killed by 1*D0; survivors 0; elapsed 
365.340
Chunk 3 checked 640000 divisors; last killed by 1*D0; survivors 0; elapsed 
365.450
Chunk 3 checked 641000 divisors; last killed by 1*D0; survivors 0; elapsed 
365.560
Chunk 3 checked 642000 divisors; last killed by 1*D0; survivors 0; elapsed 
365.670
Chunk 3 checked 643000 divisors; last killed by 1*D0; survivors 0; elapsed 
365.780
Chunk 3 checked 644000 divisors; last killed by 1*D0; survivors 0; elapsed 
365.880
Chunk 3 checked 645000 divisors; last killed by 1*D0; survivors 0; elapsed 
365.990
Chunk 3 checked 646000 divisors; last killed by 1*D0; survivors 0; elapsed 
366.090
Chunk 3 checked 647000 divisors; last killed by 1*D0; survivors 0; elapsed 
366.200
Chunk 3 checked 648000 divisors; last killed by 1*D0; survivors 0; elapsed 
366.300
Chunk 3 checked 649000 divisors; last killed by 1*D0; survivors 0; elapsed 
366.410
Chunk 3 checked 650000 divisors; last killed by 1*D0; survivors 0; elapsed 
366.510
Chunk 3 checked 651000 divisors; last killed by 1*D0; survivors 0; elapsed 
366.630
Chunk 3 checked 652000 divisors; last killed by 1*D0; survivors 0; elapsed 
366.760
Chunk 3 checked 653000 divisors; last killed by 1*D0; survivors 0; elapsed 
366.880
Chunk 3 checked 654000 divisors; last killed by 1*D0; survivors 0; elapsed 
367.010
Chunk 3 checked 655000 divisors; last killed by 1*D0; survivors 0; elapsed 
367.130
Chunk 3 checked 656000 divisors; last killed by 1*D0; survivors 0; elapsed 
367.230
Chunk 3 checked 657000 divisors; last killed by 1*D0; survivors 0; elapsed 
367.330
Chunk 3 checked 658000 divisors; last killed by 1*D0; survivors 0; elapsed 
367.430
Chunk 3 checked 659000 divisors; last killed by 1*D0; survivors 0; elapsed 
367.530
Chunk 3 checked 660000 divisors; last killed by 1*D0; survivors 0; elapsed 
367.640
Chunk 3 checked 661000 divisors; last killed by 1*D0; survivors 0; elapsed 
367.740
Chunk 3 checked 662000 divisors; last killed by 1*D0; survivors 0; elapsed 
367.840
Chunk 3 checked 663000 divisors; last killed by 1*D0; survivors 0; elapsed 
367.940
Chunk 3 checked 664000 divisors; last killed by 1*D0; survivors 0; elapsed 
368.050
Chunk 3 checked 665000 divisors; last killed by 1*D0; survivors 0; elapsed 
368.150
Chunk 3 checked 666000 divisors; last killed by 1*D0; survivors 0; elapsed 
368.250
Chunk 3 checked 667000 divisors; last killed by 1*D0; survivors 0; elapsed 
368.350
Chunk 3 checked 668000 divisors; last killed by 1*D0; survivors 0; elapsed 
368.460
Degree type 28/36: [ <1, 9> ]; groups [ <1, 9, 1> ]; elapsed 368.490
Fast W0 setup: cover degree 351; dims [ 348, 384, 420, 456 ]; RR times [ 
161.280, 67.780, 183.360, 101.990 ]
Divisors tested in chunk 3: 668343
Surviving translates in this chunk: 0
SUCCESS: this chunk contains no translate survivor.
CHUNK_RESULT: SUCCESS
Finished X1_37_ST_minimal.m.
Finished chunk 3 at Fri Jun 12 18:28:38 CEST 2026 with status 0
