Starting chunk 9 at Fri Jun 12 18:06:05 CEST 2026
Loading "X1_37_ST_minimal.m"
Loading "ff_search.m"
Build X_1(37) over F_2.
Loading "X1_37_X0plus_map_data.m"
#S37 coefficients = 18; #T37 coefficients = 18
Use the quotient image q(S,T)=0.
ST_RELATION_VERIFICATION: SUCCESS
#Places(q(S,T)=0,1) = 5
fiber degrees = [ 36, 36 ]
Testing 4 nonzero translates; chunk 9/24.
Place counts by degree: [ 18, 0, 0, 0, 0, 21, 18, 0, 39 ]
Degree types: 36; assigned [ 10, 34 ]
Degree type 10/36: [ <4, 1>, <2, 1>, <1, 1>, <1, 1>, <1, 1> ]; groups [ <4, 1, 
1>, <2, 1, 1>, <1, 1, 3> ]; elapsed 0.000
Fast W0 setup: cover degree 72; dims [ 69, 105, 141, 177 ]; RR times [ 95.700, 
65.380, 171.280, 39.180 ]
Chunk 9 checked 1000 divisors; last killed by 1*D0; survivors 0; elapsed 842.830
Chunk 9 checked 2000 divisors; last killed by 1*D0; survivors 0; elapsed 942.210
Chunk 9 checked 3000 divisors; last killed by 1*D0; survivors 0; elapsed 942.290
Chunk 9 checked 4000 divisors; last killed by 1*D0; survivors 0; elapsed 942.360
Chunk 9 checked 5000 divisors; last killed by 1*D0; survivors 0; elapsed 942.440
Chunk 9 checked 6000 divisors; last killed by 1*D0; survivors 0; elapsed 942.520
Chunk 9 checked 7000 divisors; last killed by 1*D0; survivors 0; elapsed 942.610
Chunk 9 checked 8000 divisors; last killed by 1*D0; survivors 0; elapsed 942.690
Chunk 9 checked 9000 divisors; last killed by 1*D0; survivors 0; elapsed 942.770
Chunk 9 checked 10000 divisors; last killed by 1*D0; survivors 0; elapsed 
942.840
Chunk 9 checked 11000 divisors; last killed by 1*D0; survivors 0; elapsed 
942.920
Chunk 9 checked 12000 divisors; last killed by 1*D0; survivors 0; elapsed 
943.000
Chunk 9 checked 13000 divisors; last killed by 1*D0; survivors 0; elapsed 
943.080
Chunk 9 checked 14000 divisors; last killed by 1*D0; survivors 0; elapsed 
943.160
Chunk 9 checked 15000 divisors; last killed by 1*D0; survivors 0; elapsed 
943.240
Chunk 9 checked 16000 divisors; last killed by 1*D0; survivors 0; elapsed 
943.320
Chunk 9 checked 17000 divisors; last killed by 1*D0; survivors 0; elapsed 
943.400
Chunk 9 checked 18000 divisors; last killed by 1*D0; survivors 0; elapsed 
943.480
Chunk 9 checked 19000 divisors; last killed by 1*D0; survivors 0; elapsed 
943.560
Chunk 9 checked 20000 divisors; last killed by 1*D0; survivors 0; elapsed 
943.640
Chunk 9 checked 21000 divisors; last killed by 1*D0; survivors 0; elapsed 
1027.100
Chunk 9 checked 22000 divisors; last killed by 1*D0; survivors 0; elapsed 
1027.170
Chunk 9 checked 23000 divisors; last killed by 1*D0; survivors 0; elapsed 
1027.250
Chunk 9 checked 24000 divisors; last killed by 1*D0; survivors 0; elapsed 
1027.330
Chunk 9 checked 25000 divisors; last killed by 1*D0; survivors 0; elapsed 
1027.410
Chunk 9 checked 26000 divisors; last killed by 1*D0; survivors 0; elapsed 
1027.490
Chunk 9 checked 27000 divisors; last killed by 1*D0; survivors 0; elapsed 
1027.580
Chunk 9 checked 28000 divisors; last killed by 1*D0; survivors 0; elapsed 
1027.660
Chunk 9 checked 29000 divisors; last killed by 1*D0; survivors 0; elapsed 
1027.730
Chunk 9 checked 30000 divisors; last killed by 1*D0; survivors 0; elapsed 
1027.810
Chunk 9 checked 31000 divisors; last killed by 1*D0; survivors 0; elapsed 
1027.890
Chunk 9 checked 32000 divisors; last killed by 1*D0; survivors 0; elapsed 
1027.970
Chunk 9 checked 33000 divisors; last killed by 1*D0; survivors 0; elapsed 
1028.050
Chunk 9 checked 34000 divisors; last killed by 1*D0; survivors 0; elapsed 
1028.130
Chunk 9 checked 35000 divisors; last killed by 1*D0; survivors 0; elapsed 
1028.210
Chunk 9 checked 36000 divisors; last killed by 1*D0; survivors 0; elapsed 
1028.290
Chunk 9 checked 37000 divisors; last killed by 1*D0; survivors 0; elapsed 
1028.370
Chunk 9 checked 38000 divisors; last killed by 1*D0; survivors 0; elapsed 
1028.450
Chunk 9 checked 39000 divisors; last killed by 1*D0; survivors 0; elapsed 
1028.530
Chunk 9 checked 40000 divisors; last killed by 1*D0; survivors 0; elapsed 
1028.610
Chunk 9 checked 41000 divisors; last killed by 1*D0; survivors 0; elapsed 
1028.690
Chunk 9 checked 42000 divisors; last killed by 1*D0; survivors 0; elapsed 
1028.770
Chunk 9 checked 43000 divisors; last killed by 1*D0; survivors 0; elapsed 
1028.840
Chunk 9 checked 44000 divisors; last killed by 1*D0; survivors 0; elapsed 
1028.930
Chunk 9 checked 45000 divisors; last killed by 1*D0; survivors 0; elapsed 
1029.010
Chunk 9 checked 46000 divisors; last killed by 1*D0; survivors 0; elapsed 
1029.090
Chunk 9 checked 47000 divisors; last killed by 1*D0; survivors 0; elapsed 
1029.170
Chunk 9 checked 48000 divisors; last killed by 1*D0; survivors 0; elapsed 
1029.240
Chunk 9 checked 49000 divisors; last killed by 1*D0; survivors 0; elapsed 
1029.320
Chunk 9 checked 50000 divisors; last killed by 1*D0; survivors 0; elapsed 
1029.400
Chunk 9 checked 51000 divisors; last killed by 1*D0; survivors 0; elapsed 
1029.480
Chunk 9 checked 52000 divisors; last killed by 1*D0; survivors 0; elapsed 
1029.560
Chunk 9 checked 53000 divisors; last killed by 1*D0; survivors 0; elapsed 
1029.640
Chunk 9 checked 54000 divisors; last killed by 1*D0; survivors 0; elapsed 
1029.720
Chunk 9 checked 55000 divisors; last killed by 1*D0; survivors 0; elapsed 
1029.800
Chunk 9 checked 56000 divisors; last killed by 1*D0; survivors 0; elapsed 
1029.880
Chunk 9 checked 57000 divisors; last killed by 1*D0; survivors 0; elapsed 
1029.960
Chunk 9 checked 58000 divisors; last killed by 1*D0; survivors 0; elapsed 
1030.030
Chunk 9 checked 59000 divisors; last killed by 1*D0; survivors 0; elapsed 
1030.110
Chunk 9 checked 60000 divisors; last killed by 1*D0; survivors 0; elapsed 
1030.190
Chunk 9 checked 61000 divisors; last killed by 1*D0; survivors 0; elapsed 
1030.270
Chunk 9 checked 62000 divisors; last killed by 1*D0; survivors 0; elapsed 
1030.350
Chunk 9 checked 63000 divisors; last killed by 1*D0; survivors 0; elapsed 
1030.440
Chunk 9 checked 64000 divisors; last killed by 1*D0; survivors 0; elapsed 
1030.520
Chunk 9 checked 65000 divisors; last killed by 1*D0; survivors 0; elapsed 
1030.600
Chunk 9 checked 66000 divisors; last killed by 1*D0; survivors 0; elapsed 
1030.680
Chunk 9 checked 67000 divisors; last killed by 1*D0; survivors 0; elapsed 
1030.760
Chunk 9 checked 68000 divisors; last killed by 1*D0; survivors 0; elapsed 
1030.840
Chunk 9 checked 69000 divisors; last killed by 1*D0; survivors 0; elapsed 
1030.920
Chunk 9 checked 70000 divisors; last killed by 1*D0; survivors 0; elapsed 
1030.990
Chunk 9 checked 71000 divisors; last killed by 1*D0; survivors 0; elapsed 
1031.070
Chunk 9 checked 72000 divisors; last killed by 1*D0; survivors 0; elapsed 
1031.150
Chunk 9 checked 73000 divisors; last killed by 1*D0; survivors 0; elapsed 
1031.230
Chunk 9 checked 74000 divisors; last killed by 1*D0; survivors 0; elapsed 
1031.310
Chunk 9 checked 75000 divisors; last killed by 1*D0; survivors 0; elapsed 
1031.390
Chunk 9 checked 76000 divisors; last killed by 1*D0; survivors 0; elapsed 
1031.460
Chunk 9 checked 77000 divisors; last killed by 1*D0; survivors 0; elapsed 
1031.540
Chunk 9 checked 78000 divisors; last killed by 1*D0; survivors 0; elapsed 
1031.620
Chunk 9 checked 79000 divisors; last killed by 1*D0; survivors 0; elapsed 
1031.700
Chunk 9 checked 80000 divisors; last killed by 1*D0; survivors 0; elapsed 
1031.780
Chunk 9 checked 81000 divisors; last killed by 1*D0; survivors 0; elapsed 
1031.860
Chunk 9 checked 82000 divisors; last killed by 1*D0; survivors 0; elapsed 
1121.440
Chunk 9 checked 83000 divisors; last killed by 1*D0; survivors 0; elapsed 
1121.520
Chunk 9 checked 84000 divisors; last killed by 1*D0; survivors 0; elapsed 
1121.600
Chunk 9 checked 85000 divisors; last killed by 1*D0; survivors 0; elapsed 
1121.680
Chunk 9 checked 86000 divisors; last killed by 1*D0; survivors 0; elapsed 
1121.760
Chunk 9 checked 87000 divisors; last killed by 1*D0; survivors 0; elapsed 
1121.830
Chunk 9 checked 88000 divisors; last killed by 1*D0; survivors 0; elapsed 
1121.910
Chunk 9 checked 89000 divisors; last killed by 1*D0; survivors 0; elapsed 
1121.990
Chunk 9 checked 90000 divisors; last killed by 1*D0; survivors 0; elapsed 
1122.060
Chunk 9 checked 91000 divisors; last killed by 1*D0; survivors 0; elapsed 
1122.140
Chunk 9 checked 92000 divisors; last killed by 1*D0; survivors 0; elapsed 
1122.220
Chunk 9 checked 93000 divisors; last killed by 1*D0; survivors 0; elapsed 
1122.300
Chunk 9 checked 94000 divisors; last killed by 1*D0; survivors 0; elapsed 
1122.380
Chunk 9 checked 95000 divisors; last killed by 1*D0; survivors 0; elapsed 
1122.460
Chunk 9 checked 96000 divisors; last killed by 1*D0; survivors 0; elapsed 
1122.540
Chunk 9 checked 97000 divisors; last killed by 1*D0; survivors 0; elapsed 
1122.620
Chunk 9 checked 98000 divisors; last killed by 1*D0; survivors 0; elapsed 
1122.700
Chunk 9 checked 99000 divisors; last killed by 1*D0; survivors 0; elapsed 
1122.790
Chunk 9 checked 100000 divisors; last killed by 1*D0; survivors 0; elapsed 
1122.870
Chunk 9 checked 101000 divisors; last killed by 1*D0; survivors 0; elapsed 
1122.950
Chunk 9 checked 102000 divisors; last killed by 1*D0; survivors 0; elapsed 
1123.030
Chunk 9 checked 103000 divisors; last killed by 1*D0; survivors 0; elapsed 
1123.120
Chunk 9 checked 104000 divisors; last killed by 1*D0; survivors 0; elapsed 
1123.200
Chunk 9 checked 105000 divisors; last killed by 1*D0; survivors 0; elapsed 
1123.280
Chunk 9 checked 106000 divisors; last killed by 1*D0; survivors 0; elapsed 
1123.360
Chunk 9 checked 107000 divisors; last killed by 1*D0; survivors 0; elapsed 
1123.440
Chunk 9 checked 108000 divisors; last killed by 1*D0; survivors 0; elapsed 
1123.530
Chunk 9 checked 109000 divisors; last killed by 1*D0; survivors 0; elapsed 
1123.610
Chunk 9 checked 110000 divisors; last killed by 1*D0; survivors 0; elapsed 
1123.690
Chunk 9 checked 111000 divisors; last killed by 1*D0; survivors 0; elapsed 
1123.770
Chunk 9 checked 112000 divisors; last killed by 1*D0; survivors 0; elapsed 
1123.860
Chunk 9 checked 113000 divisors; last killed by 1*D0; survivors 0; elapsed 
1123.940
Chunk 9 checked 114000 divisors; last killed by 1*D0; survivors 0; elapsed 
1124.020
Chunk 9 checked 115000 divisors; last killed by 1*D0; survivors 0; elapsed 
1124.100
Chunk 9 checked 116000 divisors; last killed by 1*D0; survivors 0; elapsed 
1124.180
Chunk 9 checked 117000 divisors; last killed by 1*D0; survivors 0; elapsed 
1124.260
Chunk 9 checked 118000 divisors; last killed by 1*D0; survivors 0; elapsed 
1124.350
Chunk 9 checked 119000 divisors; last killed by 1*D0; survivors 0; elapsed 
1124.430
Chunk 9 checked 120000 divisors; last killed by 1*D0; survivors 0; elapsed 
1124.510
Chunk 9 checked 121000 divisors; last killed by 1*D0; survivors 0; elapsed 
1124.600
Chunk 9 checked 122000 divisors; last killed by 1*D0; survivors 0; elapsed 
1124.680
Chunk 9 checked 123000 divisors; last killed by 1*D0; survivors 0; elapsed 
1124.760
Chunk 9 checked 124000 divisors; last killed by 1*D0; survivors 0; elapsed 
1124.830
Chunk 9 checked 125000 divisors; last killed by 1*D0; survivors 0; elapsed 
1124.910
Chunk 9 checked 126000 divisors; last killed by 1*D0; survivors 0; elapsed 
1124.990
Chunk 9 checked 127000 divisors; last killed by 1*D0; survivors 0; elapsed 
1125.070
Chunk 9 checked 128000 divisors; last killed by 1*D0; survivors 0; elapsed 
1125.150
Chunk 9 checked 129000 divisors; last killed by 1*D0; survivors 0; elapsed 
1125.230
Chunk 9 checked 130000 divisors; last killed by 1*D0; survivors 0; elapsed 
1125.310
Chunk 9 checked 131000 divisors; last killed by 1*D0; survivors 0; elapsed 
1125.390
Chunk 9 checked 132000 divisors; last killed by 1*D0; survivors 0; elapsed 
1125.470
Chunk 9 checked 133000 divisors; last killed by 1*D0; survivors 0; elapsed 
1125.550
Chunk 9 checked 134000 divisors; last killed by 1*D0; survivors 0; elapsed 
1125.630
Chunk 9 checked 135000 divisors; last killed by 1*D0; survivors 0; elapsed 
1125.710
Chunk 9 checked 136000 divisors; last killed by 1*D0; survivors 0; elapsed 
1125.790
Chunk 9 checked 137000 divisors; last killed by 1*D0; survivors 0; elapsed 
1125.880
Chunk 9 checked 138000 divisors; last killed by 1*D0; survivors 0; elapsed 
1125.960
Chunk 9 checked 139000 divisors; last killed by 1*D0; survivors 0; elapsed 
1126.040
Chunk 9 checked 140000 divisors; last killed by 1*D0; survivors 0; elapsed 
1126.130
Chunk 9 checked 141000 divisors; last killed by 1*D0; survivors 0; elapsed 
1126.210
Chunk 9 checked 142000 divisors; last killed by 1*D0; survivors 0; elapsed 
1126.290
Chunk 9 checked 143000 divisors; last killed by 1*D0; survivors 0; elapsed 
1126.370
Chunk 9 checked 144000 divisors; last killed by 1*D0; survivors 0; elapsed 
1126.450
Chunk 9 checked 145000 divisors; last killed by 1*D0; survivors 0; elapsed 
1126.530
Chunk 9 checked 146000 divisors; last killed by 1*D0; survivors 0; elapsed 
1126.610
Chunk 9 checked 147000 divisors; last killed by 1*D0; survivors 0; elapsed 
1126.690
Chunk 9 checked 148000 divisors; last killed by 1*D0; survivors 0; elapsed 
1126.770
Chunk 9 checked 149000 divisors; last killed by 1*D0; survivors 0; elapsed 
1126.850
Chunk 9 checked 150000 divisors; last killed by 1*D0; survivors 0; elapsed 
1126.930
Chunk 9 checked 151000 divisors; last killed by 1*D0; survivors 0; elapsed 
1127.010
Chunk 9 checked 152000 divisors; last killed by 1*D0; survivors 0; elapsed 
1127.090
Chunk 9 checked 153000 divisors; last killed by 1*D0; survivors 0; elapsed 
1127.170
Chunk 9 checked 154000 divisors; last killed by 1*D0; survivors 0; elapsed 
1127.240
Chunk 9 checked 155000 divisors; last killed by 1*D0; survivors 0; elapsed 
1127.320
Chunk 9 checked 156000 divisors; last killed by 1*D0; survivors 0; elapsed 
1127.400
Chunk 9 checked 157000 divisors; last killed by 1*D0; survivors 0; elapsed 
1127.480
Chunk 9 checked 158000 divisors; last killed by 1*D0; survivors 0; elapsed 
1127.550
Chunk 9 checked 159000 divisors; last killed by 1*D0; survivors 0; elapsed 
1127.630
Chunk 9 checked 160000 divisors; last killed by 1*D0; survivors 0; elapsed 
1127.710
Chunk 9 checked 161000 divisors; last killed by 1*D0; survivors 0; elapsed 
1127.800
Chunk 9 checked 162000 divisors; last killed by 1*D0; survivors 0; elapsed 
1127.870
Chunk 9 checked 163000 divisors; last killed by 1*D0; survivors 0; elapsed 
1127.950
Chunk 9 checked 164000 divisors; last killed by 1*D0; survivors 0; elapsed 
1128.030
Chunk 9 checked 165000 divisors; last killed by 1*D0; survivors 0; elapsed 
1128.110
Chunk 9 checked 166000 divisors; last killed by 1*D0; survivors 0; elapsed 
1128.190
Chunk 9 checked 167000 divisors; last killed by 1*D0; survivors 0; elapsed 
1128.270
Chunk 9 checked 168000 divisors; last killed by 1*D0; survivors 0; elapsed 
1128.350
Chunk 9 checked 169000 divisors; last killed by 1*D0; survivors 0; elapsed 
1128.430
Chunk 9 checked 170000 divisors; last killed by 1*D0; survivors 0; elapsed 
1128.510
Chunk 9 checked 171000 divisors; last killed by 1*D0; survivors 0; elapsed 
1128.590
Degree type 34/36: [ <6, 1>, <3, 1> ]; groups [ <6, 1, 1>, <3, 1, 1> ]; elapsed 
1128.620
Fast W0 setup: cover degree 108; dims [ 105, 141, 177, 213 ]; RR times [ 93.580,
26.470, 116.190, 81.150 ]
Divisors tested in chunk 9: 171666
Surviving translates in this chunk: 0
SUCCESS: this chunk contains no translate survivor.
CHUNK_RESULT: SUCCESS
Finished X1_37_ST_minimal.m.
Finished chunk 9 at Fri Jun 12 18:50:45 CEST 2026 with status 0
