Starting chunk 23 at Fri Jun 12 18:06:05 CEST 2026
Loading "X1_37_ST_minimal.m"
Loading "ff_search.m"
Build X_1(37) over F_2.
Loading "X1_37_X0plus_map_data.m"
#S37 coefficients = 18; #T37 coefficients = 18
Use the quotient image q(S,T)=0.
ST_RELATION_VERIFICATION: SUCCESS
#Places(q(S,T)=0,1) = 5
fiber degrees = [ 36, 36 ]
Testing 4 nonzero translates; chunk 23/24.
Place counts by degree: [ 18, 0, 0, 0, 0, 21, 18, 0, 39 ]
Degree types: 36; assigned [ 24 ]
Degree type 24/36: [ <4, 1>, <4, 1>, <1, 1> ]; groups [ <4, 1, 2>, <1, 1, 1> ]; 
elapsed 0.000
Fast W0 setup: cover degree 72; dims [ 69, 105, 141, 177 ]; RR times [ 99.220, 
67.880, 168.310, 38.600 ]
Chunk 23 checked 1000 divisors; last killed by 1*D0; survivors 0; elapsed 
669.930
Chunk 23 checked 2000 divisors; last killed by 1*D0; survivors 0; elapsed 
917.830
Divisors tested in chunk 23: 2448
Surviving translates in this chunk: 0
SUCCESS: this chunk contains no translate survivor.
CHUNK_RESULT: SUCCESS
Finished X1_37_ST_minimal.m.
Finished chunk 23 at Fri Jun 12 18:24:22 CEST 2026 with status 0
