Starting chunk 12 at Fri Jun 12 18:06:05 CEST 2026
Loading "X1_37_ST_minimal.m"
Loading "ff_search.m"
Build X_1(37) over F_2.
Loading "X1_37_X0plus_map_data.m"
#S37 coefficients = 18; #T37 coefficients = 18
Use the quotient image q(S,T)=0.
ST_RELATION_VERIFICATION: SUCCESS
#Places(q(S,T)=0,1) = 5
fiber degrees = [ 36, 36 ]
Testing 4 nonzero translates; chunk 12/24.
Place counts by degree: [ 18, 0, 0, 0, 0, 21, 18, 0, 39 ]
Degree types: 36; assigned [ 13 ]
Degree type 13/36: [ <1, 7>, <1, 1>, <1, 1> ]; groups [ <1, 7, 1>, <1, 1, 2> ]; 
elapsed 0.000
Fast W0 setup: cover degree 144; dims [ 141, 177, 213, 249 ]; RR times [ 35.680,
81.390, 45.890, 124.790 ]
Chunk 12 checked 1000 divisors; last killed by 1*D0; survivors 0; elapsed 
370.720
Chunk 12 checked 2000 divisors; last killed by 1*D0; survivors 0; elapsed 
371.970
Divisors tested in chunk 12: 2754
Surviving translates in this chunk: 0
SUCCESS: this chunk contains no translate survivor.
CHUNK_RESULT: SUCCESS
Finished X1_37_ST_minimal.m.
Finished chunk 12 at Fri Jun 12 18:15:18 CEST 2026 with status 0
