Starting chunk 8 at Fri Jun 12 18:06:05 CEST 2026
Loading "X1_37_ST_minimal.m"
Loading "ff_search.m"
Build X_1(37) over F_2.
Loading "X1_37_X0plus_map_data.m"
#S37 coefficients = 18; #T37 coefficients = 18
Use the quotient image q(S,T)=0.
ST_RELATION_VERIFICATION: SUCCESS
#Places(q(S,T)=0,1) = 5
fiber degrees = [ 36, 36 ]
Testing 4 nonzero translates; chunk 8/24.
Place counts by degree: [ 18, 0, 0, 0, 0, 21, 18, 0, 39 ]
Degree types: 36; assigned [ 9, 33 ]
Degree type 9/36: [ <2, 1>, <2, 1>, <2, 1>, <1, 1>, <1, 1>, <1, 1> ]; groups [ 
<2, 1, 3>, <1, 1, 3> ]; elapsed 0.000
Fast W0 setup: cover degree 36; dims [ 33, 69, 105, 141 ]; RR times [ 54.270, 
21.040, 94.920, 69.780 ]
Chunk 8 checked 1000 divisors; last killed by 1*D0; survivors 0; elapsed 258.790
Chunk 8 checked 2000 divisors; last killed by 1*D0; survivors 0; elapsed 258.890
Chunk 8 checked 3000 divisors; last killed by 1*D0; survivors 0; elapsed 259.000
Chunk 8 checked 4000 divisors; last killed by 1*D0; survivors 0; elapsed 259.100
Chunk 8 checked 5000 divisors; last killed by 1*D0; survivors 0; elapsed 261.250
Chunk 8 checked 6000 divisors; last killed by 1*D0; survivors 0; elapsed 261.350
Chunk 8 checked 7000 divisors; last killed by 1*D0; survivors 0; elapsed 261.450
Chunk 8 checked 8000 divisors; last killed by 1*D0; survivors 0; elapsed 261.560
Chunk 8 checked 9000 divisors; last killed by 1*D0; survivors 0; elapsed 261.660
Chunk 8 checked 10000 divisors; last killed by 1*D0; survivors 0; elapsed 
261.760
Chunk 8 checked 11000 divisors; last killed by 1*D0; survivors 0; elapsed 
261.870
Chunk 8 checked 12000 divisors; last killed by 1*D0; survivors 0; elapsed 
261.970
Chunk 8 checked 13000 divisors; last killed by 1*D0; survivors 0; elapsed 
262.070
Chunk 8 checked 14000 divisors; last killed by 1*D0; survivors 0; elapsed 
262.180
Chunk 8 checked 15000 divisors; last killed by 1*D0; survivors 0; elapsed 
262.280
Chunk 8 checked 16000 divisors; last killed by 1*D0; survivors 0; elapsed 
262.380
Chunk 8 checked 17000 divisors; last killed by 1*D0; survivors 0; elapsed 
262.480
Chunk 8 checked 18000 divisors; last killed by 1*D0; survivors 0; elapsed 
262.590
Chunk 8 checked 19000 divisors; last killed by 1*D0; survivors 0; elapsed 
262.690
Chunk 8 checked 20000 divisors; last killed by 1*D0; survivors 0; elapsed 
262.790
Chunk 8 checked 21000 divisors; last killed by 1*D0; survivors 0; elapsed 
262.900
Chunk 8 checked 22000 divisors; last killed by 1*D0; survivors 0; elapsed 
263.000
Chunk 8 checked 23000 divisors; last killed by 1*D0; survivors 0; elapsed 
263.100
Chunk 8 checked 24000 divisors; last killed by 1*D0; survivors 0; elapsed 
263.200
Chunk 8 checked 25000 divisors; last killed by 1*D0; survivors 0; elapsed 
263.310
Chunk 8 checked 26000 divisors; last killed by 1*D0; survivors 0; elapsed 
263.400
Chunk 8 checked 27000 divisors; last killed by 1*D0; survivors 0; elapsed 
263.510
Chunk 8 checked 28000 divisors; last killed by 1*D0; survivors 0; elapsed 
263.610
Chunk 8 checked 29000 divisors; last killed by 1*D0; survivors 0; elapsed 
263.710
Chunk 8 checked 30000 divisors; last killed by 1*D0; survivors 0; elapsed 
263.820
Chunk 8 checked 31000 divisors; last killed by 1*D0; survivors 0; elapsed 
263.920
Chunk 8 checked 32000 divisors; last killed by 1*D0; survivors 0; elapsed 
264.020
Chunk 8 checked 33000 divisors; last killed by 1*D0; survivors 0; elapsed 
264.130
Chunk 8 checked 34000 divisors; last killed by 1*D0; survivors 0; elapsed 
264.230
Chunk 8 checked 35000 divisors; last killed by 1*D0; survivors 0; elapsed 
264.330
Chunk 8 checked 36000 divisors; last killed by 1*D0; survivors 0; elapsed 
264.430
Chunk 8 checked 37000 divisors; last killed by 1*D0; survivors 0; elapsed 
264.540
Chunk 8 checked 38000 divisors; last killed by 1*D0; survivors 0; elapsed 
264.640
Chunk 8 checked 39000 divisors; last killed by 1*D0; survivors 0; elapsed 
264.740
Chunk 8 checked 40000 divisors; last killed by 1*D0; survivors 0; elapsed 
264.850
Chunk 8 checked 41000 divisors; last killed by 1*D0; survivors 0; elapsed 
264.940
Chunk 8 checked 42000 divisors; last killed by 1*D0; survivors 0; elapsed 
265.050
Chunk 8 checked 43000 divisors; last killed by 1*D0; survivors 0; elapsed 
265.150
Chunk 8 checked 44000 divisors; last killed by 1*D0; survivors 0; elapsed 
265.260
Chunk 8 checked 45000 divisors; last killed by 1*D0; survivors 0; elapsed 
265.360
Chunk 8 checked 46000 divisors; last killed by 1*D0; survivors 0; elapsed 
265.470
Chunk 8 checked 47000 divisors; last killed by 1*D0; survivors 0; elapsed 
265.570
Chunk 8 checked 48000 divisors; last killed by 1*D0; survivors 0; elapsed 
265.670
Chunk 8 checked 49000 divisors; last killed by 1*D0; survivors 0; elapsed 
265.780
Chunk 8 checked 50000 divisors; last killed by 1*D0; survivors 0; elapsed 
267.930
Chunk 8 checked 51000 divisors; last killed by 1*D0; survivors 0; elapsed 
271.470
Chunk 8 checked 52000 divisors; last killed by 1*D0; survivors 0; elapsed 
271.570
Chunk 8 checked 53000 divisors; last killed by 1*D0; survivors 0; elapsed 
271.680
Chunk 8 checked 54000 divisors; last killed by 1*D0; survivors 0; elapsed 
271.780
Chunk 8 checked 55000 divisors; last killed by 1*D0; survivors 0; elapsed 
271.890
Chunk 8 checked 56000 divisors; last killed by 1*D0; survivors 0; elapsed 
271.990
Chunk 8 checked 57000 divisors; last killed by 1*D0; survivors 0; elapsed 
272.090
Chunk 8 checked 58000 divisors; last killed by 1*D0; survivors 0; elapsed 
272.200
Chunk 8 checked 59000 divisors; last killed by 1*D0; survivors 0; elapsed 
272.300
Chunk 8 checked 60000 divisors; last killed by 1*D0; survivors 0; elapsed 
272.400
Chunk 8 checked 61000 divisors; last killed by 1*D0; survivors 0; elapsed 
272.520
Chunk 8 checked 62000 divisors; last killed by 1*D0; survivors 0; elapsed 
272.620
Chunk 8 checked 63000 divisors; last killed by 1*D0; survivors 0; elapsed 
272.720
Chunk 8 checked 64000 divisors; last killed by 1*D0; survivors 0; elapsed 
272.830
Chunk 8 checked 65000 divisors; last killed by 1*D0; survivors 0; elapsed 
272.930
Chunk 8 checked 66000 divisors; last killed by 1*D0; survivors 0; elapsed 
273.030
Chunk 8 checked 67000 divisors; last killed by 1*D0; survivors 0; elapsed 
273.130
Chunk 8 checked 68000 divisors; last killed by 1*D0; survivors 0; elapsed 
273.230
Chunk 8 checked 69000 divisors; last killed by 1*D0; survivors 0; elapsed 
273.340
Chunk 8 checked 70000 divisors; last killed by 1*D0; survivors 0; elapsed 
273.450
Chunk 8 checked 71000 divisors; last killed by 1*D0; survivors 0; elapsed 
273.550
Chunk 8 checked 72000 divisors; last killed by 1*D0; survivors 0; elapsed 
273.650
Chunk 8 checked 73000 divisors; last killed by 1*D0; survivors 0; elapsed 
273.750
Chunk 8 checked 74000 divisors; last killed by 1*D0; survivors 0; elapsed 
273.860
Chunk 8 checked 75000 divisors; last killed by 1*D0; survivors 0; elapsed 
273.960
Chunk 8 checked 76000 divisors; last killed by 1*D0; survivors 0; elapsed 
274.070
Chunk 8 checked 77000 divisors; last killed by 1*D0; survivors 0; elapsed 
274.170
Chunk 8 checked 78000 divisors; last killed by 1*D0; survivors 0; elapsed 
274.270
Chunk 8 checked 79000 divisors; last killed by 1*D0; survivors 0; elapsed 
274.370
Chunk 8 checked 80000 divisors; last killed by 1*D0; survivors 0; elapsed 
274.480
Chunk 8 checked 81000 divisors; last killed by 1*D0; survivors 0; elapsed 
274.590
Chunk 8 checked 82000 divisors; last killed by 1*D0; survivors 0; elapsed 
274.690
Chunk 8 checked 83000 divisors; last killed by 1*D0; survivors 0; elapsed 
274.790
Chunk 8 checked 84000 divisors; last killed by 1*D0; survivors 0; elapsed 
274.890
Chunk 8 checked 85000 divisors; last killed by 1*D0; survivors 0; elapsed 
275.000
Chunk 8 checked 86000 divisors; last killed by 1*D0; survivors 0; elapsed 
275.100
Chunk 8 checked 87000 divisors; last killed by 1*D0; survivors 0; elapsed 
275.210
Chunk 8 checked 88000 divisors; last killed by 1*D0; survivors 0; elapsed 
275.310
Chunk 8 checked 89000 divisors; last killed by 1*D0; survivors 0; elapsed 
275.410
Chunk 8 checked 90000 divisors; last killed by 1*D0; survivors 0; elapsed 
275.520
Chunk 8 checked 91000 divisors; last killed by 1*D0; survivors 0; elapsed 
275.610
Chunk 8 checked 92000 divisors; last killed by 1*D0; survivors 0; elapsed 
275.730
Chunk 8 checked 93000 divisors; last killed by 1*D0; survivors 0; elapsed 
275.830
Chunk 8 checked 94000 divisors; last killed by 1*D0; survivors 0; elapsed 
275.930
Chunk 8 checked 95000 divisors; last killed by 1*D0; survivors 0; elapsed 
276.030
Chunk 8 checked 96000 divisors; last killed by 1*D0; survivors 0; elapsed 
276.140
Chunk 8 checked 97000 divisors; last killed by 1*D0; survivors 0; elapsed 
276.240
Chunk 8 checked 98000 divisors; last killed by 1*D0; survivors 0; elapsed 
276.350
Chunk 8 checked 99000 divisors; last killed by 1*D0; survivors 0; elapsed 
276.450
Chunk 8 checked 100000 divisors; last killed by 1*D0; survivors 0; elapsed 
276.560
Chunk 8 checked 101000 divisors; last killed by 1*D0; survivors 0; elapsed 
276.660
Chunk 8 checked 102000 divisors; last killed by 1*D0; survivors 0; elapsed 
276.760
Chunk 8 checked 103000 divisors; last killed by 1*D0; survivors 0; elapsed 
276.860
Chunk 8 checked 104000 divisors; last killed by 1*D0; survivors 0; elapsed 
276.970
Chunk 8 checked 105000 divisors; last killed by 1*D0; survivors 0; elapsed 
277.080
Chunk 8 checked 106000 divisors; last killed by 1*D0; survivors 0; elapsed 
277.180
Chunk 8 checked 107000 divisors; last killed by 1*D0; survivors 0; elapsed 
277.290
Chunk 8 checked 108000 divisors; last killed by 1*D0; survivors 0; elapsed 
277.390
Chunk 8 checked 109000 divisors; last killed by 1*D0; survivors 0; elapsed 
277.490
Chunk 8 checked 110000 divisors; last killed by 1*D0; survivors 0; elapsed 
277.600
Chunk 8 checked 111000 divisors; last killed by 1*D0; survivors 0; elapsed 
277.700
Chunk 8 checked 112000 divisors; last killed by 1*D0; survivors 0; elapsed 
277.810
Chunk 8 checked 113000 divisors; last killed by 1*D0; survivors 0; elapsed 
277.910
Chunk 8 checked 114000 divisors; last killed by 1*D0; survivors 0; elapsed 
278.010
Chunk 8 checked 115000 divisors; last killed by 1*D0; survivors 0; elapsed 
278.130
Chunk 8 checked 116000 divisors; last killed by 1*D0; survivors 0; elapsed 
278.230
Chunk 8 checked 117000 divisors; last killed by 1*D0; survivors 0; elapsed 
278.330
Chunk 8 checked 118000 divisors; last killed by 1*D0; survivors 0; elapsed 
278.430
Chunk 8 checked 119000 divisors; last killed by 1*D0; survivors 0; elapsed 
278.540
Chunk 8 checked 120000 divisors; last killed by 1*D0; survivors 0; elapsed 
278.640
Chunk 8 checked 121000 divisors; last killed by 1*D0; survivors 0; elapsed 
278.740
Chunk 8 checked 122000 divisors; last killed by 1*D0; survivors 0; elapsed 
278.840
Chunk 8 checked 123000 divisors; last killed by 1*D0; survivors 0; elapsed 
278.950
Chunk 8 checked 124000 divisors; last killed by 1*D0; survivors 0; elapsed 
279.050
Chunk 8 checked 125000 divisors; last killed by 1*D0; survivors 0; elapsed 
279.150
Chunk 8 checked 126000 divisors; last killed by 1*D0; survivors 0; elapsed 
279.260
Chunk 8 checked 127000 divisors; last killed by 1*D0; survivors 0; elapsed 
279.360
Chunk 8 checked 128000 divisors; last killed by 1*D0; survivors 0; elapsed 
279.460
Chunk 8 checked 129000 divisors; last killed by 1*D0; survivors 0; elapsed 
279.570
Chunk 8 checked 130000 divisors; last killed by 1*D0; survivors 0; elapsed 
279.670
Chunk 8 checked 131000 divisors; last killed by 1*D0; survivors 0; elapsed 
279.770
Chunk 8 checked 132000 divisors; last killed by 1*D0; survivors 0; elapsed 
279.870
Chunk 8 checked 133000 divisors; last killed by 1*D0; survivors 0; elapsed 
279.980
Chunk 8 checked 134000 divisors; last killed by 1*D0; survivors 0; elapsed 
280.080
Chunk 8 checked 135000 divisors; last killed by 1*D0; survivors 0; elapsed 
280.190
Chunk 8 checked 136000 divisors; last killed by 1*D0; survivors 0; elapsed 
280.290
Chunk 8 checked 137000 divisors; last killed by 1*D0; survivors 0; elapsed 
280.390
Chunk 8 checked 138000 divisors; last killed by 1*D0; survivors 0; elapsed 
280.500
Chunk 8 checked 139000 divisors; last killed by 1*D0; survivors 0; elapsed 
280.600
Chunk 8 checked 140000 divisors; last killed by 1*D0; survivors 0; elapsed 
280.710
Chunk 8 checked 141000 divisors; last killed by 1*D0; survivors 0; elapsed 
280.810
Chunk 8 checked 142000 divisors; last killed by 1*D0; survivors 0; elapsed 
280.910
Chunk 8 checked 143000 divisors; last killed by 1*D0; survivors 0; elapsed 
281.010
Chunk 8 checked 144000 divisors; last killed by 1*D0; survivors 0; elapsed 
281.120
Chunk 8 checked 145000 divisors; last killed by 1*D0; survivors 0; elapsed 
281.220
Chunk 8 checked 146000 divisors; last killed by 1*D0; survivors 0; elapsed 
281.330
Chunk 8 checked 147000 divisors; last killed by 1*D0; survivors 0; elapsed 
281.430
Chunk 8 checked 148000 divisors; last killed by 1*D0; survivors 0; elapsed 
281.540
Chunk 8 checked 149000 divisors; last killed by 1*D0; survivors 0; elapsed 
281.640
Chunk 8 checked 150000 divisors; last killed by 1*D0; survivors 0; elapsed 
281.740
Chunk 8 checked 151000 divisors; last killed by 1*D0; survivors 0; elapsed 
281.850
Chunk 8 checked 152000 divisors; last killed by 1*D0; survivors 0; elapsed 
281.960
Chunk 8 checked 153000 divisors; last killed by 1*D0; survivors 0; elapsed 
282.060
Chunk 8 checked 154000 divisors; last killed by 1*D0; survivors 0; elapsed 
282.160
Chunk 8 checked 155000 divisors; last killed by 1*D0; survivors 0; elapsed 
282.270
Chunk 8 checked 156000 divisors; last killed by 1*D0; survivors 0; elapsed 
282.370
Chunk 8 checked 157000 divisors; last killed by 1*D0; survivors 0; elapsed 
282.470
Chunk 8 checked 158000 divisors; last killed by 1*D0; survivors 0; elapsed 
282.580
Chunk 8 checked 159000 divisors; last killed by 1*D0; survivors 0; elapsed 
282.680
Chunk 8 checked 160000 divisors; last killed by 1*D0; survivors 0; elapsed 
282.790
Chunk 8 checked 161000 divisors; last killed by 1*D0; survivors 0; elapsed 
282.890
Chunk 8 checked 162000 divisors; last killed by 1*D0; survivors 0; elapsed 
283.000
Chunk 8 checked 163000 divisors; last killed by 1*D0; survivors 0; elapsed 
283.120
Chunk 8 checked 164000 divisors; last killed by 1*D0; survivors 0; elapsed 
283.220
Chunk 8 checked 165000 divisors; last killed by 1*D0; survivors 0; elapsed 
283.320
Chunk 8 checked 166000 divisors; last killed by 1*D0; survivors 0; elapsed 
283.430
Chunk 8 checked 167000 divisors; last killed by 1*D0; survivors 0; elapsed 
283.530
Chunk 8 checked 168000 divisors; last killed by 1*D0; survivors 0; elapsed 
283.630
Chunk 8 checked 169000 divisors; last killed by 1*D0; survivors 0; elapsed 
283.740
Chunk 8 checked 170000 divisors; last killed by 1*D0; survivors 0; elapsed 
283.840
Chunk 8 checked 171000 divisors; last killed by 1*D0; survivors 0; elapsed 
283.950
Chunk 8 checked 172000 divisors; last killed by 1*D0; survivors 0; elapsed 
284.050
Chunk 8 checked 173000 divisors; last killed by 1*D0; survivors 0; elapsed 
284.150
Chunk 8 checked 174000 divisors; last killed by 1*D0; survivors 0; elapsed 
284.250
Chunk 8 checked 175000 divisors; last killed by 1*D0; survivors 0; elapsed 
284.350
Chunk 8 checked 176000 divisors; last killed by 1*D0; survivors 0; elapsed 
284.460
Chunk 8 checked 177000 divisors; last killed by 1*D0; survivors 0; elapsed 
284.560
Chunk 8 checked 178000 divisors; last killed by 1*D0; survivors 0; elapsed 
284.670
Chunk 8 checked 179000 divisors; last killed by 1*D0; survivors 0; elapsed 
284.770
Chunk 8 checked 180000 divisors; last killed by 1*D0; survivors 0; elapsed 
284.870
Chunk 8 checked 181000 divisors; last killed by 1*D0; survivors 0; elapsed 
284.980
Chunk 8 checked 182000 divisors; last killed by 1*D0; survivors 0; elapsed 
285.080
Chunk 8 checked 183000 divisors; last killed by 1*D0; survivors 0; elapsed 
285.180
Chunk 8 checked 184000 divisors; last killed by 1*D0; survivors 0; elapsed 
285.280
Chunk 8 checked 185000 divisors; last killed by 1*D0; survivors 0; elapsed 
285.390
Chunk 8 checked 186000 divisors; last killed by 1*D0; survivors 0; elapsed 
285.490
Chunk 8 checked 187000 divisors; last killed by 1*D0; survivors 0; elapsed 
285.590
Chunk 8 checked 188000 divisors; last killed by 1*D0; survivors 0; elapsed 
285.690
Chunk 8 checked 189000 divisors; last killed by 1*D0; survivors 0; elapsed 
285.800
Chunk 8 checked 190000 divisors; last killed by 1*D0; survivors 0; elapsed 
285.900
Chunk 8 checked 191000 divisors; last killed by 1*D0; survivors 0; elapsed 
286.000
Chunk 8 checked 192000 divisors; last killed by 1*D0; survivors 0; elapsed 
286.110
Chunk 8 checked 193000 divisors; last killed by 1*D0; survivors 0; elapsed 
286.210
Chunk 8 checked 194000 divisors; last killed by 1*D0; survivors 0; elapsed 
286.320
Chunk 8 checked 195000 divisors; last killed by 1*D0; survivors 0; elapsed 
286.420
Chunk 8 checked 196000 divisors; last killed by 1*D0; survivors 0; elapsed 
286.530
Chunk 8 checked 197000 divisors; last killed by 1*D0; survivors 0; elapsed 
286.630
Chunk 8 checked 198000 divisors; last killed by 1*D0; survivors 0; elapsed 
286.730
Chunk 8 checked 199000 divisors; last killed by 1*D0; survivors 0; elapsed 
286.840
Chunk 8 checked 200000 divisors; last killed by 1*D0; survivors 0; elapsed 
286.940
Chunk 8 checked 201000 divisors; last killed by 1*D0; survivors 0; elapsed 
287.050
Chunk 8 checked 202000 divisors; last killed by 1*D0; survivors 0; elapsed 
287.150
Chunk 8 checked 203000 divisors; last killed by 1*D0; survivors 0; elapsed 
287.260
Chunk 8 checked 204000 divisors; last killed by 1*D0; survivors 0; elapsed 
287.370
Chunk 8 checked 205000 divisors; last killed by 1*D0; survivors 0; elapsed 
287.480
Chunk 8 checked 206000 divisors; last killed by 1*D0; survivors 0; elapsed 
287.580
Chunk 8 checked 207000 divisors; last killed by 1*D0; survivors 0; elapsed 
287.690
Chunk 8 checked 208000 divisors; last killed by 1*D0; survivors 0; elapsed 
287.790
Chunk 8 checked 209000 divisors; last killed by 1*D0; survivors 0; elapsed 
287.890
Chunk 8 checked 210000 divisors; last killed by 1*D0; survivors 0; elapsed 
288.000
Chunk 8 checked 211000 divisors; last killed by 1*D0; survivors 0; elapsed 
288.100
Chunk 8 checked 212000 divisors; last killed by 1*D0; survivors 0; elapsed 
288.210
Chunk 8 checked 213000 divisors; last killed by 1*D0; survivors 0; elapsed 
288.310
Chunk 8 checked 214000 divisors; last killed by 1*D0; survivors 0; elapsed 
288.410
Chunk 8 checked 215000 divisors; last killed by 1*D0; survivors 0; elapsed 
288.520
Chunk 8 checked 216000 divisors; last killed by 1*D0; survivors 0; elapsed 
288.620
Chunk 8 checked 217000 divisors; last killed by 1*D0; survivors 0; elapsed 
288.730
Chunk 8 checked 218000 divisors; last killed by 1*D0; survivors 0; elapsed 
288.830
Chunk 8 checked 219000 divisors; last killed by 1*D0; survivors 0; elapsed 
288.930
Chunk 8 checked 220000 divisors; last killed by 1*D0; survivors 0; elapsed 
289.040
Chunk 8 checked 221000 divisors; last killed by 1*D0; survivors 0; elapsed 
289.140
Chunk 8 checked 222000 divisors; last killed by 1*D0; survivors 0; elapsed 
289.250
Chunk 8 checked 223000 divisors; last killed by 1*D0; survivors 0; elapsed 
289.350
Chunk 8 checked 224000 divisors; last killed by 1*D0; survivors 0; elapsed 
289.450
Chunk 8 checked 225000 divisors; last killed by 1*D0; survivors 0; elapsed 
289.560
Chunk 8 checked 226000 divisors; last killed by 1*D0; survivors 0; elapsed 
289.660
Chunk 8 checked 227000 divisors; last killed by 1*D0; survivors 0; elapsed 
289.770
Chunk 8 checked 228000 divisors; last killed by 1*D0; survivors 0; elapsed 
289.870
Chunk 8 checked 229000 divisors; last killed by 1*D0; survivors 0; elapsed 
289.980
Chunk 8 checked 230000 divisors; last killed by 1*D0; survivors 0; elapsed 
290.080
Chunk 8 checked 231000 divisors; last killed by 1*D0; survivors 0; elapsed 
290.180
Chunk 8 checked 232000 divisors; last killed by 1*D0; survivors 0; elapsed 
290.290
Chunk 8 checked 233000 divisors; last killed by 1*D0; survivors 0; elapsed 
290.390
Chunk 8 checked 234000 divisors; last killed by 1*D0; survivors 0; elapsed 
290.500
Chunk 8 checked 235000 divisors; last killed by 1*D0; survivors 0; elapsed 
290.600
Chunk 8 checked 236000 divisors; last killed by 1*D0; survivors 0; elapsed 
290.710
Chunk 8 checked 237000 divisors; last killed by 1*D0; survivors 0; elapsed 
290.820
Chunk 8 checked 238000 divisors; last killed by 1*D0; survivors 0; elapsed 
290.920
Chunk 8 checked 239000 divisors; last killed by 1*D0; survivors 0; elapsed 
291.020
Chunk 8 checked 240000 divisors; last killed by 1*D0; survivors 0; elapsed 
291.140
Chunk 8 checked 241000 divisors; last killed by 1*D0; survivors 0; elapsed 
291.240
Chunk 8 checked 242000 divisors; last killed by 1*D0; survivors 0; elapsed 
291.340
Chunk 8 checked 243000 divisors; last killed by 1*D0; survivors 0; elapsed 
291.450
Chunk 8 checked 244000 divisors; last killed by 1*D0; survivors 0; elapsed 
291.550
Chunk 8 checked 245000 divisors; last killed by 1*D0; survivors 0; elapsed 
291.650
Chunk 8 checked 246000 divisors; last killed by 1*D0; survivors 0; elapsed 
291.760
Chunk 8 checked 247000 divisors; last killed by 1*D0; survivors 0; elapsed 
291.860
Chunk 8 checked 248000 divisors; last killed by 1*D0; survivors 0; elapsed 
291.960
Chunk 8 checked 249000 divisors; last killed by 1*D0; survivors 0; elapsed 
292.060
Chunk 8 checked 250000 divisors; last killed by 1*D0; survivors 0; elapsed 
292.160
Chunk 8 checked 251000 divisors; last killed by 1*D0; survivors 0; elapsed 
292.270
Chunk 8 checked 252000 divisors; last killed by 1*D0; survivors 0; elapsed 
292.380
Chunk 8 checked 253000 divisors; last killed by 1*D0; survivors 0; elapsed 
292.480
Chunk 8 checked 254000 divisors; last killed by 1*D0; survivors 0; elapsed 
292.580
Chunk 8 checked 255000 divisors; last killed by 1*D0; survivors 0; elapsed 
292.690
Chunk 8 checked 256000 divisors; last killed by 1*D0; survivors 0; elapsed 
292.790
Chunk 8 checked 257000 divisors; last killed by 1*D0; survivors 0; elapsed 
292.890
Chunk 8 checked 258000 divisors; last killed by 1*D0; survivors 0; elapsed 
292.990
Chunk 8 checked 259000 divisors; last killed by 1*D0; survivors 0; elapsed 
293.100
Chunk 8 checked 260000 divisors; last killed by 1*D0; survivors 0; elapsed 
293.200
Chunk 8 checked 261000 divisors; last killed by 1*D0; survivors 0; elapsed 
293.300
Chunk 8 checked 262000 divisors; last killed by 1*D0; survivors 0; elapsed 
293.410
Chunk 8 checked 263000 divisors; last killed by 1*D0; survivors 0; elapsed 
293.520
Chunk 8 checked 264000 divisors; last killed by 1*D0; survivors 0; elapsed 
293.620
Chunk 8 checked 265000 divisors; last killed by 1*D0; survivors 0; elapsed 
293.730
Chunk 8 checked 266000 divisors; last killed by 1*D0; survivors 0; elapsed 
293.830
Chunk 8 checked 267000 divisors; last killed by 1*D0; survivors 0; elapsed 
293.940
Chunk 8 checked 268000 divisors; last killed by 1*D0; survivors 0; elapsed 
294.040
Chunk 8 checked 269000 divisors; last killed by 1*D0; survivors 0; elapsed 
294.150
Chunk 8 checked 270000 divisors; last killed by 1*D0; survivors 0; elapsed 
294.260
Chunk 8 checked 271000 divisors; last killed by 1*D0; survivors 0; elapsed 
294.370
Chunk 8 checked 272000 divisors; last killed by 1*D0; survivors 0; elapsed 
294.470
Chunk 8 checked 273000 divisors; last killed by 1*D0; survivors 0; elapsed 
294.570
Chunk 8 checked 274000 divisors; last killed by 1*D0; survivors 0; elapsed 
294.670
Chunk 8 checked 275000 divisors; last killed by 1*D0; survivors 0; elapsed 
294.780
Chunk 8 checked 276000 divisors; last killed by 1*D0; survivors 0; elapsed 
294.890
Chunk 8 checked 277000 divisors; last killed by 1*D0; survivors 0; elapsed 
294.990
Chunk 8 checked 278000 divisors; last killed by 1*D0; survivors 0; elapsed 
295.090
Chunk 8 checked 279000 divisors; last killed by 1*D0; survivors 0; elapsed 
295.200
Chunk 8 checked 280000 divisors; last killed by 1*D0; survivors 0; elapsed 
295.300
Chunk 8 checked 281000 divisors; last killed by 1*D0; survivors 0; elapsed 
295.410
Chunk 8 checked 282000 divisors; last killed by 1*D0; survivors 0; elapsed 
295.510
Chunk 8 checked 283000 divisors; last killed by 1*D0; survivors 0; elapsed 
295.610
Chunk 8 checked 284000 divisors; last killed by 1*D0; survivors 0; elapsed 
295.720
Chunk 8 checked 285000 divisors; last killed by 1*D0; survivors 0; elapsed 
295.830
Chunk 8 checked 286000 divisors; last killed by 1*D0; survivors 0; elapsed 
295.930
Chunk 8 checked 287000 divisors; last killed by 1*D0; survivors 0; elapsed 
296.040
Chunk 8 checked 288000 divisors; last killed by 1*D0; survivors 0; elapsed 
296.140
Chunk 8 checked 289000 divisors; last killed by 1*D0; survivors 0; elapsed 
296.240
Chunk 8 checked 290000 divisors; last killed by 1*D0; survivors 0; elapsed 
296.350
Chunk 8 checked 291000 divisors; last killed by 1*D0; survivors 0; elapsed 
296.460
Chunk 8 checked 292000 divisors; last killed by 1*D0; survivors 0; elapsed 
296.570
Chunk 8 checked 293000 divisors; last killed by 1*D0; survivors 0; elapsed 
296.670
Chunk 8 checked 294000 divisors; last killed by 1*D0; survivors 0; elapsed 
296.780
Chunk 8 checked 295000 divisors; last killed by 1*D0; survivors 0; elapsed 
296.900
Chunk 8 checked 296000 divisors; last killed by 1*D0; survivors 0; elapsed 
297.000
Chunk 8 checked 297000 divisors; last killed by 1*D0; survivors 0; elapsed 
297.100
Chunk 8 checked 298000 divisors; last killed by 1*D0; survivors 0; elapsed 
297.200
Chunk 8 checked 299000 divisors; last killed by 1*D0; survivors 0; elapsed 
297.310
Chunk 8 checked 300000 divisors; last killed by 1*D0; survivors 0; elapsed 
297.410
Chunk 8 checked 301000 divisors; last killed by 1*D0; survivors 0; elapsed 
297.520
Chunk 8 checked 302000 divisors; last killed by 1*D0; survivors 0; elapsed 
297.620
Chunk 8 checked 303000 divisors; last killed by 1*D0; survivors 0; elapsed 
297.730
Chunk 8 checked 304000 divisors; last killed by 1*D0; survivors 0; elapsed 
297.830
Chunk 8 checked 305000 divisors; last killed by 1*D0; survivors 0; elapsed 
297.940
Chunk 8 checked 306000 divisors; last killed by 1*D0; survivors 0; elapsed 
306.660
Chunk 8 checked 307000 divisors; last killed by 1*D0; survivors 0; elapsed 
306.770
Chunk 8 checked 308000 divisors; last killed by 1*D0; survivors 0; elapsed 
306.870
Chunk 8 checked 309000 divisors; last killed by 1*D0; survivors 0; elapsed 
306.970
Chunk 8 checked 310000 divisors; last killed by 1*D0; survivors 0; elapsed 
307.080
Chunk 8 checked 311000 divisors; last killed by 1*D0; survivors 0; elapsed 
307.180
Chunk 8 checked 312000 divisors; last killed by 1*D0; survivors 0; elapsed 
307.280
Chunk 8 checked 313000 divisors; last killed by 1*D0; survivors 0; elapsed 
307.390
Chunk 8 checked 314000 divisors; last killed by 1*D0; survivors 0; elapsed 
307.490
Chunk 8 checked 315000 divisors; last killed by 1*D0; survivors 0; elapsed 
307.600
Chunk 8 checked 316000 divisors; last killed by 1*D0; survivors 0; elapsed 
307.710
Chunk 8 checked 317000 divisors; last killed by 1*D0; survivors 0; elapsed 
307.810
Chunk 8 checked 318000 divisors; last killed by 1*D0; survivors 0; elapsed 
307.910
Chunk 8 checked 319000 divisors; last killed by 1*D0; survivors 0; elapsed 
308.020
Chunk 8 checked 320000 divisors; last killed by 1*D0; survivors 0; elapsed 
308.120
Chunk 8 checked 321000 divisors; last killed by 1*D0; survivors 0; elapsed 
308.220
Chunk 8 checked 322000 divisors; last killed by 1*D0; survivors 0; elapsed 
308.320
Chunk 8 checked 323000 divisors; last killed by 1*D0; survivors 0; elapsed 
308.420
Chunk 8 checked 324000 divisors; last killed by 1*D0; survivors 0; elapsed 
308.530
Chunk 8 checked 325000 divisors; last killed by 1*D0; survivors 0; elapsed 
308.640
Chunk 8 checked 326000 divisors; last killed by 1*D0; survivors 0; elapsed 
308.740
Chunk 8 checked 327000 divisors; last killed by 1*D0; survivors 0; elapsed 
308.840
Chunk 8 checked 328000 divisors; last killed by 1*D0; survivors 0; elapsed 
308.940
Chunk 8 checked 329000 divisors; last killed by 1*D0; survivors 0; elapsed 
309.050
Chunk 8 checked 330000 divisors; last killed by 1*D0; survivors 0; elapsed 
309.150
Chunk 8 checked 331000 divisors; last killed by 1*D0; survivors 0; elapsed 
309.260
Chunk 8 checked 332000 divisors; last killed by 1*D0; survivors 0; elapsed 
309.370
Chunk 8 checked 333000 divisors; last killed by 1*D0; survivors 0; elapsed 
309.470
Chunk 8 checked 334000 divisors; last killed by 1*D0; survivors 0; elapsed 
309.570
Chunk 8 checked 335000 divisors; last killed by 1*D0; survivors 0; elapsed 
309.680
Chunk 8 checked 336000 divisors; last killed by 1*D0; survivors 0; elapsed 
309.780
Chunk 8 checked 337000 divisors; last killed by 1*D0; survivors 0; elapsed 
309.880
Chunk 8 checked 338000 divisors; last killed by 1*D0; survivors 0; elapsed 
309.990
Chunk 8 checked 339000 divisors; last killed by 1*D0; survivors 0; elapsed 
310.090
Chunk 8 checked 340000 divisors; last killed by 1*D0; survivors 0; elapsed 
310.200
Chunk 8 checked 341000 divisors; last killed by 1*D0; survivors 0; elapsed 
310.300
Chunk 8 checked 342000 divisors; last killed by 1*D0; survivors 0; elapsed 
310.400
Chunk 8 checked 343000 divisors; last killed by 1*D0; survivors 0; elapsed 
310.510
Chunk 8 checked 344000 divisors; last killed by 1*D0; survivors 0; elapsed 
310.610
Chunk 8 checked 345000 divisors; last killed by 1*D0; survivors 0; elapsed 
310.730
Chunk 8 checked 346000 divisors; last killed by 1*D0; survivors 0; elapsed 
310.830
Chunk 8 checked 347000 divisors; last killed by 1*D0; survivors 0; elapsed 
310.930
Chunk 8 checked 348000 divisors; last killed by 1*D0; survivors 0; elapsed 
311.030
Chunk 8 checked 349000 divisors; last killed by 1*D0; survivors 0; elapsed 
311.140
Chunk 8 checked 350000 divisors; last killed by 1*D0; survivors 0; elapsed 
311.240
Chunk 8 checked 351000 divisors; last killed by 1*D0; survivors 0; elapsed 
311.350
Chunk 8 checked 352000 divisors; last killed by 1*D0; survivors 0; elapsed 
311.450
Chunk 8 checked 353000 divisors; last killed by 1*D0; survivors 0; elapsed 
311.560
Chunk 8 checked 354000 divisors; last killed by 1*D0; survivors 0; elapsed 
311.680
Chunk 8 checked 355000 divisors; last killed by 1*D0; survivors 0; elapsed 
311.780
Chunk 8 checked 356000 divisors; last killed by 1*D0; survivors 0; elapsed 
311.880
Chunk 8 checked 357000 divisors; last killed by 1*D0; survivors 0; elapsed 
311.980
Chunk 8 checked 358000 divisors; last killed by 1*D0; survivors 0; elapsed 
312.090
Chunk 8 checked 359000 divisors; last killed by 1*D0; survivors 0; elapsed 
312.190
Chunk 8 checked 360000 divisors; last killed by 1*D0; survivors 0; elapsed 
312.290
Chunk 8 checked 361000 divisors; last killed by 1*D0; survivors 0; elapsed 
312.410
Chunk 8 checked 362000 divisors; last killed by 1*D0; survivors 0; elapsed 
312.510
Chunk 8 checked 363000 divisors; last killed by 1*D0; survivors 0; elapsed 
312.610
Chunk 8 checked 364000 divisors; last killed by 1*D0; survivors 0; elapsed 
312.710
Chunk 8 checked 365000 divisors; last killed by 1*D0; survivors 0; elapsed 
312.820
Chunk 8 checked 366000 divisors; last killed by 1*D0; survivors 0; elapsed 
312.930
Chunk 8 checked 367000 divisors; last killed by 1*D0; survivors 0; elapsed 
313.030
Chunk 8 checked 368000 divisors; last killed by 1*D0; survivors 0; elapsed 
313.140
Chunk 8 checked 369000 divisors; last killed by 1*D0; survivors 0; elapsed 
313.250
Chunk 8 checked 370000 divisors; last killed by 1*D0; survivors 0; elapsed 
313.350
Chunk 8 checked 371000 divisors; last killed by 1*D0; survivors 0; elapsed 
313.460
Degree type 33/36: [ <3, 1>, <3, 1>, <3, 1> ]; groups [ <3, 1, 3> ]; elapsed 
313.490
Fast W0 setup: cover degree 54; dims [ 51, 87, 123, 159 ]; RR times [ 22.440, 
90.260, 67.740, 143.290 ]
Chunk 8 checked 372000 divisors; last killed by 1*D0; survivors 0; elapsed 
677.700
Divisors tested in chunk 8: 372096
Surviving translates in this chunk: 0
SUCCESS: this chunk contains no translate survivor.
CHUNK_RESULT: SUCCESS
Finished X1_37_ST_minimal.m.
Finished chunk 8 at Fri Jun 12 18:20:35 CEST 2026 with status 0
