Starting chunk 22 at Fri Jun 12 18:06:05 CEST 2026
Loading "X1_37_ST_minimal.m"
Loading "ff_search.m"
Build X_1(37) over F_2.
Loading "X1_37_X0plus_map_data.m"
#S37 coefficients = 18; #T37 coefficients = 18
Use the quotient image q(S,T)=0.
ST_RELATION_VERIFICATION: SUCCESS
#Places(q(S,T)=0,1) = 5
fiber degrees = [ 36, 36 ]
Testing 4 nonzero translates; chunk 22/24.
Place counts by degree: [ 18, 0, 0, 0, 0, 21, 18, 0, 39 ]
Degree types: 36; assigned [ 23 ]
Degree type 23/36: [ <5, 1>, <3, 1>, <1, 1> ]; groups [ <5, 1, 1>, <3, 1, 1>, 
<1, 1, 1> ]; elapsed 0.000
Fast W0 setup: cover degree 90; dims [ 87, 123, 159, 195 ]; RR times [ 55.760, 
170.590, 39.850, 149.610 ]
Chunk 22 checked 1000 divisors; last killed by 1*D0; survivors 0; elapsed 
1093.670
Chunk 22 checked 2000 divisors; last killed by 1*D0; survivors 0; elapsed 
1203.000
Chunk 22 checked 3000 divisors; last killed by 1*D0; survivors 0; elapsed 
1203.110
Chunk 22 checked 4000 divisors; last killed by 1*D0; survivors 0; elapsed 
1203.210
Divisors tested in chunk 22: 4896
Surviving translates in this chunk: 0
SUCCESS: this chunk contains no translate survivor.
CHUNK_RESULT: SUCCESS
Finished X1_37_ST_minimal.m.
Finished chunk 22 at Fri Jun 12 18:29:08 CEST 2026 with status 0
