Starting chunk 1 at Fri Jun 12 18:06:05 CEST 2026
Loading "X1_37_ST_minimal.m"
Loading "ff_search.m"
Build X_1(37) over F_2.
Loading "X1_37_X0plus_map_data.m"
#S37 coefficients = 18; #T37 coefficients = 18
Use the quotient image q(S,T)=0.
ST_RELATION_VERIFICATION: SUCCESS
#Places(q(S,T)=0,1) = 5
fiber degrees = [ 36, 36 ]
Testing 4 nonzero translates; chunk 1/24.
Place counts by degree: [ 18, 0, 0, 0, 0, 21, 18, 0, 39 ]
Degree types: 36; assigned [ 2, 26 ]
Degree type 2/36: [ <2, 1>, <1, 1>, <1, 1>, <1, 1>, <1, 1>, <1, 1>, <1, 1>, <1, 
1> ]; groups [ <2, 1, 1>, <1, 1, 7> ]; elapsed 0.000
Fast W0 setup: cover degree 36; dims [ 33, 69, 105, 141 ]; RR times [ 55.790, 
22.280, 97.810, 69.960 ]
Chunk 1 checked 1000 divisors; last killed by 1*D0; survivors 0; elapsed 265.850
Chunk 1 checked 2000 divisors; last killed by 1*D0; survivors 0; elapsed 265.940
Chunk 1 checked 3000 divisors; last killed by 1*D0; survivors 0; elapsed 270.790
Chunk 1 checked 4000 divisors; last killed by 1*D0; survivors 0; elapsed 270.880
Chunk 1 checked 5000 divisors; last killed by 1*D0; survivors 0; elapsed 270.980
Chunk 1 checked 6000 divisors; last killed by 1*D0; survivors 0; elapsed 271.070
Chunk 1 checked 7000 divisors; last killed by 1*D0; survivors 0; elapsed 271.160
Chunk 1 checked 8000 divisors; last killed by 1*D0; survivors 0; elapsed 279.090
Chunk 1 checked 9000 divisors; last killed by 1*D0; survivors 0; elapsed 279.180
Chunk 1 checked 10000 divisors; last killed by 1*D0; survivors 0; elapsed 
279.280
Chunk 1 checked 11000 divisors; last killed by 1*D0; survivors 0; elapsed 
279.370
Chunk 1 checked 12000 divisors; last killed by 1*D0; survivors 0; elapsed 
279.470
Chunk 1 checked 13000 divisors; last killed by 1*D0; survivors 0; elapsed 
279.560
Chunk 1 checked 14000 divisors; last killed by 1*D0; survivors 0; elapsed 
279.660
Chunk 1 checked 15000 divisors; last killed by 1*D0; survivors 0; elapsed 
279.750
Chunk 1 checked 16000 divisors; last killed by 1*D0; survivors 0; elapsed 
279.850
Chunk 1 checked 17000 divisors; last killed by 1*D0; survivors 0; elapsed 
279.940
Chunk 1 checked 18000 divisors; last killed by 1*D0; survivors 0; elapsed 
280.030
Chunk 1 checked 19000 divisors; last killed by 1*D0; survivors 0; elapsed 
303.200
Chunk 1 checked 20000 divisors; last killed by 1*D0; survivors 0; elapsed 
303.290
Chunk 1 checked 21000 divisors; last killed by 1*D0; survivors 0; elapsed 
303.390
Chunk 1 checked 22000 divisors; last killed by 1*D0; survivors 0; elapsed 
303.480
Chunk 1 checked 23000 divisors; last killed by 1*D0; survivors 0; elapsed 
303.570
Chunk 1 checked 24000 divisors; last killed by 1*D0; survivors 0; elapsed 
303.660
Chunk 1 checked 25000 divisors; last killed by 1*D0; survivors 0; elapsed 
303.760
Chunk 1 checked 26000 divisors; last killed by 1*D0; survivors 0; elapsed 
303.850
Chunk 1 checked 27000 divisors; last killed by 1*D0; survivors 0; elapsed 
303.940
Chunk 1 checked 28000 divisors; last killed by 1*D0; survivors 0; elapsed 
304.040
Chunk 1 checked 29000 divisors; last killed by 1*D0; survivors 0; elapsed 
304.130
Chunk 1 checked 30000 divisors; last killed by 1*D0; survivors 0; elapsed 
304.220
Chunk 1 checked 31000 divisors; last killed by 1*D0; survivors 0; elapsed 
304.320
Chunk 1 checked 32000 divisors; last killed by 1*D0; survivors 0; elapsed 
304.410
Chunk 1 checked 33000 divisors; last killed by 1*D0; survivors 0; elapsed 
304.500
Chunk 1 checked 34000 divisors; last killed by 1*D0; survivors 0; elapsed 
304.600
Chunk 1 checked 35000 divisors; last killed by 1*D0; survivors 0; elapsed 
304.690
Chunk 1 checked 36000 divisors; last killed by 1*D0; survivors 0; elapsed 
304.790
Chunk 1 checked 37000 divisors; last killed by 1*D0; survivors 0; elapsed 
304.880
Chunk 1 checked 38000 divisors; last killed by 1*D0; survivors 0; elapsed 
304.980
Chunk 1 checked 39000 divisors; last killed by 1*D0; survivors 0; elapsed 
305.070
Chunk 1 checked 40000 divisors; last killed by 1*D0; survivors 0; elapsed 
305.160
Chunk 1 checked 41000 divisors; last killed by 1*D0; survivors 0; elapsed 
305.260
Chunk 1 checked 42000 divisors; last killed by 1*D0; survivors 0; elapsed 
305.350
Chunk 1 checked 43000 divisors; last killed by 1*D0; survivors 0; elapsed 
305.440
Chunk 1 checked 44000 divisors; last killed by 1*D0; survivors 0; elapsed 
305.540
Chunk 1 checked 45000 divisors; last killed by 1*D0; survivors 0; elapsed 
305.630
Chunk 1 checked 46000 divisors; last killed by 1*D0; survivors 0; elapsed 
305.720
Chunk 1 checked 47000 divisors; last killed by 1*D0; survivors 0; elapsed 
305.820
Chunk 1 checked 48000 divisors; last killed by 1*D0; survivors 0; elapsed 
305.910
Chunk 1 checked 49000 divisors; last killed by 1*D0; survivors 0; elapsed 
306.000
Chunk 1 checked 50000 divisors; last killed by 1*D0; survivors 0; elapsed 
306.090
Chunk 1 checked 51000 divisors; last killed by 1*D0; survivors 0; elapsed 
306.190
Chunk 1 checked 52000 divisors; last killed by 1*D0; survivors 0; elapsed 
306.280
Chunk 1 checked 53000 divisors; last killed by 1*D0; survivors 0; elapsed 
306.380
Chunk 1 checked 54000 divisors; last killed by 1*D0; survivors 0; elapsed 
306.470
Chunk 1 checked 55000 divisors; last killed by 1*D0; survivors 0; elapsed 
306.570
Chunk 1 checked 56000 divisors; last killed by 1*D0; survivors 0; elapsed 
306.660
Chunk 1 checked 57000 divisors; last killed by 1*D0; survivors 0; elapsed 
306.750
Chunk 1 checked 58000 divisors; last killed by 1*D0; survivors 0; elapsed 
306.850
Chunk 1 checked 59000 divisors; last killed by 1*D0; survivors 0; elapsed 
306.940
Chunk 1 checked 60000 divisors; last killed by 1*D0; survivors 0; elapsed 
307.030
Chunk 1 checked 61000 divisors; last killed by 1*D0; survivors 0; elapsed 
307.130
Chunk 1 checked 62000 divisors; last killed by 1*D0; survivors 0; elapsed 
307.220
Chunk 1 checked 63000 divisors; last killed by 1*D0; survivors 0; elapsed 
307.310
Chunk 1 checked 64000 divisors; last killed by 1*D0; survivors 0; elapsed 
307.400
Chunk 1 checked 65000 divisors; last killed by 1*D0; survivors 0; elapsed 
307.500
Chunk 1 checked 66000 divisors; last killed by 1*D0; survivors 0; elapsed 
307.590
Chunk 1 checked 67000 divisors; last killed by 1*D0; survivors 0; elapsed 
307.690
Chunk 1 checked 68000 divisors; last killed by 1*D0; survivors 0; elapsed 
307.780
Chunk 1 checked 69000 divisors; last killed by 1*D0; survivors 0; elapsed 
307.870
Chunk 1 checked 70000 divisors; last killed by 1*D0; survivors 0; elapsed 
307.970
Chunk 1 checked 71000 divisors; last killed by 1*D0; survivors 0; elapsed 
308.060
Chunk 1 checked 72000 divisors; last killed by 1*D0; survivors 0; elapsed 
308.150
Chunk 1 checked 73000 divisors; last killed by 1*D0; survivors 0; elapsed 
308.250
Chunk 1 checked 74000 divisors; last killed by 1*D0; survivors 0; elapsed 
308.340
Chunk 1 checked 75000 divisors; last killed by 1*D0; survivors 0; elapsed 
308.430
Chunk 1 checked 76000 divisors; last killed by 1*D0; survivors 0; elapsed 
308.530
Chunk 1 checked 77000 divisors; last killed by 1*D0; survivors 0; elapsed 
308.620
Chunk 1 checked 78000 divisors; last killed by 1*D0; survivors 0; elapsed 
308.720
Chunk 1 checked 79000 divisors; last killed by 1*D0; survivors 0; elapsed 
308.810
Chunk 1 checked 80000 divisors; last killed by 1*D0; survivors 0; elapsed 
308.900
Chunk 1 checked 81000 divisors; last killed by 1*D0; survivors 0; elapsed 
309.000
Chunk 1 checked 82000 divisors; last killed by 1*D0; survivors 0; elapsed 
309.090
Chunk 1 checked 83000 divisors; last killed by 1*D0; survivors 0; elapsed 
309.180
Chunk 1 checked 84000 divisors; last killed by 1*D0; survivors 0; elapsed 
309.270
Chunk 1 checked 85000 divisors; last killed by 1*D0; survivors 0; elapsed 
309.370
Chunk 1 checked 86000 divisors; last killed by 1*D0; survivors 0; elapsed 
309.460
Chunk 1 checked 87000 divisors; last killed by 1*D0; survivors 0; elapsed 
309.550
Chunk 1 checked 88000 divisors; last killed by 1*D0; survivors 0; elapsed 
309.650
Chunk 1 checked 89000 divisors; last killed by 1*D0; survivors 0; elapsed 
309.740
Chunk 1 checked 90000 divisors; last killed by 1*D0; survivors 0; elapsed 
309.830
Chunk 1 checked 91000 divisors; last killed by 1*D0; survivors 0; elapsed 
309.930
Chunk 1 checked 92000 divisors; last killed by 1*D0; survivors 0; elapsed 
310.020
Chunk 1 checked 93000 divisors; last killed by 1*D0; survivors 0; elapsed 
310.120
Chunk 1 checked 94000 divisors; last killed by 1*D0; survivors 0; elapsed 
310.210
Chunk 1 checked 95000 divisors; last killed by 1*D0; survivors 0; elapsed 
310.300
Chunk 1 checked 96000 divisors; last killed by 1*D0; survivors 0; elapsed 
310.400
Chunk 1 checked 97000 divisors; last killed by 1*D0; survivors 0; elapsed 
310.500
Chunk 1 checked 98000 divisors; last killed by 1*D0; survivors 0; elapsed 
310.590
Chunk 1 checked 99000 divisors; last killed by 1*D0; survivors 0; elapsed 
310.680
Chunk 1 checked 100000 divisors; last killed by 1*D0; survivors 0; elapsed 
310.770
Chunk 1 checked 101000 divisors; last killed by 1*D0; survivors 0; elapsed 
310.870
Chunk 1 checked 102000 divisors; last killed by 1*D0; survivors 0; elapsed 
310.960
Chunk 1 checked 103000 divisors; last killed by 1*D0; survivors 0; elapsed 
311.050
Chunk 1 checked 104000 divisors; last killed by 1*D0; survivors 0; elapsed 
311.150
Chunk 1 checked 105000 divisors; last killed by 1*D0; survivors 0; elapsed 
311.240
Chunk 1 checked 106000 divisors; last killed by 1*D0; survivors 0; elapsed 
311.330
Chunk 1 checked 107000 divisors; last killed by 1*D0; survivors 0; elapsed 
311.430
Chunk 1 checked 108000 divisors; last killed by 1*D0; survivors 0; elapsed 
311.520
Chunk 1 checked 109000 divisors; last killed by 1*D0; survivors 0; elapsed 
311.610
Chunk 1 checked 110000 divisors; last killed by 1*D0; survivors 0; elapsed 
311.710
Chunk 1 checked 111000 divisors; last killed by 1*D0; survivors 0; elapsed 
311.800
Chunk 1 checked 112000 divisors; last killed by 1*D0; survivors 0; elapsed 
311.890
Chunk 1 checked 113000 divisors; last killed by 1*D0; survivors 0; elapsed 
311.990
Chunk 1 checked 114000 divisors; last killed by 1*D0; survivors 0; elapsed 
312.080
Chunk 1 checked 115000 divisors; last killed by 1*D0; survivors 0; elapsed 
312.180
Chunk 1 checked 116000 divisors; last killed by 1*D0; survivors 0; elapsed 
312.270
Chunk 1 checked 117000 divisors; last killed by 1*D0; survivors 0; elapsed 
338.500
Chunk 1 checked 118000 divisors; last killed by 1*D0; survivors 0; elapsed 
338.600
Chunk 1 checked 119000 divisors; last killed by 1*D0; survivors 0; elapsed 
338.710
Chunk 1 checked 120000 divisors; last killed by 1*D0; survivors 0; elapsed 
338.810
Chunk 1 checked 121000 divisors; last killed by 1*D0; survivors 0; elapsed 
338.920
Chunk 1 checked 122000 divisors; last killed by 1*D0; survivors 0; elapsed 
339.020
Chunk 1 checked 123000 divisors; last killed by 1*D0; survivors 0; elapsed 
339.130
Chunk 1 checked 124000 divisors; last killed by 1*D0; survivors 0; elapsed 
339.230
Chunk 1 checked 125000 divisors; last killed by 1*D0; survivors 0; elapsed 
339.340
Chunk 1 checked 126000 divisors; last killed by 1*D0; survivors 0; elapsed 
339.450
Chunk 1 checked 127000 divisors; last killed by 1*D0; survivors 0; elapsed 
339.550
Chunk 1 checked 128000 divisors; last killed by 1*D0; survivors 0; elapsed 
339.660
Chunk 1 checked 129000 divisors; last killed by 1*D0; survivors 0; elapsed 
339.770
Chunk 1 checked 130000 divisors; last killed by 1*D0; survivors 0; elapsed 
339.880
Chunk 1 checked 131000 divisors; last killed by 1*D0; survivors 0; elapsed 
339.980
Chunk 1 checked 132000 divisors; last killed by 1*D0; survivors 0; elapsed 
340.090
Chunk 1 checked 133000 divisors; last killed by 1*D0; survivors 0; elapsed 
340.200
Chunk 1 checked 134000 divisors; last killed by 1*D0; survivors 0; elapsed 
340.300
Chunk 1 checked 135000 divisors; last killed by 1*D0; survivors 0; elapsed 
340.410
Chunk 1 checked 136000 divisors; last killed by 1*D0; survivors 0; elapsed 
340.520
Chunk 1 checked 137000 divisors; last killed by 1*D0; survivors 0; elapsed 
359.940
Chunk 1 checked 138000 divisors; last killed by 1*D0; survivors 0; elapsed 
360.050
Chunk 1 checked 139000 divisors; last killed by 1*D0; survivors 0; elapsed 
360.150
Chunk 1 checked 140000 divisors; last killed by 1*D0; survivors 0; elapsed 
360.260
Chunk 1 checked 141000 divisors; last killed by 1*D0; survivors 0; elapsed 
360.370
Chunk 1 checked 142000 divisors; last killed by 1*D0; survivors 0; elapsed 
360.470
Chunk 1 checked 143000 divisors; last killed by 1*D0; survivors 0; elapsed 
360.580
Chunk 1 checked 144000 divisors; last killed by 1*D0; survivors 0; elapsed 
360.690
Chunk 1 checked 145000 divisors; last killed by 1*D0; survivors 0; elapsed 
360.790
Chunk 1 checked 146000 divisors; last killed by 1*D0; survivors 0; elapsed 
360.900
Chunk 1 checked 147000 divisors; last killed by 1*D0; survivors 0; elapsed 
361.000
Chunk 1 checked 148000 divisors; last killed by 1*D0; survivors 0; elapsed 
361.110
Chunk 1 checked 149000 divisors; last killed by 1*D0; survivors 0; elapsed 
361.220
Chunk 1 checked 150000 divisors; last killed by 1*D0; survivors 0; elapsed 
361.330
Chunk 1 checked 151000 divisors; last killed by 1*D0; survivors 0; elapsed 
361.430
Chunk 1 checked 152000 divisors; last killed by 1*D0; survivors 0; elapsed 
361.540
Chunk 1 checked 153000 divisors; last killed by 1*D0; survivors 0; elapsed 
361.650
Chunk 1 checked 154000 divisors; last killed by 1*D0; survivors 0; elapsed 
361.760
Chunk 1 checked 155000 divisors; last killed by 1*D0; survivors 0; elapsed 
361.860
Chunk 1 checked 156000 divisors; last killed by 1*D0; survivors 0; elapsed 
361.970
Chunk 1 checked 157000 divisors; last killed by 1*D0; survivors 0; elapsed 
362.080
Chunk 1 checked 158000 divisors; last killed by 1*D0; survivors 0; elapsed 
362.180
Chunk 1 checked 159000 divisors; last killed by 1*D0; survivors 0; elapsed 
362.290
Chunk 1 checked 160000 divisors; last killed by 1*D0; survivors 0; elapsed 
362.400
Chunk 1 checked 161000 divisors; last killed by 1*D0; survivors 0; elapsed 
362.500
Chunk 1 checked 162000 divisors; last killed by 1*D0; survivors 0; elapsed 
362.610
Chunk 1 checked 163000 divisors; last killed by 1*D0; survivors 0; elapsed 
362.720
Chunk 1 checked 164000 divisors; last killed by 1*D0; survivors 0; elapsed 
362.820
Chunk 1 checked 165000 divisors; last killed by 1*D0; survivors 0; elapsed 
362.930
Chunk 1 checked 166000 divisors; last killed by 1*D0; survivors 0; elapsed 
363.040
Chunk 1 checked 167000 divisors; last killed by 1*D0; survivors 0; elapsed 
363.140
Chunk 1 checked 168000 divisors; last killed by 1*D0; survivors 0; elapsed 
363.250
Chunk 1 checked 169000 divisors; last killed by 1*D0; survivors 0; elapsed 
363.360
Chunk 1 checked 170000 divisors; last killed by 1*D0; survivors 0; elapsed 
363.460
Chunk 1 checked 171000 divisors; last killed by 1*D0; survivors 0; elapsed 
363.570
Chunk 1 checked 172000 divisors; last killed by 1*D0; survivors 0; elapsed 
363.680
Chunk 1 checked 173000 divisors; last killed by 1*D0; survivors 0; elapsed 
363.790
Chunk 1 checked 174000 divisors; last killed by 1*D0; survivors 0; elapsed 
363.900
Chunk 1 checked 175000 divisors; last killed by 1*D0; survivors 0; elapsed 
364.010
Chunk 1 checked 176000 divisors; last killed by 1*D0; survivors 0; elapsed 
364.120
Chunk 1 checked 177000 divisors; last killed by 1*D0; survivors 0; elapsed 
364.230
Chunk 1 checked 178000 divisors; last killed by 1*D0; survivors 0; elapsed 
364.330
Chunk 1 checked 179000 divisors; last killed by 1*D0; survivors 0; elapsed 
364.440
Chunk 1 checked 180000 divisors; last killed by 1*D0; survivors 0; elapsed 
364.550
Chunk 1 checked 181000 divisors; last killed by 1*D0; survivors 0; elapsed 
364.660
Chunk 1 checked 182000 divisors; last killed by 1*D0; survivors 0; elapsed 
364.770
Chunk 1 checked 183000 divisors; last killed by 1*D0; survivors 0; elapsed 
364.880
Chunk 1 checked 184000 divisors; last killed by 1*D0; survivors 0; elapsed 
364.980
Chunk 1 checked 185000 divisors; last killed by 1*D0; survivors 0; elapsed 
365.090
Chunk 1 checked 186000 divisors; last killed by 1*D0; survivors 0; elapsed 
365.200
Chunk 1 checked 187000 divisors; last killed by 1*D0; survivors 0; elapsed 
365.310
Chunk 1 checked 188000 divisors; last killed by 1*D0; survivors 0; elapsed 
365.420
Chunk 1 checked 189000 divisors; last killed by 1*D0; survivors 0; elapsed 
365.520
Chunk 1 checked 190000 divisors; last killed by 1*D0; survivors 0; elapsed 
365.630
Chunk 1 checked 191000 divisors; last killed by 1*D0; survivors 0; elapsed 
365.740
Chunk 1 checked 192000 divisors; last killed by 1*D0; survivors 0; elapsed 
365.850
Chunk 1 checked 193000 divisors; last killed by 1*D0; survivors 0; elapsed 
365.960
Chunk 1 checked 194000 divisors; last killed by 1*D0; survivors 0; elapsed 
366.070
Chunk 1 checked 195000 divisors; last killed by 1*D0; survivors 0; elapsed 
366.180
Chunk 1 checked 196000 divisors; last killed by 1*D0; survivors 0; elapsed 
366.290
Chunk 1 checked 197000 divisors; last killed by 1*D0; survivors 0; elapsed 
366.400
Chunk 1 checked 198000 divisors; last killed by 1*D0; survivors 0; elapsed 
366.500
Chunk 1 checked 199000 divisors; last killed by 1*D0; survivors 0; elapsed 
366.610
Chunk 1 checked 200000 divisors; last killed by 1*D0; survivors 0; elapsed 
366.720
Chunk 1 checked 201000 divisors; last killed by 1*D0; survivors 0; elapsed 
366.830
Chunk 1 checked 202000 divisors; last killed by 1*D0; survivors 0; elapsed 
366.940
Chunk 1 checked 203000 divisors; last killed by 1*D0; survivors 0; elapsed 
367.050
Chunk 1 checked 204000 divisors; last killed by 1*D0; survivors 0; elapsed 
367.150
Chunk 1 checked 205000 divisors; last killed by 1*D0; survivors 0; elapsed 
367.260
Chunk 1 checked 206000 divisors; last killed by 1*D0; survivors 0; elapsed 
367.370
Chunk 1 checked 207000 divisors; last killed by 1*D0; survivors 0; elapsed 
367.480
Chunk 1 checked 208000 divisors; last killed by 1*D0; survivors 0; elapsed 
367.590
Chunk 1 checked 209000 divisors; last killed by 1*D0; survivors 0; elapsed 
367.700
Chunk 1 checked 210000 divisors; last killed by 1*D0; survivors 0; elapsed 
367.810
Chunk 1 checked 211000 divisors; last killed by 1*D0; survivors 0; elapsed 
367.920
Chunk 1 checked 212000 divisors; last killed by 1*D0; survivors 0; elapsed 
368.030
Chunk 1 checked 213000 divisors; last killed by 1*D0; survivors 0; elapsed 
368.140
Chunk 1 checked 214000 divisors; last killed by 1*D0; survivors 0; elapsed 
368.250
Chunk 1 checked 215000 divisors; last killed by 1*D0; survivors 0; elapsed 
368.360
Chunk 1 checked 216000 divisors; last killed by 1*D0; survivors 0; elapsed 
368.460
Chunk 1 checked 217000 divisors; last killed by 1*D0; survivors 0; elapsed 
368.570
Chunk 1 checked 218000 divisors; last killed by 1*D0; survivors 0; elapsed 
368.680
Chunk 1 checked 219000 divisors; last killed by 1*D0; survivors 0; elapsed 
368.790
Chunk 1 checked 220000 divisors; last killed by 1*D0; survivors 0; elapsed 
368.890
Chunk 1 checked 221000 divisors; last killed by 1*D0; survivors 0; elapsed 
369.000
Chunk 1 checked 222000 divisors; last killed by 1*D0; survivors 0; elapsed 
369.110
Chunk 1 checked 223000 divisors; last killed by 1*D0; survivors 0; elapsed 
369.220
Chunk 1 checked 224000 divisors; last killed by 1*D0; survivors 0; elapsed 
369.320
Chunk 1 checked 225000 divisors; last killed by 1*D0; survivors 0; elapsed 
369.430
Chunk 1 checked 226000 divisors; last killed by 1*D0; survivors 0; elapsed 
369.540
Chunk 1 checked 227000 divisors; last killed by 1*D0; survivors 0; elapsed 
369.650
Chunk 1 checked 228000 divisors; last killed by 1*D0; survivors 0; elapsed 
369.760
Chunk 1 checked 229000 divisors; last killed by 1*D0; survivors 0; elapsed 
369.870
Chunk 1 checked 230000 divisors; last killed by 1*D0; survivors 0; elapsed 
369.980
Chunk 1 checked 231000 divisors; last killed by 1*D0; survivors 0; elapsed 
370.080
Chunk 1 checked 232000 divisors; last killed by 1*D0; survivors 0; elapsed 
370.190
Chunk 1 checked 233000 divisors; last killed by 1*D0; survivors 0; elapsed 
370.300
Chunk 1 checked 234000 divisors; last killed by 1*D0; survivors 0; elapsed 
370.410
Chunk 1 checked 235000 divisors; last killed by 1*D0; survivors 0; elapsed 
370.520
Chunk 1 checked 236000 divisors; last killed by 1*D0; survivors 0; elapsed 
370.630
Chunk 1 checked 237000 divisors; last killed by 1*D0; survivors 0; elapsed 
370.730
Chunk 1 checked 238000 divisors; last killed by 1*D0; survivors 0; elapsed 
370.840
Chunk 1 checked 239000 divisors; last killed by 1*D0; survivors 0; elapsed 
370.950
Chunk 1 checked 240000 divisors; last killed by 1*D0; survivors 0; elapsed 
371.060
Chunk 1 checked 241000 divisors; last killed by 1*D0; survivors 0; elapsed 
371.170
Chunk 1 checked 242000 divisors; last killed by 1*D0; survivors 0; elapsed 
371.270
Chunk 1 checked 243000 divisors; last killed by 1*D0; survivors 0; elapsed 
371.380
Chunk 1 checked 244000 divisors; last killed by 1*D0; survivors 0; elapsed 
371.490
Chunk 1 checked 245000 divisors; last killed by 1*D0; survivors 0; elapsed 
371.600
Chunk 1 checked 246000 divisors; last killed by 1*D0; survivors 0; elapsed 
371.710
Chunk 1 checked 247000 divisors; last killed by 1*D0; survivors 0; elapsed 
371.820
Chunk 1 checked 248000 divisors; last killed by 1*D0; survivors 0; elapsed 
371.920
Chunk 1 checked 249000 divisors; last killed by 1*D0; survivors 0; elapsed 
372.030
Chunk 1 checked 250000 divisors; last killed by 1*D0; survivors 0; elapsed 
372.140
Chunk 1 checked 251000 divisors; last killed by 1*D0; survivors 0; elapsed 
372.250
Chunk 1 checked 252000 divisors; last killed by 1*D0; survivors 0; elapsed 
372.360
Chunk 1 checked 253000 divisors; last killed by 1*D0; survivors 0; elapsed 
372.470
Chunk 1 checked 254000 divisors; last killed by 1*D0; survivors 0; elapsed 
372.580
Chunk 1 checked 255000 divisors; last killed by 1*D0; survivors 0; elapsed 
372.680
Chunk 1 checked 256000 divisors; last killed by 1*D0; survivors 0; elapsed 
372.790
Chunk 1 checked 257000 divisors; last killed by 1*D0; survivors 0; elapsed 
372.890
Chunk 1 checked 258000 divisors; last killed by 1*D0; survivors 0; elapsed 
373.000
Chunk 1 checked 259000 divisors; last killed by 1*D0; survivors 0; elapsed 
373.110
Chunk 1 checked 260000 divisors; last killed by 1*D0; survivors 0; elapsed 
373.220
Chunk 1 checked 261000 divisors; last killed by 1*D0; survivors 0; elapsed 
373.320
Chunk 1 checked 262000 divisors; last killed by 1*D0; survivors 0; elapsed 
373.430
Chunk 1 checked 263000 divisors; last killed by 1*D0; survivors 0; elapsed 
373.540
Chunk 1 checked 264000 divisors; last killed by 1*D0; survivors 0; elapsed 
373.640
Chunk 1 checked 265000 divisors; last killed by 1*D0; survivors 0; elapsed 
373.750
Chunk 1 checked 266000 divisors; last killed by 1*D0; survivors 0; elapsed 
373.860
Chunk 1 checked 267000 divisors; last killed by 1*D0; survivors 0; elapsed 
373.970
Chunk 1 checked 268000 divisors; last killed by 1*D0; survivors 0; elapsed 
374.080
Chunk 1 checked 269000 divisors; last killed by 1*D0; survivors 0; elapsed 
374.190
Chunk 1 checked 270000 divisors; last killed by 1*D0; survivors 0; elapsed 
374.290
Chunk 1 checked 271000 divisors; last killed by 1*D0; survivors 0; elapsed 
374.400
Chunk 1 checked 272000 divisors; last killed by 1*D0; survivors 0; elapsed 
374.510
Chunk 1 checked 273000 divisors; last killed by 1*D0; survivors 0; elapsed 
374.620
Chunk 1 checked 274000 divisors; last killed by 1*D0; survivors 0; elapsed 
374.730
Chunk 1 checked 275000 divisors; last killed by 1*D0; survivors 0; elapsed 
374.850
Chunk 1 checked 276000 divisors; last killed by 1*D0; survivors 0; elapsed 
374.960
Chunk 1 checked 277000 divisors; last killed by 1*D0; survivors 0; elapsed 
375.070
Chunk 1 checked 278000 divisors; last killed by 1*D0; survivors 0; elapsed 
375.180
Chunk 1 checked 279000 divisors; last killed by 1*D0; survivors 0; elapsed 
375.290
Chunk 1 checked 280000 divisors; last killed by 1*D0; survivors 0; elapsed 
375.410
Chunk 1 checked 281000 divisors; last killed by 1*D0; survivors 0; elapsed 
375.520
Chunk 1 checked 282000 divisors; last killed by 1*D0; survivors 0; elapsed 
375.630
Chunk 1 checked 283000 divisors; last killed by 1*D0; survivors 0; elapsed 
375.750
Chunk 1 checked 284000 divisors; last killed by 1*D0; survivors 0; elapsed 
375.860
Chunk 1 checked 285000 divisors; last killed by 1*D0; survivors 0; elapsed 
375.970
Chunk 1 checked 286000 divisors; last killed by 1*D0; survivors 0; elapsed 
376.090
Chunk 1 checked 287000 divisors; last killed by 1*D0; survivors 0; elapsed 
376.200
Chunk 1 checked 288000 divisors; last killed by 1*D0; survivors 0; elapsed 
376.310
Chunk 1 checked 289000 divisors; last killed by 1*D0; survivors 0; elapsed 
376.430
Chunk 1 checked 290000 divisors; last killed by 1*D0; survivors 0; elapsed 
376.540
Chunk 1 checked 291000 divisors; last killed by 1*D0; survivors 0; elapsed 
376.660
Chunk 1 checked 292000 divisors; last killed by 1*D0; survivors 0; elapsed 
376.770
Chunk 1 checked 293000 divisors; last killed by 1*D0; survivors 0; elapsed 
376.870
Chunk 1 checked 294000 divisors; last killed by 1*D0; survivors 0; elapsed 
376.970
Chunk 1 checked 295000 divisors; last killed by 1*D0; survivors 0; elapsed 
377.080
Chunk 1 checked 296000 divisors; last killed by 1*D0; survivors 0; elapsed 
377.180
Chunk 1 checked 297000 divisors; last killed by 1*D0; survivors 0; elapsed 
377.290
Chunk 1 checked 298000 divisors; last killed by 1*D0; survivors 0; elapsed 
377.390
Chunk 1 checked 299000 divisors; last killed by 1*D0; survivors 0; elapsed 
377.500
Chunk 1 checked 300000 divisors; last killed by 1*D0; survivors 0; elapsed 
377.600
Chunk 1 checked 301000 divisors; last killed by 1*D0; survivors 0; elapsed 
377.710
Chunk 1 checked 302000 divisors; last killed by 1*D0; survivors 0; elapsed 
377.810
Chunk 1 checked 303000 divisors; last killed by 1*D0; survivors 0; elapsed 
377.910
Chunk 1 checked 304000 divisors; last killed by 1*D0; survivors 0; elapsed 
378.020
Chunk 1 checked 305000 divisors; last killed by 1*D0; survivors 0; elapsed 
378.130
Chunk 1 checked 306000 divisors; last killed by 1*D0; survivors 0; elapsed 
378.230
Chunk 1 checked 307000 divisors; last killed by 1*D0; survivors 0; elapsed 
378.340
Chunk 1 checked 308000 divisors; last killed by 1*D0; survivors 0; elapsed 
378.440
Chunk 1 checked 309000 divisors; last killed by 1*D0; survivors 0; elapsed 
378.550
Chunk 1 checked 310000 divisors; last killed by 1*D0; survivors 0; elapsed 
378.660
Chunk 1 checked 311000 divisors; last killed by 1*D0; survivors 0; elapsed 
378.770
Chunk 1 checked 312000 divisors; last killed by 1*D0; survivors 0; elapsed 
378.870
Chunk 1 checked 313000 divisors; last killed by 1*D0; survivors 0; elapsed 
378.970
Chunk 1 checked 314000 divisors; last killed by 1*D0; survivors 0; elapsed 
379.080
Chunk 1 checked 315000 divisors; last killed by 1*D0; survivors 0; elapsed 
379.180
Chunk 1 checked 316000 divisors; last killed by 1*D0; survivors 0; elapsed 
379.280
Chunk 1 checked 317000 divisors; last killed by 1*D0; survivors 0; elapsed 
379.390
Chunk 1 checked 318000 divisors; last killed by 1*D0; survivors 0; elapsed 
379.490
Chunk 1 checked 319000 divisors; last killed by 1*D0; survivors 0; elapsed 
379.600
Chunk 1 checked 320000 divisors; last killed by 1*D0; survivors 0; elapsed 
379.710
Chunk 1 checked 321000 divisors; last killed by 1*D0; survivors 0; elapsed 
379.810
Chunk 1 checked 322000 divisors; last killed by 1*D0; survivors 0; elapsed 
379.910
Chunk 1 checked 323000 divisors; last killed by 1*D0; survivors 0; elapsed 
380.020
Chunk 1 checked 324000 divisors; last killed by 1*D0; survivors 0; elapsed 
380.130
Chunk 1 checked 325000 divisors; last killed by 1*D0; survivors 0; elapsed 
380.230
Chunk 1 checked 326000 divisors; last killed by 1*D0; survivors 0; elapsed 
380.340
Chunk 1 checked 327000 divisors; last killed by 1*D0; survivors 0; elapsed 
380.440
Chunk 1 checked 328000 divisors; last killed by 1*D0; survivors 0; elapsed 
380.550
Chunk 1 checked 329000 divisors; last killed by 1*D0; survivors 0; elapsed 
380.660
Chunk 1 checked 330000 divisors; last killed by 1*D0; survivors 0; elapsed 
380.770
Chunk 1 checked 331000 divisors; last killed by 1*D0; survivors 0; elapsed 
380.890
Chunk 1 checked 332000 divisors; last killed by 1*D0; survivors 0; elapsed 
381.000
Chunk 1 checked 333000 divisors; last killed by 1*D0; survivors 0; elapsed 
381.120
Chunk 1 checked 334000 divisors; last killed by 1*D0; survivors 0; elapsed 
381.240
Chunk 1 checked 335000 divisors; last killed by 1*D0; survivors 0; elapsed 
381.360
Chunk 1 checked 336000 divisors; last killed by 1*D0; survivors 0; elapsed 
381.480
Chunk 1 checked 337000 divisors; last killed by 1*D0; survivors 0; elapsed 
381.590
Chunk 1 checked 338000 divisors; last killed by 1*D0; survivors 0; elapsed 
381.710
Chunk 1 checked 339000 divisors; last killed by 1*D0; survivors 0; elapsed 
381.830
Chunk 1 checked 340000 divisors; last killed by 1*D0; survivors 0; elapsed 
381.950
Chunk 1 checked 341000 divisors; last killed by 1*D0; survivors 0; elapsed 
382.060
Chunk 1 checked 342000 divisors; last killed by 1*D0; survivors 0; elapsed 
382.180
Chunk 1 checked 343000 divisors; last killed by 1*D0; survivors 0; elapsed 
382.300
Chunk 1 checked 344000 divisors; last killed by 1*D0; survivors 0; elapsed 
382.410
Chunk 1 checked 345000 divisors; last killed by 1*D0; survivors 0; elapsed 
382.530
Chunk 1 checked 346000 divisors; last killed by 1*D0; survivors 0; elapsed 
382.650
Chunk 1 checked 347000 divisors; last killed by 1*D0; survivors 0; elapsed 
382.760
Chunk 1 checked 348000 divisors; last killed by 1*D0; survivors 0; elapsed 
382.880
Chunk 1 checked 349000 divisors; last killed by 1*D0; survivors 0; elapsed 
383.000
Chunk 1 checked 350000 divisors; last killed by 1*D0; survivors 0; elapsed 
383.110
Degree type 26/36: [ <1, 6>, <3, 1> ]; groups [ <1, 6, 1>, <3, 1, 1> ]; elapsed 
383.120
Fast W0 setup: cover degree 180; dims [ 177, 213, 249, 285 ]; RR times [ 51.240,
129.250, 96.070, 196.770 ]
Divisors tested in chunk 1: 350442
Surviving translates in this chunk: 0
SUCCESS: this chunk contains no translate survivor.
CHUNK_RESULT: SUCCESS
Finished X1_37_ST_minimal.m.
Finished chunk 1 at Fri Jun 12 18:27:59 CEST 2026 with status 0
