Starting chunk 15 at Fri Jun 12 18:06:05 CEST 2026
Loading "X1_37_ST_minimal.m"
Loading "ff_search.m"
Build X_1(37) over F_2.
Loading "X1_37_X0plus_map_data.m"
#S37 coefficients = 18; #T37 coefficients = 18
Use the quotient image q(S,T)=0.
ST_RELATION_VERIFICATION: SUCCESS
#Places(q(S,T)=0,1) = 5
fiber degrees = [ 36, 36 ]
Testing 4 nonzero translates; chunk 15/24.
Place counts by degree: [ 18, 0, 0, 0, 0, 21, 18, 0, 39 ]
Degree types: 36; assigned [ 16 ]
Degree type 16/36: [ <4, 1>, <3, 1>, <1, 1>, <1, 1> ]; groups [ <4, 1, 1>, <3, 
1, 1>, <1, 1, 2> ]; elapsed 0.000
Fast W0 setup: cover degree 72; dims [ 69, 105, 141, 177 ]; RR times [ 94.100, 
65.260, 169.600, 38.080 ]
Chunk 15 checked 1000 divisors; last killed by 1*D0; survivors 0; elapsed 
856.860
Chunk 15 checked 2000 divisors; last killed by 1*D0; survivors 0; elapsed 
856.940
Chunk 15 checked 3000 divisors; last killed by 1*D0; survivors 0; elapsed 
857.010
Chunk 15 checked 4000 divisors; last killed by 1*D0; survivors 0; elapsed 
857.090
Chunk 15 checked 5000 divisors; last killed by 1*D0; survivors 0; elapsed 
857.170
Chunk 15 checked 6000 divisors; last killed by 1*D0; survivors 0; elapsed 
857.250
Chunk 15 checked 7000 divisors; last killed by 1*D0; survivors 0; elapsed 
955.940
Chunk 15 checked 8000 divisors; last killed by 1*D0; survivors 0; elapsed 
956.020
Chunk 15 checked 9000 divisors; last killed by 1*D0; survivors 0; elapsed 
956.100
Chunk 15 checked 10000 divisors; last killed by 1*D0; survivors 0; elapsed 
956.180
Chunk 15 checked 11000 divisors; last killed by 1*D0; survivors 0; elapsed 
956.250
Chunk 15 checked 12000 divisors; last killed by 1*D0; survivors 0; elapsed 
956.330
Chunk 15 checked 13000 divisors; last killed by 1*D0; survivors 0; elapsed 
956.410
Chunk 15 checked 14000 divisors; last killed by 1*D0; survivors 0; elapsed 
956.490
Chunk 15 checked 15000 divisors; last killed by 1*D0; survivors 0; elapsed 
956.570
Chunk 15 checked 16000 divisors; last killed by 1*D0; survivors 0; elapsed 
956.650
Chunk 15 checked 17000 divisors; last killed by 1*D0; survivors 0; elapsed 
956.720
Chunk 15 checked 18000 divisors; last killed by 1*D0; survivors 0; elapsed 
956.800
Chunk 15 checked 19000 divisors; last killed by 1*D0; survivors 0; elapsed 
956.880
Chunk 15 checked 20000 divisors; last killed by 1*D0; survivors 0; elapsed 
956.960
Chunk 15 checked 21000 divisors; last killed by 1*D0; survivors 0; elapsed 
957.040
Chunk 15 checked 22000 divisors; last killed by 1*D0; survivors 0; elapsed 
957.120
Chunk 15 checked 23000 divisors; last killed by 1*D0; survivors 0; elapsed 
957.210
Chunk 15 checked 24000 divisors; last killed by 1*D0; survivors 0; elapsed 
957.290
Chunk 15 checked 25000 divisors; last killed by 1*D0; survivors 0; elapsed 
957.380
Chunk 15 checked 26000 divisors; last killed by 1*D0; survivors 0; elapsed 
957.470
Chunk 15 checked 27000 divisors; last killed by 1*D0; survivors 0; elapsed 
957.550
Chunk 15 checked 28000 divisors; last killed by 1*D0; survivors 0; elapsed 
957.630
Chunk 15 checked 29000 divisors; last killed by 1*D0; survivors 0; elapsed 
957.710
Chunk 15 checked 30000 divisors; last killed by 1*D0; survivors 0; elapsed 
957.790
Chunk 15 checked 31000 divisors; last killed by 1*D0; survivors 0; elapsed 
957.870
Chunk 15 checked 32000 divisors; last killed by 1*D0; survivors 0; elapsed 
957.950
Chunk 15 checked 33000 divisors; last killed by 1*D0; survivors 0; elapsed 
958.030
Chunk 15 checked 34000 divisors; last killed by 1*D0; survivors 0; elapsed 
958.110
Chunk 15 checked 35000 divisors; last killed by 1*D0; survivors 0; elapsed 
958.190
Chunk 15 checked 36000 divisors; last killed by 1*D0; survivors 0; elapsed 
958.270
Divisors tested in chunk 15: 36720
Surviving translates in this chunk: 0
SUCCESS: this chunk contains no translate survivor.
CHUNK_RESULT: SUCCESS
Finished X1_37_ST_minimal.m.
Finished chunk 15 at Fri Jun 12 18:25:03 CEST 2026 with status 0
