
===== d=7 =====
(M,N)=(1, 1)  Gamma11(1, 1)  g= 0  deg=7  has_func=True  
(M,N)=(1, 2)  Gamma11(1, 2)  g= 0  deg=7  has_func=True  
(M,N)=(1, 3)  Gamma11(1, 3)  g= 0  deg=7  has_func=True  
(M,N)=(1, 4)  Gamma11(1, 4)  g= 0  deg=7  has_func=True  
(M,N)=(1, 5)  Gamma11(1, 5)  g= 0  deg=7  has_func=True  
(M,N)=(1, 6)  Gamma11(1, 6)  g= 0  deg=7  has_func=True  
(M,N)=(1, 7)  Gamma11(1, 7)  g= 0  deg=7  has_func=True  
(M,N)=(1, 8)  Gamma11(1, 8)  g= 0  deg=7  has_func=True  
(M,N)=(1, 9)  Gamma11(1, 9)  g= 0  deg=7  has_func=True  
(M,N)=(1,10)  Gamma11(1,10)  g= 0  deg=7  has_func=True  
(M,N)=(1,11)  Gamma11(1,11)  g= 1  deg=7  has_func=True  modular_unit=(-1, 2, -1, -1, 1, -1, 2, -2, -1, 2)
(M,N)=(1,12)  Gamma11(1,12)  g= 0  deg=7  has_func=True  
(M,N)=(1,13)  Gamma11(1,13)  g= 2  deg=7  has_func=True  modular_unit=(-1, -1, -1, -1, 2, -1, 0, -1, 1, 2, -1, 2)
(M,N)=(1,14)  Gamma11(1,14)  g= 1  deg=7  has_func=True  modular_unit=(1, -1, -1, 1, -2, -1, -1, 1, 2, 1, -1, 1)
(M,N)=(1,15)  Gamma11(1,15)  g= 1  deg=7  has_func=True  modular_unit=(1, -1, 1, -1, 0, 1, 1, -1, 1, -2, 1, 1, -1, 0, -1, 0)
(M,N)=(1,16)  Gamma11(1,16)  g= 2  deg=7  has_func=True  modular_unit=(-1, -1, -1, -1, 1, -1, 1, 1, -1, 1, 1, -1, 1, 1)
(M,N)=(1,17)  Gamma11(1,17)  g= 5  deg=7  has_func=True  modular_unit=(0, -2, 0, 0, 0, 3, 0, -2, 0, -2, 0, 0, 3, 1, 0, -1)
(M,N)=(1,18)  Gamma11(1,18)  g= 2  deg=7  has_func=True  modular_unit=(-1, 0, 1, -1, -1, -1, 1, 1, 1, 1, -1, 0, 1, 1, -1, -1)
(M,N)=(1,19)  Gamma11(1,19)  g= 7  deg=7  has_func=True  modular_unit=(0, 2, 0, 0, 0, 2, 0, 0, -2, 0, -2, -2, 0, 1, 2, 0, 0, -1)
(M,N)=(1,20)  Gamma11(1,20)  g= 3  deg=7  has_func=True  modular_unit=(-1, 1, -1, 1, -1, -1, 1, 0, 1, -1, -1, -1, 1, 0, 0, 1, 0, 1, 0, 0)
(M,N)=(1,21)  Gamma11(1,21)  g= 5  deg=7  has_func=True  modular_unit=(1, 0, 1, 0, 1, 0, 0, -2, 1, 0, 0, 1, -1, 0, -1, 0, 1, 1, 0, 0, -1, 0, 0, -2)
(M,N)=(1,22)  Gamma11(1,22)  g= 6  deg=7  has_func=True  modular_unit=(0, 0, -1, 0, -1, 1, 0, -1, 1, 0, 0, -1, -1, 1, 0, -1, 1, 1, -1, 2)
(M,N)=(1,23)  Gamma11(1,23)  g=12  deg=7  has_func=True  modular_unit=(0, -1, 0, 0, 0, 0, -2, 0, 0, -1, 0, 2, 0, -1, 3, 0, -2, 0, 0, 1, 0, 1)
(M,N)=(1,24)  Gamma11(1,24)  g= 5  deg=7  has_func=True  modular_unit=(0, -1, 0, 1, 0, -1, 0, 1, 0, 0, 0, 1, 0, 0, -1, 1, -1, 1, -1, 0, 1, 1, -1, -1)
(M,N)=(1,26)  Gamma11(1,26)  g=10  deg=7  has_func=True  modular_unit=(0, 2, 0, 0, 0, 0, -3, 0, 0, 1, 0, 1, 0, -1, 0, 0, 0, 0, -1, -1, 1, -1, 0, 2)
(M,N)=(1,27)  Gamma11(1,27)  g=13  deg=7  has_func=True  modular_unit=(0, 0, 0, 0, 0, 0, 0, 0, 0, -2, 0, 2, 0, 0, 0, 1, 0, 0, -4, -1, 0, 0, 0, 0, 0, 0, 0, 0, 0, 4)
(M,N)=(1,28)  Gamma11(1,28)  g=10  deg=7  has_func=True  modular_unit=(0, 1, 0, 0, 0, -1, 0, 0, 0, -1, -1, -1, 0, 1, 0, 0, -1, 0, 1, 0, 0, 1, 1, -1, 1, 0, 0, 0, -1, 1)
(M,N)=(1,30)  Gamma11(1,30)  g= 9  deg=7  has_func=True  modular_unit=(0, 1, 1, 0, 0, 0, 0, 0, 1, 0, 0, 0, 0, 0, -2, 1, 0, -1, 0, -1, -1, 0, 0, 1, 1, -1, 0, -1, 0, 0, 0, 1)
(M,N)=(2, 2)  Gamma11(2, 1)  g= 0  deg=7  has_func=True  
(M,N)=(2, 4)  Gamma11(2, 2)  g= 0  deg=7  has_func=True  
(M,N)=(2, 6)  Gamma11(2, 3)  g= 0  deg=7  has_func=True  
(M,N)=(2, 8)  Gamma11(2, 4)  g= 0  deg=7  has_func=True  
(M,N)=(2,10)  Gamma11(2, 5)  g= 1  deg=7  has_func=True  modular_unit=(-1, -1, -1, 2, 1, 2, -1, 1, -1, -1, 1, -1)
(M,N)=(2,12)  Gamma11(2, 6)  g= 1  deg=7  has_func=True  modular_unit=(1, 1, 1, 0, -1, 1, 1, -1, -1, 0, -1, 1, -1, -1, -1, 1)
(M,N)=(2,14)  Gamma11(2, 7)  g= 4  deg=7  has_func=True  modular_unit=(-1, -1, -1, 1, 1, -1, 0, 1, 0, -1, 1, -1, 1, -1, 1, 0, 1, 0)
(M,N)=(2,16)  Gamma11(2, 8)  g= 5  deg=7  has_func=True  modular_unit=(1, -1, 0, -1, 0, 0, 0, 1, 0, 0, -2, 1, 0, -1, 2, 1, 0, 1, 0, -1, 0, -1, 0, 0)
(M,N)=(2,18)  Gamma11(2, 9)  g= 7  deg=7  has_func=True  modular_unit=(0, 1, -1, 0, -1, 0, 0, -1, 1, 0, 1, -1, 0, 0, -1, 0, 1, 0, -1, 1, 0, 1, 1, -1)
(M,N)=(2,20)  Gamma11(2,10)  g= 9  deg=7  has_func=True  modular_unit=(0, 0, 1, 0, 1, 0, 0, 0, 0, 0, 0, 0, 1, 2, 0, -1, -2, 0, 0, 0, -2, 0, 0, 1, 1, 0, 0, 0, 0, -1, 0, -1)

Summary for d=7: verified 38/38 pairs.
All pairs verified for d=7.

===== d=8 =====
(M,N)=(1, 1)  Gamma11(1, 1)  g= 0  deg=8  has_func=True  
(M,N)=(1, 2)  Gamma11(1, 2)  g= 0  deg=8  has_func=True  
(M,N)=(1, 3)  Gamma11(1, 3)  g= 0  deg=8  has_func=True  
(M,N)=(1, 4)  Gamma11(1, 4)  g= 0  deg=8  has_func=True  
(M,N)=(1, 5)  Gamma11(1, 5)  g= 0  deg=8  has_func=True  
(M,N)=(1, 6)  Gamma11(1, 6)  g= 0  deg=8  has_func=True  
(M,N)=(1, 7)  Gamma11(1, 7)  g= 0  deg=8  has_func=True  
(M,N)=(1, 8)  Gamma11(1, 8)  g= 0  deg=8  has_func=True  
(M,N)=(1, 9)  Gamma11(1, 9)  g= 0  deg=8  has_func=True  
(M,N)=(1,10)  Gamma11(1,10)  g= 0  deg=8  has_func=True  
(M,N)=(1,11)  Gamma11(1,11)  g= 1  deg=8  has_func=True  modular_unit=(1, -2, 1, 1, -3, 1, -1, 3, 1, -2)
(M,N)=(1,12)  Gamma11(1,12)  g= 0  deg=8  has_func=True  
(M,N)=(1,13)  Gamma11(1,13)  g= 2  deg=8  has_func=True  modular_unit=(-1, 1, -1, -1, 2, -1, -2, -1, 2, 2, -1, 1)
(M,N)=(1,14)  Gamma11(1,14)  g= 1  deg=8  has_func=True  modular_unit=(2, -1, -1, 2, -1, -1, -2, 2, 1, 1, -1, -1)
(M,N)=(1,15)  Gamma11(1,15)  g= 1  deg=8  has_func=True  modular_unit=(-1, -1, -1, 1, 1, -1, -1, 1, -1, 1, -1, -1, 1, 1, 1, 1)
(M,N)=(1,16)  Gamma11(1,16)  g= 2  deg=8  has_func=True  modular_unit=(-1, -1, -1, -1, 1, -1, 1, 1, -1, -1, 2, -1, 1, 2)
(M,N)=(1,17)  Gamma11(1,17)  g= 5  deg=8  has_func=True  modular_unit=(1, 0, 1, 1, 1, -1, 1, -2, 1, -1, 1, -1, -1, 0, 1, -2)
(M,N)=(1,18)  Gamma11(1,18)  g= 2  deg=8  has_func=True  modular_unit=(-1, 1, -1, -1, 1, -1, -1, -1, 1, 1, 1, 1, -1, 1, 1, -1)
(M,N)=(1,19)  Gamma11(1,19)  g= 7  deg=8  has_func=True  modular_unit=(0, 2, 0, 0, 0, 1, 0, 0, 2, 0, -3, -3, 0, -1, 2, 1, 0, -1)
(M,N)=(1,20)  Gamma11(1,20)  g= 3  deg=8  has_func=True  modular_unit=(-1, -1, -1, 1, -1, 1, 1, 0, 1, -1, -1, 1, 1, -1, 0, 1, -1, 1, 0, 0)
(M,N)=(1,21)  Gamma11(1,21)  g= 5  deg=8  has_func=True  modular_unit=(0, 1, 0, 1, 0, 0, 1, 0, 0, 1, -2, 0, -1, 1, -1, -1, 1, 0, -1, 1, -1, 1, 0, -1)
(M,N)=(1,22)  Gamma11(1,22)  g= 6  deg=8  has_func=True  modular_unit=(1, -1, -1, 1, -1, 0, 1, -1, 0, 1, -1, -1, 2, 1, 1, 0, 0, -1, -1, 0)
(M,N)=(1,23)  Gamma11(1,23)  g=12  deg=8  has_func=True  modular_unit=(0, -1, 0, 0, 0, 0, -1, 0, 0, 1, 0, 2, 0, -1, 0, 0, -2, 3, 1, 1, 0, -3)
(M,N)=(1,24)  Gamma11(1,24)  g= 5  deg=8  has_func=True  modular_unit=(0, -1, 0, -1, 1, 0, 0, 1, 0, -1, 1, 0, 1, 1, -1, -1, -1, -1, -1, 1, 0, 1, 0, 1)
(M,N)=(1,25)  Gamma11(1,25)  g=12  deg=8  has_func=True  modular_unit=(0, 0, 0, 0, -1, 0, 0, 0, 0, 1, 0, -1, 1, 0, -1, 0, 2, 0, 4, 0, 0, -1, 0, 0, 0, -1, -1, -2)
(M,N)=(1,26)  Gamma11(1,26)  g=10  deg=8  has_func=True  modular_unit=(0, 0, 1, 0, 1, 0, -2, 1, 0, 1, 1, 0, 0, 1, 1, -1, -1, 0, -1, 0, -2, -1, 1, 0)
(M,N)=(1,27)  Gamma11(1,27)  g=13  deg=8  has_func=True  modular_unit=(0, -1, 0, 0, 0, 0, 1, 0, 0, -3, 0, 2, 0, -1, 0, 1, 2, 0, 0, -1, 0, 0, 1, 0, 0, 0, -1, 0, 1, -1)
(M,N)=(1,28)  Gamma11(1,28)  g=10  deg=8  has_func=True  modular_unit=(0, 0, 0, 0, 0, 0, 0, 0, 0, -2, 0, -1, 0, 1, 0, -1, 2, 0, 1, 0, 1, 1, -1, 0, 1, 0, -1, 0, -2, 1)
(M,N)=(1,30)  Gamma11(1,30)  g= 9  deg=8  has_func=True  modular_unit=(0, 1, 0, 0, 0, 0, -1, -1, 0, -1, 0, 0, 1, -1, -1, 0, 1, 0, -1, 1, 0, 0, 2, 1, 0, 0, -1, 0, 1, 0, -1, 0)
(M,N)=(1,32)  Gamma11(1,32)  g=17  deg=8  has_func=True  modular_unit=(1, -2, 1, 0, 1, 0, 1, -1, 0, 1, 0, 1, -1, 0, 0, 1, 0, 0, 0, 0, 1, -1, 0, -1, -2, 0, 0, 0, 0, 0, 0, 0)
(M,N)=(1,36)  Gamma11(1,36)  g=17  deg=8  has_func=True  modular_unit=(0, 0, 0, 0, 0, 0, 0, 0, 0, 0, -1, 0, 0, 0, 0, 0, 0, 2, 0, 1, 0, 2, 2, 0, 0, 0, -2, 0, 0, -2, 0, 0, 0, 0, 0, 1, 0, -1, 0, -2)
(M,N)=(2, 2)  Gamma11(2, 1)  g= 0  deg=8  has_func=True  
(M,N)=(2, 4)  Gamma11(2, 2)  g= 0  deg=8  has_func=True  
(M,N)=(2, 6)  Gamma11(2, 3)  g= 0  deg=8  has_func=True  
(M,N)=(2, 8)  Gamma11(2, 4)  g= 0  deg=8  has_func=True  
(M,N)=(2,10)  Gamma11(2, 5)  g= 1  deg=8  has_func=True  modular_unit=(-1, -2, -1, 2, 1, 2, -1, 1, -1, 1, 1, -2)
(M,N)=(2,12)  Gamma11(2, 6)  g= 1  deg=8  has_func=True  modular_unit=(1, 1, 1, -1, 1, 1, 1, -1, -1, -1, -1, 1, -1, -1, 1, -1)
(M,N)=(2,14)  Gamma11(2, 7)  g= 4  deg=8  has_func=True  modular_unit=(-1, 0, -1, 1, 1, -1, -1, 1, 1, -1, 0, -1, 2, -1, 1, 0, 1, -1)
(M,N)=(2,16)  Gamma11(2, 8)  g= 5  deg=8  has_func=True  modular_unit=(-1, -1, 1, 0, 1, 1, 0, -1, 1, 1, -1, -1, 1, 0, -1, -1, 0, -1, 1, 0, 0, 0, 0, 1)
(M,N)=(2,18)  Gamma11(2, 9)  g= 7  deg=8  has_func=True  modular_unit=(0, 1, -1, 0, 1, 0, 0, -1, 1, 0, -1, 1, 0, 1, -1, 1, -1, 0, 1, 1, 0, -1, -1, -1)
(M,N)=(2,20)  Gamma11(2,10)  g= 9  deg=8  has_func=True  modular_unit=(1, -1, 0, -1, 0, 0, 0, 1, 1, -1, 1, -1, 0, 0, -1, 0, 0, 0, 1, 1, -1, -1, 0, -1, 0, 0, 0, 1, 0, 0, 1, 0)
(M,N)=(2,22)  Gamma11(2,11)  g=16  deg=8  has_func=True  modular_unit=(0, 0, 0, 0, 0, -1, 0, 0, -2, 0, 0, 1, 0, -1, 0, -1, 0, 2, 0, 1, 1, 0, 2, -1, 0, 0, 1, -2, 0, 0)
(M,N)=(2,24)  Gamma11(2,12)  g=13  deg=8  has_func=True  modular_unit=(0, -1, -1, 0, 0, 0, -1, 0, 0, -1, -1, 0, 0, 0, 1, 0, 0, 1, 0, -1, 0, 0, 0, 0, 1, 1, 0, 1, 1, 0, 0, -1, 1, 1, 0, 0, 0, 0, 0, -1)
(M,N)=(3, 3)  Gamma11(3, 1)  g= 0  deg=4  has_func=True  
(M,N)=(3, 6)  Gamma11(3, 2)  g= 0  deg=4  has_func=True  
(M,N)=(3, 9)  Gamma11(3, 3)  g= 1  deg=4  has_func=True  modular_unit=(-1, -1, 0, 0, 0, 0, 1, -1, 0, 0, 1, -1, 1, 0, 1, 0, 0, 0)
(M,N)=(3,12)  Gamma11(3, 4)  g= 3  deg=4  has_func=True  modular_unit=(-1, 0, 0, 1, 0, 0, 0, 0, -1, 0, -1, 0, 0, 1, 0, 0, -1, 0, 1, 1)
(M,N)=(4, 4)  Gamma11(4, 1)  g= 0  deg=4  has_func=True  
(M,N)=(4, 8)  Gamma11(4, 2)  g= 1  deg=4  has_func=True  modular_unit=(0, -1, 1, 0, -1, 0, 0, 1, 0, 0, 0, 1, 0, 1, -1, -1)
(M,N)=(4,12)  Gamma11(4, 3)  g= 5  deg=4  has_func=True  modular_unit=(0, 0, -1, 0, 1, 0, 0, 0, -1, 0, 0, 0, 0, -1, 0, 0, 1, 0, 1, 0, -1, 0, 1, 0)
(M,N)=(5, 5)  Gamma11(5, 1)  g= 0  deg=2  has_func=True  
(M,N)=(6, 6)  Gamma11(6, 1)  g= 1  deg=4  has_func=True  modular_unit=(-1, -1, 0, -1, 0, 1, 1, 0, 1, 1, 0, -1)

Summary for d=8: verified 52/52 pairs.
All pairs verified for d=8.

===== d=9 =====
(M,N)=(1, 1)  Gamma11(1, 1)  g= 0  deg=9  has_func=True  
(M,N)=(1, 2)  Gamma11(1, 2)  g= 0  deg=9  has_func=True  
(M,N)=(1, 3)  Gamma11(1, 3)  g= 0  deg=9  has_func=True  
(M,N)=(1, 4)  Gamma11(1, 4)  g= 0  deg=9  has_func=True  
(M,N)=(1, 5)  Gamma11(1, 5)  g= 0  deg=9  has_func=True  
(M,N)=(1, 6)  Gamma11(1, 6)  g= 0  deg=9  has_func=True  
(M,N)=(1, 7)  Gamma11(1, 7)  g= 0  deg=9  has_func=True  
(M,N)=(1, 8)  Gamma11(1, 8)  g= 0  deg=9  has_func=True  
(M,N)=(1, 9)  Gamma11(1, 9)  g= 0  deg=9  has_func=True  
(M,N)=(1,10)  Gamma11(1,10)  g= 0  deg=9  has_func=True  
(M,N)=(1,11)  Gamma11(1,11)  g= 1  deg=9  has_func=True  modular_unit=(1, -3, 1, 1, -4, 1, -2, 2, 1, 2)
(M,N)=(1,12)  Gamma11(1,12)  g= 0  deg=9  has_func=True  
(M,N)=(1,13)  Gamma11(1,13)  g= 2  deg=9  has_func=True  modular_unit=(1, 2, 1, 1, -3, 1, -2, 1, 1, -2, 1, -2)
(M,N)=(1,14)  Gamma11(1,14)  g= 1  deg=9  has_func=True  modular_unit=(2, -2, -1, 2, -2, -1, -1, 2, 2, 1, -1, -1)
(M,N)=(1,15)  Gamma11(1,15)  g= 1  deg=9  has_func=True  modular_unit=(1, -2, 1, -1, 1, 1, 1, -1, 1, -2, 1, 1, -1, 1, -1, -1)
(M,N)=(1,16)  Gamma11(1,16)  g= 2  deg=9  has_func=True  modular_unit=(2, 1, 2, -1, -1, 2, -1, -1, 2, -1, -1, -1, -1, -1)
(M,N)=(1,17)  Gamma11(1,17)  g= 5  deg=9  has_func=True  modular_unit=(1, -3, 1, 1, 1, 1, 1, 0, 1, -2, 1, -1, 0, -1, 1, -2)
(M,N)=(1,18)  Gamma11(1,18)  g= 2  deg=9  has_func=True  modular_unit=(-1, -2, 1, -1, -1, -1, -1, 1, 2, 1, -1, 1, 1, 1, -1, 1)
(M,N)=(1,19)  Gamma11(1,19)  g= 7  deg=9  has_func=True  modular_unit=(-1, 1, -1, -1, -1, 1, -1, -1, 0, -1, 1, 0, -1, 2, 2, 0, -1, 2)
(M,N)=(1,20)  Gamma11(1,20)  g= 3  deg=9  has_func=True  modular_unit=(-1, 1, -1, 1, -1, 0, 1, 1, 1, -1, -1, 0, 1, -1, -1, 1, -1, 1, 1, -1)
(M,N)=(1,21)  Gamma11(1,21)  g= 5  deg=9  has_func=True  modular_unit=(1, -1, 1, 0, 1, -1, 0, 1, 1, 0, 1, 1, -1, 0, -1, -1, -1, 1, -1, 0, -1, 0, -1, 1)
(M,N)=(1,22)  Gamma11(1,22)  g= 6  deg=9  has_func=True  modular_unit=(1, 1, -1, 1, -1, -1, 1, -1, 0, 1, 2, -1, 1, -1, 1, -1, 0, -1, -1, 0)
(M,N)=(1,23)  Gamma11(1,23)  g=12  deg=9  has_func=True  modular_unit=(0, -1, 0, 0, 0, 0, 3, 0, 0, -2, 0, 1, 0, 3, 1, 0, -1, -2, -3, 0, 0, 1)
(M,N)=(1,24)  Gamma11(1,24)  g= 5  deg=9  has_func=True  modular_unit=(-1, 1, -1, -1, 0, 1, -1, 1, -1, 1, 0, -1, 1, 0, 1, -1, 0, -1, 1, 0, -1, 1, 1, 0)
(M,N)=(1,25)  Gamma11(1,25)  g=12  deg=9  has_func=True  modular_unit=(0, -1, 0, 0, -1, 0, 1, 0, 0, 1, 0, -1, -2, 0, -1, 0, 2, 0, 0, 0, 2, -1, 0, 0, 0, -1, -1, 3)
(M,N)=(1,26)  Gamma11(1,26)  g=10  deg=9  has_func=True  modular_unit=(0, -1, 1, 0, 1, 0, 0, 1, 0, -1, 1, 3, 0, 0, 1, -2, -1, 0, 0, -2, 0, -2, 1, 0)
(M,N)=(1,27)  Gamma11(1,27)  g=13  deg=9  has_func=True  modular_unit=(1, -2, 1, 0, 1, 1, 0, 1, 1, -1, 0, -1, 1, 0, 1, -2, 0, 0, 0, -2, 0, 0, -1, 1, 0, 0, 0, 0, 0, 0)
(M,N)=(1,28)  Gamma11(1,28)  g=10  deg=9  has_func=True  modular_unit=(0, -1, 0, 0, 0, -1, 2, 0, 0, -1, -1, 1, 0, -1, 0, -1, 1, 0, 1, 0, 2, 0, 1, -1, 0, 0, -1, 0, -1, 1)
(M,N)=(1,30)  Gamma11(1,30)  g= 9  deg=9  has_func=True  modular_unit=(0, -1, 1, 0, -1, 0, 1, 0, 1, -1, 0, -1, 0, 0, -1, 1, 1, 0, 0, 1, 0, -1, -2, 1, 1, 0, 0, 0, 0, -1, 1, 0)
(M,N)=(1,36)  Gamma11(1,36)  g=17  deg=9  has_func=True  modular_unit=(0, -1, 0, 0, 0, 0, 0, 0, 0, 0, 1, 0, 0, -2, 0, 0, 0, -2, 0, 1, 0, -1, 1, 0, 1, 0, -1, 0, 1, -2, 0, 1, 0, 0, 0, 1, 0, 1, 0, 1)
(M,N)=(2, 2)  Gamma11(2, 1)  g= 0  deg=9  has_func=True  
(M,N)=(2, 4)  Gamma11(2, 2)  g= 0  deg=9  has_func=True  
(M,N)=(2, 6)  Gamma11(2, 3)  g= 0  deg=9  has_func=True  
(M,N)=(2, 8)  Gamma11(2, 4)  g= 0  deg=9  has_func=True  
(M,N)=(2,10)  Gamma11(2, 5)  g= 1  deg=9  has_func=True  modular_unit=(-2, -2, -1, 2, 1, 2, -1, 2, -2, 1, 1, -1)
(M,N)=(2,12)  Gamma11(2, 6)  g= 1  deg=9  has_func=True  modular_unit=(1, 2, 1, 1, -1, 1, 1, -1, -1, 1, -2, 1, -1, -1, -1, -1)
(M,N)=(2,14)  Gamma11(2, 7)  g= 4  deg=9  has_func=True  modular_unit=(-1, 1, -1, 1, 1, -1, 1, 1, 1, -1, 1, -1, 1, -1, -1, -1, 1, -1)
(M,N)=(2,16)  Gamma11(2, 8)  g= 5  deg=9  has_func=True  modular_unit=(1, -1, 0, 0, 1, 0, -1, 1, 1, 0, -2, 1, -1, 0, 2, 1, -1, 1, 0, 0, -1, 0, -1, -1)
(M,N)=(2,18)  Gamma11(2, 9)  g= 7  deg=9  has_func=True  modular_unit=(1, 0, -1, -1, 0, -1, 1, -1, -1, 1, 0, 1, 1, 1, -1, -1, 1, 1, 0, -1, -1, 1, 0, 0)
(M,N)=(2,20)  Gamma11(2,10)  g= 9  deg=9  has_func=True  modular_unit=(0, 1, 1, 0, 1, 0, -1, 0, 0, 0, 0, 2, 1, 1, 0, 0, 0, -1, 0, 0, 1, 0, -1, -1, 1, -1, -1, 0, -1, 0, 0, -2)
(M,N)=(2,22)  Gamma11(2,11)  g=16  deg=9  has_func=True  modular_unit=(0, -1, 0, 0, 0, 0, 0, 0, -2, 0, 0, -2, 0, 1, 0, 1, 0, 0, 0, 1, 0, 0, 0, -3, 0, -1, 3, 3, 0, 0)
(M,N)=(2,24)  Gamma11(2,12)  g=13  deg=9  has_func=True  modular_unit=(0, -2, 0, 0, 0, 0, 0, 1, 0, 0, -1, 1, 1, 0, 0, 0, 0, -1, 0, -2, 1, 1, 0, 0, -1, -1, 1, 0, 0, 0, 0, 0, 0, 0, 1, 0, 0, 1, 1, -1)

Summary for d=9: verified 42/42 pairs.
All pairs verified for d=9.

*Note: total execution time 26.355s