Magma V2.29-4     Mon May 18 2026 05:24:47 on mordell  [Seed = 1143245818]
Type ? for help.  Type <Ctrl>-D to quit.

Loading file "torsion_candidates.m"
Loading "common.m"
Computing candidate torsion groups for extensions of degree 7 over Q.
Pass 1 complete. Candidates remaining: 93
Pass 2 complete. Candidates remaining: 59
Additional pass complete. Removed (1, N) pairs excluded by DvH14. Candidates 
remaining: 43
--- Candidates for degree 7 (Total: 43) ---
  M =  1 : N in { 1, 2, 3, 4, 5, 6, 7, 8, 9, 10, 11, 12, 13, 14, 15, 16, 17, 18, 19, 20, 21, 22, 23, 24, 26, 27, 28, 30 }
  M =  2 : N in { 2, 4, 6, 8, 10, 12, 14, 16, 18, 20, 22, 24, 26, 28, 30 }

Computing candidate torsion groups for extensions of degree 8 over Q.
Pass 1 complete. Candidates remaining: 141
Pass 2 complete. Candidates remaining: 82
Additional pass complete. Removed (1, N) pairs excluded by DvH14. Candidates 
remaining: 65
--- Candidates for degree 8 (Total: 65) ---
  M =  1 : N in { 1, 2, 3, 4, 5, 6, 7, 8, 9, 10, 11, 12, 13, 14, 15, 16, 17, 18, 19, 20, 21, 22, 23, 24, 25, 26, 27, 28, 30, 32, 36 }
  M =  2 : N in { 2, 4, 6, 8, 10, 12, 14, 16, 18, 20, 22, 24, 26, 28, 30, 32, 44, 46 }
  M =  3 : N in { 3, 6, 9, 12, 15, 18 }
  M =  4 : N in { 4, 8, 12, 16 }
  M =  5 : N in { 5, 10 }
  M =  6 : N in { 6, 12 }
  M =  8 : N in { 8 }
  M = 10 : N in { 10 }

Computing candidate torsion groups for extensions of degree 9 over Q.
Pass 1 complete. Candidates remaining: 105
Pass 2 complete. Candidates remaining: 72
--- Candidates for degree 9 (Total: 72) ---
  M =  1 : N in { 1, 2, 3, 4, 5, 6, 7, 8, 9, 10, 11, 12, 13, 14, 15, 16, 17, 18, 19, 20, 21, 22, 23, 24, 25, 26, 27, 28, 29, 30, 31, 32, 33, 34, 35, 36, 37, 38, 39, 40, 41, 42, 43, 44, 45, 46, 48, 50, 53, 57, 58, 63 }
  M =  2 : N in { 2, 4, 6, 8, 10, 12, 14, 16, 18, 20, 22, 24, 26, 28, 30, 32, 34, 36, 44, 46 }


Total time: 0.000 seconds, Total memory usage: 32.09MB
