Magma V2.29-4     Mon Apr 27 2026 10:58:13 on mordell  [Seed = 4151420378]
Type ? for help.  Type <Ctrl>-D to quit.

Loading file "gonality_X1_53_pp_alt.m"
f := The polynomial from math.mit.edu/~drew/FFFc53.txt reduced mod 2
Adding divisors consisting of degree 1 places.
Added Profile A. Total so far: 1
Added Profile B. Total so far: 26
Added Profile C. Final list size: 326
-----------------------------------------
Doing a mock Riemann-Roch computation to build cache before running workers.
Mock computation finished.
Initiating parallel computation!!!
Starting macro 1 with 326 tasks across 24 workers...
Progress: 0.3068% (1/326) | Elapsed: 7270.1s | ETA: 2.3628E6s | Avg/Task/Core: 
1.7448E5s
Progress: 0.6135% (2/326) | Elapsed: 8533.2s | ETA: 1.3824E6s | Avg/Task/Core: 
1.0240E5s
Progress: 0.9202% (3/326) | Elapsed: 9694.8s | ETA: 1.0438E6s | Avg/Task/Core: 
77558.s
Progress: 1.227% (4/326) | Elapsed: 9814.5s | ETA: 7.9007E5s | Avg/Task/Core: 
58887.s
Progress: 1.534% (5/326) | Elapsed: 10036.s | ETA: 6.4431E5s | Avg/Task/Core: 
48172.s
Progress: 1.840% (6/326) | Elapsed: 10822.s | ETA: 5.7714E5s | Avg/Task/Core: 
43286.s
Progress: 2.147% (7/326) | Elapsed: 10964.s | ETA: 4.9964E5s | Avg/Task/Core: 
37591.s
Progress: 2.454% (8/326) | Elapsed: 11042.s | ETA: 4.3891E5s | Avg/Task/Core: 
33125.s
Progress: 2.761% (9/326) | Elapsed: 11414.s | ETA: 4.0203E5s | Avg/Task/Core: 
30438.s
Progress: 3.067% (10/326) | Elapsed: 11665.s | ETA: 3.6860E5s | Avg/Task/Core: 
27995.s
Progress: 3.374% (11/326) | Elapsed: 11766.s | ETA: 3.3694E5s | Avg/Task/Core: 
25672.s
Progress: 3.681% (12/326) | Elapsed: 12264.s | ETA: 3.2091E5s | Avg/Task/Core: 
24528.s
Progress: 3.988% (13/326) | Elapsed: 12656.s | ETA: 3.0472E5s | Avg/Task/Core: 
23365.s
Progress: 4.294% (14/326) | Elapsed: 13018.s | ETA: 2.9012E5s | Avg/Task/Core: 
22316.s
Progress: 4.601% (15/326) | Elapsed: 13438.s | ETA: 2.7860E5s | Avg/Task/Core: 
21500.s
Progress: 4.908% (16/326) | Elapsed: 14456.s | ETA: 2.8010E5s | Avg/Task/Core: 
21685.s
Progress: 5.215% (17/326) | Elapsed: 14525.s | ETA: 2.6401E5s | Avg/Task/Core: 
20506.s
Progress: 5.521% (18/326) | Elapsed: 15184.s | ETA: 2.5982E5s | Avg/Task/Core: 
20246.s
Progress: 5.828% (19/326) | Elapsed: 15504.s | ETA: 2.5051E5s | Avg/Task/Core: 
19584.s
Progress: 6.135% (20/326) | Elapsed: 15619.s | ETA: 2.3897E5s | Avg/Task/Core: 
18743.s
Progress: 6.442% (21/326) | Elapsed: 16818.s | ETA: 2.4426E5s | Avg/Task/Core: 
19221.s
Progress: 6.749% (22/326) | Elapsed: 16824.s | ETA: 2.3248E5s | Avg/Task/Core: 
18354.s
Progress: 7.055% (23/326) | Elapsed: 16973.s | ETA: 2.2360E5s | Avg/Task/Core: 
17711.s
Progress: 7.362% (24/326) | Elapsed: 16998.s | ETA: 2.1389E5s | Avg/Task/Core: 
16998.s
Progress: 7.669% (25/326) | Elapsed: 17080.s | ETA: 2.0564E5s | Avg/Task/Core: 
16397.s
Progress: 7.976% (26/326) | Elapsed: 17668.s | ETA: 2.0386E5s | Avg/Task/Core: 
16309.s
Progress: 8.282% (27/326) | Elapsed: 18032.s | ETA: 1.9968E5s | Avg/Task/Core: 
16028.s
Progress: 8.589% (28/326) | Elapsed: 18198.s | ETA: 1.9369E5s | Avg/Task/Core: 
15599.s
Progress: 8.896% (29/326) | Elapsed: 18623.s | ETA: 1.9073E5s | Avg/Task/Core: 
15412.s
Progress: 9.202% (30/326) | Elapsed: 19024.s | ETA: 1.8770E5s | Avg/Task/Core: 
15219.s
Progress: 9.509% (31/326) | Elapsed: 19584.s | ETA: 1.8636E5s | Avg/Task/Core: 
15162.s
Progress: 9.816% (32/326) | Elapsed: 19672.s | ETA: 1.8073E5s | Avg/Task/Core: 
14754.s
Progress: 10.12% (33/326) | Elapsed: 19705.s | ETA: 1.7495E5s | Avg/Task/Core: 
14331.s
Progress: 10.43% (34/326) | Elapsed: 20318.s | ETA: 1.7449E5s | Avg/Task/Core: 
14342.s
Progress: 10.74% (35/326) | Elapsed: 21246.s | ETA: 1.7664E5s | Avg/Task/Core: 
14568.s
Progress: 11.04% (36/326) | Elapsed: 21706.s | ETA: 1.7486E5s | Avg/Task/Core: 
14471.s
Progress: 11.35% (37/326) | Elapsed: 21780.s | ETA: 1.7012E5s | Avg/Task/Core: 
14128.s
Progress: 11.66% (38/326) | Elapsed: 21815.s | ETA: 1.6533E5s | Avg/Task/Core: 
13778.s
Progress: 11.96% (39/326) | Elapsed: 22943.s | ETA: 1.6883E5s | Avg/Task/Core: 
14119.s
Progress: 12.27% (40/326) | Elapsed: 22950.s | ETA: 1.6410E5s | Avg/Task/Core: 
13770.s
Progress: 12.58% (41/326) | Elapsed: 23193.s | ETA: 1.6122E5s | Avg/Task/Core: 
13576.s
Progress: 12.88% (42/326) | Elapsed: 23266.s | ETA: 1.5733E5s | Avg/Task/Core: 
13295.s
Progress: 13.19% (43/326) | Elapsed: 23318.s | ETA: 1.5347E5s | Avg/Task/Core: 
13015.s
Progress: 13.50% (44/326) | Elapsed: 23509.s | ETA: 1.5067E5s | Avg/Task/Core: 
12823.s
Progress: 13.80% (45/326) | Elapsed: 23831.s | ETA: 1.4881E5s | Avg/Task/Core: 
12710.s
Progress: 14.11% (46/326) | Elapsed: 24915.s | ETA: 1.5166E5s | Avg/Task/Core: 
12999.s
Progress: 14.42% (47/326) | Elapsed: 25183.s | ETA: 1.4949E5s | Avg/Task/Core: 
12860.s
Progress: 14.72% (48/326) | Elapsed: 25269.s | ETA: 1.4635E5s | Avg/Task/Core: 
12635.s
Progress: 15.03% (49/326) | Elapsed: 25522.s | ETA: 1.4428E5s | Avg/Task/Core: 
12501.s
Progress: 15.34% (50/326) | Elapsed: 25949.s | ETA: 1.4324E5s | Avg/Task/Core: 
12456.s
Progress: 15.64% (51/326) | Elapsed: 28015.s | ETA: 1.5106E5s | Avg/Task/Core: 
13184.s
Progress: 15.95% (52/326) | Elapsed: 28108.s | ETA: 1.4811E5s | Avg/Task/Core: 
12973.s
Progress: 16.26% (53/326) | Elapsed: 28991.s | ETA: 1.4933E5s | Avg/Task/Core: 
13128.s
Progress: 16.56% (54/326) | Elapsed: 29390.s | ETA: 1.4804E5s | Avg/Task/Core: 
13062.s
Progress: 16.87% (55/326) | Elapsed: 29762.s | ETA: 1.4665E5s | Avg/Task/Core: 
12987.s
Progress: 17.18% (56/326) | Elapsed: 30484.s | ETA: 1.4698E5s | Avg/Task/Core: 
13064.s
Progress: 17.48% (57/326) | Elapsed: 30494.s | ETA: 1.4391E5s | Avg/Task/Core: 
12840.s
Progress: 17.79% (58/326) | Elapsed: 30650.s | ETA: 1.4162E5s | Avg/Task/Core: 
12683.s
Progress: 18.10% (59/326) | Elapsed: 31398.s | ETA: 1.4209E5s | Avg/Task/Core: 
12772.s
Progress: 18.40% (60/326) | Elapsed: 31542.s | ETA: 1.3984E5s | Avg/Task/Core: 
12617.s
Progress: 18.71% (61/326) | Elapsed: 31555.s | ETA: 1.3708E5s | Avg/Task/Core: 
12415.s
Progress: 19.02% (62/326) | Elapsed: 31729.s | ETA: 1.3510E5s | Avg/Task/Core: 
12282.s
Progress: 19.32% (63/326) | Elapsed: 32341.s | ETA: 1.3501E5s | Avg/Task/Core: 
12320.s
Progress: 19.63% (64/326) | Elapsed: 32707.s | ETA: 1.3390E5s | Avg/Task/Core: 
12265.s
Progress: 19.94% (65/326) | Elapsed: 32908.s | ETA: 1.3214E5s | Avg/Task/Core: 
12151.s
Progress: 20.25% (66/326) | Elapsed: 33317.s | ETA: 1.3125E5s | Avg/Task/Core: 
12115.s
Progress: 20.55% (67/326) | Elapsed: 34804.s | ETA: 1.3454E5s | Avg/Task/Core: 
12467.s
Progress: 20.86% (68/326) | Elapsed: 35499.s | ETA: 1.3469E5s | Avg/Task/Core: 
12529.s
Progress: 21.17% (69/326) | Elapsed: 35544.s | ETA: 1.3239E5s | Avg/Task/Core: 
12363.s
Progress: 21.47% (70/326) | Elapsed: 36294.s | ETA: 1.3273E5s | Avg/Task/Core: 
12444.s
Progress: 21.78% (71/326) | Elapsed: 36468.s | ETA: 1.3098E5s | Avg/Task/Core: 
12327.s
Progress: 22.09% (72/326) | Elapsed: 36648.s | ETA: 1.2928E5s | Avg/Task/Core: 
12216.s
Progress: 22.39% (73/326) | Elapsed: 36800.s | ETA: 1.2754E5s | Avg/Task/Core: 
12099.s
Progress: 22.70% (74/326) | Elapsed: 36886.s | ETA: 1.2561E5s | Avg/Task/Core: 
11963.s
Progress: 23.01% (75/326) | Elapsed: 37009.s | ETA: 1.2386E5s | Avg/Task/Core: 
11843.s
Progress: 23.31% (76/326) | Elapsed: 38199.s | ETA: 1.2566E5s | Avg/Task/Core: 
12063.s
Progress: 23.62% (77/326) | Elapsed: 38277.s | ETA: 1.2378E5s | Avg/Task/Core: 
11930.s
Progress: 23.93% (78/326) | Elapsed: 38506.s | ETA: 1.2243E5s | Avg/Task/Core: 
11848.s
Progress: 24.23% (79/326) | Elapsed: 38840.s | ETA: 1.2144E5s | Avg/Task/Core: 
11800.s
Progress: 24.54% (80/326) | Elapsed: 38880.s | ETA: 1.1955E5s | Avg/Task/Core: 
11664.s
Progress: 24.85% (81/326) | Elapsed: 39106.s | ETA: 1.1828E5s | Avg/Task/Core: 
11587.s
Progress: 25.15% (82/326) | Elapsed: 39118.s | ETA: 1.1640E5s | Avg/Task/Core: 
11449.s
Progress: 25.46% (83/326) | Elapsed: 39348.s | ETA: 1.1520E5s | Avg/Task/Core: 
11378.s
Progress: 25.77% (84/326) | Elapsed: 39628.s | ETA: 1.1417E5s | Avg/Task/Core: 
11322.s
Progress: 26.07% (85/326) | Elapsed: 40337.s | ETA: 1.1437E5s | Avg/Task/Core: 
11389.s
Progress: 26.38% (86/326) | Elapsed: 40629.s | ETA: 1.1338E5s | Avg/Task/Core: 
11338.s
Progress: 26.69% (87/326) | Elapsed: 40700.s | ETA: 1.1181E5s | Avg/Task/Core: 
11228.s
Progress: 26.99% (88/326) | Elapsed: 40997.s | ETA: 1.1088E5s | Avg/Task/Core: 
11181.s
Progress: 27.30% (89/326) | Elapsed: 41103.s | ETA: 1.0945E5s | Avg/Task/Core: 
11084.s
Progress: 27.61% (90/326) | Elapsed: 41132.s | ETA: 1.0786E5s | Avg/Task/Core: 
10968.s
Progress: 27.91% (91/326) | Elapsed: 41714.s | ETA: 1.0772E5s | Avg/Task/Core: 
11002.s
Progress: 28.22% (92/326) | Elapsed: 42432.s | ETA: 1.0792E5s | Avg/Task/Core: 
11069.s
Progress: 28.53% (93/326) | Elapsed: 43125.s | ETA: 1.0804E5s | Avg/Task/Core: 
11129.s
Progress: 28.83% (94/326) | Elapsed: 43200.s | ETA: 1.0662E5s | Avg/Task/Core: 
11030.s
Progress: 29.14% (95/326) | Elapsed: 44081.s | ETA: 1.0719E5s | Avg/Task/Core: 
11136.s
Progress: 29.45% (96/326) | Elapsed: 44763.s | ETA: 1.0724E5s | Avg/Task/Core: 
11191.s
Progress: 29.75% (97/326) | Elapsed: 45069.s | ETA: 1.0640E5s | Avg/Task/Core: 
11151.s
Progress: 30.06% (98/326) | Elapsed: 45108.s | ETA: 1.0494E5s | Avg/Task/Core: 
11047.s
Progress: 30.37% (99/326) | Elapsed: 45527.s | ETA: 1.0439E5s | Avg/Task/Core: 
11037.s
Progress: 30.68% (100/326) | Elapsed: 46050.s | ETA: 1.0407E5s | Avg/Task/Core: 
11052.s
Progress: 30.98% (101/326) | Elapsed: 46174.s | ETA: 1.0286E5s | Avg/Task/Core: 
10972.s
Progress: 31.29% (102/326) | Elapsed: 46186.s | ETA: 1.0143E5s | Avg/Task/Core: 
10867.s
Progress: 31.60% (103/326) | Elapsed: 46389.s | ETA: 1.0044E5s | Avg/Task/Core: 
10809.s
Progress: 31.90% (104/326) | Elapsed: 47125.s | ETA: 1.0059E5s | Avg/Task/Core: 
10875.s
Progress: 32.21% (105/326) | Elapsed: 47182.s | ETA: 99307.s | Avg/Task/Core: 
10784.s
Progress: 32.52% (106/326) | Elapsed: 47209.s | ETA: 97981.s | Avg/Task/Core: 
10689.s
Progress: 32.82% (107/326) | Elapsed: 47758.s | ETA: 97747.s | Avg/Task/Core: 
10712.s
Progress: 33.13% (108/326) | Elapsed: 48202.s | ETA: 97297.s | Avg/Task/Core: 
10712.s
Progress: 33.44% (109/326) | Elapsed: 48432.s | ETA: 96418.s | Avg/Task/Core: 
10664.s
Progress: 33.74% (110/326) | Elapsed: 48524.s | ETA: 95282.s | Avg/Task/Core: 
10587.s
Progress: 34.05% (111/326) | Elapsed: 49244.s | ETA: 95383.s | Avg/Task/Core: 
10647.s
Progress: 34.36% (112/326) | Elapsed: 49327.s | ETA: 94250.s | Avg/Task/Core: 
10570.s
Progress: 34.66% (113/326) | Elapsed: 49364.s | ETA: 93050.s | Avg/Task/Core: 
10484.s
Progress: 34.97% (114/326) | Elapsed: 49436.s | ETA: 91933.s | Avg/Task/Core: 
10408.s
Progress: 35.28% (115/326) | Elapsed: 49917.s | ETA: 91587.s | Avg/Task/Core: 
10418.s
Progress: 35.58% (116/326) | Elapsed: 50038.s | ETA: 90585.s | Avg/Task/Core: 
10353.s
Progress: 35.89% (117/326) | Elapsed: 50137.s | ETA: 89561.s | Avg/Task/Core: 
10284.s
Progress: 36.20% (118/326) | Elapsed: 51968.s | ETA: 91604.s | Avg/Task/Core: 
10570.s
Progress: 36.50% (119/326) | Elapsed: 52310.s | ETA: 90992.s | Avg/Task/Core: 
10550.s
Progress: 36.81% (120/326) | Elapsed: 52812.s | ETA: 90660.s | Avg/Task/Core: 
10562.s
Progress: 37.12% (121/326) | Elapsed: 53366.s | ETA: 90413.s | Avg/Task/Core: 
10585.s
Progress: 37.42% (122/326) | Elapsed: 54722.s | ETA: 91502.s | Avg/Task/Core: 
10765.s
Progress: 37.73% (123/326) | Elapsed: 55028.s | ETA: 90819.s | Avg/Task/Core: 
10737.s
Progress: 38.04% (124/326) | Elapsed: 55252.s | ETA: 90008.s | Avg/Task/Core: 
10694.s
Progress: 38.34% (125/326) | Elapsed: 55360.s | ETA: 89020.s | Avg/Task/Core: 
10629.s
Progress: 38.65% (126/326) | Elapsed: 55506.s | ETA: 88106.s | Avg/Task/Core: 
10573.s
Progress: 38.96% (127/326) | Elapsed: 55539.s | ETA: 87025.s | Avg/Task/Core: 
10496.s
Progress: 39.27% (128/326) | Elapsed: 55867.s | ETA: 86419.s | Avg/Task/Core: 
10475.s
Progress: 39.57% (129/326) | Elapsed: 56462.s | ETA: 86224.s | Avg/Task/Core: 
10504.s
Progress: 39.88% (130/326) | Elapsed: 57134.s | ETA: 86141.s | Avg/Task/Core: 
10548.s
Progress: 40.18% (131/326) | Elapsed: 57318.s | ETA: 85320.s | Avg/Task/Core: 
10501.s
Progress: 40.49% (132/326) | Elapsed: 58540.s | ETA: 86037.s | Avg/Task/Core: 
10644.s
Progress: 40.80% (133/326) | Elapsed: 58664.s | ETA: 85130.s | Avg/Task/Core: 
10586.s
Progress: 41.11% (134/326) | Elapsed: 59112.s | ETA: 84698.s | Avg/Task/Core: 
10587.s
Progress: 41.41% (135/326) | Elapsed: 59436.s | ETA: 84091.s | Avg/Task/Core: 
10566.s
Progress: 41.72% (136/326) | Elapsed: 59658.s | ETA: 83346.s | Avg/Task/Core: 
10528.s
Progress: 42.02% (137/326) | Elapsed: 60502.s | ETA: 83467.s | Avg/Task/Core: 
10599.s
Progress: 42.33% (138/326) | Elapsed: 61562.s | ETA: 83866.s | Avg/Task/Core: 
10706.s
Progress: 42.64% (139/326) | Elapsed: 61859.s | ETA: 83220.s | Avg/Task/Core: 
10681.s
Progress: 42.95% (140/326) | Elapsed: 61910.s | ETA: 82252.s | Avg/Task/Core: 
10613.s
Progress: 43.25% (141/326) | Elapsed: 61920.s | ETA: 81242.s | Avg/Task/Core: 
10540.s
Progress: 43.56% (142/326) | Elapsed: 62054.s | ETA: 80407.s | Avg/Task/Core: 
10488.s
Progress: 43.86% (143/326) | Elapsed: 62318.s | ETA: 79750.s | Avg/Task/Core: 
10459.s
Progress: 44.17% (144/326) | Elapsed: 63106.s | ETA: 79759.s | Avg/Task/Core: 
10518.s
Progress: 44.48% (145/326) | Elapsed: 63230.s | ETA: 78928.s | Avg/Task/Core: 
10466.s
Progress: 44.79% (146/326) | Elapsed: 63342.s | ETA: 78092.s | Avg/Task/Core: 
10412.s
Progress: 45.09% (147/326) | Elapsed: 63647.s | ETA: 77502.s | Avg/Task/Core: 
10391.s
Progress: 45.40% (148/326) | Elapsed: 64133.s | ETA: 77133.s | Avg/Task/Core: 
10400.s
Progress: 45.71% (149/326) | Elapsed: 65153.s | ETA: 77396.s | Avg/Task/Core: 
10494.s
Progress: 46.01% (150/326) | Elapsed: 65290.s | ETA: 76607.s | Avg/Task/Core: 
10446.s
Progress: 46.32% (151/326) | Elapsed: 66317.s | ETA: 76858.s | Avg/Task/Core: 
10540.s
Progress: 46.62% (152/326) | Elapsed: 66501.s | ETA: 76126.s | Avg/Task/Core: 
10500.s
Progress: 46.93% (153/326) | Elapsed: 66918.s | ETA: 75665.s | Avg/Task/Core: 
10497.s
Progress: 47.24% (154/326) | Elapsed: 67534.s | ETA: 75427.s | Avg/Task/Core: 
10525.s
Progress: 47.55% (155/326) | Elapsed: 67700.s | ETA: 74689.s | Avg/Task/Core: 
10483.s
Progress: 47.85% (156/326) | Elapsed: 68465.s | ETA: 74609.s | Avg/Task/Core: 
10533.s
Progress: 48.16% (157/326) | Elapsed: 69204.s | ETA: 74493.s | Avg/Task/Core: 
10579.s
Progress: 48.46% (158/326) | Elapsed: 69240.s | ETA: 73622.s | Avg/Task/Core: 
10517.s
Progress: 48.77% (159/326) | Elapsed: 69336.s | ETA: 72825.s | Avg/Task/Core: 
10466.s
Progress: 49.08% (160/326) | Elapsed: 69588.s | ETA: 72198.s | Avg/Task/Core: 
10438.s
Progress: 49.39% (161/326) | Elapsed: 71263.s | ETA: 73034.s | Avg/Task/Core: 
10623.s
Progress: 49.69% (162/326) | Elapsed: 71777.s | ETA: 72663.s | Avg/Task/Core: 
10634.s
Progress: 50.00% (163/326) | Elapsed: 72072.s | ETA: 72072.s | Avg/Task/Core: 
10612.s
Progress: 50.31% (164/326) | Elapsed: 72285.s | ETA: 71404.s | Avg/Task/Core: 
10578.s
Progress: 50.61% (165/326) | Elapsed: 72328.s | ETA: 70575.s | Avg/Task/Core: 
10520.s
Progress: 50.92% (166/326) | Elapsed: 72357.s | ETA: 69742.s | Avg/Task/Core: 
10461.s
Progress: 51.23% (167/326) | Elapsed: 72803.s | ETA: 69315.s | Avg/Task/Core: 
10463.s
Progress: 51.54% (168/326) | Elapsed: 73800.s | ETA: 69407.s | Avg/Task/Core: 
10543.s
Progress: 51.84% (169/326) | Elapsed: 73854.s | ETA: 68610.s | Avg/Task/Core: 
10488.s
Progress: 52.15% (170/326) | Elapsed: 74225.s | ETA: 68113.s | Avg/Task/Core: 
10479.s
Progress: 52.45% (171/326) | Elapsed: 74355.s | ETA: 67398.s | Avg/Task/Core: 
10436.s
Progress: 52.76% (172/326) | Elapsed: 74469.s | ETA: 66676.s | Avg/Task/Core: 
10391.s
Progress: 53.07% (173/326) | Elapsed: 74704.s | ETA: 66068.s | Avg/Task/Core: 
10364.s
Progress: 53.38% (174/326) | Elapsed: 74885.s | ETA: 65417.s | Avg/Task/Core: 
10329.s
Progress: 53.68% (175/326) | Elapsed: 75209.s | ETA: 64894.s | Avg/Task/Core: 
10314.s
Progress: 53.99% (176/326) | Elapsed: 75971.s | ETA: 64748.s | Avg/Task/Core: 
10360.s
Progress: 54.29% (177/326) | Elapsed: 76015.s | ETA: 63990.s | Avg/Task/Core: 
10307.s
Progress: 54.60% (178/326) | Elapsed: 76334.s | ETA: 63469.s | Avg/Task/Core: 
10292.s
Progress: 54.91% (179/326) | Elapsed: 76728.s | ETA: 63012.s | Avg/Task/Core: 
10288.s
Progress: 55.21% (180/326) | Elapsed: 77150.s | ETA: 62577.s | Avg/Task/Core: 
10287.s
Progress: 55.52% (181/326) | Elapsed: 77683.s | ETA: 62232.s | Avg/Task/Core: 
10300.s
Progress: 55.83% (182/326) | Elapsed: 78034.s | ETA: 61741.s | Avg/Task/Core: 
10290.s
Progress: 56.14% (183/326) | Elapsed: 78168.s | ETA: 61082.s | Avg/Task/Core: 
10252.s
Progress: 56.44% (184/326) | Elapsed: 78506.s | ETA: 60586.s | Avg/Task/Core: 
10240.s
Progress: 56.75% (185/326) | Elapsed: 79627.s | ETA: 60688.s | Avg/Task/Core: 
10330.s
Progress: 57.05% (186/326) | Elapsed: 79989.s | ETA: 60207.s | Avg/Task/Core: 
10321.s
Progress: 57.36% (187/326) | Elapsed: 79996.s | ETA: 59462.s | Avg/Task/Core: 
10267.s
Progress: 57.67% (188/326) | Elapsed: 80116.s | ETA: 58808.s | Avg/Task/Core: 
10228.s
Progress: 57.98% (189/326) | Elapsed: 81350.s | ETA: 58968.s | Avg/Task/Core: 
10330.s
Progress: 58.28% (190/326) | Elapsed: 81721.s | ETA: 58495.s | Avg/Task/Core: 
10323.s
Progress: 58.59% (191/326) | Elapsed: 81892.s | ETA: 57882.s | Avg/Task/Core: 
10290.s
Progress: 58.89% (192/326) | Elapsed: 82037.s | ETA: 57256.s | Avg/Task/Core: 
10255.s
Progress: 59.20% (193/326) | Elapsed: 82318.s | ETA: 56726.s | Avg/Task/Core: 
10236.s
Progress: 59.51% (194/326) | Elapsed: 82668.s | ETA: 56248.s | Avg/Task/Core: 
10227.s
Progress: 59.82% (195/326) | Elapsed: 82983.s | ETA: 55748.s | Avg/Task/Core: 
10213.s
Progress: 60.12% (196/326) | Elapsed: 83636.s | ETA: 55472.s | Avg/Task/Core: 
10241.s
Progress: 60.43% (197/326) | Elapsed: 84401.s | ETA: 55268.s | Avg/Task/Core: 
10282.s
Progress: 60.73% (198/326) | Elapsed: 84734.s | ETA: 54778.s | Avg/Task/Core: 
10271.s
Progress: 61.04% (199/326) | Elapsed: 85193.s | ETA: 54370.s | Avg/Task/Core: 
10274.s
Progress: 61.35% (200/326) | Elapsed: 85472.s | ETA: 53848.s | Avg/Task/Core: 
10257.s
Progress: 61.66% (201/326) | Elapsed: 85650.s | ETA: 53265.s | Avg/Task/Core: 
10227.s
Progress: 61.96% (202/326) | Elapsed: 85696.s | ETA: 52606.s | Avg/Task/Core: 
10182.s
Progress: 62.27% (203/326) | Elapsed: 85778.s | ETA: 51974.s | Avg/Task/Core: 
10141.s
Progress: 62.58% (204/326) | Elapsed: 86050.s | ETA: 51461.s | Avg/Task/Core: 
10124.s
Progress: 62.88% (205/326) | Elapsed: 86152.s | ETA: 50850.s | Avg/Task/Core: 
10086.s
Progress: 63.19% (206/326) | Elapsed: 87018.s | ETA: 50690.s | Avg/Task/Core: 
10138.s
Progress: 63.50% (207/326) | Elapsed: 87407.s | ETA: 50248.s | Avg/Task/Core: 
10134.s
Progress: 63.80% (208/326) | Elapsed: 88056.s | ETA: 49955.s | Avg/Task/Core: 
10160.s
Progress: 64.11% (209/326) | Elapsed: 88160.s | ETA: 49352.s | Avg/Task/Core: 
10124.s
Progress: 64.41% (210/326) | Elapsed: 88195.s | ETA: 48718.s | Avg/Task/Core: 
10079.s
Progress: 64.73% (211/326) | Elapsed: 88813.s | ETA: 48406.s | Avg/Task/Core: 
10102.s
Progress: 65.03% (212/326) | Elapsed: 89464.s | ETA: 48108.s | Avg/Task/Core: 
10128.s
Progress: 65.34% (213/326) | Elapsed: 90625.s | ETA: 48078.s | Avg/Task/Core: 
10211.s
Progress: 65.64% (214/326) | Elapsed: 90866.s | ETA: 47556.s | Avg/Task/Core: 
10191.s
Progress: 65.95% (215/326) | Elapsed: 90920.s | ETA: 46940.s | Avg/Task/Core: 
10149.s
Progress: 66.26% (216/326) | Elapsed: 91401.s | ETA: 46546.s | Avg/Task/Core: 
10156.s
Progress: 66.56% (217/326) | Elapsed: 92354.s | ETA: 46390.s | Avg/Task/Core: 
10214.s
Progress: 66.88% (218/326) | Elapsed: 92503.s | ETA: 45827.s | Avg/Task/Core: 
10184.s
Progress: 67.18% (219/326) | Elapsed: 92976.s | ETA: 45427.s | Avg/Task/Core: 
10189.s
Progress: 67.48% (220/326) | Elapsed: 93035.s | ETA: 44826.s | Avg/Task/Core: 
10149.s
Progress: 67.79% (221/326) | Elapsed: 93304.s | ETA: 44330.s | Avg/Task/Core: 
10133.s
Progress: 68.10% (222/326) | Elapsed: 93430.s | ETA: 43769.s | Avg/Task/Core: 
10101.s
Progress: 68.41% (223/326) | Elapsed: 94007.s | ETA: 43420.s | Avg/Task/Core: 
10117.s
Progress: 68.71% (224/326) | Elapsed: 94055.s | ETA: 42828.s | Avg/Task/Core: 
10077.s
Progress: 69.02% (225/326) | Elapsed: 94225.s | ETA: 42296.s | Avg/Task/Core: 
10051.s
Progress: 69.33% (226/326) | Elapsed: 94694.s | ETA: 41900.s | Avg/Task/Core: 
10056.s
Progress: 69.63% (227/326) | Elapsed: 95173.s | ETA: 41507.s | Avg/Task/Core: 
10062.s
Progress: 69.94% (228/326) | Elapsed: 96195.s | ETA: 41347.s | Avg/Task/Core: 
10126.s
Progress: 70.24% (229/326) | Elapsed: 96209.s | ETA: 40752.s | Avg/Task/Core: 
10083.s
Progress: 70.55% (230/326) | Elapsed: 96339.s | ETA: 40211.s | Avg/Task/Core: 
10053.s
Progress: 70.86% (231/326) | Elapsed: 96341.s | ETA: 39621.s | Avg/Task/Core: 
10010.s
Progress: 71.16% (232/326) | Elapsed: 96748.s | ETA: 39200.s | Avg/Task/Core: 
10008.s
Progress: 71.47% (233/326) | Elapsed: 96977.s | ETA: 38708.s | Avg/Task/Core: 
9989.1s
Progress: 71.78% (234/326) | Elapsed: 97254.s | ETA: 38237.s | Avg/Task/Core: 
9974.8s
Progress: 72.09% (235/326) | Elapsed: 98662.s | ETA: 38206.s | Avg/Task/Core: 
10076.s
Progress: 72.39% (236/326) | Elapsed: 99317.s | ETA: 37875.s | Avg/Task/Core: 
10100.s
Progress: 72.70% (237/326) | Elapsed: 99605.s | ETA: 37404.s | Avg/Task/Core: 
10087.s
Progress: 73.01% (238/326) | Elapsed: 1.0003E5s | ETA: 36985.s | Avg/Task/Core: 
10087.s
Progress: 73.31% (239/326) | Elapsed: 1.0010E5s | ETA: 36440.s | Avg/Task/Core: 
10052.s
Progress: 73.62% (240/326) | Elapsed: 1.0076E5s | ETA: 36108.s | Avg/Task/Core: 
10076.s
Progress: 73.93% (241/326) | Elapsed: 1.0114E5s | ETA: 35670.s | Avg/Task/Core: 
10072.s
Progress: 74.23% (242/326) | Elapsed: 1.0124E5s | ETA: 35140.s | Avg/Task/Core: 
10040.s
Progress: 74.54% (243/326) | Elapsed: 1.0253E5s | ETA: 35020.s | Avg/Task/Core: 
10126.s
Progress: 74.84% (244/326) | Elapsed: 1.0260E5s | ETA: 34480.s | Avg/Task/Core: 
10092.s
Progress: 75.16% (245/326) | Elapsed: 1.0284E5s | ETA: 34002.s | Avg/Task/Core: 
10075.s
Progress: 75.46% (246/326) | Elapsed: 1.0292E5s | ETA: 33472.s | Avg/Task/Core: 
10042.s
Progress: 75.77% (247/326) | Elapsed: 1.0310E5s | ETA: 32974.s | Avg/Task/Core: 
10017.s
Progress: 76.07% (248/326) | Elapsed: 1.0386E5s | ETA: 32666.s | Avg/Task/Core: 
10051.s
Progress: 76.38% (249/326) | Elapsed: 1.0470E5s | ETA: 32376.s | Avg/Task/Core: 
10091.s
Progress: 76.69% (250/326) | Elapsed: 1.0490E5s | ETA: 31888.s | Avg/Task/Core: 
10070.s
Progress: 76.99% (251/326) | Elapsed: 1.0511E5s | ETA: 31408.s | Avg/Task/Core: 
10050.s
Progress: 77.30% (252/326) | Elapsed: 1.0527E5s | ETA: 30914.s | Avg/Task/Core: 
10026.s
Progress: 77.61% (253/326) | Elapsed: 1.0566E5s | ETA: 30486.s | Avg/Task/Core: 
10023.s
Progress: 77.91% (254/326) | Elapsed: 1.0588E5s | ETA: 30014.s | Avg/Task/Core: 
10005.s
Progress: 78.22% (255/326) | Elapsed: 1.0660E5s | ETA: 29680.s | Avg/Task/Core: 
10032.s
Progress: 78.53% (256/326) | Elapsed: 1.0698E5s | ETA: 29253.s | Avg/Task/Core: 
10030.s
Progress: 78.84% (257/326) | Elapsed: 1.0763E5s | ETA: 28896.s | Avg/Task/Core: 
10051.s
Progress: 79.14% (258/326) | Elapsed: 1.0813E5s | ETA: 28499.s | Avg/Task/Core: 
10058.s
Progress: 79.45% (259/326) | Elapsed: 1.0820E5s | ETA: 27989.s | Avg/Task/Core: 
10026.s
Progress: 79.76% (260/326) | Elapsed: 1.0833E5s | ETA: 27500.s | Avg/Task/Core: 
9999.9s
Progress: 80.06% (261/326) | Elapsed: 1.0867E5s | ETA: 27062.s | Avg/Task/Core: 
9992.4s
Progress: 80.37% (262/326) | Elapsed: 1.0925E5s | ETA: 26686.s | Avg/Task/Core: 
10008.s
Progress: 80.67% (263/326) | Elapsed: 1.0952E5s | ETA: 26234.s | Avg/Task/Core: 
9994.0s
Progress: 80.98% (264/326) | Elapsed: 1.0986E5s | ETA: 25800.s | Avg/Task/Core: 
9987.2s
Progress: 81.29% (265/326) | Elapsed: 1.1063E5s | ETA: 25465.s | Avg/Task/Core: 
10019.s
Progress: 81.59% (266/326) | Elapsed: 1.1149E5s | ETA: 25147.s | Avg/Task/Core: 
10059.s
Progress: 81.90% (267/326) | Elapsed: 1.1190E5s | ETA: 24727.s | Avg/Task/Core: 
10058.s
Progress: 82.21% (268/326) | Elapsed: 1.1194E5s | ETA: 24226.s | Avg/Task/Core: 
10025.s
Progress: 82.52% (269/326) | Elapsed: 1.1233E5s | ETA: 23802.s | Avg/Task/Core: 
10022.s
Progress: 82.82% (270/326) | Elapsed: 1.1338E5s | ETA: 23516.s | Avg/Task/Core: 
10078.s
Progress: 83.12% (271/326) | Elapsed: 1.1348E5s | ETA: 23032.s | Avg/Task/Core: 
10050.s
Progress: 83.44% (272/326) | Elapsed: 1.1381E5s | ETA: 22595.s | Avg/Task/Core: 
10042.s
Progress: 83.74% (273/326) | Elapsed: 1.1389E5s | ETA: 22110.s | Avg/Task/Core: 
10012.s
Progress: 84.05% (274/326) | Elapsed: 1.1415E5s | ETA: 21664.s | Avg/Task/Core: 
9998.9s
Progress: 84.36% (275/326) | Elapsed: 1.1435E5s | ETA: 21207.s | Avg/Task/Core: 
9979.9s
Progress: 84.66% (276/326) | Elapsed: 1.1496E5s | ETA: 20826.s | Avg/Task/Core: 
9996.4s
Progress: 84.97% (277/326) | Elapsed: 1.1529E5s | ETA: 20394.s | Avg/Task/Core: 
9988.8s
Progress: 85.27% (278/326) | Elapsed: 1.1544E5s | ETA: 19932.s | Avg/Task/Core: 
9965.9s
Progress: 85.59% (279/326) | Elapsed: 1.1549E5s | ETA: 19455.s | Avg/Task/Core: 
9934.6s
Progress: 85.89% (280/326) | Elapsed: 1.1598E5s | ETA: 19054.s | Avg/Task/Core: 
9941.1s
Progress: 86.20% (281/326) | Elapsed: 1.1601E5s | ETA: 18578.s | Avg/Task/Core: 
9908.4s
Progress: 86.50% (282/326) | Elapsed: 1.1658E5s | ETA: 18189.s | Avg/Task/Core: 
9921.4s
Progress: 86.81% (283/326) | Elapsed: 1.1713E5s | ETA: 17798.s | Avg/Task/Core: 
9933.6s
Progress: 87.12% (284/326) | Elapsed: 1.1725E5s | ETA: 17340.s | Avg/Task/Core: 
9908.2s
Progress: 87.42% (285/326) | Elapsed: 1.1871E5s | ETA: 17078.s | Avg/Task/Core: 
9996.8s
Progress: 87.73% (286/326) | Elapsed: 1.1894E5s | ETA: 16636.s | Avg/Task/Core: 
9981.4s
Progress: 88.04% (287/326) | Elapsed: 1.1950E5s | ETA: 16238.s | Avg/Task/Core: 
9992.6s
Progress: 88.34% (288/326) | Elapsed: 1.1975E5s | ETA: 15800.s | Avg/Task/Core: 
9979.1s
Progress: 88.65% (289/326) | Elapsed: 1.1982E5s | ETA: 15341.s | Avg/Task/Core: 
9950.9s
Progress: 88.96% (290/326) | Elapsed: 1.1986E5s | ETA: 14879.s | Avg/Task/Core: 
9919.5s
Progress: 89.27% (291/326) | Elapsed: 1.2021E5s | ETA: 14459.s | Avg/Task/Core: 
9914.5s
Progress: 89.57% (292/326) | Elapsed: 1.2091E5s | ETA: 14079.s | Avg/Task/Core: 
9938.1s
Progress: 89.88% (293/326) | Elapsed: 1.2188E5s | ETA: 13727.s | Avg/Task/Core: 
9983.5s
Progress: 90.19% (294/326) | Elapsed: 1.2228E5s | ETA: 13309.s | Avg/Task/Core: 
9982.0s
Progress: 90.49% (295/326) | Elapsed: 1.2246E5s | ETA: 12868.s | Avg/Task/Core: 
9962.6s
Progress: 90.80% (296/326) | Elapsed: 1.2337E5s | ETA: 12503.s | Avg/Task/Core: 
10003.s
Progress: 91.10% (297/326) | Elapsed: 1.2351E5s | ETA: 12060.s | Avg/Task/Core: 
9980.4s
Progress: 91.41% (298/326) | Elapsed: 1.2360E5s | ETA: 11613.s | Avg/Task/Core: 
9954.4s
Progress: 91.72% (299/326) | Elapsed: 1.2376E5s | ETA: 11176.s | Avg/Task/Core: 
9934.1s
Progress: 92.02% (300/326) | Elapsed: 1.2410E5s | ETA: 10756.s | Avg/Task/Core: 
9928.2s
Progress: 92.33% (301/326) | Elapsed: 1.2426E5s | ETA: 10321.s | Avg/Task/Core: 
9908.0s
Progress: 92.64% (302/326) | Elapsed: 1.2428E5s | ETA: 9876.2s | Avg/Task/Core: 
9876.2s
Progress: 92.95% (303/326) | Elapsed: 1.2491E5s | ETA: 9481.8s | Avg/Task/Core: 
9894.0s
Progress: 93.25% (304/326) | Elapsed: 1.2596E5s | ETA: 9115.9s | Avg/Task/Core: 
9944.6s
Progress: 93.55% (305/326) | Elapsed: 1.2600E5s | ETA: 8675.6s | Avg/Task/Core: 
9915.0s
Progress: 93.87% (306/326) | Elapsed: 1.2620E5s | ETA: 8248.6s | Avg/Task/Core: 
9898.4s
Progress: 94.17% (307/326) | Elapsed: 1.2645E5s | ETA: 7825.8s | Avg/Task/Core: 
9885.2s
Progress: 94.48% (308/326) | Elapsed: 1.2655E5s | ETA: 7396.0s | Avg/Task/Core: 
9861.4s
Progress: 94.79% (309/326) | Elapsed: 1.2697E5s | ETA: 6985.4s | Avg/Task/Core: 
9861.8s
Progress: 95.09% (310/326) | Elapsed: 1.2738E5s | ETA: 6574.3s | Avg/Task/Core: 
9861.5s
Progress: 95.40% (311/326) | Elapsed: 1.2778E5s | ETA: 6163.2s | Avg/Task/Core: 
9861.1s
Progress: 95.70% (312/326) | Elapsed: 1.2779E5s | ETA: 5734.2s | Avg/Task/Core: 
9830.0s
Progress: 96.02% (313/326) | Elapsed: 1.2796E5s | ETA: 5314.6s | Avg/Task/Core: 
9811.6s
Progress: 96.32% (314/326) | Elapsed: 1.2807E5s | ETA: 4894.2s | Avg/Task/Core: 
9788.5s
Progress: 96.62% (315/326) | Elapsed: 1.2817E5s | ETA: 4475.9s | Avg/Task/Core: 
9765.6s
Progress: 96.93% (316/326) | Elapsed: 1.2818E5s | ETA: 4056.4s | Avg/Task/Core: 
9735.2s
Progress: 97.24% (317/326) | Elapsed: 1.2891E5s | ETA: 3660.0s | Avg/Task/Core: 
9760.0s
Progress: 97.55% (318/326) | Elapsed: 1.3008E5s | ETA: 3272.5s | Avg/Task/Core: 
9817.6s
Progress: 97.85% (319/326) | Elapsed: 1.3051E5s | ETA: 2863.9s | Avg/Task/Core: 
9819.0s
Progress: 98.16% (320/326) | Elapsed: 1.3098E5s | ETA: 2455.8s | Avg/Task/Core: 
9823.1s
Progress: 98.47% (321/326) | Elapsed: 1.3125E5s | ETA: 2044.4s | Avg/Task/Core: 
9813.1s
Progress: 98.77% (322/326) | Elapsed: 1.3151E5s | ETA: 1633.6s | Avg/Task/Core: 
9801.8s
Progress: 99.08% (323/326) | Elapsed: 1.3151E5s | ETA: 1221.5s | Avg/Task/Core: 
9771.9s
Progress: 99.38% (324/326) | Elapsed: 1.3223E5s | ETA: 816.24s | Avg/Task/Core: 
9794.9s
Progress: 99.70% (325/326) | Elapsed: 1.3234E5s | ETA: 407.21s | Avg/Task/Core: 
9773.0s
Progress: 100.0% (326/326) | Elapsed: 1.3318E5s | ETA: 0.00000s | Avg/Task/Core:
9805.0s
Results:  [ false, false, false, false, false, false, false, false, false, 
false, false, false, false, false, false, false, false, false, false, false, 
false, false, false, false, false, false, false, false, false, false, false, 
false, false, false, false, false, false, false, false, false, false, false, 
false, false, false, false, false, false, false, false, false, false, false, 
false, false, false, false, false, false, false, false, false, false, false, 
false, false, false, false, false, false, false, false, false, false, false, 
false, false, false, false, false, false, false, false, false, false, false, 
false, false, false, false, false, false, false, false, false, false, false, 
false, false, false, false, false, false, false, false, false, false, false, 
false, false, false, false, false, false, false, false, false, false, false, 
false, false, false, false, false, false, false, false, false, false, false, 
false, false, false, false, false, false, false, false, false, false, false, 
false, false, false, false, false, false, false, false, false, false, false, 
false, false, false, false, false, false, false, false, false, false, false, 
false, false, false, false, false, false, false, false, false, false, false, 
false, false, false, false, false, false, false, false, false, false, false, 
false, false, false, false, false, false, false, false, false, false, false, 
false, false, false, false, false, false, false, false, false, false, false, 
false, false, false, false, false, false, false, false, false, false, false, 
false, false, false, false, false, false, false, false, false, false, false, 
false, false, false, false, false, false, false, false, false, false, false, 
false, false, false, false, false, false, false, false, false, false, false, 
false, false, false, false, false, false, false, false, false, false, false, 
false, false, false, false, false, false, false, false, false, false, false, 
false, false, false, false, false, false, false, false, false, false, false, 
false, false, false, false, false, false, false, false, false, false, false, 
false, false, false, false, false, false, false, false, false, false, false, 
false, false, false, false, false, false, false, false, false, false, false, 
false, false, false, false, false, false, false, false, false ]
