Magma V2.29-4     Tue May 19 2026 14:19:04 on mordell  [Seed = 2015257444]
Type ? for help.  Type <Ctrl>-D to quit.

Loading file "X1_43/X1_43.m"
The number of places of X1(43)(F2) of degrees 1..11 is:
[ 21, 0, 0, 0, 0, 0, 6, 42, 105, 84, 126 ]
Loaded case 4 cover of size: 694
Searching RR spaces for 971 divisors... (this might take a moment)
Starting parallel computation with 971 tasks across 32 workers...
4/971 (0.4120%) | elapsed=142s | ETA=34403s | core-time/task=1138s
8/971 (0.8239%) | elapsed=171s | ETA=20631s | core-time/task=685s
12/971 (1.236%) | elapsed=365s | ETA=29198s | core-time/task=974s
16/971 (1.648%) | elapsed=432s | ETA=25828s | core-time/task=865s
20/971 (2.060%) | elapsed=458s | ETA=21813s | core-time/task=734s
24/971 (2.472%) | elapsed=475s | ETA=18775s | core-time/task=634s
28/971 (2.884%) | elapsed=488s | ETA=16438s | core-time/task=557s
32/971 (3.296%) | elapsed=506s | ETA=14848s | core-time/task=506s
36/971 (3.708%) | elapsed=577s | ETA=15004s | core-time/task=513s
40/971 (4.120%) | elapsed=628s | ETA=14621s | core-time/task=502s
44/971 (4.531%) | elapsed=750s | ETA=15806s | core-time/task=545s
48/971 (4.943%) | elapsed=859s | ETA=16521s | core-time/task=572s
52/971 (5.355%) | elapsed=906s | ETA=16026s | core-time/task=558s
56/971 (5.767%) | elapsed=919s | ETA=15020s | core-time/task=525s
60/971 (6.179%) | elapsed=941s | ETA=14300s | core-time/task=502s
64/971 (6.591%) | elapsed=967s | ETA=13706s | core-time/task=483s
68/971 (7.003%) | elapsed=1037s | ETA=13776s | core-time/task=488s
72/971 (7.415%) | elapsed=1080s | ETA=13487s | core-time/task=480s
76/971 (7.827%) | elapsed=1206s | ETA=14212s | core-time/task=508s
80/971 (8.239%) | elapsed=1287s | ETA=14343s | core-time/task=515s
84/971 (8.650%) | elapsed=1352s | ETA=14277s | core-time/task=515s
88/971 (9.062%) | elapsed=1371s | ETA=13756s | core-time/task=498s
92/971 (9.475%) | elapsed=1397s | ETA=13348s | core-time/task=485s
96/971 (9.887%) | elapsed=1439s | ETA=13117s | core-time/task=479s
100/971 (10.30%) | elapsed=1478s | ETA=12875s | core-time/task=473s
104/971 (10.71%) | elapsed=1529s | ETA=12746s | core-time/task=470s
108/971 (11.12%) | elapsed=1672s | ETA=13361s | core-time/task=495s
112/971 (11.53%) | elapsed=1722s | ETA=13209s | core-time/task=492s
116/971 (11.95%) | elapsed=1785s | ETA=13159s | core-time/task=492s
120/971 (12.36%) | elapsed=1803s | ETA=12792s | core-time/task=481s
124/971 (12.77%) | elapsed=1875s | ETA=12809s | core-time/task=483s
128/971 (13.18%) | elapsed=1899s | ETA=12509s | core-time/task=474s
132/971 (13.59%) | elapsed=1947s | ETA=12380s | core-time/task=472s
136/971 (14.01%) | elapsed=2004s | ETA=12307s | core-time/task=471s
140/971 (14.42%) | elapsed=2049s | ETA=12164s | core-time/task=468s
144/971 (14.83%) | elapsed=2164s | ETA=12429s | core-time/task=480s
148/971 (15.24%) | elapsed=2240s | ETA=12460s | core-time/task=484s
152/971 (15.65%) | elapsed=2269s | ETA=12226s | core-time/task=477s
156/971 (16.07%) | elapsed=2330s | ETA=12173s | core-time/task=477s
160/971 (16.48%) | elapsed=2538s | ETA=12865s | core-time/task=507s
164/971 (16.89%) | elapsed=2563s | ETA=12614s | core-time/task=500s
168/971 (17.30%) | elapsed=2614s | ETA=12496s | core-time/task=498s
172/971 (17.71%) | elapsed=2663s | ETA=12371s | core-time/task=495s
176/971 (18.12%) | elapsed=2763s | ETA=12483s | core-time/task=502s
180/971 (18.54%) | elapsed=2874s | ETA=12633s | core-time/task=511s
184/971 (18.95%) | elapsed=2899s | ETA=12402s | core-time/task=504s
188/971 (19.36%) | elapsed=2960s | ETA=12331s | core-time/task=503s
192/971 (19.77%) | elapsed=3126s | ETA=12685s | core-time/task=521s
196/971 (20.19%) | elapsed=3219s | ETA=12729s | core-time/task=525s
200/971 (20.60%) | elapsed=3227s | ETA=12440s | core-time/task=516s
204/971 (21.01%) | elapsed=3286s | ETA=12357s | core-time/task=515s
208/971 (21.42%) | elapsed=3335s | ETA=12234s | core-time/task=513s
212/971 (21.83%) | elapsed=3387s | ETA=12128s | core-time/task=511s
216/971 (22.24%) | elapsed=3440s | ETA=12025s | core-time/task=509s
220/971 (22.66%) | elapsed=3480s | ETA=11880s | core-time/task=506s
224/971 (23.07%) | elapsed=3589s | ETA=11971s | core-time/task=512s
228/971 (23.48%) | elapsed=3730s | ETA=12158s | core-time/task=523s
232/971 (23.89%) | elapsed=3757s | ETA=11969s | core-time/task=518s
236/971 (24.30%) | elapsed=3823s | ETA=11906s | core-time/task=518s
240/971 (24.72%) | elapsed=3854s | ETA=11739s | core-time/task=513s
244/971 (25.13%) | elapsed=3960s | ETA=11799s | core-time/task=519s
248/971 (25.54%) | elapsed=3989s | ETA=11631s | core-time/task=514s
252/971 (25.95%) | elapsed=4019s | ETA=11467s | core-time/task=510s
256/971 (26.37%) | elapsed=4088s | ETA=11419s | core-time/task=511s
260/971 (26.78%) | elapsed=4193s | ETA=11466s | core-time/task=516s
264/971 (27.19%) | elapsed=4305s | ETA=11529s | core-time/task=521s
268/971 (27.60%) | elapsed=4353s | ETA=11420s | core-time/task=519s
272/971 (28.01%) | elapsed=4373s | ETA=11238s | core-time/task=514s
276/971 (28.42%) | elapsed=4384s | ETA=11039s | core-time/task=508s
280/971 (28.84%) | elapsed=4408s | ETA=10879s | core-time/task=503s
284/971 (29.25%) | elapsed=4446s | ETA=10755s | core-time/task=501s
288/971 (29.66%) | elapsed=4506s | ETA=10687s | core-time/task=500s
292/971 (30.07%) | elapsed=4586s | ETA=10665s | core-time/task=502s
296/971 (30.48%) | elapsed=4672s | ETA=10654s | core-time/task=505s
300/971 (30.90%) | elapsed=4722s | ETA=10562s | core-time/task=503s
304/971 (31.31%) | elapsed=4769s | ETA=10465s | core-time/task=502s
308/971 (31.72%) | elapsed=4782s | ETA=10294s | core-time/task=496s
312/971 (32.13%) | elapsed=4960s | ETA=10477s | core-time/task=508s
316/971 (32.54%) | elapsed=5111s | ETA=10596s | core-time/task=517s
320/971 (32.96%) | elapsed=5160s | ETA=10498s | core-time/task=516s
324/971 (33.37%) | elapsed=5189s | ETA=10362s | core-time/task=512s
328/971 (33.78%) | elapsed=5246s | ETA=10285s | core-time/task=511s
332/971 (34.19%) | elapsed=5332s | ETA=10262s | core-time/task=513s
336/971 (34.60%) | elapsed=5398s | ETA=10203s | core-time/task=514s
340/971 (35.02%) | elapsed=5458s | ETA=10130s | core-time/task=513s
344/971 (35.43%) | elapsed=5531s | ETA=10081s | core-time/task=514s
348/971 (35.84%) | elapsed=5653s | ETA=10120s | core-time/task=519s
352/971 (36.25%) | elapsed=5688s | ETA=10002s | core-time/task=517s
356/971 (36.66%) | elapsed=5725s | ETA=9890s | core-time/task=514s
360/971 (37.07%) | elapsed=5782s | ETA=9814s | core-time/task=514s
364/971 (37.49%) | elapsed=5889s | ETA=9821s | core-time/task=517s
368/971 (37.90%) | elapsed=5918s | ETA=9698s | core-time/task=514s
372/971 (38.31%) | elapsed=5965s | ETA=9604s | core-time/task=513s
376/971 (38.72%) | elapsed=6020s | ETA=9527s | core-time/task=512s
380/971 (39.14%) | elapsed=6141s | ETA=9551s | core-time/task=517s
384/971 (39.55%) | elapsed=6229s | ETA=9523s | core-time/task=519s
388/971 (39.96%) | elapsed=6357s | ETA=9552s | core-time/task=524s
392/971 (40.37%) | elapsed=6399s | ETA=9452s | core-time/task=522s
396/971 (40.78%) | elapsed=6487s | ETA=9419s | core-time/task=524s
400/971 (41.20%) | elapsed=6508s | ETA=9290s | core-time/task=520s
404/971 (41.61%) | elapsed=6548s | ETA=9190s | core-time/task=518s
408/971 (42.02%) | elapsed=6590s | ETA=9093s | core-time/task=516s
412/971 (42.43%) | elapsed=6755s | ETA=9165s | core-time/task=524s
416/971 (42.84%) | elapsed=6810s | ETA=9086s | core-time/task=523s
420/971 (43.25%) | elapsed=6889s | ETA=9038s | core-time/task=524s
424/971 (43.67%) | elapsed=6925s | ETA=8934s | core-time/task=522s
428/971 (44.08%) | elapsed=6953s | ETA=8821s | core-time/task=519s
432/971 (44.49%) | elapsed=7007s | ETA=8743s | core-time/task=519s
436/971 (44.90%) | elapsed=7028s | ETA=8624s | core-time/task=515s
440/971 (45.31%) | elapsed=7187s | ETA=8674s | core-time/task=522s
444/971 (45.73%) | elapsed=7278s | ETA=8639s | core-time/task=524s
448/971 (46.14%) | elapsed=7371s | ETA=8606s | core-time/task=526s
452/971 (46.55%) | elapsed=7422s | ETA=8523s | core-time/task=525s
456/971 (46.96%) | elapsed=7486s | ETA=8454s | core-time/task=525s
460/971 (47.38%) | elapsed=7532s | ETA=8368s | core-time/task=524s
464/971 (47.79%) | elapsed=7578s | ETA=8281s | core-time/task=522s
468/971 (48.20%) | elapsed=7593s | ETA=8161s | core-time/task=519s
472/971 (48.61%) | elapsed=7666s | ETA=8104s | core-time/task=519s
476/971 (49.02%) | elapsed=7795s | ETA=8106s | core-time/task=524s
480/971 (49.43%) | elapsed=7857s | ETA=8037s | core-time/task=523s
484/971 (49.84%) | elapsed=7897s | ETA=7946s | core-time/task=522s
488/971 (50.26%) | elapsed=8058s | ETA=7976s | core-time/task=528s
492/971 (50.67%) | elapsed=8080s | ETA=7866s | core-time/task=525s
496/971 (51.08%) | elapsed=8143s | ETA=7798s | core-time/task=525s
500/971 (51.49%) | elapsed=8206s | ETA=7730s | core-time/task=525s
504/971 (51.91%) | elapsed=8264s | ETA=7657s | core-time/task=524s
508/971 (52.32%) | elapsed=8309s | ETA=7573s | core-time/task=523s
512/971 (52.73%) | elapsed=8358s | ETA=7493s | core-time/task=522s
516/971 (53.14%) | elapsed=8373s | ETA=7383s | core-time/task=519s
520/971 (53.55%) | elapsed=8454s | ETA=7332s | core-time/task=520s
524/971 (53.96%) | elapsed=8631s | ETA=7363s | core-time/task=527s
528/971 (54.38%) | elapsed=8692s | ETA=7293s | core-time/task=526s
532/971 (54.79%) | elapsed=8791s | ETA=7254s | core-time/task=528s
536/971 (55.20%) | elapsed=8833s | ETA=7168s | core-time/task=527s
540/971 (55.61%) | elapsed=8853s | ETA=7066s | core-time/task=524s
544/971 (56.02%) | elapsed=8874s | ETA=6966s | core-time/task=522s
548/971 (56.44%) | elapsed=8908s | ETA=6876s | core-time/task=520s
552/971 (56.85%) | elapsed=8968s | ETA=6807s | core-time/task=519s
556/971 (57.26%) | elapsed=9117s | ETA=6805s | core-time/task=524s
560/971 (57.67%) | elapsed=9180s | ETA=6737s | core-time/task=524s
564/971 (58.09%) | elapsed=9309s | ETA=6717s | core-time/task=528s
568/971 (58.50%) | elapsed=9556s | ETA=6780s | core-time/task=538s
572/971 (58.91%) | elapsed=9614s | ETA=6706s | core-time/task=537s
576/971 (59.32%) | elapsed=9631s | ETA=6604s | core-time/task=535s
580/971 (59.73%) | elapsed=9682s | ETA=6527s | core-time/task=534s
584/971 (60.14%) | elapsed=9698s | ETA=6426s | core-time/task=531s
588/971 (60.55%) | elapsed=9758s | ETA=6356s | core-time/task=531s
592/971 (60.97%) | elapsed=9911s | ETA=6345s | core-time/task=535s
596/971 (61.38%) | elapsed=9947s | ETA=6258s | core-time/task=534s
600/971 (61.79%) | elapsed=10136s | ETA=6267s | core-time/task=540s
604/971 (62.20%) | elapsed=10202s | ETA=6198s | core-time/task=540s
608/971 (62.62%) | elapsed=10300s | ETA=6149s | core-time/task=542s
612/971 (63.03%) | elapsed=10416s | ETA=6110s | core-time/task=544s
616/971 (63.44%) | elapsed=10496s | ETA=6048s | core-time/task=545s
620/971 (63.85%) | elapsed=10534s | ETA=5963s | core-time/task=543s
624/971 (64.27%) | elapsed=10573s | ETA=5879s | core-time/task=542s
628/971 (64.67%) | elapsed=10693s | ETA=5840s | core-time/task=544s
632/971 (65.09%) | elapsed=10878s | ETA=5834s | core-time/task=550s
636/971 (65.50%) | elapsed=10963s | ETA=5774s | core-time/task=551s
640/971 (65.91%) | elapsed=11008s | ETA=5693s | core-time/task=550s
644/971 (66.32%) | elapsed=11043s | ETA=5607s | core-time/task=548s
648/971 (66.73%) | elapsed=11067s | ETA=5516s | core-time/task=546s
652/971 (67.15%) | elapsed=11204s | ETA=5482s | core-time/task=549s
656/971 (67.56%) | elapsed=11371s | ETA=5460s | core-time/task=554s
660/971 (67.97%) | elapsed=11424s | ETA=5383s | core-time/task=553s
664/971 (68.38%) | elapsed=11518s | ETA=5325s | core-time/task=555s
668/971 (68.80%) | elapsed=11661s | ETA=5289s | core-time/task=558s
672/971 (69.20%) | elapsed=11717s | ETA=5213s | core-time/task=557s
676/971 (69.62%) | elapsed=11736s | ETA=5121s | core-time/task=555s
680/971 (70.03%) | elapsed=11753s | ETA=5029s | core-time/task=553s
684/971 (70.45%) | elapsed=11761s | ETA=4934s | core-time/task=550s
688/971 (70.85%) | elapsed=11955s | ETA=4917s | core-time/task=556s
692/971 (71.27%) | elapsed=12065s | ETA=4864s | core-time/task=557s
696/971 (71.68%) | elapsed=12237s | ETA=4835s | core-time/task=562s
700/971 (72.09%) | elapsed=12349s | ETA=4781s | core-time/task=564s
704/971 (72.50%) | elapsed=12361s | ETA=4688s | core-time/task=561s
708/971 (72.91%) | elapsed=12412s | ETA=4610s | core-time/task=561s
712/971 (73.33%) | elapsed=12458s | ETA=4531s | core-time/task=559s
716/971 (73.74%) | elapsed=12493s | ETA=4449s | core-time/task=558s
720/971 (74.15%) | elapsed=12554s | ETA=4376s | core-time/task=557s
724/971 (74.56%) | elapsed=12733s | ETA=4344s | core-time/task=562s
728/971 (74.98%) | elapsed=12800s | ETA=4272s | core-time/task=562s
732/971 (75.38%) | elapsed=12916s | ETA=4217s | core-time/task=564s
736/971 (75.80%) | elapsed=12953s | ETA=4135s | core-time/task=563s
740/971 (76.21%) | elapsed=13068s | ETA=4079s | core-time/task=565s
744/971 (76.62%) | elapsed=13083s | ETA=3992s | core-time/task=562s
748/971 (77.03%) | elapsed=13177s | ETA=3928s | core-time/task=563s
752/971 (77.45%) | elapsed=13226s | ETA=3851s | core-time/task=562s
756/971 (77.86%) | elapsed=13292s | ETA=3780s | core-time/task=562s
760/971 (78.27%) | elapsed=13458s | ETA=3736s | core-time/task=566s
764/971 (78.68%) | elapsed=13521s | ETA=3663s | core-time/task=566s
768/971 (79.09%) | elapsed=13562s | ETA=3584s | core-time/task=565s
772/971 (79.51%) | elapsed=13665s | ETA=3522s | core-time/task=566s
776/971 (79.91%) | elapsed=13709s | ETA=3445s | core-time/task=565s
780/971 (80.33%) | elapsed=13785s | ETA=3375s | core-time/task=565s
784/971 (80.74%) | elapsed=14032s | ETA=3346s | core-time/task=572s
788/971 (81.16%) | elapsed=14240s | ETA=3307s | core-time/task=578s
792/971 (81.56%) | elapsed=14364s | ETA=3246s | core-time/task=580s
796/971 (81.98%) | elapsed=14442s | ETA=3175s | core-time/task=580s
800/971 (82.39%) | elapsed=14488s | ETA=3096s | core-time/task=579s
804/971 (82.80%) | elapsed=14521s | ETA=3016s | core-time/task=577s
808/971 (83.21%) | elapsed=14645s | ETA=2954s | core-time/task=580s
812/971 (83.62%) | elapsed=14747s | ETA=2887s | core-time/task=581s
816/971 (84.04%) | elapsed=14845s | ETA=2819s | core-time/task=582s
820/971 (84.45%) | elapsed=15181s | ETA=2795s | core-time/task=592s
824/971 (84.86%) | elapsed=15271s | ETA=2724s | core-time/task=593s
828/971 (85.27%) | elapsed=15326s | ETA=2646s | core-time/task=592s
832/971 (85.69%) | elapsed=15367s | ETA=2567s | core-time/task=591s
836/971 (86.09%) | elapsed=15498s | ETA=2502s | core-time/task=593s
840/971 (86.51%) | elapsed=15569s | ETA=2428s | core-time/task=593s
844/971 (86.92%) | elapsed=15721s | ETA=2365s | core-time/task=596s
848/971 (87.34%) | elapsed=15854s | ETA=2299s | core-time/task=598s
852/971 (87.74%) | elapsed=15920s | ETA=2223s | core-time/task=597s
856/971 (88.16%) | elapsed=16061s | ETA=2157s | core-time/task=600s
860/971 (88.57%) | elapsed=16108s | ETA=2079s | core-time/task=599s
864/971 (88.98%) | elapsed=16242s | ETA=2011s | core-time/task=601s
868/971 (89.39%) | elapsed=16285s | ETA=1932s | core-time/task=600s
872/971 (89.80%) | elapsed=16437s | ETA=1866s | core-time/task=603s
876/971 (90.22%) | elapsed=16530s | ETA=1792s | core-time/task=603s
880/971 (90.62%) | elapsed=16678s | ETA=1724s | core-time/task=606s
884/971 (91.04%) | elapsed=16704s | ETA=1643s | core-time/task=604s
888/971 (91.45%) | elapsed=16795s | ETA=1569s | core-time/task=605s
892/971 (91.87%) | elapsed=16906s | ETA=1497s | core-time/task=606s
896/971 (92.27%) | elapsed=17117s | ETA=1432s | core-time/task=611s
900/971 (92.69%) | elapsed=17271s | ETA=1362s | core-time/task=614s
904/971 (93.10%) | elapsed=17336s | ETA=1284s | core-time/task=613s
908/971 (93.52%) | elapsed=17554s | ETA=1217s | core-time/task=618s
912/971 (93.92%) | elapsed=17603s | ETA=1138s | core-time/task=617s
916/971 (94.34%) | elapsed=17750s | ETA=1065s | core-time/task=620s
920/971 (94.75%) | elapsed=17781s | ETA=985s | core-time/task=618s
924/971 (95.16%) | elapsed=17907s | ETA=910s | core-time/task=620s
928/971 (95.57%) | elapsed=18049s | ETA=836s | core-time/task=622s
932/971 (95.98%) | elapsed=18173s | ETA=760s | core-time/task=623s
936/971 (96.40%) | elapsed=18215s | ETA=681s | core-time/task=622s
940/971 (96.80%) | elapsed=18442s | ETA=608s | core-time/task=627s
944/971 (97.22%) | elapsed=18793s | ETA=537s | core-time/task=637s
948/971 (97.63%) | elapsed=18945s | ETA=459s | core-time/task=639s
952/971 (98.05%) | elapsed=19006s | ETA=379s | core-time/task=638s
956/971 (98.45%) | elapsed=19032s | ETA=298s | core-time/task=637s
960/971 (98.87%) | elapsed=19074s | ETA=218s | core-time/task=635s
964/971 (99.28%) | elapsed=19190s | ETA=139s | core-time/task=637s
968/971 (99.69%) | elapsed=19310s | ETA=59s | core-time/task=638s
971/971 (100.0%) | elapsed=19916s | ETA=0s | core-time/task=656s
Computation finished. 0 divisors produced a non-constant function of degree <= 
18 (true), and 971 did not (false).
Total calculation time: 442360.160 seconds

Total time: 442454.369 seconds, Total memory usage: 105.84MB
