Magma V2.29-4     Thu May 21 2026 17:42:42 on mordell  [Seed = 2015170733]
Type ? for help.  Type <Ctrl>-D to quit.

Loading file "X1_32/X1_32.m"
Loaded 22606 covering divisors.
Searching RR spaces for 22606 divisors...
113/22606 (0.4999%) | elapsed=86s | ETA=17190s | deg8 pole divisors=5 | <=7=false | deg9=false
226/22606 (0.9998%) | elapsed=177s | ETA=17544s | deg8 pole divisors=11 | <=7=false | deg9=false
339/22606 (1.500%) | elapsed=256s | ETA=16835s | deg8 pole divisors=17 | <=7=false | deg9=false
452/22606 (2.000%) | elapsed=349s | ETA=17137s | deg8 pole divisors=21 | <=7=false | deg9=false
565/22606 (2.499%) | elapsed=445s | ETA=17380s | deg8 pole divisors=26 | <=7=false | deg9=false
678/22606 (2.999%) | elapsed=537s | ETA=17382s | deg8 pole divisors=28 | <=7=false | deg9=false
791/22606 (3.499%) | elapsed=615s | ETA=16972s | deg8 pole divisors=32 | <=7=false | deg9=false
904/22606 (3.999%) | elapsed=697s | ETA=16748s | deg8 pole divisors=33 | <=7=false | deg9=false
1017/22606 (4.499%) | elapsed=779s | ETA=16548s | deg8 pole divisors=35 | <=7=false | deg9=false
1130/22606 (4.999%) | elapsed=859s | ETA=16334s | deg8 pole divisors=35 | <=7=false | deg9=false
1243/22606 (5.499%) | elapsed=948s | ETA=16294s | deg8 pole divisors=35 | <=7=false | deg9=false
1356/22606 (5.999%) | elapsed=1034s | ETA=16206s | deg8 pole divisors=35 | <=7=false | deg9=false
1469/22606 (6.498%) | elapsed=1125s | ETA=16191s | deg8 pole divisors=36 | <=7=false | deg9=false
1582/22606 (6.998%) | elapsed=1216s | ETA=16160s | deg8 pole divisors=37 | <=7=false | deg9=false
1695/22606 (7.498%) | elapsed=1301s | ETA=16050s | deg8 pole divisors=37 | <=7=false | deg9=false
1808/22606 (7.998%) | elapsed=1390s | ETA=15990s | deg8 pole divisors=37 | <=7=false | deg9=false
1921/22606 (8.498%) | elapsed=1482s | ETA=15967s | deg8 pole divisors=37 | <=7=false | deg9=false
2034/22606 (8.998%) | elapsed=1560s | ETA=15781s | deg8 pole divisors=37 | <=7=false | deg9=false
2147/22606 (9.497%) | elapsed=1647s | ETA=15702s | deg8 pole divisors=38 | <=7=false | deg9=false
2260/22606 (9.997%) | elapsed=1725s | ETA=15537s | deg8 pole divisors=40 | <=7=false | deg9=false
2373/22606 (10.50%) | elapsed=1806s | ETA=15405s | deg8 pole divisors=40 | <=7=false | deg9=false
2486/22606 (11.00%) | elapsed=1885s | ETA=15259s | deg8 pole divisors=41 | <=7=false | deg9=false
2599/22606 (11.50%) | elapsed=1971s | ETA=15174s | deg8 pole divisors=41 | <=7=false | deg9=false
2712/22606 (12.00%) | elapsed=2056s | ETA=15083s | deg8 pole divisors=42 | <=7=false | deg9=false
2825/22606 (12.50%) | elapsed=2162s | ETA=15145s | deg8 pole divisors=42 | <=7=false | deg9=false
2938/22606 (13.00%) | elapsed=2260s | ETA=15131s | deg8 pole divisors=42 | <=7=false | deg9=false
3051/22606 (13.50%) | elapsed=2347s | ETA=15043s | deg8 pole divisors=43 | <=7=false | deg9=false
3164/22606 (14.00%) | elapsed=2422s | ETA=14887s | deg8 pole divisors=43 | <=7=false | deg9=false
3277/22606 (14.50%) | elapsed=2513s | ETA=14823s | deg8 pole divisors=44 | <=7=false | deg9=false
3390/22606 (15.00%) | elapsed=2597s | ETA=14722s | deg8 pole divisors=44 | <=7=false | deg9=false
3503/22606 (15.50%) | elapsed=2681s | ETA=14621s | deg8 pole divisors=44 | <=7=false | deg9=false
3616/22606 (16.00%) | elapsed=2767s | ETA=14535s | deg8 pole divisors=44 | <=7=false | deg9=false
3729/22606 (16.50%) | elapsed=2854s | ETA=14448s | deg8 pole divisors=44 | <=7=false | deg9=false
3842/22606 (17.00%) | elapsed=2945s | ETA=14383s | deg8 pole divisors=45 | <=7=false | deg9=false
3955/22606 (17.50%) | elapsed=3038s | ETA=14331s | deg8 pole divisors=46 | <=7=false | deg9=false
4068/22606 (18.00%) | elapsed=3139s | ETA=14304s | deg8 pole divisors=46 | <=7=false | deg9=false
4181/22606 (18.49%) | elapsed=3235s | ETA=14257s | deg8 pole divisors=46 | <=7=false | deg9=false
4294/22606 (18.99%) | elapsed=3313s | ETA=14129s | deg8 pole divisors=47 | <=7=false | deg9=false
4407/22606 (19.49%) | elapsed=3397s | ETA=14028s | deg8 pole divisors=47 | <=7=false | deg9=false
4520/22606 (19.99%) | elapsed=3475s | ETA=13907s | deg8 pole divisors=47 | <=7=false | deg9=false
4633/22606 (20.49%) | elapsed=3556s | ETA=13796s | deg8 pole divisors=47 | <=7=false | deg9=false
4746/22606 (20.99%) | elapsed=3635s | ETA=13679s | deg8 pole divisors=47 | <=7=false | deg9=false
4859/22606 (21.49%) | elapsed=3716s | ETA=13573s | deg8 pole divisors=47 | <=7=false | deg9=false
4972/22606 (21.99%) | elapsed=3807s | ETA=13502s | deg8 pole divisors=48 | <=7=false | deg9=false
5085/22606 (22.49%) | elapsed=3887s | ETA=13393s | deg8 pole divisors=48 | <=7=false | deg9=false
5198/22606 (22.99%) | elapsed=3972s | ETA=13304s | deg8 pole divisors=48 | <=7=false | deg9=false
5311/22606 (23.49%) | elapsed=4058s | ETA=13215s | deg8 pole divisors=48 | <=7=false | deg9=false
5424/22606 (23.99%) | elapsed=4144s | ETA=13128s | deg8 pole divisors=48 | <=7=false | deg9=false
5537/22606 (24.49%) | elapsed=4228s | ETA=13034s | deg8 pole divisors=49 | <=7=false | deg9=false
5650/22606 (24.99%) | elapsed=4310s | ETA=12937s | deg8 pole divisors=49 | <=7=false | deg9=false
5763/22606 (25.49%) | elapsed=4393s | ETA=12841s | deg8 pole divisors=50 | <=7=false | deg9=false
5876/22606 (25.99%) | elapsed=4477s | ETA=12747s | deg8 pole divisors=50 | <=7=false | deg9=false
5989/22606 (26.49%) | elapsed=4560s | ETA=12652s | deg8 pole divisors=50 | <=7=false | deg9=false
6102/22606 (26.99%) | elapsed=4640s | ETA=12550s | deg8 pole divisors=50 | <=7=false | deg9=false
6215/22606 (27.49%) | elapsed=4727s | ETA=12468s | deg8 pole divisors=50 | <=7=false | deg9=false
6328/22606 (27.99%) | elapsed=4805s | ETA=12362s | deg8 pole divisors=50 | <=7=false | deg9=false
6441/22606 (28.49%) | elapsed=4882s | ETA=12253s | deg8 pole divisors=50 | <=7=false | deg9=false
6554/22606 (28.99%) | elapsed=4974s | ETA=12183s | deg8 pole divisors=50 | <=7=false | deg9=false
6667/22606 (29.49%) | elapsed=5056s | ETA=12088s | deg8 pole divisors=50 | <=7=false | deg9=false
6780/22606 (29.99%) | elapsed=5142s | ETA=12003s | deg8 pole divisors=50 | <=7=false | deg9=false
6893/22606 (30.49%) | elapsed=5221s | ETA=11903s | deg8 pole divisors=50 | <=7=false | deg9=false
7006/22606 (30.99%) | elapsed=5295s | ETA=11791s | deg8 pole divisors=50 | <=7=false | deg9=false
7119/22606 (31.49%) | elapsed=5372s | ETA=11687s | deg8 pole divisors=50 | <=7=false | deg9=false
7232/22606 (31.99%) | elapsed=5457s | ETA=11601s | deg8 pole divisors=50 | <=7=false | deg9=false
7345/22606 (32.49%) | elapsed=5545s | ETA=11522s | deg8 pole divisors=51 | <=7=false | deg9=false
7458/22606 (32.99%) | elapsed=5631s | ETA=11438s | deg8 pole divisors=51 | <=7=false | deg9=false
7571/22606 (33.49%) | elapsed=5719s | ETA=11358s | deg8 pole divisors=51 | <=7=false | deg9=false
7684/22606 (33.99%) | elapsed=5801s | ETA=11266s | deg8 pole divisors=51 | <=7=false | deg9=false
7797/22606 (34.49%) | elapsed=5883s | ETA=11174s | deg8 pole divisors=51 | <=7=false | deg9=false
7910/22606 (34.99%) | elapsed=5963s | ETA=11080s | deg8 pole divisors=51 | <=7=false | deg9=false
8023/22606 (35.49%) | elapsed=6039s | ETA=10978s | deg8 pole divisors=51 | <=7=false | deg9=false
8136/22606 (35.99%) | elapsed=6129s | ETA=10901s | deg8 pole divisors=51 | <=7=false | deg9=false
8249/22606 (36.49%) | elapsed=6208s | ETA=10805s | deg8 pole divisors=51 | <=7=false | deg9=false
8362/22606 (36.99%) | elapsed=6288s | ETA=10711s | deg8 pole divisors=51 | <=7=false | deg9=false
8475/22606 (37.49%) | elapsed=6373s | ETA=10626s | deg8 pole divisors=51 | <=7=false | deg9=false
8588/22606 (37.99%) | elapsed=6451s | ETA=10530s | deg8 pole divisors=51 | <=7=false | deg9=false
8701/22606 (38.49%) | elapsed=6528s | ETA=10432s | deg8 pole divisors=52 | <=7=false | deg9=false
8814/22606 (38.99%) | elapsed=6601s | ETA=10330s | deg8 pole divisors=52 | <=7=false | deg9=false
8927/22606 (39.49%) | elapsed=6682s | ETA=10240s | deg8 pole divisors=52 | <=7=false | deg9=false
9040/22606 (39.99%) | elapsed=6764s | ETA=10151s | deg8 pole divisors=52 | <=7=false | deg9=false
9153/22606 (40.49%) | elapsed=6848s | ETA=10066s | deg8 pole divisors=53 | <=7=false | deg9=false
9266/22606 (40.99%) | elapsed=6934s | ETA=9982s | deg8 pole divisors=53 | <=7=false | deg9=false
9379/22606 (41.49%) | elapsed=7008s | ETA=9883s | deg8 pole divisors=53 | <=7=false | deg9=false
9492/22606 (41.99%) | elapsed=7097s | ETA=9806s | deg8 pole divisors=53 | <=7=false | deg9=false
9605/22606 (42.49%) | elapsed=7184s | ETA=9724s | deg8 pole divisors=53 | <=7=false | deg9=false
9718/22606 (42.99%) | elapsed=7266s | ETA=9637s | deg8 pole divisors=53 | <=7=false | deg9=false
9831/22606 (43.49%) | elapsed=7353s | ETA=9556s | deg8 pole divisors=53 | <=7=false | deg9=false
9944/22606 (43.99%) | elapsed=7426s | ETA=9456s | deg8 pole divisors=53 | <=7=false | deg9=false
10057/22606 (44.49%) | elapsed=7503s | ETA=9363s | deg8 pole divisors=53 | <=7=false | deg9=false
10170/22606 (44.99%) | elapsed=7581s | ETA=9271s | deg8 pole divisors=53 | <=7=false | deg9=false
10283/22606 (45.49%) | elapsed=7669s | ETA=9190s | deg8 pole divisors=53 | <=7=false | deg9=false
10396/22606 (45.99%) | elapsed=7748s | ETA=9099s | deg8 pole divisors=53 | <=7=false | deg9=false
10509/22606 (46.49%) | elapsed=7833s | ETA=9017s | deg8 pole divisors=53 | <=7=false | deg9=false
10622/22606 (46.99%) | elapsed=7913s | ETA=8928s | deg8 pole divisors=53 | <=7=false | deg9=false
10735/22606 (47.49%) | elapsed=7995s | ETA=8841s | deg8 pole divisors=53 | <=7=false | deg9=false
10848/22606 (47.99%) | elapsed=8082s | ETA=8760s | deg8 pole divisors=53 | <=7=false | deg9=false
10961/22606 (48.49%) | elapsed=8175s | ETA=8685s | deg8 pole divisors=53 | <=7=false | deg9=false
11074/22606 (48.99%) | elapsed=8249s | ETA=8590s | deg8 pole divisors=53 | <=7=false | deg9=false
11187/22606 (49.49%) | elapsed=8349s | ETA=8522s | deg8 pole divisors=54 | <=7=false | deg9=false
11300/22606 (49.99%) | elapsed=8434s | ETA=8438s | deg8 pole divisors=54 | <=7=false | deg9=false
11413/22606 (50.49%) | elapsed=8510s | ETA=8346s | deg8 pole divisors=55 | <=7=false | deg9=false
11526/22606 (50.99%) | elapsed=8596s | ETA=8264s | deg8 pole divisors=55 | <=7=false | deg9=false
11639/22606 (51.49%) | elapsed=8682s | ETA=8180s | deg8 pole divisors=55 | <=7=false | deg9=false
11752/22606 (51.98%) | elapsed=8755s | ETA=8086s | deg8 pole divisors=55 | <=7=false | deg9=false
11865/22606 (52.48%) | elapsed=8848s | ETA=8010s | deg8 pole divisors=55 | <=7=false | deg9=false
11978/22606 (52.98%) | elapsed=8927s | ETA=7921s | deg8 pole divisors=55 | <=7=false | deg9=false
12091/22606 (53.48%) | elapsed=9002s | ETA=7829s | deg8 pole divisors=55 | <=7=false | deg9=false
12204/22606 (53.98%) | elapsed=9076s | ETA=7736s | deg8 pole divisors=55 | <=7=false | deg9=false
12317/22606 (54.48%) | elapsed=9148s | ETA=7642s | deg8 pole divisors=55 | <=7=false | deg9=false
12430/22606 (54.98%) | elapsed=9230s | ETA=7556s | deg8 pole divisors=55 | <=7=false | deg9=false
12543/22606 (55.48%) | elapsed=9314s | ETA=7472s | deg8 pole divisors=56 | <=7=false | deg9=false
12656/22606 (55.98%) | elapsed=9399s | ETA=7389s | deg8 pole divisors=56 | <=7=false | deg9=false
12769/22606 (56.48%) | elapsed=9478s | ETA=7301s | deg8 pole divisors=56 | <=7=false | deg9=false
12882/22606 (56.98%) | elapsed=9554s | ETA=7212s | deg8 pole divisors=56 | <=7=false | deg9=false
12995/22606 (57.48%) | elapsed=9637s | ETA=7128s | deg8 pole divisors=56 | <=7=false | deg9=false
13108/22606 (57.98%) | elapsed=9719s | ETA=7042s | deg8 pole divisors=56 | <=7=false | deg9=false
13221/22606 (58.48%) | elapsed=9803s | ETA=6959s | deg8 pole divisors=56 | <=7=false | deg9=false
13334/22606 (58.98%) | elapsed=9888s | ETA=6876s | deg8 pole divisors=56 | <=7=false | deg9=false
13447/22606 (59.48%) | elapsed=9966s | ETA=6788s | deg8 pole divisors=56 | <=7=false | deg9=false
13560/22606 (59.98%) | elapsed=10041s | ETA=6698s | deg8 pole divisors=56 | <=7=false | deg9=false
13673/22606 (60.48%) | elapsed=10116s | ETA=6609s | deg8 pole divisors=56 | <=7=false | deg9=false
13786/22606 (60.98%) | elapsed=10200s | ETA=6525s | deg8 pole divisors=56 | <=7=false | deg9=false
13899/22606 (61.48%) | elapsed=10270s | ETA=6434s | deg8 pole divisors=56 | <=7=false | deg9=false
14012/22606 (61.98%) | elapsed=10350s | ETA=6348s | deg8 pole divisors=56 | <=7=false | deg9=false
14125/22606 (62.48%) | elapsed=10436s | ETA=6266s | deg8 pole divisors=56 | <=7=false | deg9=false
14238/22606 (62.98%) | elapsed=10513s | ETA=6178s | deg8 pole divisors=56 | <=7=false | deg9=false
14351/22606 (63.48%) | elapsed=10589s | ETA=6091s | deg8 pole divisors=56 | <=7=false | deg9=false
14464/22606 (63.98%) | elapsed=10673s | ETA=6008s | deg8 pole divisors=56 | <=7=false | deg9=false
14577/22606 (64.48%) | elapsed=10751s | ETA=5921s | deg8 pole divisors=56 | <=7=false | deg9=false
14690/22606 (64.98%) | elapsed=10836s | ETA=5839s | deg8 pole divisors=56 | <=7=false | deg9=false
14803/22606 (65.48%) | elapsed=10915s | ETA=5753s | deg8 pole divisors=56 | <=7=false | deg9=false
14916/22606 (65.98%) | elapsed=10991s | ETA=5666s | deg8 pole divisors=56 | <=7=false | deg9=false
15029/22606 (66.48%) | elapsed=11078s | ETA=5585s | deg8 pole divisors=56 | <=7=false | deg9=false
15142/22606 (66.98%) | elapsed=11156s | ETA=5499s | deg8 pole divisors=56 | <=7=false | deg9=false
15255/22606 (67.48%) | elapsed=11240s | ETA=5416s | deg8 pole divisors=56 | <=7=false | deg9=false
15368/22606 (67.98%) | elapsed=11317s | ETA=5330s | deg8 pole divisors=56 | <=7=false | deg9=false
15481/22606 (68.48%) | elapsed=11396s | ETA=5245s | deg8 pole divisors=56 | <=7=false | deg9=false
15594/22606 (68.98%) | elapsed=11474s | ETA=5159s | deg8 pole divisors=56 | <=7=false | deg9=false
15707/22606 (69.48%) | elapsed=11562s | ETA=5078s | deg8 pole divisors=56 | <=7=false | deg9=false
15820/22606 (69.98%) | elapsed=11640s | ETA=4993s | deg8 pole divisors=56 | <=7=false | deg9=false
15933/22606 (70.48%) | elapsed=11716s | ETA=4907s | deg8 pole divisors=56 | <=7=false | deg9=false
16046/22606 (70.98%) | elapsed=11785s | ETA=4818s | deg8 pole divisors=56 | <=7=false | deg9=false
16159/22606 (71.48%) | elapsed=11868s | ETA=4735s | deg8 pole divisors=56 | <=7=false | deg9=false
16272/22606 (71.98%) | elapsed=11963s | ETA=4656s | deg8 pole divisors=56 | <=7=false | deg9=false
16385/22606 (72.48%) | elapsed=12050s | ETA=4575s | deg8 pole divisors=56 | <=7=false | deg9=false
16498/22606 (72.98%) | elapsed=12134s | ETA=4492s | deg8 pole divisors=56 | <=7=false | deg9=false
16611/22606 (73.48%) | elapsed=12207s | ETA=4405s | deg8 pole divisors=56 | <=7=false | deg9=false
16724/22606 (73.98%) | elapsed=12282s | ETA=4319s | deg8 pole divisors=56 | <=7=false | deg9=false
16837/22606 (74.48%) | elapsed=12363s | ETA=4236s | deg8 pole divisors=56 | <=7=false | deg9=false
16950/22606 (74.98%) | elapsed=12457s | ETA=4156s | deg8 pole divisors=56 | <=7=false | deg9=false
17063/22606 (75.48%) | elapsed=12534s | ETA=4071s | deg8 pole divisors=56 | <=7=false | deg9=false
17176/22606 (75.98%) | elapsed=12613s | ETA=3987s | deg8 pole divisors=56 | <=7=false | deg9=false
17289/22606 (76.48%) | elapsed=12705s | ETA=3907s | deg8 pole divisors=56 | <=7=false | deg9=false
17402/22606 (76.98%) | elapsed=12787s | ETA=3823s | deg8 pole divisors=56 | <=7=false | deg9=false
17515/22606 (77.48%) | elapsed=12856s | ETA=3736s | deg8 pole divisors=56 | <=7=false | deg9=false
17628/22606 (77.98%) | elapsed=12934s | ETA=3652s | deg8 pole divisors=56 | <=7=false | deg9=false
17741/22606 (78.48%) | elapsed=13020s | ETA=3570s | deg8 pole divisors=56 | <=7=false | deg9=false
17854/22606 (78.98%) | elapsed=13113s | ETA=3490s | deg8 pole divisors=56 | <=7=false | deg9=false
17967/22606 (79.48%) | elapsed=13189s | ETA=3405s | deg8 pole divisors=56 | <=7=false | deg9=false
18080/22606 (79.98%) | elapsed=13265s | ETA=3320s | deg8 pole divisors=56 | <=7=false | deg9=false
18193/22606 (80.48%) | elapsed=13340s | ETA=3235s | deg8 pole divisors=56 | <=7=false | deg9=false
18306/22606 (80.98%) | elapsed=13427s | ETA=3153s | deg8 pole divisors=56 | <=7=false | deg9=false
18419/22606 (81.48%) | elapsed=13504s | ETA=3069s | deg8 pole divisors=56 | <=7=false | deg9=false
18532/22606 (81.98%) | elapsed=13580s | ETA=2985s | deg8 pole divisors=56 | <=7=false | deg9=false
18645/22606 (82.48%) | elapsed=13663s | ETA=2902s | deg8 pole divisors=56 | <=7=false | deg9=false
18758/22606 (82.98%) | elapsed=13751s | ETA=2820s | deg8 pole divisors=56 | <=7=false | deg9=false
18871/22606 (83.48%) | elapsed=13828s | ETA=2736s | deg8 pole divisors=56 | <=7=false | deg9=false
18984/22606 (83.98%) | elapsed=13902s | ETA=2652s | deg8 pole divisors=56 | <=7=false | deg9=false
19097/22606 (84.48%) | elapsed=13972s | ETA=2567s | deg8 pole divisors=56 | <=7=false | deg9=false
19210/22606 (84.98%) | elapsed=14038s | ETA=2481s | deg8 pole divisors=56 | <=7=false | deg9=false
19323/22606 (85.48%) | elapsed=14110s | ETA=2397s | deg8 pole divisors=56 | <=7=false | deg9=false
19436/22606 (85.98%) | elapsed=14199s | ETA=2315s | deg8 pole divisors=56 | <=7=false | deg9=false
19549/22606 (86.48%) | elapsed=14287s | ETA=2234s | deg8 pole divisors=56 | <=7=false | deg9=false
19662/22606 (86.98%) | elapsed=14359s | ETA=2150s | deg8 pole divisors=56 | <=7=false | deg9=false
19775/22606 (87.48%) | elapsed=14440s | ETA=2067s | deg8 pole divisors=56 | <=7=false | deg9=false
19888/22606 (87.98%) | elapsed=14525s | ETA=1985s | deg8 pole divisors=56 | <=7=false | deg9=false
20001/22606 (88.48%) | elapsed=14604s | ETA=1902s | deg8 pole divisors=56 | <=7=false | deg9=false
20114/22606 (88.98%) | elapsed=14687s | ETA=1819s | deg8 pole divisors=56 | <=7=false | deg9=false
20227/22606 (89.48%) | elapsed=14768s | ETA=1737s | deg8 pole divisors=56 | <=7=false | deg9=false
20340/22606 (89.98%) | elapsed=14849s | ETA=1654s | deg8 pole divisors=56 | <=7=false | deg9=false
20453/22606 (90.48%) | elapsed=14945s | ETA=1573s | deg8 pole divisors=56 | <=7=false | deg9=false
20566/22606 (90.98%) | elapsed=15029s | ETA=1490s | deg8 pole divisors=56 | <=7=false | deg9=false
20679/22606 (91.48%) | elapsed=15101s | ETA=1407s | deg8 pole divisors=56 | <=7=false | deg9=false
20792/22606 (91.98%) | elapsed=15180s | ETA=1324s | deg8 pole divisors=56 | <=7=false | deg9=false
20905/22606 (92.48%) | elapsed=15260s | ETA=1241s | deg8 pole divisors=56 | <=7=false | deg9=false
21018/22606 (92.98%) | elapsed=15339s | ETA=1158s | deg8 pole divisors=56 | <=7=false | deg9=false
21131/22606 (93.48%) | elapsed=15411s | ETA=1075s | deg8 pole divisors=56 | <=7=false | deg9=false
21244/22606 (93.98%) | elapsed=15486s | ETA=992s | deg8 pole divisors=56 | <=7=false | deg9=false
21357/22606 (94.48%) | elapsed=15565s | ETA=910s | deg8 pole divisors=56 | <=7=false | deg9=false
21470/22606 (94.98%) | elapsed=15641s | ETA=827s | deg8 pole divisors=56 | <=7=false | deg9=false
21583/22606 (95.48%) | elapsed=15710s | ETA=744s | deg8 pole divisors=56 | <=7=false | deg9=false
21696/22606 (95.98%) | elapsed=15777s | ETA=661s | deg8 pole divisors=56 | <=7=false | deg9=false
21809/22606 (96.48%) | elapsed=15853s | ETA=579s | deg8 pole divisors=56 | <=7=false | deg9=false
21922/22606 (96.98%) | elapsed=15922s | ETA=496s | deg8 pole divisors=56 | <=7=false | deg9=false
22035/22606 (97.48%) | elapsed=15996s | ETA=414s | deg8 pole divisors=56 | <=7=false | deg9=false
22148/22606 (97.98%) | elapsed=16073s | ETA=332s | deg8 pole divisors=56 | <=7=false | deg9=false
22261/22606 (98.48%) | elapsed=16153s | ETA=250s | deg8 pole divisors=56 | <=7=false | deg9=false
22374/22606 (98.98%) | elapsed=16224s | ETA=168s | deg8 pole divisors=56 | <=7=false | deg9=false
22487/22606 (99.48%) | elapsed=16291s | ETA=86s | deg8 pole divisors=56 | <=7=false | deg9=false
22600/22606 (99.98%) | elapsed=16352s | ETA=4s | deg8 pole divisors=56 | <=7=false | deg9=false
22606/22606 (100.0%) | elapsed=16355s | ETA=0s | deg8 pole divisors=56 | <=7=false | deg9=false
Finished RR search.
has_func_of_deg_at_most_7 = false
has_func_of_deg9 = false
#deg8_func_pole_divisors = 56
Successfully verified that all divisors in deg8_func_pole_divisors can be obtained (up to equivalence) by reducing a cusp-supported rational divisor.
Successfully verified that for all distinct A, B in deg8_func_pole_divisors, Degree(LCM(A,B)) > 9.
Minimum Degree(LCM(A,B)) value found was 12.

Total time: 16407.439 seconds, Total memory usage: 4037.03MB
