Magma V2.29-4     Fri May 22 2026 02:01:33 on mordell  [Seed = 1563987523]
Type ? for help.  Type <Ctrl>-D to quit.

Loading file "X1_N_positive_rank/X1_57.m"
The number of places of X1(57)(F2) of degrees 1..12 is:
[ 18, 9, 0, 0, 0, 2, 36, 18, 4, 216, 126, 381 ]
Searching RR spaces for 308 divisors... (this might take a moment)
Starting parallel computation with 308 tasks across 32 workers...
1/308 (0.3247%) | elapsed=7997s | ETA=2455241s | core-time/task=255920s
2/308 (0.6494%) | elapsed=8071s | ETA=1235009s | core-time/task=129151s
3/308 (0.9740%) | elapsed=8435s | ETA=857577s | core-time/task=89975s
4/308 (1.299%) | elapsed=8978s | ETA=682328s | core-time/task=71824s
5/308 (1.623%) | elapsed=9174s | ETA=555965s | core-time/task=58715s
6/308 (1.948%) | elapsed=9191s | ETA=462620s | core-time/task=49019s
7/308 (2.273%) | elapsed=9194s | ETA=395378s | core-time/task=42033s
8/308 (2.597%) | elapsed=9253s | ETA=347021s | core-time/task=37015s
9/308 (2.922%) | elapsed=9314s | ETA=309444s | core-time/task=33117s
10/308 (3.247%) | elapsed=9460s | ETA=281920s | core-time/task=30273s
11/308 (3.572%) | elapsed=9464s | ETA=255531s | core-time/task=27532s
12/308 (3.896%) | elapsed=9489s | ETA=234071s | core-time/task=25305s
13/308 (4.221%) | elapsed=9519s | ETA=216025s | core-time/task=23433s
14/308 (4.545%) | elapsed=9525s | ETA=200030s | core-time/task=21772s
15/308 (4.870%) | elapsed=9572s | ETA=186977s | core-time/task=20420s
16/308 (5.195%) | elapsed=9572s | ETA=174695s | core-time/task=19144s
17/308 (5.520%) | elapsed=9574s | ETA=163895s | core-time/task=18022s
18/308 (5.844%) | elapsed=9652s | ETA=155510s | core-time/task=17159s
19/308 (6.169%) | elapsed=9669s | ETA=147078s | core-time/task=16285s
20/308 (6.494%) | elapsed=9680s | ETA=139404s | core-time/task=15489s
21/308 (6.818%) | elapsed=9688s | ETA=132404s | core-time/task=14762s
22/308 (7.143%) | elapsed=9751s | ETA=126768s | core-time/task=14183s
23/308 (7.468%) | elapsed=9790s | ETA=121319s | core-time/task=13621s
24/308 (7.792%) | elapsed=9807s | ETA=116052s | core-time/task=13076s
25/308 (8.117%) | elapsed=9807s | ETA=111022s | core-time/task=12553s
26/308 (8.441%) | elapsed=9811s | ETA=106415s | core-time/task=12075s
27/308 (8.767%) | elapsed=9813s | ETA=102138s | core-time/task=11631s
28/308 (9.091%) | elapsed=9839s | ETA=98396s | core-time/task=11245s
29/308 (9.416%) | elapsed=9859s | ETA=94857s | core-time/task=10879s
30/308 (9.740%) | elapsed=9881s | ETA=91570s | core-time/task=10540s
31/308 (10.06%) | elapsed=10088s | ETA=90145s | core-time/task=10413s
32/308 (10.39%) | elapsed=10532s | ETA=90838s | core-time/task=10532s
33/308 (10.71%) | elapsed=11188s | ETA=93240s | core-time/task=10849s
34/308 (11.04%) | elapsed=12848s | ETA=103541s | core-time/task=12092s
35/308 (11.36%) | elapsed=13336s | ETA=104025s | core-time/task=12193s
36/308 (11.69%) | elapsed=14062s | ETA=106247s | core-time/task=12499s
37/308 (12.01%) | elapsed=14080s | ETA=103132s | core-time/task=12178s
38/308 (12.34%) | elapsed=14682s | ETA=104322s | core-time/task=12364s
39/308 (12.66%) | elapsed=14930s | ETA=102985s | core-time/task=12251s
40/308 (12.99%) | elapsed=15521s | ETA=103993s | core-time/task=12417s
41/308 (13.31%) | elapsed=15737s | ETA=102485s | core-time/task=12282s
42/308 (13.64%) | elapsed=16290s | ETA=103172s | core-time/task=12411s
43/308 (13.96%) | elapsed=16470s | ETA=101506s | core-time/task=12257s
44/308 (14.29%) | elapsed=16756s | ETA=100537s | core-time/task=12186s
45/308 (14.61%) | elapsed=16833s | ETA=98383s | core-time/task=11970s
46/308 (14.94%) | elapsed=16912s | ETA=96326s | core-time/task=11765s
47/308 (15.26%) | elapsed=17126s | ETA=95104s | core-time/task=11660s
48/308 (15.58%) | elapsed=17135s | ETA=92818s | core-time/task=11423s
49/308 (15.91%) | elapsed=17165s | ETA=90731s | core-time/task=11210s
50/308 (16.23%) | elapsed=17286s | ETA=89196s | core-time/task=11063s
51/308 (16.56%) | elapsed=17729s | ETA=89341s | core-time/task=11124s
52/308 (16.88%) | elapsed=17971s | ETA=88476s | core-time/task=11059s
53/308 (17.21%) | elapsed=18158s | ETA=87365s | core-time/task=10963s
54/308 (17.53%) | elapsed=18176s | ETA=85495s | core-time/task=10771s
55/308 (17.86%) | elapsed=18268s | ETA=84035s | core-time/task=10629s
56/308 (18.18%) | elapsed=18396s | ETA=82785s | core-time/task=10512s
57/308 (18.51%) | elapsed=18634s | ETA=82056s | core-time/task=10461s
58/308 (18.83%) | elapsed=18645s | ETA=80367s | core-time/task=10287s
59/308 (19.16%) | elapsed=18741s | ETA=79095s | core-time/task=10164s
60/308 (19.48%) | elapsed=19294s | ETA=79750s | core-time/task=10290s
61/308 (19.80%) | elapsed=19718s | ETA=79844s | core-time/task=10344s
62/308 (20.13%) | elapsed=19901s | ETA=78965s | core-time/task=10271s
63/308 (20.46%) | elapsed=20450s | ETA=79528s | core-time/task=10387s
64/308 (20.78%) | elapsed=21266s | ETA=81077s | core-time/task=10633s
65/308 (21.10%) | elapsed=25274s | ETA=94488s | core-time/task=12442s
66/308 (21.43%) | elapsed=25332s | ETA=92886s | core-time/task=12282s
67/308 (21.75%) | elapsed=26231s | ETA=94355s | core-time/task=12528s
68/308 (22.08%) | elapsed=26399s | ETA=93173s | core-time/task=12423s
69/308 (22.40%) | elapsed=26794s | ETA=92808s | core-time/task=12426s
70/308 (22.73%) | elapsed=26989s | ETA=91765s | core-time/task=12338s
71/308 (23.05%) | elapsed=27039s | ETA=90259s | core-time/task=12186s
72/308 (23.38%) | elapsed=27526s | ETA=90224s | core-time/task=12233s
73/308 (23.70%) | elapsed=28275s | ETA=91023s | core-time/task=12394s
74/308 (24.03%) | elapsed=28586s | ETA=90395s | core-time/task=12361s
75/308 (24.35%) | elapsed=28687s | ETA=89122s | core-time/task=12239s
76/308 (24.68%) | elapsed=29806s | ETA=90986s | core-time/task=12549s
77/308 (25.00%) | elapsed=30837s | ETA=92512s | core-time/task=12815s
78/308 (25.32%) | elapsed=31197s | ETA=91991s | core-time/task=12798s
79/308 (25.65%) | elapsed=31259s | ETA=90613s | core-time/task=12662s
80/308 (25.97%) | elapsed=32066s | ETA=91390s | core-time/task=12826s
81/308 (26.30%) | elapsed=32576s | ETA=91294s | core-time/task=12869s
82/308 (26.62%) | elapsed=32645s | ETA=89973s | core-time/task=12739s
83/308 (26.95%) | elapsed=32824s | ETA=88983s | core-time/task=12655s
84/308 (27.27%) | elapsed=33121s | ETA=88323s | core-time/task=12617s
85/308 (27.60%) | elapsed=33494s | ETA=87874s | core-time/task=12609s
86/308 (27.92%) | elapsed=33881s | ETA=87462s | core-time/task=12607s
87/308 (28.25%) | elapsed=33903s | ETA=86123s | core-time/task=12470s
88/308 (28.57%) | elapsed=34344s | ETA=85860s | core-time/task=12488s
89/308 (28.90%) | elapsed=36596s | ETA=90052s | core-time/task=13158s
90/308 (29.22%) | elapsed=38105s | ETA=92299s | core-time/task=13548s
91/308 (29.54%) | elapsed=41750s | ETA=99559s | core-time/task=14681s
92/308 (29.87%) | elapsed=45107s | ETA=105903s | core-time/task=15689s
93/308 (30.20%) | elapsed=45602s | ETA=105424s | core-time/task=15691s
94/308 (30.52%) | elapsed=46202s | ETA=105184s | core-time/task=15728s
95/308 (30.84%) | elapsed=47794s | ETA=107161s | core-time/task=16099s
96/308 (31.17%) | elapsed=50511s | ETA=111545s | core-time/task=16837s
97/308 (31.49%) | elapsed=51027s | ETA=110998s | core-time/task=16833s
98/308 (31.82%) | elapsed=51312s | ETA=109954s | core-time/task=16754s
99/308 (32.14%) | elapsed=51808s | ETA=109373s | core-time/task=16746s
100/308 (32.47%) | elapsed=52581s | ETA=109369s | core-time/task=16826s
101/308 (32.79%) | elapsed=59510s | ETA=121967s | core-time/task=18854s
102/308 (33.12%) | elapsed=60401s | ETA=121988s | core-time/task=18949s
103/308 (33.44%) | elapsed=61620s | ETA=122643s | core-time/task=19144s
104/308 (33.77%) | elapsed=62790s | ETA=123166s | core-time/task=19320s
105/308 (34.09%) | elapsed=63554s | ETA=122871s | core-time/task=19368s
106/308 (34.41%) | elapsed=64074s | ETA=122104s | core-time/task=19343s
107/308 (34.74%) | elapsed=64416s | ETA=121006s | core-time/task=19264s
108/308 (35.07%) | elapsed=64599s | ETA=119628s | core-time/task=19140s
109/308 (35.39%) | elapsed=66866s | ETA=122077s | core-time/task=19630s
110/308 (35.71%) | elapsed=67164s | ETA=120895s | core-time/task=19538s
111/308 (36.04%) | elapsed=67259s | ETA=119370s | core-time/task=19390s
112/308 (36.36%) | elapsed=68516s | ETA=119904s | core-time/task=19576s
113/308 (36.69%) | elapsed=68652s | ETA=118470s | core-time/task=19441s
114/308 (37.01%) | elapsed=68943s | ETA=117324s | core-time/task=19352s
115/308 (37.34%) | elapsed=69171s | ETA=116087s | core-time/task=19247s
116/308 (37.66%) | elapsed=69333s | ETA=114758s | core-time/task=19126s
117/308 (37.99%) | elapsed=69439s | ETA=113358s | core-time/task=18991s
118/308 (38.31%) | elapsed=69783s | ETA=112363s | core-time/task=18924s
119/308 (38.64%) | elapsed=70085s | ETA=111311s | core-time/task=18846s
120/308 (38.96%) | elapsed=70212s | ETA=109999s | core-time/task=18723s
121/308 (39.29%) | elapsed=70897s | ETA=109569s | core-time/task=18749s
122/308 (39.61%) | elapsed=71232s | ETA=108600s | core-time/task=18683s
123/308 (39.93%) | elapsed=71476s | ETA=107505s | core-time/task=18595s
124/308 (40.26%) | elapsed=71755s | ETA=106476s | core-time/task=18517s
125/308 (40.59%) | elapsed=71829s | ETA=105158s | core-time/task=18388s
126/308 (40.91%) | elapsed=72137s | ETA=104198s | core-time/task=18320s
127/308 (41.23%) | elapsed=72651s | ETA=103542s | core-time/task=18305s
128/308 (41.56%) | elapsed=75566s | ETA=106265s | core-time/task=18891s
129/308 (41.88%) | elapsed=75852s | ETA=105252s | core-time/task=18816s
130/308 (42.21%) | elapsed=77282s | ETA=105818s | core-time/task=19023s
131/308 (42.53%) | elapsed=78134s | ETA=105571s | core-time/task=19086s
132/308 (42.86%) | elapsed=79716s | ETA=106289s | core-time/task=19325s
133/308 (43.18%) | elapsed=79978s | ETA=105235s | core-time/task=19243s
134/308 (43.51%) | elapsed=80182s | ETA=104117s | core-time/task=19147s
135/308 (43.83%) | elapsed=80520s | ETA=103186s | core-time/task=19086s
136/308 (44.16%) | elapsed=81212s | ETA=102709s | core-time/task=19108s
137/308 (44.48%) | elapsed=81419s | ETA=101625s | core-time/task=19017s
138/308 (44.80%) | elapsed=81665s | ETA=100602s | core-time/task=18936s
139/308 (45.13%) | elapsed=81905s | ETA=99582s | core-time/task=18855s
140/308 (45.45%) | elapsed=81928s | ETA=98314s | core-time/task=18726s
141/308 (45.78%) | elapsed=81936s | ETA=97045s | core-time/task=18595s
142/308 (46.11%) | elapsed=81951s | ETA=95802s | core-time/task=18467s
143/308 (46.43%) | elapsed=81977s | ETA=94588s | core-time/task=18344s
144/308 (46.75%) | elapsed=82084s | ETA=93485s | core-time/task=18240s
145/308 (47.08%) | elapsed=83196s | ETA=93524s | core-time/task=18360s
146/308 (47.40%) | elapsed=83250s | ETA=92373s | core-time/task=18246s
147/308 (47.73%) | elapsed=83396s | ETA=91338s | core-time/task=18154s
148/308 (48.05%) | elapsed=83417s | ETA=90181s | core-time/task=18036s
149/308 (48.38%) | elapsed=84022s | ETA=89661s | core-time/task=18045s
150/308 (48.70%) | elapsed=84106s | ETA=88591s | core-time/task=17942s
151/308 (49.03%) | elapsed=84289s | ETA=87638s | core-time/task=17862s
152/308 (49.35%) | elapsed=84458s | ETA=86681s | core-time/task=17780s
153/308 (49.68%) | elapsed=84743s | ETA=85851s | core-time/task=17724s
154/308 (50.00%) | elapsed=84919s | ETA=84919s | core-time/task=17645s
155/308 (50.32%) | elapsed=84982s | ETA=83886s | core-time/task=17544s
156/308 (50.65%) | elapsed=85019s | ETA=82839s | core-time/task=17439s
157/308 (50.97%) | elapsed=85585s | ETA=82314s | core-time/task=17444s
158/308 (51.30%) | elapsed=85893s | ETA=81544s | core-time/task=17396s
159/308 (51.62%) | elapsed=87054s | ETA=81579s | core-time/task=17520s
160/308 (51.95%) | elapsed=87444s | ETA=80886s | core-time/task=17488s
161/308 (52.27%) | elapsed=88914s | ETA=81182s | core-time/task=17672s
162/308 (52.60%) | elapsed=89146s | ETA=80341s | core-time/task=17609s
163/308 (52.92%) | elapsed=89704s | ETA=79798s | core-time/task=17610s
164/308 (53.25%) | elapsed=90554s | ETA=79510s | core-time/task=17669s
165/308 (53.57%) | elapsed=91200s | ETA=79040s | core-time/task=17687s
166/308 (53.89%) | elapsed=91393s | ETA=78179s | core-time/task=17617s
167/308 (54.22%) | elapsed=91487s | ETA=77244s | core-time/task=17530s
168/308 (54.55%) | elapsed=91780s | ETA=76483s | core-time/task=17481s
169/308 (54.87%) | elapsed=92027s | ETA=75690s | core-time/task=17425s
170/308 (55.20%) | elapsed=92655s | ETA=75214s | core-time/task=17441s
171/308 (55.52%) | elapsed=92703s | ETA=74271s | core-time/task=17348s
172/308 (55.84%) | elapsed=93599s | ETA=74008s | core-time/task=17413s
173/308 (56.17%) | elapsed=99609s | ETA=77729s | core-time/task=18424s
174/308 (56.49%) | elapsed=100233s | ETA=77190s | core-time/task=18433s
175/308 (56.82%) | elapsed=100397s | ETA=76302s | core-time/task=18358s
176/308 (57.14%) | elapsed=100424s | ETA=75318s | core-time/task=18258s
177/308 (57.47%) | elapsed=100658s | ETA=74498s | core-time/task=18198s
178/308 (57.79%) | elapsed=100731s | ETA=73568s | core-time/task=18109s
179/308 (58.12%) | elapsed=101026s | ETA=72806s | core-time/task=18060s
180/308 (58.44%) | elapsed=101196s | ETA=71962s | core-time/task=17990s
181/308 (58.77%) | elapsed=101640s | ETA=71317s | core-time/task=17969s
182/308 (59.09%) | elapsed=101861s | ETA=70519s | core-time/task=17909s
183/308 (59.41%) | elapsed=101911s | ETA=69611s | core-time/task=17820s
184/308 (59.74%) | elapsed=102393s | ETA=69004s | core-time/task=17807s
185/308 (60.07%) | elapsed=102576s | ETA=68199s | core-time/task=17742s
186/308 (60.39%) | elapsed=102972s | ETA=67541s | core-time/task=17715s
187/308 (60.71%) | elapsed=103689s | ETA=67092s | core-time/task=17743s
188/308 (61.04%) | elapsed=104142s | ETA=66474s | core-time/task=17726s
189/308 (61.36%) | elapsed=104616s | ETA=65869s | core-time/task=17712s
190/308 (61.69%) | elapsed=104725s | ETA=65040s | core-time/task=17638s
191/308 (62.01%) | elapsed=106194s | ETA=65050s | core-time/task=17791s
192/308 (62.34%) | elapsed=106409s | ETA=64289s | core-time/task=17734s
193/308 (62.66%) | elapsed=106554s | ETA=63491s | core-time/task=17667s
194/308 (62.99%) | elapsed=106705s | ETA=62703s | core-time/task=17600s
195/308 (63.31%) | elapsed=106927s | ETA=61963s | core-time/task=17547s
196/308 (63.64%) | elapsed=107058s | ETA=61176s | core-time/task=17478s
197/308 (63.96%) | elapsed=108045s | ETA=60878s | core-time/task=17550s
198/308 (64.29%) | elapsed=108045s | ETA=60025s | core-time/task=17461s
199/308 (64.61%) | elapsed=108260s | ETA=59298s | core-time/task=17408s
200/308 (64.94%) | elapsed=108461s | ETA=58569s | core-time/task=17353s
201/308 (65.26%) | elapsed=108675s | ETA=57851s | core-time/task=17301s
202/308 (65.59%) | elapsed=109365s | ETA=57389s | core-time/task=17325s
203/308 (65.91%) | elapsed=109716s | ETA=56749s | core-time/task=17295s
204/308 (66.23%) | elapsed=112640s | ETA=57424s | core-time/task=17669s
205/308 (66.55%) | elapsed=116493s | ETA=58530s | core-time/task=18184s
206/308 (66.88%) | elapsed=116666s | ETA=57766s | core-time/task=18122s
207/308 (67.21%) | elapsed=117243s | ETA=57205s | core-time/task=18124s
208/308 (67.53%) | elapsed=117513s | ETA=56496s | core-time/task=18079s
209/308 (67.86%) | elapsed=117911s | ETA=55852s | core-time/task=18053s
210/308 (68.18%) | elapsed=117952s | ETA=55044s | core-time/task=17973s
211/308 (68.51%) | elapsed=117961s | ETA=54228s | core-time/task=17889s
212/308 (68.83%) | elapsed=118222s | ETA=53534s | core-time/task=17844s
213/308 (69.16%) | elapsed=118788s | ETA=52980s | core-time/task=17846s
214/308 (69.48%) | elapsed=118846s | ETA=52203s | core-time/task=17771s
215/308 (69.80%) | elapsed=119499s | ETA=51690s | core-time/task=17786s
216/308 (70.13%) | elapsed=119588s | ETA=50935s | core-time/task=17716s
217/308 (70.45%) | elapsed=119705s | ETA=50199s | core-time/task=17652s
218/308 (70.78%) | elapsed=120846s | ETA=49890s | core-time/task=17738s
219/308 (71.10%) | elapsed=122050s | ETA=49600s | core-time/task=17833s
220/308 (71.43%) | elapsed=122633s | ETA=49053s | core-time/task=17837s
221/308 (71.75%) | elapsed=123330s | ETA=48551s | core-time/task=17857s
222/308 (72.08%) | elapsed=123790s | ETA=47954s | core-time/task=17843s
223/308 (72.41%) | elapsed=123823s | ETA=47197s | core-time/task=17768s
224/308 (72.73%) | elapsed=123940s | ETA=46477s | core-time/task=17705s
225/308 (73.05%) | elapsed=123997s | ETA=45741s | core-time/task=17635s
226/308 (73.38%) | elapsed=124214s | ETA=45069s | core-time/task=17587s
227/308 (73.70%) | elapsed=124262s | ETA=44340s | core-time/task=17517s
228/308 (74.02%) | elapsed=124384s | ETA=43643s | core-time/task=17457s
229/308 (74.35%) | elapsed=124527s | ETA=42959s | core-time/task=17401s
230/308 (74.67%) | elapsed=125162s | ETA=42446s | core-time/task=17413s
231/308 (75.00%) | elapsed=125549s | ETA=41849s | core-time/task=17392s
232/308 (75.33%) | elapsed=126350s | ETA=41390s | core-time/task=17427s
233/308 (75.65%) | elapsed=126751s | ETA=40799s | core-time/task=17407s
234/308 (75.98%) | elapsed=127599s | ETA=40352s | core-time/task=17449s
235/308 (76.30%) | elapsed=128542s | ETA=39930s | core-time/task=17503s
236/308 (76.62%) | elapsed=128634s | ETA=39244s | core-time/task=17441s
237/308 (76.95%) | elapsed=132747s | ETA=39768s | core-time/task=17923s
238/308 (77.27%) | elapsed=132862s | ETA=39077s | core-time/task=17863s
239/308 (77.59%) | elapsed=133106s | ETA=38428s | core-time/task=17821s
240/308 (77.92%) | elapsed=134010s | ETA=37969s | core-time/task=17868s
241/308 (78.25%) | elapsed=134142s | ETA=37292s | core-time/task=17811s
242/308 (78.57%) | elapsed=134150s | ETA=36586s | core-time/task=17738s
243/308 (78.90%) | elapsed=134177s | ETA=35891s | core-time/task=17669s
244/308 (79.22%) | elapsed=134373s | ETA=35245s | core-time/task=17622s
245/308 (79.55%) | elapsed=135302s | ETA=34791s | core-time/task=17672s
246/308 (79.87%) | elapsed=135963s | ETA=34267s | core-time/task=17686s
247/308 (80.20%) | elapsed=136458s | ETA=33700s | core-time/task=17678s
248/308 (80.52%) | elapsed=136461s | ETA=33014s | core-time/task=17607s
249/308 (80.84%) | elapsed=137035s | ETA=32470s | core-time/task=17610s
250/308 (81.17%) | elapsed=137578s | ETA=31918s | core-time/task=17610s
251/308 (81.49%) | elapsed=138255s | ETA=31396s | core-time/task=17626s
252/308 (81.82%) | elapsed=139606s | ETA=31023s | core-time/task=17727s
253/308 (82.14%) | elapsed=139611s | ETA=30350s | core-time/task=17658s
254/308 (82.47%) | elapsed=139963s | ETA=29756s | core-time/task=17633s
255/308 (82.79%) | elapsed=140164s | ETA=29132s | core-time/task=17589s
256/308 (83.12%) | elapsed=140458s | ETA=28530s | core-time/task=17557s
257/308 (83.45%) | elapsed=140481s | ETA=27877s | core-time/task=17491s
258/308 (83.77%) | elapsed=140510s | ETA=27230s | core-time/task=17427s
259/308 (84.09%) | elapsed=140862s | ETA=26649s | core-time/task=17403s
260/308 (84.41%) | elapsed=141103s | ETA=26049s | core-time/task=17366s
261/308 (84.74%) | elapsed=141271s | ETA=25439s | core-time/task=17320s
262/308 (85.06%) | elapsed=141348s | ETA=24816s | core-time/task=17263s
263/308 (85.39%) | elapsed=141577s | ETA=24224s | core-time/task=17226s
264/308 (85.71%) | elapsed=141627s | ETA=23604s | core-time/task=17166s
265/308 (86.04%) | elapsed=141633s | ETA=22982s | core-time/task=17102s
266/308 (86.37%) | elapsed=142163s | ETA=22446s | core-time/task=17102s
267/308 (86.69%) | elapsed=143040s | ETA=21965s | core-time/task=17143s
268/308 (87.02%) | elapsed=143061s | ETA=21352s | core-time/task=17081s
269/308 (87.34%) | elapsed=144729s | ETA=20983s | core-time/task=17216s
270/308 (87.66%) | elapsed=144941s | ETA=20399s | core-time/task=17178s
271/308 (87.98%) | elapsed=145716s | ETA=19894s | core-time/task=17206s
272/308 (88.31%) | elapsed=146422s | ETA=19379s | core-time/task=17226s
273/308 (88.63%) | elapsed=146590s | ETA=18793s | core-time/task=17182s
274/308 (88.96%) | elapsed=146987s | ETA=18239s | core-time/task=17166s
275/308 (89.29%) | elapsed=147643s | ETA=17717s | core-time/task=17180s
276/308 (89.61%) | elapsed=147660s | ETA=17120s | core-time/task=17120s
277/308 (89.94%) | elapsed=147976s | ETA=16560s | core-time/task=17094s
278/308 (90.26%) | elapsed=148056s | ETA=15977s | core-time/task=17042s
279/308 (90.59%) | elapsed=148398s | ETA=15424s | core-time/task=17020s
280/308 (90.91%) | elapsed=149711s | ETA=14971s | core-time/task=17109s
281/308 (91.23%) | elapsed=149772s | ETA=14390s | core-time/task=17055s
282/308 (91.55%) | elapsed=150132s | ETA=13841s | core-time/task=17036s
283/308 (91.88%) | elapsed=150702s | ETA=13312s | core-time/task=17040s
284/308 (92.21%) | elapsed=150866s | ETA=12749s | core-time/task=16999s
285/308 (92.53%) | elapsed=151734s | ETA=12245s | core-time/task=17036s
286/308 (92.86%) | elapsed=151810s | ETA=11677s | core-time/task=16985s
287/308 (93.18%) | elapsed=151969s | ETA=11119s | core-time/task=16944s
288/308 (93.51%) | elapsed=151996s | ETA=10555s | core-time/task=16888s
289/308 (93.83%) | elapsed=152231s | ETA=10008s | core-time/task=16856s
290/308 (94.16%) | elapsed=152480s | ETA=9464s | core-time/task=16825s
291/308 (94.48%) | elapsed=152508s | ETA=8909s | core-time/task=16770s
292/308 (94.80%) | elapsed=152645s | ETA=8364s | core-time/task=16728s
293/308 (95.13%) | elapsed=152735s | ETA=7819s | core-time/task=16681s
294/308 (95.45%) | elapsed=152909s | ETA=7281s | core-time/task=16643s
295/308 (95.78%) | elapsed=153029s | ETA=6743s | core-time/task=16599s
296/308 (96.10%) | elapsed=153058s | ETA=6205s | core-time/task=16546s
297/308 (96.43%) | elapsed=153162s | ETA=5672s | core-time/task=16502s
298/308 (96.75%) | elapsed=153543s | ETA=5152s | core-time/task=16487s
299/308 (97.08%) | elapsed=154077s | ETA=4637s | core-time/task=16489s
300/308 (97.41%) | elapsed=154785s | ETA=4127s | core-time/task=16510s
301/308 (97.73%) | elapsed=154944s | ETA=3603s | core-time/task=16472s
302/308 (98.05%) | elapsed=155530s | ETA=3090s | core-time/task=16480s
303/308 (98.38%) | elapsed=155666s | ETA=2568s | core-time/task=16440s
304/308 (98.70%) | elapsed=155847s | ETA=2050s | core-time/task=16405s
305/308 (99.02%) | elapsed=155966s | ETA=1534s | core-time/task=16363s
306/308 (99.35%) | elapsed=156141s | ETA=1020s | core-time/task=16328s
307/308 (99.67%) | elapsed=156549s | ETA=509s | core-time/task=16317s
308/308 (100.0%) | elapsed=156874s | ETA=0s | core-time/task=16298s
Computation finished. 0 divisors produced a non-constant function of degree <= 
18 (true), and 308 did not (false).
Total calculation time: 3789674.870 seconds

Total time: 3790579.490 seconds, Total memory usage: 593.47MB
